[ 2024-04-16 04:54:10,523 ] 94 luthien5921 - INFO - Opened login page
[ 2024-04-16 04:54:10,523 ] 94 luthien5921 - INFO - Opened login page
[ 2024-04-16 04:54:10,523 ] 94 luthien5921 - INFO - Opened login page
[ 2024-04-16 04:54:15,810 ] 94 luthien5921 - INFO - Logging in
[ 2024-04-16 04:54:15,810 ] 94 luthien5921 - INFO - Logging in
[ 2024-04-16 04:54:15,810 ] 94 luthien5921 - INFO - Logging in
[ 2024-04-16 04:54:15,816 ] 94 luthien5921 - INFO - Current url: https://www.shinsei.e-aichi.jp/pref-aichi-police-u/offer/offerList_initDisplay
[ 2024-04-16 04:54:15,816 ] 94 luthien5921 - INFO - Current url: https://www.shinsei.e-aichi.jp/pref-aichi-police-u/offer/offerList_initDisplay
[ 2024-04-16 04:54:15,816 ] 94 luthien5921 - INFO - Current url: https://www.shinsei.e-aichi.jp/pref-aichi-police-u/offer/offerList_initDisplay
[ 2024-04-16 04:54:16,134 ] 94 luthien5921 - INFO - Logged in finished
[ 2024-04-16 04:54:16,134 ] 94 luthien5921 - INFO - Logged in finished
[ 2024-04-16 04:54:16,134 ] 94 luthien5921 - INFO - Logged in finished
[ 2024-04-16 04:54:16,406 ] 94 luthien5921 - INFO - On main page
[ 2024-04-16 04:54:16,406 ] 94 luthien5921 - INFO - On main page
[ 2024-04-16 04:54:16,406 ] 94 luthien5921 - INFO - On main page
[ 2024-04-16 04:54:18,146 ] 94 luthien5921 - INFO - Search submitted
[ 2024-04-16 04:54:18,146 ] 94 luthien5921 - INFO - Search submitted
[ 2024-04-16 04:54:18,146 ] 94 luthien5921 - INFO - Search submitted
[ 2024-04-16 04:54:18,183 ] 94 luthien5921 - INFO - Collected 4 forms
[ 2024-04-16 04:54:18,183 ] 94 luthien5921 - INFO - Collected 4 forms
[ 2024-04-16 04:54:18,183 ] 94 luthien5921 - INFO - Collected 4 forms
[ 2024-04-16 04:54:18,263 ] 94 luthien5921 - INFO - Parsed data: title: 【04月30日(火)】[東三] 運転免許学科試験〈原付のみ　初回・再受験者／日本語・ポルトガル語・英語受験者に限る＞gen, status: 受付開始日時, start_date: 2024年03月30日 07時30分, end_date: 2024年04月25日 12時00分, template_seq: 90551
[ 2024-04-16 04:54:18,263 ] 94 luthien5921 - INFO - Parsed data: title: 【04月30日(火)】[東三] 運転免許学科試験〈原付のみ　初回・再受験者／日本語・ポルトガル語・英語受験者に限る＞gen, status: 受付開始日時, start_date: 2024年03月30日 07時30分, end_date: 2024年04月25日 12時00分, template_seq: 90551
[ 2024-04-16 04:54:18,263 ] 94 luthien5921 - INFO - Parsed data: title: 【04月30日(火)】[東三] 運転免許学科試験〈原付のみ　初回・再受験者／日本語・ポルトガル語・英語受験者に限る＞gen, status: 受付開始日時, start_date: 2024年03月30日 07時30分, end_date: 2024年04月25日 12時00分, template_seq: 90551
[ 2024-04-16 04:54:18,264 ] 94 luthien5921 - INFO - Parsed data: title: 【04月30日(火)】[東三] 運転免許学科試験〈原付のみ　初回・再受験者／日本語・ポルトガル語・英語受験者に限る＞gen, status: 受付開始日時, start_date: 2024年03月30日 07時30分, end_date: 2024年04月25日 12時00分, template_seq: 90551
[ 2024-04-16 04:54:18,264 ] 94 luthien5921 - INFO - Parsed data: title: 【04月30日(火)】[東三] 運転免許学科試験〈原付のみ　初回・再受験者／日本語・ポルトガル語・英語受験者に限る＞gen, status: 受付開始日時, start_date: 2024年03月30日 07時30分, end_date: 2024年04月25日 12時00分, template_seq: 90551
[ 2024-04-16 04:54:18,264 ] 94 luthien5921 - INFO - Parsed data: title: 【04月30日(火)】[東三] 運転免許学科試験〈原付のみ　初回・再受験者／日本語・ポルトガル語・英語受験者に限る＞gen, status: 受付開始日時, start_date: 2024年03月30日 07時30分, end_date: 2024年04月25日 12時00分, template_seq: 90551
[ 2024-04-16 04:54:18,287 ] 94 luthien5921 - INFO - Parsed data: title: 【04月25日(木)】[東三] 運転免許学科試験〈原付のみ　初回・再受験者／日本語・ベトナム語・中国語受験者に限る＞gen, status: 受付開始日時, start_date: 2024年03月25日 07時30分, end_date: 2024年04月23日 12時00分, template_seq: 90550
[ 2024-04-16 04:54:18,287 ] 94 luthien5921 - INFO - Parsed data: title: 【04月25日(木)】[東三] 運転免許学科試験〈原付のみ　初回・再受験者／日本語・ベトナム語・中国語受験者に限る＞gen, status: 受付開始日時, start_date: 2024年03月25日 07時30分, end_date: 2024年04月23日 12時00分, template_seq: 90550
[ 2024-04-16 04:54:18,287 ] 94 luthien5921 - INFO - Parsed data: title: 【04月25日(木)】[東三] 運転免許学科試験〈原付のみ　初回・再受験者／日本語・ベトナム語・中国語受験者に限る＞gen, status: 受付開始日時, start_date: 2024年03月25日 07時30分, end_date: 2024年04月23日 12時00分, template_seq: 90550
[ 2024-04-16 04:54:18,288 ] 94 luthien5921 - INFO - Parsed data: title: 【04月25日(木)】[東三] 運転免許学科試験〈原付のみ　初回・再受験者／日本語・ベトナム語・中国語受験者に限る＞gen, status: 受付開始日時, start_date: 2024年03月25日 07時30分, end_date: 2024年04月23日 12時00分, template_seq: 90550
[ 2024-04-16 04:54:18,288 ] 94 luthien5921 - INFO - Parsed data: title: 【04月25日(木)】[東三] 運転免許学科試験〈原付のみ　初回・再受験者／日本語・ベトナム語・中国語受験者に限る＞gen, status: 受付開始日時, start_date: 2024年03月25日 07時30分, end_date: 2024年04月23日 12時00分, template_seq: 90550
[ 2024-04-16 04:54:18,288 ] 94 luthien5921 - INFO - Parsed data: title: 【04月25日(木)】[東三] 運転免許学科試験〈原付のみ　初回・再受験者／日本語・ベトナム語・中国語受験者に限る＞gen, status: 受付開始日時, start_date: 2024年03月25日 07時30分, end_date: 2024年04月23日 12時00分, template_seq: 90550
[ 2024-04-16 04:54:18,318 ] 94 luthien5921 - INFO - Parsed data: title: 【04月23日(火)】[東三] 運転免許学科試験〈原付のみ　初回・再受験者／日本語・ポルトガル語・英語受験者に限る＞gen, status: 受付開始日時, start_date: 2024年03月23日 07時30分, end_date: 2024年04月19日 12時00分, template_seq: 90549
[ 2024-04-16 04:54:18,318 ] 94 luthien5921 - INFO - Parsed data: title: 【04月23日(火)】[東三] 運転免許学科試験〈原付のみ　初回・再受験者／日本語・ポルトガル語・英語受験者に限る＞gen, status: 受付開始日時, start_date: 2024年03月23日 07時30分, end_date: 2024年04月19日 12時00分, template_seq: 90549
[ 2024-04-16 04:54:18,318 ] 94 luthien5921 - INFO - Parsed data: title: 【04月23日(火)】[東三] 運転免許学科試験〈原付のみ　初回・再受験者／日本語・ポルトガル語・英語受験者に限る＞gen, status: 受付開始日時, start_date: 2024年03月23日 07時30分, end_date: 2024年04月19日 12時00分, template_seq: 90549
[ 2024-04-16 04:54:18,319 ] 94 luthien5921 - INFO - Parsed data: title: 【04月23日(火)】[東三] 運転免許学科試験〈原付のみ　初回・再受験者／日本語・ポルトガル語・英語受験者に限る＞gen, status: 受付開始日時, start_date: 2024年03月23日 07時30分, end_date: 2024年04月19日 12時00分, template_seq: 90549
[ 2024-04-16 04:54:18,319 ] 94 luthien5921 - INFO - Parsed data: title: 【04月23日(火)】[東三] 運転免許学科試験〈原付のみ　初回・再受験者／日本語・ポルトガル語・英語受験者に限る＞gen, status: 受付開始日時, start_date: 2024年03月23日 07時30分, end_date: 2024年04月19日 12時00分, template_seq: 90549
[ 2024-04-16 04:54:18,319 ] 94 luthien5921 - INFO - Parsed data: title: 【04月23日(火)】[東三] 運転免許学科試験〈原付のみ　初回・再受験者／日本語・ポルトガル語・英語受験者に限る＞gen, status: 受付開始日時, start_date: 2024年03月23日 07時30分, end_date: 2024年04月19日 12時00分, template_seq: 90549
[ 2024-04-16 04:54:18,381 ] 94 luthien5921 - INFO - Parsed data: title: 【04月18日(木)】[東三] 運転免許学科試験〈原付のみ　初回・再受験者／日本語・ベトナム語・中国語受験者に限る＞gen, status: None, start_date: 2024年03月18日 07時30分, end_date: 2024年04月16日 12時00分, template_seq: 90548
[ 2024-04-16 04:54:18,381 ] 94 luthien5921 - INFO - Parsed data: title: 【04月18日(木)】[東三] 運転免許学科試験〈原付のみ　初回・再受験者／日本語・ベトナム語・中国語受験者に限る＞gen, status: None, start_date: 2024年03月18日 07時30分, end_date: 2024年04月16日 12時00分, template_seq: 90548
[ 2024-04-16 04:54:18,381 ] 94 luthien5921 - INFO - Parsed data: title: 【04月18日(木)】[東三] 運転免許学科試験〈原付のみ　初回・再受験者／日本語・ベトナム語・中国語受験者に限る＞gen, status: None, start_date: 2024年03月18日 07時30分, end_date: 2024年04月16日 12時00分, template_seq: 90548
[ 2024-04-16 04:54:18,383 ] 94 luthien5921 - INFO - Parsed data: title: 【04月18日(木)】[東三] 運転免許学科試験〈原付のみ　初回・再受験者／日本語・ベトナム語・中国語受験者に限る＞gen, status: None, start_date: 2024年03月18日 07時30分, end_date: 2024年04月16日 12時00分, template_seq: 90548
[ 2024-04-16 04:54:18,383 ] 94 luthien5921 - INFO - Parsed data: title: 【04月18日(木)】[東三] 運転免許学科試験〈原付のみ　初回・再受験者／日本語・ベトナム語・中国語受験者に限る＞gen, status: None, start_date: 2024年03月18日 07時30分, end_date: 2024年04月16日 12時00分, template_seq: 90548
[ 2024-04-16 04:54:18,383 ] 94 luthien5921 - INFO - Parsed data: title: 【04月18日(木)】[東三] 運転免許学科試験〈原付のみ　初回・再受験者／日本語・ベトナム語・中国語受験者に限る＞gen, status: None, start_date: 2024年03月18日 07時30分, end_date: 2024年04月16日 12時00分, template_seq: 90548
[ 2024-04-16 04:54:18,388 ] 94 luthien5921 - INFO - Number of filtered forms left is: 4 form(s)
[ 2024-04-16 04:54:18,388 ] 94 luthien5921 - INFO - Number of filtered forms left is: 4 form(s)
[ 2024-04-16 04:54:18,388 ] 94 luthien5921 - INFO - Number of filtered forms left is: 4 form(s)
[ 2024-04-16 04:54:18,391 ] 94 luthien5921 - INFO - Accessing form, template sequence: 90549
[ 2024-04-16 04:54:18,391 ] 94 luthien5921 - INFO - Accessing form, template sequence: 90549
[ 2024-04-16 04:54:18,391 ] 94 luthien5921 - INFO - Accessing form, template sequence: 90549
[ 2024-04-16 04:54:18,391 ] 94 luthien5921 - INFO - Form URL: https://www.shinsei.e-aichi.jp/pref-aichi-police-u/offer/offerList_detailTop?tempSeq=90549
[ 2024-04-16 04:54:18,391 ] 94 luthien5921 - INFO - Form URL: https://www.shinsei.e-aichi.jp/pref-aichi-police-u/offer/offerList_detailTop?tempSeq=90549
[ 2024-04-16 04:54:18,391 ] 94 luthien5921 - INFO - Form URL: https://www.shinsei.e-aichi.jp/pref-aichi-police-u/offer/offerList_detailTop?tempSeq=90549
[ 2024-04-16 04:54:24,002 ] 94 luthien5921 - INFO - Accessed form successfully
[ 2024-04-16 04:54:24,002 ] 94 luthien5921 - INFO - Accessed form successfully
[ 2024-04-16 04:54:24,002 ] 94 luthien5921 - INFO - Accessed form successfully
[ 2024-04-16 04:54:24,013 ] 82 luthien5921 - ERROR - Failed to get form message, maybe form is available
Traceback (most recent call last):
  File "C:\Users\USER\Projects\AichiTool\AichiSelenium\src\controllers\filler.py", line 114, in get_form_message
    message = browser.find_element(By.XPATH, "/html/body/main/div/form/div[3]/strong/ul/li/span/strong").text
  File "C:\ProgramData\anaconda3\envs\aichi\lib\site-packages\seleniumbase\core\sb_driver.py", line 20, in find_element
    return self.driver.default_find_element(by=by, value=value)
  File "C:\ProgramData\anaconda3\envs\aichi\lib\site-packages\selenium\webdriver\remote\webdriver.py", line 741, in find_element
    return self.execute(Command.FIND_ELEMENT, {"using": by, "value": value})["value"]
  File "C:\ProgramData\anaconda3\envs\aichi\lib\site-packages\selenium\webdriver\remote\webdriver.py", line 347, in execute
    self.error_handler.check_response(response)
  File "C:\ProgramData\anaconda3\envs\aichi\lib\site-packages\selenium\webdriver\remote\errorhandler.py", line 229, in check_response
    raise exception_class(message, screen, stacktrace)
selenium.common.exceptions.NoSuchElementException: Message: no such element: Unable to locate element: {"method":"xpath","selector":"/html/body/main/div/form/div[3]/strong/ul/li/span/strong"}
  (Session info: chrome=123.0.6312.107); For documentation on this error, please visit: https://www.selenium.dev/documentation/webdriver/troubleshooting/errors#no-such-element-exception
Stacktrace:
	GetHandleVerifier [0x00007FF770D87032+63090]
	(No symbol) [0x00007FF770CF2C82]
	(No symbol) [0x00007FF770B8EC65]
	(No symbol) [0x00007FF770BD499D]
	(No symbol) [0x00007FF770BD4ADC]
	(No symbol) [0x00007FF770C15B37]
	(No symbol) [0x00007FF770BF701F]
	(No symbol) [0x00007FF770C13412]
	(No symbol) [0x00007FF770BF6D83]
	(No symbol) [0x00007FF770BC83A8]
	(No symbol) [0x00007FF770BC9441]
	GetHandleVerifier [0x00007FF7711825AD+4238317]
	GetHandleVerifier [0x00007FF7711BF70D+4488525]
	GetHandleVerifier [0x00007FF7711B79EF+4456495]
	GetHandleVerifier [0x00007FF770E60576+953270]
	(No symbol) [0x00007FF770CFE54F]
	(No symbol) [0x00007FF770CF9224]
	(No symbol) [0x00007FF770CF935B]
	(No symbol) [0x00007FF770CE9B94]
	BaseThreadInitThunk [0x00007FFDC2F1257D+29]
	RtlUserThreadStart [0x00007FFDC3E0AA48+40]

[ 2024-04-16 04:54:24,013 ] 82 luthien5921 - ERROR - Failed to get form message, maybe form is available
Traceback (most recent call last):
  File "C:\Users\USER\Projects\AichiTool\AichiSelenium\src\controllers\filler.py", line 114, in get_form_message
    message = browser.find_element(By.XPATH, "/html/body/main/div/form/div[3]/strong/ul/li/span/strong").text
  File "C:\ProgramData\anaconda3\envs\aichi\lib\site-packages\seleniumbase\core\sb_driver.py", line 20, in find_element
    return self.driver.default_find_element(by=by, value=value)
  File "C:\ProgramData\anaconda3\envs\aichi\lib\site-packages\selenium\webdriver\remote\webdriver.py", line 741, in find_element
    return self.execute(Command.FIND_ELEMENT, {"using": by, "value": value})["value"]
  File "C:\ProgramData\anaconda3\envs\aichi\lib\site-packages\selenium\webdriver\remote\webdriver.py", line 347, in execute
    self.error_handler.check_response(response)
  File "C:\ProgramData\anaconda3\envs\aichi\lib\site-packages\selenium\webdriver\remote\errorhandler.py", line 229, in check_response
    raise exception_class(message, screen, stacktrace)
selenium.common.exceptions.NoSuchElementException: Message: no such element: Unable to locate element: {"method":"xpath","selector":"/html/body/main/div/form/div[3]/strong/ul/li/span/strong"}
  (Session info: chrome=123.0.6312.107); For documentation on this error, please visit: https://www.selenium.dev/documentation/webdriver/troubleshooting/errors#no-such-element-exception
Stacktrace:
	GetHandleVerifier [0x00007FF770D87032+63090]
	(No symbol) [0x00007FF770CF2C82]
	(No symbol) [0x00007FF770B8EC65]
	(No symbol) [0x00007FF770BD499D]
	(No symbol) [0x00007FF770BD4ADC]
	(No symbol) [0x00007FF770C15B37]
	(No symbol) [0x00007FF770BF701F]
	(No symbol) [0x00007FF770C13412]
	(No symbol) [0x00007FF770BF6D83]
	(No symbol) [0x00007FF770BC83A8]
	(No symbol) [0x00007FF770BC9441]
	GetHandleVerifier [0x00007FF7711825AD+4238317]
	GetHandleVerifier [0x00007FF7711BF70D+4488525]
	GetHandleVerifier [0x00007FF7711B79EF+4456495]
	GetHandleVerifier [0x00007FF770E60576+953270]
	(No symbol) [0x00007FF770CFE54F]
	(No symbol) [0x00007FF770CF9224]
	(No symbol) [0x00007FF770CF935B]
	(No symbol) [0x00007FF770CE9B94]
	BaseThreadInitThunk [0x00007FFDC2F1257D+29]
	RtlUserThreadStart [0x00007FFDC3E0AA48+40]

[ 2024-04-16 04:54:24,013 ] 82 luthien5921 - ERROR - Failed to get form message, maybe form is available
Traceback (most recent call last):
  File "C:\Users\USER\Projects\AichiTool\AichiSelenium\src\controllers\filler.py", line 114, in get_form_message
    message = browser.find_element(By.XPATH, "/html/body/main/div/form/div[3]/strong/ul/li/span/strong").text
  File "C:\ProgramData\anaconda3\envs\aichi\lib\site-packages\seleniumbase\core\sb_driver.py", line 20, in find_element
    return self.driver.default_find_element(by=by, value=value)
  File "C:\ProgramData\anaconda3\envs\aichi\lib\site-packages\selenium\webdriver\remote\webdriver.py", line 741, in find_element
    return self.execute(Command.FIND_ELEMENT, {"using": by, "value": value})["value"]
  File "C:\ProgramData\anaconda3\envs\aichi\lib\site-packages\selenium\webdriver\remote\webdriver.py", line 347, in execute
    self.error_handler.check_response(response)
  File "C:\ProgramData\anaconda3\envs\aichi\lib\site-packages\selenium\webdriver\remote\errorhandler.py", line 229, in check_response
    raise exception_class(message, screen, stacktrace)
selenium.common.exceptions.NoSuchElementException: Message: no such element: Unable to locate element: {"method":"xpath","selector":"/html/body/main/div/form/div[3]/strong/ul/li/span/strong"}
  (Session info: chrome=123.0.6312.107); For documentation on this error, please visit: https://www.selenium.dev/documentation/webdriver/troubleshooting/errors#no-such-element-exception
Stacktrace:
	GetHandleVerifier [0x00007FF770D87032+63090]
	(No symbol) [0x00007FF770CF2C82]
	(No symbol) [0x00007FF770B8EC65]
	(No symbol) [0x00007FF770BD499D]
	(No symbol) [0x00007FF770BD4ADC]
	(No symbol) [0x00007FF770C15B37]
	(No symbol) [0x00007FF770BF701F]
	(No symbol) [0x00007FF770C13412]
	(No symbol) [0x00007FF770BF6D83]
	(No symbol) [0x00007FF770BC83A8]
	(No symbol) [0x00007FF770BC9441]
	GetHandleVerifier [0x00007FF7711825AD+4238317]
	GetHandleVerifier [0x00007FF7711BF70D+4488525]
	GetHandleVerifier [0x00007FF7711B79EF+4456495]
	GetHandleVerifier [0x00007FF770E60576+953270]
	(No symbol) [0x00007FF770CFE54F]
	(No symbol) [0x00007FF770CF9224]
	(No symbol) [0x00007FF770CF935B]
	(No symbol) [0x00007FF770CE9B94]
	BaseThreadInitThunk [0x00007FFDC2F1257D+29]
	RtlUserThreadStart [0x00007FFDC3E0AA48+40]

[ 2024-04-16 04:54:24,015 ] 94 luthien5921 - INFO - Form is available, template sequence: 90549
[ 2024-04-16 04:54:24,015 ] 94 luthien5921 - INFO - Form is available, template sequence: 90549
[ 2024-04-16 04:54:24,015 ] 94 luthien5921 - INFO - Form is available, template sequence: 90549
[ 2024-04-16 04:54:24,015 ] 94 luthien5921 - INFO - Filling form, template sequence: 90549
[ 2024-04-16 04:54:24,015 ] 94 luthien5921 - INFO - Filling form, template sequence: 90549
[ 2024-04-16 04:54:24,015 ] 94 luthien5921 - INFO - Filling form, template sequence: 90549
[ 2024-04-16 04:54:25,780 ] 94 luthien5921 - INFO - Clicked continue button
[ 2024-04-16 04:54:25,780 ] 94 luthien5921 - INFO - Clicked continue button
[ 2024-04-16 04:54:25,780 ] 94 luthien5921 - INFO - Clicked continue button
[ 2024-04-16 04:54:25,883 ] 94 luthien5921 - INFO - Filled input: item[0].textData2 by name, value: Gia
[ 2024-04-16 04:54:25,883 ] 94 luthien5921 - INFO - Filled input: item[0].textData2 by name, value: Gia
[ 2024-04-16 04:54:25,883 ] 94 luthien5921 - INFO - Filled input: item[0].textData2 by name, value: Gia
[ 2024-04-16 04:54:25,948 ] 94 luthien5921 - INFO - Filled input: item[0].textData by name, value: Ly
[ 2024-04-16 04:54:25,948 ] 94 luthien5921 - INFO - Filled input: item[0].textData by name, value: Ly
[ 2024-04-16 04:54:25,948 ] 94 luthien5921 - INFO - Filled input: item[0].textData by name, value: Ly
[ 2024-04-16 04:54:26,061 ] 94 luthien5921 - INFO - Filled input: item[2].textData by name, value: 19981002
[ 2024-04-16 04:54:26,061 ] 94 luthien5921 - INFO - Filled input: item[2].textData by name, value: 19981002
[ 2024-04-16 04:54:26,061 ] 94 luthien5921 - INFO - Filled input: item[2].textData by name, value: 19981002
[ 2024-04-16 04:54:26,137 ] 94 luthien5921 - INFO - Filled input: item[4].textData by name, value: 0805678912
[ 2024-04-16 04:54:26,137 ] 94 luthien5921 - INFO - Filled input: item[4].textData by name, value: 0805678912
[ 2024-04-16 04:54:26,137 ] 94 luthien5921 - INFO - Filled input: item[4].textData by name, value: 0805678912
[ 2024-04-16 04:54:26,217 ] 94 luthien5921 - INFO - Filled input: item[5].textData by name, value: Samurai
[ 2024-04-16 04:54:26,217 ] 94 luthien5921 - INFO - Filled input: item[5].textData by name, value: Samurai
[ 2024-04-16 04:54:26,217 ] 94 luthien5921 - INFO - Filled input: item[5].textData by name, value: Samurai
[ 2024-04-16 04:54:26,285 ] 94 luthien5921 - INFO - Check checkbox: /html/body/form/main/div/div[4]/dl[8]/dd/fieldset/p/label/span by xpath
[ 2024-04-16 04:54:26,285 ] 94 luthien5921 - INFO - Check checkbox: /html/body/form/main/div/div[4]/dl[8]/dd/fieldset/p/label/span by xpath
[ 2024-04-16 04:54:26,285 ] 94 luthien5921 - INFO - Check checkbox: /html/body/form/main/div/div[4]/dl[8]/dd/fieldset/p/label/span by xpath
[ 2024-04-16 04:54:29,419 ] 94 luthien5921 - INFO - Get page source successfully
[ 2024-04-16 04:54:29,419 ] 94 luthien5921 - INFO - Get page source successfully
[ 2024-04-16 04:54:29,419 ] 94 luthien5921 - INFO - Get page source successfully
[ 2024-04-16 04:54:29,420 ] 94 luthien5921 - ERROR - Failed to fill form, template sequence: 90549
[ 2024-04-16 04:54:29,420 ] 94 luthien5921 - ERROR - Failed to fill form, template sequence: 90549
[ 2024-04-16 04:54:29,420 ] 94 luthien5921 - ERROR - Failed to fill form, template sequence: 90549
[ 2024-04-16 04:54:29,421 ] 94 luthien5921 - INFO - Accessing form, template sequence: 90551
[ 2024-04-16 04:54:29,421 ] 94 luthien5921 - INFO - Accessing form, template sequence: 90551
[ 2024-04-16 04:54:29,421 ] 94 luthien5921 - INFO - Accessing form, template sequence: 90551
[ 2024-04-16 04:54:29,421 ] 94 luthien5921 - INFO - Form URL: https://www.shinsei.e-aichi.jp/pref-aichi-police-u/offer/offerList_detailTop?tempSeq=90551
[ 2024-04-16 04:54:29,421 ] 94 luthien5921 - INFO - Form URL: https://www.shinsei.e-aichi.jp/pref-aichi-police-u/offer/offerList_detailTop?tempSeq=90551
[ 2024-04-16 04:54:29,421 ] 94 luthien5921 - INFO - Form URL: https://www.shinsei.e-aichi.jp/pref-aichi-police-u/offer/offerList_detailTop?tempSeq=90551
[ 2024-04-16 04:54:35,059 ] 94 luthien5921 - INFO - Accessed form successfully
[ 2024-04-16 04:54:35,059 ] 94 luthien5921 - INFO - Accessed form successfully
[ 2024-04-16 04:54:35,059 ] 94 luthien5921 - INFO - Accessed form successfully
[ 2024-04-16 04:54:35,068 ] 82 luthien5921 - ERROR - Failed to get form message, maybe form is available
Traceback (most recent call last):
  File "C:\Users\USER\Projects\AichiTool\AichiSelenium\src\controllers\filler.py", line 114, in get_form_message
    message = browser.find_element(By.XPATH, "/html/body/main/div/form/div[3]/strong/ul/li/span/strong").text
  File "C:\ProgramData\anaconda3\envs\aichi\lib\site-packages\seleniumbase\core\sb_driver.py", line 20, in find_element
    return self.driver.default_find_element(by=by, value=value)
  File "C:\ProgramData\anaconda3\envs\aichi\lib\site-packages\selenium\webdriver\remote\webdriver.py", line 741, in find_element
    return self.execute(Command.FIND_ELEMENT, {"using": by, "value": value})["value"]
  File "C:\ProgramData\anaconda3\envs\aichi\lib\site-packages\selenium\webdriver\remote\webdriver.py", line 347, in execute
    self.error_handler.check_response(response)
  File "C:\ProgramData\anaconda3\envs\aichi\lib\site-packages\selenium\webdriver\remote\errorhandler.py", line 229, in check_response
    raise exception_class(message, screen, stacktrace)
selenium.common.exceptions.NoSuchElementException: Message: no such element: Unable to locate element: {"method":"xpath","selector":"/html/body/main/div/form/div[3]/strong/ul/li/span/strong"}
  (Session info: chrome=123.0.6312.107); For documentation on this error, please visit: https://www.selenium.dev/documentation/webdriver/troubleshooting/errors#no-such-element-exception
Stacktrace:
	GetHandleVerifier [0x00007FF770D87032+63090]
	(No symbol) [0x00007FF770CF2C82]
	(No symbol) [0x00007FF770B8EC65]
	(No symbol) [0x00007FF770BD499D]
	(No symbol) [0x00007FF770BD4ADC]
	(No symbol) [0x00007FF770C15B37]
	(No symbol) [0x00007FF770BF701F]
	(No symbol) [0x00007FF770C13412]
	(No symbol) [0x00007FF770BF6D83]
	(No symbol) [0x00007FF770BC83A8]
	(No symbol) [0x00007FF770BC9441]
	GetHandleVerifier [0x00007FF7711825AD+4238317]
	GetHandleVerifier [0x00007FF7711BF70D+4488525]
	GetHandleVerifier [0x00007FF7711B79EF+4456495]
	GetHandleVerifier [0x00007FF770E60576+953270]
	(No symbol) [0x00007FF770CFE54F]
	(No symbol) [0x00007FF770CF9224]
	(No symbol) [0x00007FF770CF935B]
	(No symbol) [0x00007FF770CE9B94]
	BaseThreadInitThunk [0x00007FFDC2F1257D+29]
	RtlUserThreadStart [0x00007FFDC3E0AA48+40]

[ 2024-04-16 04:54:35,068 ] 82 luthien5921 - ERROR - Failed to get form message, maybe form is available
Traceback (most recent call last):
  File "C:\Users\USER\Projects\AichiTool\AichiSelenium\src\controllers\filler.py", line 114, in get_form_message
    message = browser.find_element(By.XPATH, "/html/body/main/div/form/div[3]/strong/ul/li/span/strong").text
  File "C:\ProgramData\anaconda3\envs\aichi\lib\site-packages\seleniumbase\core\sb_driver.py", line 20, in find_element
    return self.driver.default_find_element(by=by, value=value)
  File "C:\ProgramData\anaconda3\envs\aichi\lib\site-packages\selenium\webdriver\remote\webdriver.py", line 741, in find_element
    return self.execute(Command.FIND_ELEMENT, {"using": by, "value": value})["value"]
  File "C:\ProgramData\anaconda3\envs\aichi\lib\site-packages\selenium\webdriver\remote\webdriver.py", line 347, in execute
    self.error_handler.check_response(response)
  File "C:\ProgramData\anaconda3\envs\aichi\lib\site-packages\selenium\webdriver\remote\errorhandler.py", line 229, in check_response
    raise exception_class(message, screen, stacktrace)
selenium.common.exceptions.NoSuchElementException: Message: no such element: Unable to locate element: {"method":"xpath","selector":"/html/body/main/div/form/div[3]/strong/ul/li/span/strong"}
  (Session info: chrome=123.0.6312.107); For documentation on this error, please visit: https://www.selenium.dev/documentation/webdriver/troubleshooting/errors#no-such-element-exception
Stacktrace:
	GetHandleVerifier [0x00007FF770D87032+63090]
	(No symbol) [0x00007FF770CF2C82]
	(No symbol) [0x00007FF770B8EC65]
	(No symbol) [0x00007FF770BD499D]
	(No symbol) [0x00007FF770BD4ADC]
	(No symbol) [0x00007FF770C15B37]
	(No symbol) [0x00007FF770BF701F]
	(No symbol) [0x00007FF770C13412]
	(No symbol) [0x00007FF770BF6D83]
	(No symbol) [0x00007FF770BC83A8]
	(No symbol) [0x00007FF770BC9441]
	GetHandleVerifier [0x00007FF7711825AD+4238317]
	GetHandleVerifier [0x00007FF7711BF70D+4488525]
	GetHandleVerifier [0x00007FF7711B79EF+4456495]
	GetHandleVerifier [0x00007FF770E60576+953270]
	(No symbol) [0x00007FF770CFE54F]
	(No symbol) [0x00007FF770CF9224]
	(No symbol) [0x00007FF770CF935B]
	(No symbol) [0x00007FF770CE9B94]
	BaseThreadInitThunk [0x00007FFDC2F1257D+29]
	RtlUserThreadStart [0x00007FFDC3E0AA48+40]

[ 2024-04-16 04:54:35,068 ] 82 luthien5921 - ERROR - Failed to get form message, maybe form is available
Traceback (most recent call last):
  File "C:\Users\USER\Projects\AichiTool\AichiSelenium\src\controllers\filler.py", line 114, in get_form_message
    message = browser.find_element(By.XPATH, "/html/body/main/div/form/div[3]/strong/ul/li/span/strong").text
  File "C:\ProgramData\anaconda3\envs\aichi\lib\site-packages\seleniumbase\core\sb_driver.py", line 20, in find_element
    return self.driver.default_find_element(by=by, value=value)
  File "C:\ProgramData\anaconda3\envs\aichi\lib\site-packages\selenium\webdriver\remote\webdriver.py", line 741, in find_element
    return self.execute(Command.FIND_ELEMENT, {"using": by, "value": value})["value"]
  File "C:\ProgramData\anaconda3\envs\aichi\lib\site-packages\selenium\webdriver\remote\webdriver.py", line 347, in execute
    self.error_handler.check_response(response)
  File "C:\ProgramData\anaconda3\envs\aichi\lib\site-packages\selenium\webdriver\remote\errorhandler.py", line 229, in check_response
    raise exception_class(message, screen, stacktrace)
selenium.common.exceptions.NoSuchElementException: Message: no such element: Unable to locate element: {"method":"xpath","selector":"/html/body/main/div/form/div[3]/strong/ul/li/span/strong"}
  (Session info: chrome=123.0.6312.107); For documentation on this error, please visit: https://www.selenium.dev/documentation/webdriver/troubleshooting/errors#no-such-element-exception
Stacktrace:
	GetHandleVerifier [0x00007FF770D87032+63090]
	(No symbol) [0x00007FF770CF2C82]
	(No symbol) [0x00007FF770B8EC65]
	(No symbol) [0x00007FF770BD499D]
	(No symbol) [0x00007FF770BD4ADC]
	(No symbol) [0x00007FF770C15B37]
	(No symbol) [0x00007FF770BF701F]
	(No symbol) [0x00007FF770C13412]
	(No symbol) [0x00007FF770BF6D83]
	(No symbol) [0x00007FF770BC83A8]
	(No symbol) [0x00007FF770BC9441]
	GetHandleVerifier [0x00007FF7711825AD+4238317]
	GetHandleVerifier [0x00007FF7711BF70D+4488525]
	GetHandleVerifier [0x00007FF7711B79EF+4456495]
	GetHandleVerifier [0x00007FF770E60576+953270]
	(No symbol) [0x00007FF770CFE54F]
	(No symbol) [0x00007FF770CF9224]
	(No symbol) [0x00007FF770CF935B]
	(No symbol) [0x00007FF770CE9B94]
	BaseThreadInitThunk [0x00007FFDC2F1257D+29]
	RtlUserThreadStart [0x00007FFDC3E0AA48+40]

[ 2024-04-16 04:54:35,069 ] 94 luthien5921 - INFO - Form is available, template sequence: 90551
[ 2024-04-16 04:54:35,069 ] 94 luthien5921 - INFO - Form is available, template sequence: 90551
[ 2024-04-16 04:54:35,069 ] 94 luthien5921 - INFO - Form is available, template sequence: 90551
[ 2024-04-16 04:54:35,069 ] 94 luthien5921 - INFO - Filling form, template sequence: 90551
[ 2024-04-16 04:54:35,069 ] 94 luthien5921 - INFO - Filling form, template sequence: 90551
[ 2024-04-16 04:54:35,069 ] 94 luthien5921 - INFO - Filling form, template sequence: 90551
[ 2024-04-16 04:54:36,861 ] 94 luthien5921 - INFO - Clicked continue button
[ 2024-04-16 04:54:36,861 ] 94 luthien5921 - INFO - Clicked continue button
[ 2024-04-16 04:54:36,861 ] 94 luthien5921 - INFO - Clicked continue button
[ 2024-04-16 04:54:36,923 ] 94 luthien5921 - INFO - Filled input: item[0].textData2 by name, value: Tuan
[ 2024-04-16 04:54:36,923 ] 94 luthien5921 - INFO - Filled input: item[0].textData2 by name, value: Tuan
[ 2024-04-16 04:54:36,923 ] 94 luthien5921 - INFO - Filled input: item[0].textData2 by name, value: Tuan
[ 2024-04-16 04:54:36,990 ] 94 luthien5921 - INFO - Filled input: item[0].textData by name, value: Mai
[ 2024-04-16 04:54:36,990 ] 94 luthien5921 - INFO - Filled input: item[0].textData by name, value: Mai
[ 2024-04-16 04:54:36,990 ] 94 luthien5921 - INFO - Filled input: item[0].textData by name, value: Mai
[ 2024-04-16 04:54:37,065 ] 94 luthien5921 - INFO - Filled input: item[2].textData by name, value: 19950719
[ 2024-04-16 04:54:37,065 ] 94 luthien5921 - INFO - Filled input: item[2].textData by name, value: 19950719
[ 2024-04-16 04:54:37,065 ] 94 luthien5921 - INFO - Filled input: item[2].textData by name, value: 19950719
[ 2024-04-16 04:54:37,135 ] 94 luthien5921 - INFO - Filled input: item[4].textData by name, value: 0805678912
[ 2024-04-16 04:54:37,135 ] 94 luthien5921 - INFO - Filled input: item[4].textData by name, value: 0805678912
[ 2024-04-16 04:54:37,135 ] 94 luthien5921 - INFO - Filled input: item[4].textData by name, value: 0805678912
[ 2024-04-16 04:54:37,198 ] 94 luthien5921 - INFO - Filled input: item[5].textData by name, value: Katana
[ 2024-04-16 04:54:37,198 ] 94 luthien5921 - INFO - Filled input: item[5].textData by name, value: Katana
[ 2024-04-16 04:54:37,198 ] 94 luthien5921 - INFO - Filled input: item[5].textData by name, value: Katana
[ 2024-04-16 04:54:37,249 ] 94 luthien5921 - INFO - Check checkbox: /html/body/form/main/div/div[4]/dl[8]/dd/fieldset/p/label/span by xpath
[ 2024-04-16 04:54:37,249 ] 94 luthien5921 - INFO - Check checkbox: /html/body/form/main/div/div[4]/dl[8]/dd/fieldset/p/label/span by xpath
[ 2024-04-16 04:54:37,249 ] 94 luthien5921 - INFO - Check checkbox: /html/body/form/main/div/div[4]/dl[8]/dd/fieldset/p/label/span by xpath
[ 2024-04-16 04:54:39,520 ] 94 luthien5921 - INFO - Get page source successfully
[ 2024-04-16 04:54:39,520 ] 94 luthien5921 - INFO - Get page source successfully
[ 2024-04-16 04:54:39,520 ] 94 luthien5921 - INFO - Get page source successfully
[ 2024-04-16 04:54:39,520 ] 94 luthien5921 - ERROR - Failed to fill form, template sequence: 90551
[ 2024-04-16 04:54:39,520 ] 94 luthien5921 - ERROR - Failed to fill form, template sequence: 90551
[ 2024-04-16 04:54:39,520 ] 94 luthien5921 - ERROR - Failed to fill form, template sequence: 90551
[ 2024-04-16 04:54:39,520 ] 94 luthien5921 - INFO - Accessing form, template sequence: 90550
[ 2024-04-16 04:54:39,520 ] 94 luthien5921 - INFO - Accessing form, template sequence: 90550
[ 2024-04-16 04:54:39,520 ] 94 luthien5921 - INFO - Accessing form, template sequence: 90550
[ 2024-04-16 04:54:39,520 ] 94 luthien5921 - INFO - Form URL: https://www.shinsei.e-aichi.jp/pref-aichi-police-u/offer/offerList_detailTop?tempSeq=90550
[ 2024-04-16 04:54:39,520 ] 94 luthien5921 - INFO - Form URL: https://www.shinsei.e-aichi.jp/pref-aichi-police-u/offer/offerList_detailTop?tempSeq=90550
[ 2024-04-16 04:54:39,520 ] 94 luthien5921 - INFO - Form URL: https://www.shinsei.e-aichi.jp/pref-aichi-police-u/offer/offerList_detailTop?tempSeq=90550
[ 2024-04-16 04:54:45,245 ] 94 luthien5921 - INFO - Accessed form successfully
[ 2024-04-16 04:54:45,245 ] 94 luthien5921 - INFO - Accessed form successfully
[ 2024-04-16 04:54:45,245 ] 94 luthien5921 - INFO - Accessed form successfully
[ 2024-04-16 04:54:45,253 ] 82 luthien5921 - ERROR - Failed to get form message, maybe form is available
Traceback (most recent call last):
  File "C:\Users\USER\Projects\AichiTool\AichiSelenium\src\controllers\filler.py", line 114, in get_form_message
    message = browser.find_element(By.XPATH, "/html/body/main/div/form/div[3]/strong/ul/li/span/strong").text
  File "C:\ProgramData\anaconda3\envs\aichi\lib\site-packages\seleniumbase\core\sb_driver.py", line 20, in find_element
    return self.driver.default_find_element(by=by, value=value)
  File "C:\ProgramData\anaconda3\envs\aichi\lib\site-packages\selenium\webdriver\remote\webdriver.py", line 741, in find_element
    return self.execute(Command.FIND_ELEMENT, {"using": by, "value": value})["value"]
  File "C:\ProgramData\anaconda3\envs\aichi\lib\site-packages\selenium\webdriver\remote\webdriver.py", line 347, in execute
    self.error_handler.check_response(response)
  File "C:\ProgramData\anaconda3\envs\aichi\lib\site-packages\selenium\webdriver\remote\errorhandler.py", line 229, in check_response
    raise exception_class(message, screen, stacktrace)
selenium.common.exceptions.NoSuchElementException: Message: no such element: Unable to locate element: {"method":"xpath","selector":"/html/body/main/div/form/div[3]/strong/ul/li/span/strong"}
  (Session info: chrome=123.0.6312.107); For documentation on this error, please visit: https://www.selenium.dev/documentation/webdriver/troubleshooting/errors#no-such-element-exception
Stacktrace:
	GetHandleVerifier [0x00007FF770D87032+63090]
	(No symbol) [0x00007FF770CF2C82]
	(No symbol) [0x00007FF770B8EC65]
	(No symbol) [0x00007FF770BD499D]
	(No symbol) [0x00007FF770BD4ADC]
	(No symbol) [0x00007FF770C15B37]
	(No symbol) [0x00007FF770BF701F]
	(No symbol) [0x00007FF770C13412]
	(No symbol) [0x00007FF770BF6D83]
	(No symbol) [0x00007FF770BC83A8]
	(No symbol) [0x00007FF770BC9441]
	GetHandleVerifier [0x00007FF7711825AD+4238317]
	GetHandleVerifier [0x00007FF7711BF70D+4488525]
	GetHandleVerifier [0x00007FF7711B79EF+4456495]
	GetHandleVerifier [0x00007FF770E60576+953270]
	(No symbol) [0x00007FF770CFE54F]
	(No symbol) [0x00007FF770CF9224]
	(No symbol) [0x00007FF770CF935B]
	(No symbol) [0x00007FF770CE9B94]
	BaseThreadInitThunk [0x00007FFDC2F1257D+29]
	RtlUserThreadStart [0x00007FFDC3E0AA48+40]

[ 2024-04-16 04:54:45,253 ] 82 luthien5921 - ERROR - Failed to get form message, maybe form is available
Traceback (most recent call last):
  File "C:\Users\USER\Projects\AichiTool\AichiSelenium\src\controllers\filler.py", line 114, in get_form_message
    message = browser.find_element(By.XPATH, "/html/body/main/div/form/div[3]/strong/ul/li/span/strong").text
  File "C:\ProgramData\anaconda3\envs\aichi\lib\site-packages\seleniumbase\core\sb_driver.py", line 20, in find_element
    return self.driver.default_find_element(by=by, value=value)
  File "C:\ProgramData\anaconda3\envs\aichi\lib\site-packages\selenium\webdriver\remote\webdriver.py", line 741, in find_element
    return self.execute(Command.FIND_ELEMENT, {"using": by, "value": value})["value"]
  File "C:\ProgramData\anaconda3\envs\aichi\lib\site-packages\selenium\webdriver\remote\webdriver.py", line 347, in execute
    self.error_handler.check_response(response)
  File "C:\ProgramData\anaconda3\envs\aichi\lib\site-packages\selenium\webdriver\remote\errorhandler.py", line 229, in check_response
    raise exception_class(message, screen, stacktrace)
selenium.common.exceptions.NoSuchElementException: Message: no such element: Unable to locate element: {"method":"xpath","selector":"/html/body/main/div/form/div[3]/strong/ul/li/span/strong"}
  (Session info: chrome=123.0.6312.107); For documentation on this error, please visit: https://www.selenium.dev/documentation/webdriver/troubleshooting/errors#no-such-element-exception
Stacktrace:
	GetHandleVerifier [0x00007FF770D87032+63090]
	(No symbol) [0x00007FF770CF2C82]
	(No symbol) [0x00007FF770B8EC65]
	(No symbol) [0x00007FF770BD499D]
	(No symbol) [0x00007FF770BD4ADC]
	(No symbol) [0x00007FF770C15B37]
	(No symbol) [0x00007FF770BF701F]
	(No symbol) [0x00007FF770C13412]
	(No symbol) [0x00007FF770BF6D83]
	(No symbol) [0x00007FF770BC83A8]
	(No symbol) [0x00007FF770BC9441]
	GetHandleVerifier [0x00007FF7711825AD+4238317]
	GetHandleVerifier [0x00007FF7711BF70D+4488525]
	GetHandleVerifier [0x00007FF7711B79EF+4456495]
	GetHandleVerifier [0x00007FF770E60576+953270]
	(No symbol) [0x00007FF770CFE54F]
	(No symbol) [0x00007FF770CF9224]
	(No symbol) [0x00007FF770CF935B]
	(No symbol) [0x00007FF770CE9B94]
	BaseThreadInitThunk [0x00007FFDC2F1257D+29]
	RtlUserThreadStart [0x00007FFDC3E0AA48+40]

[ 2024-04-16 04:54:45,253 ] 82 luthien5921 - ERROR - Failed to get form message, maybe form is available
Traceback (most recent call last):
  File "C:\Users\USER\Projects\AichiTool\AichiSelenium\src\controllers\filler.py", line 114, in get_form_message
    message = browser.find_element(By.XPATH, "/html/body/main/div/form/div[3]/strong/ul/li/span/strong").text
  File "C:\ProgramData\anaconda3\envs\aichi\lib\site-packages\seleniumbase\core\sb_driver.py", line 20, in find_element
    return self.driver.default_find_element(by=by, value=value)
  File "C:\ProgramData\anaconda3\envs\aichi\lib\site-packages\selenium\webdriver\remote\webdriver.py", line 741, in find_element
    return self.execute(Command.FIND_ELEMENT, {"using": by, "value": value})["value"]
  File "C:\ProgramData\anaconda3\envs\aichi\lib\site-packages\selenium\webdriver\remote\webdriver.py", line 347, in execute
    self.error_handler.check_response(response)
  File "C:\ProgramData\anaconda3\envs\aichi\lib\site-packages\selenium\webdriver\remote\errorhandler.py", line 229, in check_response
    raise exception_class(message, screen, stacktrace)
selenium.common.exceptions.NoSuchElementException: Message: no such element: Unable to locate element: {"method":"xpath","selector":"/html/body/main/div/form/div[3]/strong/ul/li/span/strong"}
  (Session info: chrome=123.0.6312.107); For documentation on this error, please visit: https://www.selenium.dev/documentation/webdriver/troubleshooting/errors#no-such-element-exception
Stacktrace:
	GetHandleVerifier [0x00007FF770D87032+63090]
	(No symbol) [0x00007FF770CF2C82]
	(No symbol) [0x00007FF770B8EC65]
	(No symbol) [0x00007FF770BD499D]
	(No symbol) [0x00007FF770BD4ADC]
	(No symbol) [0x00007FF770C15B37]
	(No symbol) [0x00007FF770BF701F]
	(No symbol) [0x00007FF770C13412]
	(No symbol) [0x00007FF770BF6D83]
	(No symbol) [0x00007FF770BC83A8]
	(No symbol) [0x00007FF770BC9441]
	GetHandleVerifier [0x00007FF7711825AD+4238317]
	GetHandleVerifier [0x00007FF7711BF70D+4488525]
	GetHandleVerifier [0x00007FF7711B79EF+4456495]
	GetHandleVerifier [0x00007FF770E60576+953270]
	(No symbol) [0x00007FF770CFE54F]
	(No symbol) [0x00007FF770CF9224]
	(No symbol) [0x00007FF770CF935B]
	(No symbol) [0x00007FF770CE9B94]
	BaseThreadInitThunk [0x00007FFDC2F1257D+29]
	RtlUserThreadStart [0x00007FFDC3E0AA48+40]

[ 2024-04-16 04:54:45,254 ] 94 luthien5921 - INFO - Form is available, template sequence: 90550
[ 2024-04-16 04:54:45,254 ] 94 luthien5921 - INFO - Form is available, template sequence: 90550
[ 2024-04-16 04:54:45,254 ] 94 luthien5921 - INFO - Form is available, template sequence: 90550
[ 2024-04-16 04:54:45,254 ] 94 luthien5921 - INFO - Filling form, template sequence: 90550
[ 2024-04-16 04:54:45,254 ] 94 luthien5921 - INFO - Filling form, template sequence: 90550
[ 2024-04-16 04:54:45,254 ] 94 luthien5921 - INFO - Filling form, template sequence: 90550
[ 2024-04-16 04:54:47,104 ] 94 luthien5921 - INFO - Clicked continue button
[ 2024-04-16 04:54:47,104 ] 94 luthien5921 - INFO - Clicked continue button
[ 2024-04-16 04:54:47,104 ] 94 luthien5921 - INFO - Clicked continue button
[ 2024-04-16 04:54:47,176 ] 94 luthien5921 - INFO - Filled input: item[0].textData2 by name, value: Quoc
[ 2024-04-16 04:54:47,176 ] 94 luthien5921 - INFO - Filled input: item[0].textData2 by name, value: Quoc
[ 2024-04-16 04:54:47,176 ] 94 luthien5921 - INFO - Filled input: item[0].textData2 by name, value: Quoc
[ 2024-04-16 04:54:47,255 ] 94 luthien5921 - INFO - Filled input: item[0].textData by name, value: Le
[ 2024-04-16 04:54:47,255 ] 94 luthien5921 - INFO - Filled input: item[0].textData by name, value: Le
[ 2024-04-16 04:54:47,255 ] 94 luthien5921 - INFO - Filled input: item[0].textData by name, value: Le
[ 2024-04-16 04:54:47,351 ] 94 luthien5921 - INFO - Filled input: item[2].textData by name, value: 19950409
[ 2024-04-16 04:54:47,351 ] 94 luthien5921 - INFO - Filled input: item[2].textData by name, value: 19950409
[ 2024-04-16 04:54:47,351 ] 94 luthien5921 - INFO - Filled input: item[2].textData by name, value: 19950409
[ 2024-04-16 04:54:47,437 ] 94 luthien5921 - INFO - Filled input: item[4].textData by name, value: 0806543210
[ 2024-04-16 04:54:47,437 ] 94 luthien5921 - INFO - Filled input: item[4].textData by name, value: 0806543210
[ 2024-04-16 04:54:47,437 ] 94 luthien5921 - INFO - Filled input: item[4].textData by name, value: 0806543210
[ 2024-04-16 04:54:47,506 ] 94 luthien5921 - INFO - Filled input: item[5].textData by name, value: Shogun
[ 2024-04-16 04:54:47,506 ] 94 luthien5921 - INFO - Filled input: item[5].textData by name, value: Shogun
[ 2024-04-16 04:54:47,506 ] 94 luthien5921 - INFO - Filled input: item[5].textData by name, value: Shogun
[ 2024-04-16 04:54:47,546 ] 94 luthien5921 - INFO - Check checkbox: /html/body/form/main/div/div[4]/dl[8]/dd/fieldset/p/label/span by xpath
[ 2024-04-16 04:54:47,546 ] 94 luthien5921 - INFO - Check checkbox: /html/body/form/main/div/div[4]/dl[8]/dd/fieldset/p/label/span by xpath
[ 2024-04-16 04:54:47,546 ] 94 luthien5921 - INFO - Check checkbox: /html/body/form/main/div/div[4]/dl[8]/dd/fieldset/p/label/span by xpath
[ 2024-04-16 04:54:49,141 ] 94 luthien5921 - INFO - Get page source successfully
[ 2024-04-16 04:54:49,141 ] 94 luthien5921 - INFO - Get page source successfully
[ 2024-04-16 04:54:49,141 ] 94 luthien5921 - INFO - Get page source successfully
[ 2024-04-16 04:54:49,141 ] 94 luthien5921 - ERROR - Failed to fill form, template sequence: 90550
[ 2024-04-16 04:54:49,141 ] 94 luthien5921 - ERROR - Failed to fill form, template sequence: 90550
[ 2024-04-16 04:54:49,141 ] 94 luthien5921 - ERROR - Failed to fill form, template sequence: 90550
[ 2024-04-16 04:54:49,142 ] 94 luthien5921 - INFO - Accessing form, template sequence: 90548
[ 2024-04-16 04:54:49,142 ] 94 luthien5921 - INFO - Accessing form, template sequence: 90548
[ 2024-04-16 04:54:49,142 ] 94 luthien5921 - INFO - Accessing form, template sequence: 90548
[ 2024-04-16 04:54:49,142 ] 94 luthien5921 - INFO - Form URL: https://www.shinsei.e-aichi.jp/pref-aichi-police-u/offer/offerList_detailTop?tempSeq=90548
[ 2024-04-16 04:54:49,142 ] 94 luthien5921 - INFO - Form URL: https://www.shinsei.e-aichi.jp/pref-aichi-police-u/offer/offerList_detailTop?tempSeq=90548
[ 2024-04-16 04:54:49,142 ] 94 luthien5921 - INFO - Form URL: https://www.shinsei.e-aichi.jp/pref-aichi-police-u/offer/offerList_detailTop?tempSeq=90548
[ 2024-04-16 04:54:54,783 ] 94 luthien5921 - INFO - Accessed form successfully
[ 2024-04-16 04:54:54,783 ] 94 luthien5921 - INFO - Accessed form successfully
[ 2024-04-16 04:54:54,783 ] 94 luthien5921 - INFO - Accessed form successfully
[ 2024-04-16 04:54:54,804 ] 94 luthien5921 - INFO - Form message: 大変申し訳ございません。申込数が上限に達した為、締め切らせていただきました。
[ 2024-04-16 04:54:54,804 ] 94 luthien5921 - INFO - Form message: 大変申し訳ございません。申込数が上限に達した為、締め切らせていただきました。
[ 2024-04-16 04:54:54,804 ] 94 luthien5921 - INFO - Form message: 大変申し訳ございません。申込数が上限に達した為、締め切らせていただきました。
[ 2024-04-16 04:54:54,806 ] 94 luthien5921 - INFO - Form is closed, template sequence: 90548
[ 2024-04-16 04:54:54,806 ] 94 luthien5921 - INFO - Form is closed, template sequence: 90548
[ 2024-04-16 04:54:54,806 ] 94 luthien5921 - INFO - Form is closed, template sequence: 90548
[ 2024-04-16 04:54:54,808 ] 94 luthien5921 - INFO - Accessing form, template sequence: 90549
[ 2024-04-16 04:54:54,808 ] 94 luthien5921 - INFO - Accessing form, template sequence: 90549
[ 2024-04-16 04:54:54,808 ] 94 luthien5921 - INFO - Accessing form, template sequence: 90549
[ 2024-04-16 04:54:54,809 ] 94 luthien5921 - INFO - Form URL: https://www.shinsei.e-aichi.jp/pref-aichi-police-u/offer/offerList_detailTop?tempSeq=90549
[ 2024-04-16 04:54:54,809 ] 94 luthien5921 - INFO - Form URL: https://www.shinsei.e-aichi.jp/pref-aichi-police-u/offer/offerList_detailTop?tempSeq=90549
[ 2024-04-16 04:54:54,809 ] 94 luthien5921 - INFO - Form URL: https://www.shinsei.e-aichi.jp/pref-aichi-police-u/offer/offerList_detailTop?tempSeq=90549
[ 2024-04-16 04:55:00,566 ] 94 luthien5921 - INFO - Accessed form successfully
[ 2024-04-16 04:55:00,566 ] 94 luthien5921 - INFO - Accessed form successfully
[ 2024-04-16 04:55:00,566 ] 94 luthien5921 - INFO - Accessed form successfully
[ 2024-04-16 04:55:00,579 ] 82 luthien5921 - ERROR - Failed to get form message, maybe form is available
Traceback (most recent call last):
  File "C:\Users\USER\Projects\AichiTool\AichiSelenium\src\controllers\filler.py", line 114, in get_form_message
    message = browser.find_element(By.XPATH, "/html/body/main/div/form/div[3]/strong/ul/li/span/strong").text
  File "C:\ProgramData\anaconda3\envs\aichi\lib\site-packages\seleniumbase\core\sb_driver.py", line 20, in find_element
    return self.driver.default_find_element(by=by, value=value)
  File "C:\ProgramData\anaconda3\envs\aichi\lib\site-packages\selenium\webdriver\remote\webdriver.py", line 741, in find_element
    return self.execute(Command.FIND_ELEMENT, {"using": by, "value": value})["value"]
  File "C:\ProgramData\anaconda3\envs\aichi\lib\site-packages\selenium\webdriver\remote\webdriver.py", line 347, in execute
    self.error_handler.check_response(response)
  File "C:\ProgramData\anaconda3\envs\aichi\lib\site-packages\selenium\webdriver\remote\errorhandler.py", line 229, in check_response
    raise exception_class(message, screen, stacktrace)
selenium.common.exceptions.NoSuchElementException: Message: no such element: Unable to locate element: {"method":"xpath","selector":"/html/body/main/div/form/div[3]/strong/ul/li/span/strong"}
  (Session info: chrome=123.0.6312.107); For documentation on this error, please visit: https://www.selenium.dev/documentation/webdriver/troubleshooting/errors#no-such-element-exception
Stacktrace:
	GetHandleVerifier [0x00007FF770D87032+63090]
	(No symbol) [0x00007FF770CF2C82]
	(No symbol) [0x00007FF770B8EC65]
	(No symbol) [0x00007FF770BD499D]
	(No symbol) [0x00007FF770BD4ADC]
	(No symbol) [0x00007FF770C15B37]
	(No symbol) [0x00007FF770BF701F]
	(No symbol) [0x00007FF770C13412]
	(No symbol) [0x00007FF770BF6D83]
	(No symbol) [0x00007FF770BC83A8]
	(No symbol) [0x00007FF770BC9441]
	GetHandleVerifier [0x00007FF7711825AD+4238317]
	GetHandleVerifier [0x00007FF7711BF70D+4488525]
	GetHandleVerifier [0x00007FF7711B79EF+4456495]
	GetHandleVerifier [0x00007FF770E60576+953270]
	(No symbol) [0x00007FF770CFE54F]
	(No symbol) [0x00007FF770CF9224]
	(No symbol) [0x00007FF770CF935B]
	(No symbol) [0x00007FF770CE9B94]
	BaseThreadInitThunk [0x00007FFDC2F1257D+29]
	RtlUserThreadStart [0x00007FFDC3E0AA48+40]

[ 2024-04-16 04:55:00,579 ] 82 luthien5921 - ERROR - Failed to get form message, maybe form is available
Traceback (most recent call last):
  File "C:\Users\USER\Projects\AichiTool\AichiSelenium\src\controllers\filler.py", line 114, in get_form_message
    message = browser.find_element(By.XPATH, "/html/body/main/div/form/div[3]/strong/ul/li/span/strong").text
  File "C:\ProgramData\anaconda3\envs\aichi\lib\site-packages\seleniumbase\core\sb_driver.py", line 20, in find_element
    return self.driver.default_find_element(by=by, value=value)
  File "C:\ProgramData\anaconda3\envs\aichi\lib\site-packages\selenium\webdriver\remote\webdriver.py", line 741, in find_element
    return self.execute(Command.FIND_ELEMENT, {"using": by, "value": value})["value"]
  File "C:\ProgramData\anaconda3\envs\aichi\lib\site-packages\selenium\webdriver\remote\webdriver.py", line 347, in execute
    self.error_handler.check_response(response)
  File "C:\ProgramData\anaconda3\envs\aichi\lib\site-packages\selenium\webdriver\remote\errorhandler.py", line 229, in check_response
    raise exception_class(message, screen, stacktrace)
selenium.common.exceptions.NoSuchElementException: Message: no such element: Unable to locate element: {"method":"xpath","selector":"/html/body/main/div/form/div[3]/strong/ul/li/span/strong"}
  (Session info: chrome=123.0.6312.107); For documentation on this error, please visit: https://www.selenium.dev/documentation/webdriver/troubleshooting/errors#no-such-element-exception
Stacktrace:
	GetHandleVerifier [0x00007FF770D87032+63090]
	(No symbol) [0x00007FF770CF2C82]
	(No symbol) [0x00007FF770B8EC65]
	(No symbol) [0x00007FF770BD499D]
	(No symbol) [0x00007FF770BD4ADC]
	(No symbol) [0x00007FF770C15B37]
	(No symbol) [0x00007FF770BF701F]
	(No symbol) [0x00007FF770C13412]
	(No symbol) [0x00007FF770BF6D83]
	(No symbol) [0x00007FF770BC83A8]
	(No symbol) [0x00007FF770BC9441]
	GetHandleVerifier [0x00007FF7711825AD+4238317]
	GetHandleVerifier [0x00007FF7711BF70D+4488525]
	GetHandleVerifier [0x00007FF7711B79EF+4456495]
	GetHandleVerifier [0x00007FF770E60576+953270]
	(No symbol) [0x00007FF770CFE54F]
	(No symbol) [0x00007FF770CF9224]
	(No symbol) [0x00007FF770CF935B]
	(No symbol) [0x00007FF770CE9B94]
	BaseThreadInitThunk [0x00007FFDC2F1257D+29]
	RtlUserThreadStart [0x00007FFDC3E0AA48+40]

[ 2024-04-16 04:55:00,579 ] 82 luthien5921 - ERROR - Failed to get form message, maybe form is available
Traceback (most recent call last):
  File "C:\Users\USER\Projects\AichiTool\AichiSelenium\src\controllers\filler.py", line 114, in get_form_message
    message = browser.find_element(By.XPATH, "/html/body/main/div/form/div[3]/strong/ul/li/span/strong").text
  File "C:\ProgramData\anaconda3\envs\aichi\lib\site-packages\seleniumbase\core\sb_driver.py", line 20, in find_element
    return self.driver.default_find_element(by=by, value=value)
  File "C:\ProgramData\anaconda3\envs\aichi\lib\site-packages\selenium\webdriver\remote\webdriver.py", line 741, in find_element
    return self.execute(Command.FIND_ELEMENT, {"using": by, "value": value})["value"]
  File "C:\ProgramData\anaconda3\envs\aichi\lib\site-packages\selenium\webdriver\remote\webdriver.py", line 347, in execute
    self.error_handler.check_response(response)
  File "C:\ProgramData\anaconda3\envs\aichi\lib\site-packages\selenium\webdriver\remote\errorhandler.py", line 229, in check_response
    raise exception_class(message, screen, stacktrace)
selenium.common.exceptions.NoSuchElementException: Message: no such element: Unable to locate element: {"method":"xpath","selector":"/html/body/main/div/form/div[3]/strong/ul/li/span/strong"}
  (Session info: chrome=123.0.6312.107); For documentation on this error, please visit: https://www.selenium.dev/documentation/webdriver/troubleshooting/errors#no-such-element-exception
Stacktrace:
	GetHandleVerifier [0x00007FF770D87032+63090]
	(No symbol) [0x00007FF770CF2C82]
	(No symbol) [0x00007FF770B8EC65]
	(No symbol) [0x00007FF770BD499D]
	(No symbol) [0x00007FF770BD4ADC]
	(No symbol) [0x00007FF770C15B37]
	(No symbol) [0x00007FF770BF701F]
	(No symbol) [0x00007FF770C13412]
	(No symbol) [0x00007FF770BF6D83]
	(No symbol) [0x00007FF770BC83A8]
	(No symbol) [0x00007FF770BC9441]
	GetHandleVerifier [0x00007FF7711825AD+4238317]
	GetHandleVerifier [0x00007FF7711BF70D+4488525]
	GetHandleVerifier [0x00007FF7711B79EF+4456495]
	GetHandleVerifier [0x00007FF770E60576+953270]
	(No symbol) [0x00007FF770CFE54F]
	(No symbol) [0x00007FF770CF9224]
	(No symbol) [0x00007FF770CF935B]
	(No symbol) [0x00007FF770CE9B94]
	BaseThreadInitThunk [0x00007FFDC2F1257D+29]
	RtlUserThreadStart [0x00007FFDC3E0AA48+40]

[ 2024-04-16 04:55:00,580 ] 94 luthien5921 - INFO - Form is available, template sequence: 90549
[ 2024-04-16 04:55:00,580 ] 94 luthien5921 - INFO - Form is available, template sequence: 90549
[ 2024-04-16 04:55:00,580 ] 94 luthien5921 - INFO - Form is available, template sequence: 90549
[ 2024-04-16 04:55:00,581 ] 94 luthien5921 - INFO - Filling form, template sequence: 90549
[ 2024-04-16 04:55:00,581 ] 94 luthien5921 - INFO - Filling form, template sequence: 90549
[ 2024-04-16 04:55:00,581 ] 94 luthien5921 - INFO - Filling form, template sequence: 90549
[ 2024-04-16 04:55:02,716 ] 94 luthien5921 - INFO - Clicked continue button
[ 2024-04-16 04:55:02,716 ] 94 luthien5921 - INFO - Clicked continue button
[ 2024-04-16 04:55:02,716 ] 94 luthien5921 - INFO - Clicked continue button
[ 2024-04-16 04:55:02,770 ] 94 luthien5921 - INFO - Filled input: item[0].textData2 by name, value: Hoai
[ 2024-04-16 04:55:02,770 ] 94 luthien5921 - INFO - Filled input: item[0].textData2 by name, value: Hoai
[ 2024-04-16 04:55:02,770 ] 94 luthien5921 - INFO - Filled input: item[0].textData2 by name, value: Hoai
[ 2024-04-16 04:55:02,865 ] 94 luthien5921 - INFO - Filled input: item[0].textData by name, value: Ho
[ 2024-04-16 04:55:02,865 ] 94 luthien5921 - INFO - Filled input: item[0].textData by name, value: Ho
[ 2024-04-16 04:55:02,865 ] 94 luthien5921 - INFO - Filled input: item[0].textData by name, value: Ho
[ 2024-04-16 04:55:02,999 ] 94 luthien5921 - INFO - Filled input: item[2].textData by name, value: 19980726
[ 2024-04-16 04:55:02,999 ] 94 luthien5921 - INFO - Filled input: item[2].textData by name, value: 19980726
[ 2024-04-16 04:55:02,999 ] 94 luthien5921 - INFO - Filled input: item[2].textData by name, value: 19980726
[ 2024-04-16 04:55:03,086 ] 94 luthien5921 - INFO - Filled input: item[4].textData by name, value: 0803692584
[ 2024-04-16 04:55:03,086 ] 94 luthien5921 - INFO - Filled input: item[4].textData by name, value: 0803692584
[ 2024-04-16 04:55:03,086 ] 94 luthien5921 - INFO - Filled input: item[4].textData by name, value: 0803692584
[ 2024-04-16 04:55:03,195 ] 94 luthien5921 - INFO - Filled input: item[5].textData by name, value: Katana
[ 2024-04-16 04:55:03,195 ] 94 luthien5921 - INFO - Filled input: item[5].textData by name, value: Katana
[ 2024-04-16 04:55:03,195 ] 94 luthien5921 - INFO - Filled input: item[5].textData by name, value: Katana
[ 2024-04-16 04:55:03,257 ] 94 luthien5921 - INFO - Check checkbox: /html/body/form/main/div/div[4]/dl[8]/dd/fieldset/p/label/span by xpath
[ 2024-04-16 04:55:03,257 ] 94 luthien5921 - INFO - Check checkbox: /html/body/form/main/div/div[4]/dl[8]/dd/fieldset/p/label/span by xpath
[ 2024-04-16 04:55:03,257 ] 94 luthien5921 - INFO - Check checkbox: /html/body/form/main/div/div[4]/dl[8]/dd/fieldset/p/label/span by xpath
[ 2024-04-16 04:55:06,092 ] 94 luthien5921 - INFO - Get page source successfully
[ 2024-04-16 04:55:06,092 ] 94 luthien5921 - INFO - Get page source successfully
[ 2024-04-16 04:55:06,092 ] 94 luthien5921 - INFO - Get page source successfully
[ 2024-04-16 04:55:06,092 ] 94 luthien5921 - ERROR - Failed to fill form, template sequence: 90549
[ 2024-04-16 04:55:06,092 ] 94 luthien5921 - ERROR - Failed to fill form, template sequence: 90549
[ 2024-04-16 04:55:06,092 ] 94 luthien5921 - ERROR - Failed to fill form, template sequence: 90549
[ 2024-04-16 04:55:06,093 ] 94 luthien5921 - INFO - Accessing form, template sequence: 90551
[ 2024-04-16 04:55:06,093 ] 94 luthien5921 - INFO - Accessing form, template sequence: 90551
[ 2024-04-16 04:55:06,093 ] 94 luthien5921 - INFO - Accessing form, template sequence: 90551
[ 2024-04-16 04:55:06,093 ] 94 luthien5921 - INFO - Form URL: https://www.shinsei.e-aichi.jp/pref-aichi-police-u/offer/offerList_detailTop?tempSeq=90551
[ 2024-04-16 04:55:06,093 ] 94 luthien5921 - INFO - Form URL: https://www.shinsei.e-aichi.jp/pref-aichi-police-u/offer/offerList_detailTop?tempSeq=90551
[ 2024-04-16 04:55:06,093 ] 94 luthien5921 - INFO - Form URL: https://www.shinsei.e-aichi.jp/pref-aichi-police-u/offer/offerList_detailTop?tempSeq=90551
[ 2024-04-16 04:55:11,742 ] 94 luthien5921 - INFO - Accessed form successfully
[ 2024-04-16 04:55:11,742 ] 94 luthien5921 - INFO - Accessed form successfully
[ 2024-04-16 04:55:11,742 ] 94 luthien5921 - INFO - Accessed form successfully
[ 2024-04-16 04:55:11,750 ] 82 luthien5921 - ERROR - Failed to get form message, maybe form is available
Traceback (most recent call last):
  File "C:\Users\USER\Projects\AichiTool\AichiSelenium\src\controllers\filler.py", line 114, in get_form_message
    message = browser.find_element(By.XPATH, "/html/body/main/div/form/div[3]/strong/ul/li/span/strong").text
  File "C:\ProgramData\anaconda3\envs\aichi\lib\site-packages\seleniumbase\core\sb_driver.py", line 20, in find_element
    return self.driver.default_find_element(by=by, value=value)
  File "C:\ProgramData\anaconda3\envs\aichi\lib\site-packages\selenium\webdriver\remote\webdriver.py", line 741, in find_element
    return self.execute(Command.FIND_ELEMENT, {"using": by, "value": value})["value"]
  File "C:\ProgramData\anaconda3\envs\aichi\lib\site-packages\selenium\webdriver\remote\webdriver.py", line 347, in execute
    self.error_handler.check_response(response)
  File "C:\ProgramData\anaconda3\envs\aichi\lib\site-packages\selenium\webdriver\remote\errorhandler.py", line 229, in check_response
    raise exception_class(message, screen, stacktrace)
selenium.common.exceptions.NoSuchElementException: Message: no such element: Unable to locate element: {"method":"xpath","selector":"/html/body/main/div/form/div[3]/strong/ul/li/span/strong"}
  (Session info: chrome=123.0.6312.107); For documentation on this error, please visit: https://www.selenium.dev/documentation/webdriver/troubleshooting/errors#no-such-element-exception
Stacktrace:
	GetHandleVerifier [0x00007FF770D87032+63090]
	(No symbol) [0x00007FF770CF2C82]
	(No symbol) [0x00007FF770B8EC65]
	(No symbol) [0x00007FF770BD499D]
	(No symbol) [0x00007FF770BD4ADC]
	(No symbol) [0x00007FF770C15B37]
	(No symbol) [0x00007FF770BF701F]
	(No symbol) [0x00007FF770C13412]
	(No symbol) [0x00007FF770BF6D83]
	(No symbol) [0x00007FF770BC83A8]
	(No symbol) [0x00007FF770BC9441]
	GetHandleVerifier [0x00007FF7711825AD+4238317]
	GetHandleVerifier [0x00007FF7711BF70D+4488525]
	GetHandleVerifier [0x00007FF7711B79EF+4456495]
	GetHandleVerifier [0x00007FF770E60576+953270]
	(No symbol) [0x00007FF770CFE54F]
	(No symbol) [0x00007FF770CF9224]
	(No symbol) [0x00007FF770CF935B]
	(No symbol) [0x00007FF770CE9B94]
	BaseThreadInitThunk [0x00007FFDC2F1257D+29]
	RtlUserThreadStart [0x00007FFDC3E0AA48+40]

[ 2024-04-16 04:55:11,750 ] 82 luthien5921 - ERROR - Failed to get form message, maybe form is available
Traceback (most recent call last):
  File "C:\Users\USER\Projects\AichiTool\AichiSelenium\src\controllers\filler.py", line 114, in get_form_message
    message = browser.find_element(By.XPATH, "/html/body/main/div/form/div[3]/strong/ul/li/span/strong").text
  File "C:\ProgramData\anaconda3\envs\aichi\lib\site-packages\seleniumbase\core\sb_driver.py", line 20, in find_element
    return self.driver.default_find_element(by=by, value=value)
  File "C:\ProgramData\anaconda3\envs\aichi\lib\site-packages\selenium\webdriver\remote\webdriver.py", line 741, in find_element
    return self.execute(Command.FIND_ELEMENT, {"using": by, "value": value})["value"]
  File "C:\ProgramData\anaconda3\envs\aichi\lib\site-packages\selenium\webdriver\remote\webdriver.py", line 347, in execute
    self.error_handler.check_response(response)
  File "C:\ProgramData\anaconda3\envs\aichi\lib\site-packages\selenium\webdriver\remote\errorhandler.py", line 229, in check_response
    raise exception_class(message, screen, stacktrace)
selenium.common.exceptions.NoSuchElementException: Message: no such element: Unable to locate element: {"method":"xpath","selector":"/html/body/main/div/form/div[3]/strong/ul/li/span/strong"}
  (Session info: chrome=123.0.6312.107); For documentation on this error, please visit: https://www.selenium.dev/documentation/webdriver/troubleshooting/errors#no-such-element-exception
Stacktrace:
	GetHandleVerifier [0x00007FF770D87032+63090]
	(No symbol) [0x00007FF770CF2C82]
	(No symbol) [0x00007FF770B8EC65]
	(No symbol) [0x00007FF770BD499D]
	(No symbol) [0x00007FF770BD4ADC]
	(No symbol) [0x00007FF770C15B37]
	(No symbol) [0x00007FF770BF701F]
	(No symbol) [0x00007FF770C13412]
	(No symbol) [0x00007FF770BF6D83]
	(No symbol) [0x00007FF770BC83A8]
	(No symbol) [0x00007FF770BC9441]
	GetHandleVerifier [0x00007FF7711825AD+4238317]
	GetHandleVerifier [0x00007FF7711BF70D+4488525]
	GetHandleVerifier [0x00007FF7711B79EF+4456495]
	GetHandleVerifier [0x00007FF770E60576+953270]
	(No symbol) [0x00007FF770CFE54F]
	(No symbol) [0x00007FF770CF9224]
	(No symbol) [0x00007FF770CF935B]
	(No symbol) [0x00007FF770CE9B94]
	BaseThreadInitThunk [0x00007FFDC2F1257D+29]
	RtlUserThreadStart [0x00007FFDC3E0AA48+40]

[ 2024-04-16 04:55:11,750 ] 82 luthien5921 - ERROR - Failed to get form message, maybe form is available
Traceback (most recent call last):
  File "C:\Users\USER\Projects\AichiTool\AichiSelenium\src\controllers\filler.py", line 114, in get_form_message
    message = browser.find_element(By.XPATH, "/html/body/main/div/form/div[3]/strong/ul/li/span/strong").text
  File "C:\ProgramData\anaconda3\envs\aichi\lib\site-packages\seleniumbase\core\sb_driver.py", line 20, in find_element
    return self.driver.default_find_element(by=by, value=value)
  File "C:\ProgramData\anaconda3\envs\aichi\lib\site-packages\selenium\webdriver\remote\webdriver.py", line 741, in find_element
    return self.execute(Command.FIND_ELEMENT, {"using": by, "value": value})["value"]
  File "C:\ProgramData\anaconda3\envs\aichi\lib\site-packages\selenium\webdriver\remote\webdriver.py", line 347, in execute
    self.error_handler.check_response(response)
  File "C:\ProgramData\anaconda3\envs\aichi\lib\site-packages\selenium\webdriver\remote\errorhandler.py", line 229, in check_response
    raise exception_class(message, screen, stacktrace)
selenium.common.exceptions.NoSuchElementException: Message: no such element: Unable to locate element: {"method":"xpath","selector":"/html/body/main/div/form/div[3]/strong/ul/li/span/strong"}
  (Session info: chrome=123.0.6312.107); For documentation on this error, please visit: https://www.selenium.dev/documentation/webdriver/troubleshooting/errors#no-such-element-exception
Stacktrace:
	GetHandleVerifier [0x00007FF770D87032+63090]
	(No symbol) [0x00007FF770CF2C82]
	(No symbol) [0x00007FF770B8EC65]
	(No symbol) [0x00007FF770BD499D]
	(No symbol) [0x00007FF770BD4ADC]
	(No symbol) [0x00007FF770C15B37]
	(No symbol) [0x00007FF770BF701F]
	(No symbol) [0x00007FF770C13412]
	(No symbol) [0x00007FF770BF6D83]
	(No symbol) [0x00007FF770BC83A8]
	(No symbol) [0x00007FF770BC9441]
	GetHandleVerifier [0x00007FF7711825AD+4238317]
	GetHandleVerifier [0x00007FF7711BF70D+4488525]
	GetHandleVerifier [0x00007FF7711B79EF+4456495]
	GetHandleVerifier [0x00007FF770E60576+953270]
	(No symbol) [0x00007FF770CFE54F]
	(No symbol) [0x00007FF770CF9224]
	(No symbol) [0x00007FF770CF935B]
	(No symbol) [0x00007FF770CE9B94]
	BaseThreadInitThunk [0x00007FFDC2F1257D+29]
	RtlUserThreadStart [0x00007FFDC3E0AA48+40]

[ 2024-04-16 04:55:11,751 ] 94 luthien5921 - INFO - Form is available, template sequence: 90551
[ 2024-04-16 04:55:11,751 ] 94 luthien5921 - INFO - Form is available, template sequence: 90551
[ 2024-04-16 04:55:11,751 ] 94 luthien5921 - INFO - Form is available, template sequence: 90551
[ 2024-04-16 04:55:11,751 ] 94 luthien5921 - INFO - Filling form, template sequence: 90551
[ 2024-04-16 04:55:11,751 ] 94 luthien5921 - INFO - Filling form, template sequence: 90551
[ 2024-04-16 04:55:11,751 ] 94 luthien5921 - INFO - Filling form, template sequence: 90551
[ 2024-04-16 04:55:13,120 ] 94 luthien5921 - INFO - Clicked continue button
[ 2024-04-16 04:55:13,120 ] 94 luthien5921 - INFO - Clicked continue button
[ 2024-04-16 04:55:13,120 ] 94 luthien5921 - INFO - Clicked continue button
[ 2024-04-16 04:55:13,193 ] 94 luthien5921 - INFO - Filled input: item[0].textData2 by name, value: Tuan
[ 2024-04-16 04:55:13,193 ] 94 luthien5921 - INFO - Filled input: item[0].textData2 by name, value: Tuan
[ 2024-04-16 04:55:13,193 ] 94 luthien5921 - INFO - Filled input: item[0].textData2 by name, value: Tuan
[ 2024-04-16 04:55:13,237 ] 94 luthien5921 - INFO - Filled input: item[0].textData by name, value: Bui
[ 2024-04-16 04:55:13,237 ] 94 luthien5921 - INFO - Filled input: item[0].textData by name, value: Bui
[ 2024-04-16 04:55:13,237 ] 94 luthien5921 - INFO - Filled input: item[0].textData by name, value: Bui
[ 2024-04-16 04:55:13,318 ] 94 luthien5921 - INFO - Filled input: item[2].textData by name, value: 19920620
[ 2024-04-16 04:55:13,318 ] 94 luthien5921 - INFO - Filled input: item[2].textData by name, value: 19920620
[ 2024-04-16 04:55:13,318 ] 94 luthien5921 - INFO - Filled input: item[2].textData by name, value: 19920620
[ 2024-04-16 04:55:13,381 ] 94 luthien5921 - INFO - Filled input: item[4].textData by name, value: 0803692584
[ 2024-04-16 04:55:13,381 ] 94 luthien5921 - INFO - Filled input: item[4].textData by name, value: 0803692584
[ 2024-04-16 04:55:13,381 ] 94 luthien5921 - INFO - Filled input: item[4].textData by name, value: 0803692584
[ 2024-04-16 04:55:13,432 ] 94 luthien5921 - INFO - Filled input: item[5].textData by name, value: Samurai
[ 2024-04-16 04:55:13,432 ] 94 luthien5921 - INFO - Filled input: item[5].textData by name, value: Samurai
[ 2024-04-16 04:55:13,432 ] 94 luthien5921 - INFO - Filled input: item[5].textData by name, value: Samurai
[ 2024-04-16 04:55:13,492 ] 94 luthien5921 - INFO - Check checkbox: /html/body/form/main/div/div[4]/dl[8]/dd/fieldset/p/label/span by xpath
[ 2024-04-16 04:55:13,492 ] 94 luthien5921 - INFO - Check checkbox: /html/body/form/main/div/div[4]/dl[8]/dd/fieldset/p/label/span by xpath
[ 2024-04-16 04:55:13,492 ] 94 luthien5921 - INFO - Check checkbox: /html/body/form/main/div/div[4]/dl[8]/dd/fieldset/p/label/span by xpath
[ 2024-04-16 04:55:16,036 ] 94 luthien5921 - INFO - Get page source successfully
[ 2024-04-16 04:55:16,036 ] 94 luthien5921 - INFO - Get page source successfully
[ 2024-04-16 04:55:16,036 ] 94 luthien5921 - INFO - Get page source successfully
[ 2024-04-16 04:55:16,036 ] 94 luthien5921 - ERROR - Failed to fill form, template sequence: 90551
[ 2024-04-16 04:55:16,036 ] 94 luthien5921 - ERROR - Failed to fill form, template sequence: 90551
[ 2024-04-16 04:55:16,036 ] 94 luthien5921 - ERROR - Failed to fill form, template sequence: 90551
[ 2024-04-16 04:55:16,037 ] 94 luthien5921 - INFO - Accessing form, template sequence: 90550
[ 2024-04-16 04:55:16,037 ] 94 luthien5921 - INFO - Accessing form, template sequence: 90550
[ 2024-04-16 04:55:16,037 ] 94 luthien5921 - INFO - Accessing form, template sequence: 90550
[ 2024-04-16 04:55:16,037 ] 94 luthien5921 - INFO - Form URL: https://www.shinsei.e-aichi.jp/pref-aichi-police-u/offer/offerList_detailTop?tempSeq=90550
[ 2024-04-16 04:55:16,037 ] 94 luthien5921 - INFO - Form URL: https://www.shinsei.e-aichi.jp/pref-aichi-police-u/offer/offerList_detailTop?tempSeq=90550
[ 2024-04-16 04:55:16,037 ] 94 luthien5921 - INFO - Form URL: https://www.shinsei.e-aichi.jp/pref-aichi-police-u/offer/offerList_detailTop?tempSeq=90550
[ 2024-04-16 04:55:21,586 ] 94 luthien5921 - INFO - Accessed form successfully
[ 2024-04-16 04:55:21,586 ] 94 luthien5921 - INFO - Accessed form successfully
[ 2024-04-16 04:55:21,586 ] 94 luthien5921 - INFO - Accessed form successfully
[ 2024-04-16 04:55:21,594 ] 82 luthien5921 - ERROR - Failed to get form message, maybe form is available
Traceback (most recent call last):
  File "C:\Users\USER\Projects\AichiTool\AichiSelenium\src\controllers\filler.py", line 114, in get_form_message
    message = browser.find_element(By.XPATH, "/html/body/main/div/form/div[3]/strong/ul/li/span/strong").text
  File "C:\ProgramData\anaconda3\envs\aichi\lib\site-packages\seleniumbase\core\sb_driver.py", line 20, in find_element
    return self.driver.default_find_element(by=by, value=value)
  File "C:\ProgramData\anaconda3\envs\aichi\lib\site-packages\selenium\webdriver\remote\webdriver.py", line 741, in find_element
    return self.execute(Command.FIND_ELEMENT, {"using": by, "value": value})["value"]
  File "C:\ProgramData\anaconda3\envs\aichi\lib\site-packages\selenium\webdriver\remote\webdriver.py", line 347, in execute
    self.error_handler.check_response(response)
  File "C:\ProgramData\anaconda3\envs\aichi\lib\site-packages\selenium\webdriver\remote\errorhandler.py", line 229, in check_response
    raise exception_class(message, screen, stacktrace)
selenium.common.exceptions.NoSuchElementException: Message: no such element: Unable to locate element: {"method":"xpath","selector":"/html/body/main/div/form/div[3]/strong/ul/li/span/strong"}
  (Session info: chrome=123.0.6312.107); For documentation on this error, please visit: https://www.selenium.dev/documentation/webdriver/troubleshooting/errors#no-such-element-exception
Stacktrace:
	GetHandleVerifier [0x00007FF770D87032+63090]
	(No symbol) [0x00007FF770CF2C82]
	(No symbol) [0x00007FF770B8EC65]
	(No symbol) [0x00007FF770BD499D]
	(No symbol) [0x00007FF770BD4ADC]
	(No symbol) [0x00007FF770C15B37]
	(No symbol) [0x00007FF770BF701F]
	(No symbol) [0x00007FF770C13412]
	(No symbol) [0x00007FF770BF6D83]
	(No symbol) [0x00007FF770BC83A8]
	(No symbol) [0x00007FF770BC9441]
	GetHandleVerifier [0x00007FF7711825AD+4238317]
	GetHandleVerifier [0x00007FF7711BF70D+4488525]
	GetHandleVerifier [0x00007FF7711B79EF+4456495]
	GetHandleVerifier [0x00007FF770E60576+953270]
	(No symbol) [0x00007FF770CFE54F]
	(No symbol) [0x00007FF770CF9224]
	(No symbol) [0x00007FF770CF935B]
	(No symbol) [0x00007FF770CE9B94]
	BaseThreadInitThunk [0x00007FFDC2F1257D+29]
	RtlUserThreadStart [0x00007FFDC3E0AA48+40]

[ 2024-04-16 04:55:21,594 ] 82 luthien5921 - ERROR - Failed to get form message, maybe form is available
Traceback (most recent call last):
  File "C:\Users\USER\Projects\AichiTool\AichiSelenium\src\controllers\filler.py", line 114, in get_form_message
    message = browser.find_element(By.XPATH, "/html/body/main/div/form/div[3]/strong/ul/li/span/strong").text
  File "C:\ProgramData\anaconda3\envs\aichi\lib\site-packages\seleniumbase\core\sb_driver.py", line 20, in find_element
    return self.driver.default_find_element(by=by, value=value)
  File "C:\ProgramData\anaconda3\envs\aichi\lib\site-packages\selenium\webdriver\remote\webdriver.py", line 741, in find_element
    return self.execute(Command.FIND_ELEMENT, {"using": by, "value": value})["value"]
  File "C:\ProgramData\anaconda3\envs\aichi\lib\site-packages\selenium\webdriver\remote\webdriver.py", line 347, in execute
    self.error_handler.check_response(response)
  File "C:\ProgramData\anaconda3\envs\aichi\lib\site-packages\selenium\webdriver\remote\errorhandler.py", line 229, in check_response
    raise exception_class(message, screen, stacktrace)
selenium.common.exceptions.NoSuchElementException: Message: no such element: Unable to locate element: {"method":"xpath","selector":"/html/body/main/div/form/div[3]/strong/ul/li/span/strong"}
  (Session info: chrome=123.0.6312.107); For documentation on this error, please visit: https://www.selenium.dev/documentation/webdriver/troubleshooting/errors#no-such-element-exception
Stacktrace:
	GetHandleVerifier [0x00007FF770D87032+63090]
	(No symbol) [0x00007FF770CF2C82]
	(No symbol) [0x00007FF770B8EC65]
	(No symbol) [0x00007FF770BD499D]
	(No symbol) [0x00007FF770BD4ADC]
	(No symbol) [0x00007FF770C15B37]
	(No symbol) [0x00007FF770BF701F]
	(No symbol) [0x00007FF770C13412]
	(No symbol) [0x00007FF770BF6D83]
	(No symbol) [0x00007FF770BC83A8]
	(No symbol) [0x00007FF770BC9441]
	GetHandleVerifier [0x00007FF7711825AD+4238317]
	GetHandleVerifier [0x00007FF7711BF70D+4488525]
	GetHandleVerifier [0x00007FF7711B79EF+4456495]
	GetHandleVerifier [0x00007FF770E60576+953270]
	(No symbol) [0x00007FF770CFE54F]
	(No symbol) [0x00007FF770CF9224]
	(No symbol) [0x00007FF770CF935B]
	(No symbol) [0x00007FF770CE9B94]
	BaseThreadInitThunk [0x00007FFDC2F1257D+29]
	RtlUserThreadStart [0x00007FFDC3E0AA48+40]

[ 2024-04-16 04:55:21,594 ] 82 luthien5921 - ERROR - Failed to get form message, maybe form is available
Traceback (most recent call last):
  File "C:\Users\USER\Projects\AichiTool\AichiSelenium\src\controllers\filler.py", line 114, in get_form_message
    message = browser.find_element(By.XPATH, "/html/body/main/div/form/div[3]/strong/ul/li/span/strong").text
  File "C:\ProgramData\anaconda3\envs\aichi\lib\site-packages\seleniumbase\core\sb_driver.py", line 20, in find_element
    return self.driver.default_find_element(by=by, value=value)
  File "C:\ProgramData\anaconda3\envs\aichi\lib\site-packages\selenium\webdriver\remote\webdriver.py", line 741, in find_element
    return self.execute(Command.FIND_ELEMENT, {"using": by, "value": value})["value"]
  File "C:\ProgramData\anaconda3\envs\aichi\lib\site-packages\selenium\webdriver\remote\webdriver.py", line 347, in execute
    self.error_handler.check_response(response)
  File "C:\ProgramData\anaconda3\envs\aichi\lib\site-packages\selenium\webdriver\remote\errorhandler.py", line 229, in check_response
    raise exception_class(message, screen, stacktrace)
selenium.common.exceptions.NoSuchElementException: Message: no such element: Unable to locate element: {"method":"xpath","selector":"/html/body/main/div/form/div[3]/strong/ul/li/span/strong"}
  (Session info: chrome=123.0.6312.107); For documentation on this error, please visit: https://www.selenium.dev/documentation/webdriver/troubleshooting/errors#no-such-element-exception
Stacktrace:
	GetHandleVerifier [0x00007FF770D87032+63090]
	(No symbol) [0x00007FF770CF2C82]
	(No symbol) [0x00007FF770B8EC65]
	(No symbol) [0x00007FF770BD499D]
	(No symbol) [0x00007FF770BD4ADC]
	(No symbol) [0x00007FF770C15B37]
	(No symbol) [0x00007FF770BF701F]
	(No symbol) [0x00007FF770C13412]
	(No symbol) [0x00007FF770BF6D83]
	(No symbol) [0x00007FF770BC83A8]
	(No symbol) [0x00007FF770BC9441]
	GetHandleVerifier [0x00007FF7711825AD+4238317]
	GetHandleVerifier [0x00007FF7711BF70D+4488525]
	GetHandleVerifier [0x00007FF7711B79EF+4456495]
	GetHandleVerifier [0x00007FF770E60576+953270]
	(No symbol) [0x00007FF770CFE54F]
	(No symbol) [0x00007FF770CF9224]
	(No symbol) [0x00007FF770CF935B]
	(No symbol) [0x00007FF770CE9B94]
	BaseThreadInitThunk [0x00007FFDC2F1257D+29]
	RtlUserThreadStart [0x00007FFDC3E0AA48+40]

[ 2024-04-16 04:55:21,595 ] 94 luthien5921 - INFO - Form is available, template sequence: 90550
[ 2024-04-16 04:55:21,595 ] 94 luthien5921 - INFO - Form is available, template sequence: 90550
[ 2024-04-16 04:55:21,595 ] 94 luthien5921 - INFO - Form is available, template sequence: 90550
[ 2024-04-16 04:55:21,595 ] 94 luthien5921 - INFO - Filling form, template sequence: 90550
[ 2024-04-16 04:55:21,595 ] 94 luthien5921 - INFO - Filling form, template sequence: 90550
[ 2024-04-16 04:55:21,595 ] 94 luthien5921 - INFO - Filling form, template sequence: 90550
[ 2024-04-16 04:55:23,279 ] 94 luthien5921 - INFO - Clicked continue button
[ 2024-04-16 04:55:23,279 ] 94 luthien5921 - INFO - Clicked continue button
[ 2024-04-16 04:55:23,279 ] 94 luthien5921 - INFO - Clicked continue button
[ 2024-04-16 04:55:23,334 ] 94 luthien5921 - INFO - Filled input: item[0].textData2 by name, value: Phong
[ 2024-04-16 04:55:23,334 ] 94 luthien5921 - INFO - Filled input: item[0].textData2 by name, value: Phong
[ 2024-04-16 04:55:23,334 ] 94 luthien5921 - INFO - Filled input: item[0].textData2 by name, value: Phong
[ 2024-04-16 04:55:23,387 ] 94 luthien5921 - INFO - Filled input: item[0].textData by name, value: Vo
[ 2024-04-16 04:55:23,387 ] 94 luthien5921 - INFO - Filled input: item[0].textData by name, value: Vo
[ 2024-04-16 04:55:23,387 ] 94 luthien5921 - INFO - Filled input: item[0].textData by name, value: Vo
[ 2024-04-16 04:55:23,488 ] 94 luthien5921 - INFO - Filled input: item[2].textData by name, value: 19950101
[ 2024-04-16 04:55:23,488 ] 94 luthien5921 - INFO - Filled input: item[2].textData by name, value: 19950101
[ 2024-04-16 04:55:23,488 ] 94 luthien5921 - INFO - Filled input: item[2].textData by name, value: 19950101
[ 2024-04-16 04:55:23,623 ] 94 luthien5921 - INFO - Filled input: item[4].textData by name, value: 0803692584
[ 2024-04-16 04:55:23,623 ] 94 luthien5921 - INFO - Filled input: item[4].textData by name, value: 0803692584
[ 2024-04-16 04:55:23,623 ] 94 luthien5921 - INFO - Filled input: item[4].textData by name, value: 0803692584
[ 2024-04-16 04:55:23,663 ] 94 luthien5921 - INFO - Filled input: item[5].textData by name, value: Katana
[ 2024-04-16 04:55:23,663 ] 94 luthien5921 - INFO - Filled input: item[5].textData by name, value: Katana
[ 2024-04-16 04:55:23,663 ] 94 luthien5921 - INFO - Filled input: item[5].textData by name, value: Katana
[ 2024-04-16 04:55:23,702 ] 94 luthien5921 - INFO - Check checkbox: /html/body/form/main/div/div[4]/dl[8]/dd/fieldset/p/label/span by xpath
[ 2024-04-16 04:55:23,702 ] 94 luthien5921 - INFO - Check checkbox: /html/body/form/main/div/div[4]/dl[8]/dd/fieldset/p/label/span by xpath
[ 2024-04-16 04:55:23,702 ] 94 luthien5921 - INFO - Check checkbox: /html/body/form/main/div/div[4]/dl[8]/dd/fieldset/p/label/span by xpath
[ 2024-04-16 04:55:25,604 ] 94 luthien5921 - INFO - Get page source successfully
[ 2024-04-16 04:55:25,604 ] 94 luthien5921 - INFO - Get page source successfully
[ 2024-04-16 04:55:25,604 ] 94 luthien5921 - INFO - Get page source successfully
[ 2024-04-16 04:55:25,605 ] 94 luthien5921 - ERROR - Failed to fill form, template sequence: 90550
[ 2024-04-16 04:55:25,605 ] 94 luthien5921 - ERROR - Failed to fill form, template sequence: 90550
[ 2024-04-16 04:55:25,605 ] 94 luthien5921 - ERROR - Failed to fill form, template sequence: 90550
[ 2024-04-16 04:55:25,605 ] 94 luthien5921 - INFO - Accessing form, template sequence: 90549
[ 2024-04-16 04:55:25,605 ] 94 luthien5921 - INFO - Accessing form, template sequence: 90549
[ 2024-04-16 04:55:25,605 ] 94 luthien5921 - INFO - Accessing form, template sequence: 90549
[ 2024-04-16 04:55:25,605 ] 94 luthien5921 - INFO - Form URL: https://www.shinsei.e-aichi.jp/pref-aichi-police-u/offer/offerList_detailTop?tempSeq=90549
[ 2024-04-16 04:55:25,605 ] 94 luthien5921 - INFO - Form URL: https://www.shinsei.e-aichi.jp/pref-aichi-police-u/offer/offerList_detailTop?tempSeq=90549
[ 2024-04-16 04:55:25,605 ] 94 luthien5921 - INFO - Form URL: https://www.shinsei.e-aichi.jp/pref-aichi-police-u/offer/offerList_detailTop?tempSeq=90549
[ 2024-04-16 04:55:31,184 ] 94 luthien5921 - INFO - Accessed form successfully
[ 2024-04-16 04:55:31,184 ] 94 luthien5921 - INFO - Accessed form successfully
[ 2024-04-16 04:55:31,184 ] 94 luthien5921 - INFO - Accessed form successfully
[ 2024-04-16 04:55:31,193 ] 82 luthien5921 - ERROR - Failed to get form message, maybe form is available
Traceback (most recent call last):
  File "C:\Users\USER\Projects\AichiTool\AichiSelenium\src\controllers\filler.py", line 114, in get_form_message
    message = browser.find_element(By.XPATH, "/html/body/main/div/form/div[3]/strong/ul/li/span/strong").text
  File "C:\ProgramData\anaconda3\envs\aichi\lib\site-packages\seleniumbase\core\sb_driver.py", line 20, in find_element
    return self.driver.default_find_element(by=by, value=value)
  File "C:\ProgramData\anaconda3\envs\aichi\lib\site-packages\selenium\webdriver\remote\webdriver.py", line 741, in find_element
    return self.execute(Command.FIND_ELEMENT, {"using": by, "value": value})["value"]
  File "C:\ProgramData\anaconda3\envs\aichi\lib\site-packages\selenium\webdriver\remote\webdriver.py", line 347, in execute
    self.error_handler.check_response(response)
  File "C:\ProgramData\anaconda3\envs\aichi\lib\site-packages\selenium\webdriver\remote\errorhandler.py", line 229, in check_response
    raise exception_class(message, screen, stacktrace)
selenium.common.exceptions.NoSuchElementException: Message: no such element: Unable to locate element: {"method":"xpath","selector":"/html/body/main/div/form/div[3]/strong/ul/li/span/strong"}
  (Session info: chrome=123.0.6312.107); For documentation on this error, please visit: https://www.selenium.dev/documentation/webdriver/troubleshooting/errors#no-such-element-exception
Stacktrace:
	GetHandleVerifier [0x00007FF770D87032+63090]
	(No symbol) [0x00007FF770CF2C82]
	(No symbol) [0x00007FF770B8EC65]
	(No symbol) [0x00007FF770BD499D]
	(No symbol) [0x00007FF770BD4ADC]
	(No symbol) [0x00007FF770C15B37]
	(No symbol) [0x00007FF770BF701F]
	(No symbol) [0x00007FF770C13412]
	(No symbol) [0x00007FF770BF6D83]
	(No symbol) [0x00007FF770BC83A8]
	(No symbol) [0x00007FF770BC9441]
	GetHandleVerifier [0x00007FF7711825AD+4238317]
	GetHandleVerifier [0x00007FF7711BF70D+4488525]
	GetHandleVerifier [0x00007FF7711B79EF+4456495]
	GetHandleVerifier [0x00007FF770E60576+953270]
	(No symbol) [0x00007FF770CFE54F]
	(No symbol) [0x00007FF770CF9224]
	(No symbol) [0x00007FF770CF935B]
	(No symbol) [0x00007FF770CE9B94]
	BaseThreadInitThunk [0x00007FFDC2F1257D+29]
	RtlUserThreadStart [0x00007FFDC3E0AA48+40]

[ 2024-04-16 04:55:31,193 ] 82 luthien5921 - ERROR - Failed to get form message, maybe form is available
Traceback (most recent call last):
  File "C:\Users\USER\Projects\AichiTool\AichiSelenium\src\controllers\filler.py", line 114, in get_form_message
    message = browser.find_element(By.XPATH, "/html/body/main/div/form/div[3]/strong/ul/li/span/strong").text
  File "C:\ProgramData\anaconda3\envs\aichi\lib\site-packages\seleniumbase\core\sb_driver.py", line 20, in find_element
    return self.driver.default_find_element(by=by, value=value)
  File "C:\ProgramData\anaconda3\envs\aichi\lib\site-packages\selenium\webdriver\remote\webdriver.py", line 741, in find_element
    return self.execute(Command.FIND_ELEMENT, {"using": by, "value": value})["value"]
  File "C:\ProgramData\anaconda3\envs\aichi\lib\site-packages\selenium\webdriver\remote\webdriver.py", line 347, in execute
    self.error_handler.check_response(response)
  File "C:\ProgramData\anaconda3\envs\aichi\lib\site-packages\selenium\webdriver\remote\errorhandler.py", line 229, in check_response
    raise exception_class(message, screen, stacktrace)
selenium.common.exceptions.NoSuchElementException: Message: no such element: Unable to locate element: {"method":"xpath","selector":"/html/body/main/div/form/div[3]/strong/ul/li/span/strong"}
  (Session info: chrome=123.0.6312.107); For documentation on this error, please visit: https://www.selenium.dev/documentation/webdriver/troubleshooting/errors#no-such-element-exception
Stacktrace:
	GetHandleVerifier [0x00007FF770D87032+63090]
	(No symbol) [0x00007FF770CF2C82]
	(No symbol) [0x00007FF770B8EC65]
	(No symbol) [0x00007FF770BD499D]
	(No symbol) [0x00007FF770BD4ADC]
	(No symbol) [0x00007FF770C15B37]
	(No symbol) [0x00007FF770BF701F]
	(No symbol) [0x00007FF770C13412]
	(No symbol) [0x00007FF770BF6D83]
	(No symbol) [0x00007FF770BC83A8]
	(No symbol) [0x00007FF770BC9441]
	GetHandleVerifier [0x00007FF7711825AD+4238317]
	GetHandleVerifier [0x00007FF7711BF70D+4488525]
	GetHandleVerifier [0x00007FF7711B79EF+4456495]
	GetHandleVerifier [0x00007FF770E60576+953270]
	(No symbol) [0x00007FF770CFE54F]
	(No symbol) [0x00007FF770CF9224]
	(No symbol) [0x00007FF770CF935B]
	(No symbol) [0x00007FF770CE9B94]
	BaseThreadInitThunk [0x00007FFDC2F1257D+29]
	RtlUserThreadStart [0x00007FFDC3E0AA48+40]

[ 2024-04-16 04:55:31,193 ] 82 luthien5921 - ERROR - Failed to get form message, maybe form is available
Traceback (most recent call last):
  File "C:\Users\USER\Projects\AichiTool\AichiSelenium\src\controllers\filler.py", line 114, in get_form_message
    message = browser.find_element(By.XPATH, "/html/body/main/div/form/div[3]/strong/ul/li/span/strong").text
  File "C:\ProgramData\anaconda3\envs\aichi\lib\site-packages\seleniumbase\core\sb_driver.py", line 20, in find_element
    return self.driver.default_find_element(by=by, value=value)
  File "C:\ProgramData\anaconda3\envs\aichi\lib\site-packages\selenium\webdriver\remote\webdriver.py", line 741, in find_element
    return self.execute(Command.FIND_ELEMENT, {"using": by, "value": value})["value"]
  File "C:\ProgramData\anaconda3\envs\aichi\lib\site-packages\selenium\webdriver\remote\webdriver.py", line 347, in execute
    self.error_handler.check_response(response)
  File "C:\ProgramData\anaconda3\envs\aichi\lib\site-packages\selenium\webdriver\remote\errorhandler.py", line 229, in check_response
    raise exception_class(message, screen, stacktrace)
selenium.common.exceptions.NoSuchElementException: Message: no such element: Unable to locate element: {"method":"xpath","selector":"/html/body/main/div/form/div[3]/strong/ul/li/span/strong"}
  (Session info: chrome=123.0.6312.107); For documentation on this error, please visit: https://www.selenium.dev/documentation/webdriver/troubleshooting/errors#no-such-element-exception
Stacktrace:
	GetHandleVerifier [0x00007FF770D87032+63090]
	(No symbol) [0x00007FF770CF2C82]
	(No symbol) [0x00007FF770B8EC65]
	(No symbol) [0x00007FF770BD499D]
	(No symbol) [0x00007FF770BD4ADC]
	(No symbol) [0x00007FF770C15B37]
	(No symbol) [0x00007FF770BF701F]
	(No symbol) [0x00007FF770C13412]
	(No symbol) [0x00007FF770BF6D83]
	(No symbol) [0x00007FF770BC83A8]
	(No symbol) [0x00007FF770BC9441]
	GetHandleVerifier [0x00007FF7711825AD+4238317]
	GetHandleVerifier [0x00007FF7711BF70D+4488525]
	GetHandleVerifier [0x00007FF7711B79EF+4456495]
	GetHandleVerifier [0x00007FF770E60576+953270]
	(No symbol) [0x00007FF770CFE54F]
	(No symbol) [0x00007FF770CF9224]
	(No symbol) [0x00007FF770CF935B]
	(No symbol) [0x00007FF770CE9B94]
	BaseThreadInitThunk [0x00007FFDC2F1257D+29]
	RtlUserThreadStart [0x00007FFDC3E0AA48+40]

[ 2024-04-16 04:55:31,194 ] 94 luthien5921 - INFO - Form is available, template sequence: 90549
[ 2024-04-16 04:55:31,194 ] 94 luthien5921 - INFO - Form is available, template sequence: 90549
[ 2024-04-16 04:55:31,194 ] 94 luthien5921 - INFO - Form is available, template sequence: 90549
[ 2024-04-16 04:55:31,194 ] 94 luthien5921 - INFO - Filling form, template sequence: 90549
[ 2024-04-16 04:55:31,194 ] 94 luthien5921 - INFO - Filling form, template sequence: 90549
[ 2024-04-16 04:55:31,194 ] 94 luthien5921 - INFO - Filling form, template sequence: 90549
[ 2024-04-16 04:55:32,496 ] 94 luthien5921 - INFO - Clicked continue button
[ 2024-04-16 04:55:32,496 ] 94 luthien5921 - INFO - Clicked continue button
[ 2024-04-16 04:55:32,496 ] 94 luthien5921 - INFO - Clicked continue button
[ 2024-04-16 04:55:32,561 ] 94 luthien5921 - INFO - Filled input: item[0].textData2 by name, value: Khanh
[ 2024-04-16 04:55:32,561 ] 94 luthien5921 - INFO - Filled input: item[0].textData2 by name, value: Khanh
[ 2024-04-16 04:55:32,561 ] 94 luthien5921 - INFO - Filled input: item[0].textData2 by name, value: Khanh
[ 2024-04-16 04:55:32,609 ] 94 luthien5921 - INFO - Filled input: item[0].textData by name, value: Hoang
[ 2024-04-16 04:55:32,609 ] 94 luthien5921 - INFO - Filled input: item[0].textData by name, value: Hoang
[ 2024-04-16 04:55:32,609 ] 94 luthien5921 - INFO - Filled input: item[0].textData by name, value: Hoang
[ 2024-04-16 04:55:32,700 ] 94 luthien5921 - INFO - Filled input: item[2].textData by name, value: 20030606
[ 2024-04-16 04:55:32,700 ] 94 luthien5921 - INFO - Filled input: item[2].textData by name, value: 20030606
[ 2024-04-16 04:55:32,700 ] 94 luthien5921 - INFO - Filled input: item[2].textData by name, value: 20030606
[ 2024-04-16 04:55:32,766 ] 94 luthien5921 - INFO - Filled input: item[4].textData by name, value: 0807774444
[ 2024-04-16 04:55:32,766 ] 94 luthien5921 - INFO - Filled input: item[4].textData by name, value: 0807774444
[ 2024-04-16 04:55:32,766 ] 94 luthien5921 - INFO - Filled input: item[4].textData by name, value: 0807774444
[ 2024-04-16 04:55:32,812 ] 94 luthien5921 - INFO - Filled input: item[5].textData by name, value: Samurai
[ 2024-04-16 04:55:32,812 ] 94 luthien5921 - INFO - Filled input: item[5].textData by name, value: Samurai
[ 2024-04-16 04:55:32,812 ] 94 luthien5921 - INFO - Filled input: item[5].textData by name, value: Samurai
[ 2024-04-16 04:55:32,884 ] 94 luthien5921 - INFO - Check checkbox: /html/body/form/main/div/div[4]/dl[8]/dd/fieldset/p/label/span by xpath
[ 2024-04-16 04:55:32,884 ] 94 luthien5921 - INFO - Check checkbox: /html/body/form/main/div/div[4]/dl[8]/dd/fieldset/p/label/span by xpath
[ 2024-04-16 04:55:32,884 ] 94 luthien5921 - INFO - Check checkbox: /html/body/form/main/div/div[4]/dl[8]/dd/fieldset/p/label/span by xpath
[ 2024-04-16 04:55:34,842 ] 94 luthien5921 - INFO - Get page source successfully
[ 2024-04-16 04:55:34,842 ] 94 luthien5921 - INFO - Get page source successfully
[ 2024-04-16 04:55:34,842 ] 94 luthien5921 - INFO - Get page source successfully
[ 2024-04-16 04:55:34,843 ] 94 luthien5921 - ERROR - Failed to fill form, template sequence: 90549
[ 2024-04-16 04:55:34,843 ] 94 luthien5921 - ERROR - Failed to fill form, template sequence: 90549
[ 2024-04-16 04:55:34,843 ] 94 luthien5921 - ERROR - Failed to fill form, template sequence: 90549
[ 2024-04-16 04:55:34,846 ] 94 luthien5921 - INFO - Accessing form, template sequence: 90551
[ 2024-04-16 04:55:34,846 ] 94 luthien5921 - INFO - Accessing form, template sequence: 90551
[ 2024-04-16 04:55:34,846 ] 94 luthien5921 - INFO - Accessing form, template sequence: 90551
[ 2024-04-16 04:55:34,847 ] 94 luthien5921 - INFO - Form URL: https://www.shinsei.e-aichi.jp/pref-aichi-police-u/offer/offerList_detailTop?tempSeq=90551
[ 2024-04-16 04:55:34,847 ] 94 luthien5921 - INFO - Form URL: https://www.shinsei.e-aichi.jp/pref-aichi-police-u/offer/offerList_detailTop?tempSeq=90551
[ 2024-04-16 04:55:34,847 ] 94 luthien5921 - INFO - Form URL: https://www.shinsei.e-aichi.jp/pref-aichi-police-u/offer/offerList_detailTop?tempSeq=90551
[ 2024-04-16 04:55:40,523 ] 94 luthien5921 - INFO - Accessed form successfully
[ 2024-04-16 04:55:40,523 ] 94 luthien5921 - INFO - Accessed form successfully
[ 2024-04-16 04:55:40,523 ] 94 luthien5921 - INFO - Accessed form successfully
[ 2024-04-16 04:55:40,543 ] 82 luthien5921 - ERROR - Failed to get form message, maybe form is available
Traceback (most recent call last):
  File "C:\Users\USER\Projects\AichiTool\AichiSelenium\src\controllers\filler.py", line 114, in get_form_message
    message = browser.find_element(By.XPATH, "/html/body/main/div/form/div[3]/strong/ul/li/span/strong").text
  File "C:\ProgramData\anaconda3\envs\aichi\lib\site-packages\seleniumbase\core\sb_driver.py", line 20, in find_element
    return self.driver.default_find_element(by=by, value=value)
  File "C:\ProgramData\anaconda3\envs\aichi\lib\site-packages\selenium\webdriver\remote\webdriver.py", line 741, in find_element
    return self.execute(Command.FIND_ELEMENT, {"using": by, "value": value})["value"]
  File "C:\ProgramData\anaconda3\envs\aichi\lib\site-packages\selenium\webdriver\remote\webdriver.py", line 347, in execute
    self.error_handler.check_response(response)
  File "C:\ProgramData\anaconda3\envs\aichi\lib\site-packages\selenium\webdriver\remote\errorhandler.py", line 229, in check_response
    raise exception_class(message, screen, stacktrace)
selenium.common.exceptions.NoSuchElementException: Message: no such element: Unable to locate element: {"method":"xpath","selector":"/html/body/main/div/form/div[3]/strong/ul/li/span/strong"}
  (Session info: chrome=123.0.6312.107); For documentation on this error, please visit: https://www.selenium.dev/documentation/webdriver/troubleshooting/errors#no-such-element-exception
Stacktrace:
	GetHandleVerifier [0x00007FF770D87032+63090]
	(No symbol) [0x00007FF770CF2C82]
	(No symbol) [0x00007FF770B8EC65]
	(No symbol) [0x00007FF770BD499D]
	(No symbol) [0x00007FF770BD4ADC]
	(No symbol) [0x00007FF770C15B37]
	(No symbol) [0x00007FF770BF701F]
	(No symbol) [0x00007FF770C13412]
	(No symbol) [0x00007FF770BF6D83]
	(No symbol) [0x00007FF770BC83A8]
	(No symbol) [0x00007FF770BC9441]
	GetHandleVerifier [0x00007FF7711825AD+4238317]
	GetHandleVerifier [0x00007FF7711BF70D+4488525]
	GetHandleVerifier [0x00007FF7711B79EF+4456495]
	GetHandleVerifier [0x00007FF770E60576+953270]
	(No symbol) [0x00007FF770CFE54F]
	(No symbol) [0x00007FF770CF9224]
	(No symbol) [0x00007FF770CF935B]
	(No symbol) [0x00007FF770CE9B94]
	BaseThreadInitThunk [0x00007FFDC2F1257D+29]
	RtlUserThreadStart [0x00007FFDC3E0AA48+40]

[ 2024-04-16 04:55:40,543 ] 82 luthien5921 - ERROR - Failed to get form message, maybe form is available
Traceback (most recent call last):
  File "C:\Users\USER\Projects\AichiTool\AichiSelenium\src\controllers\filler.py", line 114, in get_form_message
    message = browser.find_element(By.XPATH, "/html/body/main/div/form/div[3]/strong/ul/li/span/strong").text
  File "C:\ProgramData\anaconda3\envs\aichi\lib\site-packages\seleniumbase\core\sb_driver.py", line 20, in find_element
    return self.driver.default_find_element(by=by, value=value)
  File "C:\ProgramData\anaconda3\envs\aichi\lib\site-packages\selenium\webdriver\remote\webdriver.py", line 741, in find_element
    return self.execute(Command.FIND_ELEMENT, {"using": by, "value": value})["value"]
  File "C:\ProgramData\anaconda3\envs\aichi\lib\site-packages\selenium\webdriver\remote\webdriver.py", line 347, in execute
    self.error_handler.check_response(response)
  File "C:\ProgramData\anaconda3\envs\aichi\lib\site-packages\selenium\webdriver\remote\errorhandler.py", line 229, in check_response
    raise exception_class(message, screen, stacktrace)
selenium.common.exceptions.NoSuchElementException: Message: no such element: Unable to locate element: {"method":"xpath","selector":"/html/body/main/div/form/div[3]/strong/ul/li/span/strong"}
  (Session info: chrome=123.0.6312.107); For documentation on this error, please visit: https://www.selenium.dev/documentation/webdriver/troubleshooting/errors#no-such-element-exception
Stacktrace:
	GetHandleVerifier [0x00007FF770D87032+63090]
	(No symbol) [0x00007FF770CF2C82]
	(No symbol) [0x00007FF770B8EC65]
	(No symbol) [0x00007FF770BD499D]
	(No symbol) [0x00007FF770BD4ADC]
	(No symbol) [0x00007FF770C15B37]
	(No symbol) [0x00007FF770BF701F]
	(No symbol) [0x00007FF770C13412]
	(No symbol) [0x00007FF770BF6D83]
	(No symbol) [0x00007FF770BC83A8]
	(No symbol) [0x00007FF770BC9441]
	GetHandleVerifier [0x00007FF7711825AD+4238317]
	GetHandleVerifier [0x00007FF7711BF70D+4488525]
	GetHandleVerifier [0x00007FF7711B79EF+4456495]
	GetHandleVerifier [0x00007FF770E60576+953270]
	(No symbol) [0x00007FF770CFE54F]
	(No symbol) [0x00007FF770CF9224]
	(No symbol) [0x00007FF770CF935B]
	(No symbol) [0x00007FF770CE9B94]
	BaseThreadInitThunk [0x00007FFDC2F1257D+29]
	RtlUserThreadStart [0x00007FFDC3E0AA48+40]

[ 2024-04-16 04:55:40,543 ] 82 luthien5921 - ERROR - Failed to get form message, maybe form is available
Traceback (most recent call last):
  File "C:\Users\USER\Projects\AichiTool\AichiSelenium\src\controllers\filler.py", line 114, in get_form_message
    message = browser.find_element(By.XPATH, "/html/body/main/div/form/div[3]/strong/ul/li/span/strong").text
  File "C:\ProgramData\anaconda3\envs\aichi\lib\site-packages\seleniumbase\core\sb_driver.py", line 20, in find_element
    return self.driver.default_find_element(by=by, value=value)
  File "C:\ProgramData\anaconda3\envs\aichi\lib\site-packages\selenium\webdriver\remote\webdriver.py", line 741, in find_element
    return self.execute(Command.FIND_ELEMENT, {"using": by, "value": value})["value"]
  File "C:\ProgramData\anaconda3\envs\aichi\lib\site-packages\selenium\webdriver\remote\webdriver.py", line 347, in execute
    self.error_handler.check_response(response)
  File "C:\ProgramData\anaconda3\envs\aichi\lib\site-packages\selenium\webdriver\remote\errorhandler.py", line 229, in check_response
    raise exception_class(message, screen, stacktrace)
selenium.common.exceptions.NoSuchElementException: Message: no such element: Unable to locate element: {"method":"xpath","selector":"/html/body/main/div/form/div[3]/strong/ul/li/span/strong"}
  (Session info: chrome=123.0.6312.107); For documentation on this error, please visit: https://www.selenium.dev/documentation/webdriver/troubleshooting/errors#no-such-element-exception
Stacktrace:
	GetHandleVerifier [0x00007FF770D87032+63090]
	(No symbol) [0x00007FF770CF2C82]
	(No symbol) [0x00007FF770B8EC65]
	(No symbol) [0x00007FF770BD499D]
	(No symbol) [0x00007FF770BD4ADC]
	(No symbol) [0x00007FF770C15B37]
	(No symbol) [0x00007FF770BF701F]
	(No symbol) [0x00007FF770C13412]
	(No symbol) [0x00007FF770BF6D83]
	(No symbol) [0x00007FF770BC83A8]
	(No symbol) [0x00007FF770BC9441]
	GetHandleVerifier [0x00007FF7711825AD+4238317]
	GetHandleVerifier [0x00007FF7711BF70D+4488525]
	GetHandleVerifier [0x00007FF7711B79EF+4456495]
	GetHandleVerifier [0x00007FF770E60576+953270]
	(No symbol) [0x00007FF770CFE54F]
	(No symbol) [0x00007FF770CF9224]
	(No symbol) [0x00007FF770CF935B]
	(No symbol) [0x00007FF770CE9B94]
	BaseThreadInitThunk [0x00007FFDC2F1257D+29]
	RtlUserThreadStart [0x00007FFDC3E0AA48+40]

[ 2024-04-16 04:55:40,545 ] 94 luthien5921 - INFO - Form is available, template sequence: 90551
[ 2024-04-16 04:55:40,545 ] 94 luthien5921 - INFO - Form is available, template sequence: 90551
[ 2024-04-16 04:55:40,545 ] 94 luthien5921 - INFO - Form is available, template sequence: 90551
[ 2024-04-16 04:55:40,545 ] 94 luthien5921 - INFO - Filling form, template sequence: 90551
[ 2024-04-16 04:55:40,545 ] 94 luthien5921 - INFO - Filling form, template sequence: 90551
[ 2024-04-16 04:55:40,545 ] 94 luthien5921 - INFO - Filling form, template sequence: 90551
[ 2024-04-16 04:55:41,885 ] 94 luthien5921 - INFO - Clicked continue button
[ 2024-04-16 04:55:41,885 ] 94 luthien5921 - INFO - Clicked continue button
[ 2024-04-16 04:55:41,885 ] 94 luthien5921 - INFO - Clicked continue button
[ 2024-04-16 04:55:41,948 ] 94 luthien5921 - INFO - Filled input: item[0].textData2 by name, value: Tuan
[ 2024-04-16 04:55:41,948 ] 94 luthien5921 - INFO - Filled input: item[0].textData2 by name, value: Tuan
[ 2024-04-16 04:55:41,948 ] 94 luthien5921 - INFO - Filled input: item[0].textData2 by name, value: Tuan
[ 2024-04-16 04:55:42,024 ] 94 luthien5921 - INFO - Filled input: item[0].textData by name, value: Mai
[ 2024-04-16 04:55:42,024 ] 94 luthien5921 - INFO - Filled input: item[0].textData by name, value: Mai
[ 2024-04-16 04:55:42,024 ] 94 luthien5921 - INFO - Filled input: item[0].textData by name, value: Mai
[ 2024-04-16 04:55:42,107 ] 94 luthien5921 - INFO - Filled input: item[2].textData by name, value: 20000303
[ 2024-04-16 04:55:42,107 ] 94 luthien5921 - INFO - Filled input: item[2].textData by name, value: 20000303
[ 2024-04-16 04:55:42,107 ] 94 luthien5921 - INFO - Filled input: item[2].textData by name, value: 20000303
[ 2024-04-16 04:55:42,188 ] 94 luthien5921 - INFO - Filled input: item[4].textData by name, value: 0802468135
[ 2024-04-16 04:55:42,188 ] 94 luthien5921 - INFO - Filled input: item[4].textData by name, value: 0802468135
[ 2024-04-16 04:55:42,188 ] 94 luthien5921 - INFO - Filled input: item[4].textData by name, value: 0802468135
[ 2024-04-16 04:55:42,261 ] 94 luthien5921 - INFO - Filled input: item[5].textData by name, value: Samurai
[ 2024-04-16 04:55:42,261 ] 94 luthien5921 - INFO - Filled input: item[5].textData by name, value: Samurai
[ 2024-04-16 04:55:42,261 ] 94 luthien5921 - INFO - Filled input: item[5].textData by name, value: Samurai
[ 2024-04-16 04:55:42,300 ] 94 luthien5921 - INFO - Check checkbox: /html/body/form/main/div/div[4]/dl[8]/dd/fieldset/p/label/span by xpath
[ 2024-04-16 04:55:42,300 ] 94 luthien5921 - INFO - Check checkbox: /html/body/form/main/div/div[4]/dl[8]/dd/fieldset/p/label/span by xpath
[ 2024-04-16 04:55:42,300 ] 94 luthien5921 - INFO - Check checkbox: /html/body/form/main/div/div[4]/dl[8]/dd/fieldset/p/label/span by xpath
[ 2024-04-16 04:55:44,468 ] 94 luthien5921 - INFO - Get page source successfully
[ 2024-04-16 04:55:44,468 ] 94 luthien5921 - INFO - Get page source successfully
[ 2024-04-16 04:55:44,468 ] 94 luthien5921 - INFO - Get page source successfully
[ 2024-04-16 04:55:44,468 ] 94 luthien5921 - ERROR - Failed to fill form, template sequence: 90551
[ 2024-04-16 04:55:44,468 ] 94 luthien5921 - ERROR - Failed to fill form, template sequence: 90551
[ 2024-04-16 04:55:44,468 ] 94 luthien5921 - ERROR - Failed to fill form, template sequence: 90551
[ 2024-04-16 04:55:44,469 ] 94 luthien5921 - INFO - Accessing form, template sequence: 90550
[ 2024-04-16 04:55:44,469 ] 94 luthien5921 - INFO - Accessing form, template sequence: 90550
[ 2024-04-16 04:55:44,469 ] 94 luthien5921 - INFO - Accessing form, template sequence: 90550
[ 2024-04-16 04:55:44,469 ] 94 luthien5921 - INFO - Form URL: https://www.shinsei.e-aichi.jp/pref-aichi-police-u/offer/offerList_detailTop?tempSeq=90550
[ 2024-04-16 04:55:44,469 ] 94 luthien5921 - INFO - Form URL: https://www.shinsei.e-aichi.jp/pref-aichi-police-u/offer/offerList_detailTop?tempSeq=90550
[ 2024-04-16 04:55:44,469 ] 94 luthien5921 - INFO - Form URL: https://www.shinsei.e-aichi.jp/pref-aichi-police-u/offer/offerList_detailTop?tempSeq=90550
[ 2024-04-16 04:55:50,093 ] 94 luthien5921 - INFO - Accessed form successfully
[ 2024-04-16 04:55:50,093 ] 94 luthien5921 - INFO - Accessed form successfully
[ 2024-04-16 04:55:50,093 ] 94 luthien5921 - INFO - Accessed form successfully
[ 2024-04-16 04:55:50,135 ] 82 luthien5921 - ERROR - Failed to get form message, maybe form is available
Traceback (most recent call last):
  File "C:\Users\USER\Projects\AichiTool\AichiSelenium\src\controllers\filler.py", line 114, in get_form_message
    message = browser.find_element(By.XPATH, "/html/body/main/div/form/div[3]/strong/ul/li/span/strong").text
AttributeError: 'NoneType' object has no attribute 'text'
[ 2024-04-16 04:55:50,135 ] 82 luthien5921 - ERROR - Failed to get form message, maybe form is available
Traceback (most recent call last):
  File "C:\Users\USER\Projects\AichiTool\AichiSelenium\src\controllers\filler.py", line 114, in get_form_message
    message = browser.find_element(By.XPATH, "/html/body/main/div/form/div[3]/strong/ul/li/span/strong").text
AttributeError: 'NoneType' object has no attribute 'text'
[ 2024-04-16 04:55:50,135 ] 82 luthien5921 - ERROR - Failed to get form message, maybe form is available
Traceback (most recent call last):
  File "C:\Users\USER\Projects\AichiTool\AichiSelenium\src\controllers\filler.py", line 114, in get_form_message
    message = browser.find_element(By.XPATH, "/html/body/main/div/form/div[3]/strong/ul/li/span/strong").text
AttributeError: 'NoneType' object has no attribute 'text'
[ 2024-04-16 04:55:50,138 ] 94 luthien5921 - INFO - Form is available, template sequence: 90550
[ 2024-04-16 04:55:50,138 ] 94 luthien5921 - INFO - Form is available, template sequence: 90550
[ 2024-04-16 04:55:50,138 ] 94 luthien5921 - INFO - Form is available, template sequence: 90550
[ 2024-04-16 04:55:50,139 ] 94 luthien5921 - INFO - Filling form, template sequence: 90550
[ 2024-04-16 04:55:50,139 ] 94 luthien5921 - INFO - Filling form, template sequence: 90550
[ 2024-04-16 04:55:50,139 ] 94 luthien5921 - INFO - Filling form, template sequence: 90550
[ 2024-04-16 04:55:50,145 ] 82 luthien5921 - ERROR - Failed to click continue button: Message: no such window: target window already closed
from unknown error: web view not found
  (Session info: chrome=123.0.6312.107)
Stacktrace:
	GetHandleVerifier [0x00007FF770D87032+63090]
	(No symbol) [0x00007FF770CF2C82]
	(No symbol) [0x00007FF770B8EC65]
	(No symbol) [0x00007FF770B6CA7C]
	(No symbol) [0x00007FF770BFD687]
	(No symbol) [0x00007FF770C12AC1]
	(No symbol) [0x00007FF770BF6D83]
	(No symbol) [0x00007FF770BC83A8]
	(No symbol) [0x00007FF770BC9441]
	GetHandleVerifier [0x00007FF7711825AD+4238317]
	GetHandleVerifier [0x00007FF7711BF70D+4488525]
	GetHandleVerifier [0x00007FF7711B79EF+4456495]
	GetHandleVerifier [0x00007FF770E60576+953270]
	(No symbol) [0x00007FF770CFE54F]
	(No symbol) [0x00007FF770CF9224]
	(No symbol) [0x00007FF770CF935B]
	(No symbol) [0x00007FF770CE9B94]
	BaseThreadInitThunk [0x00007FFDC2F1257D+29]
	RtlUserThreadStart [0x00007FFDC3E0AA48+40]
Traceback (most recent call last):
  File "C:\Users\USER\Projects\AichiTool\AichiSelenium\src\controllers\filler.py", line 57, in fill
    continue_button = browser.find_element(By.XPATH, r'//*[@id="ok"]')
  File "C:\ProgramData\anaconda3\envs\aichi\lib\site-packages\seleniumbase\core\sb_driver.py", line 20, in find_element
    return self.driver.default_find_element(by=by, value=value)
  File "C:\ProgramData\anaconda3\envs\aichi\lib\site-packages\selenium\webdriver\remote\webdriver.py", line 741, in find_element
    return self.execute(Command.FIND_ELEMENT, {"using": by, "value": value})["value"]
  File "C:\ProgramData\anaconda3\envs\aichi\lib\site-packages\selenium\webdriver\remote\webdriver.py", line 347, in execute
    self.error_handler.check_response(response)
  File "C:\ProgramData\anaconda3\envs\aichi\lib\site-packages\selenium\webdriver\remote\errorhandler.py", line 229, in check_response
    raise exception_class(message, screen, stacktrace)
selenium.common.exceptions.NoSuchWindowException: Message: no such window: target window already closed
from unknown error: web view not found
  (Session info: chrome=123.0.6312.107)
Stacktrace:
	GetHandleVerifier [0x00007FF770D87032+63090]
	(No symbol) [0x00007FF770CF2C82]
	(No symbol) [0x00007FF770B8EC65]
	(No symbol) [0x00007FF770B6CA7C]
	(No symbol) [0x00007FF770BFD687]
	(No symbol) [0x00007FF770C12AC1]
	(No symbol) [0x00007FF770BF6D83]
	(No symbol) [0x00007FF770BC83A8]
	(No symbol) [0x00007FF770BC9441]
	GetHandleVerifier [0x00007FF7711825AD+4238317]
	GetHandleVerifier [0x00007FF7711BF70D+4488525]
	GetHandleVerifier [0x00007FF7711B79EF+4456495]
	GetHandleVerifier [0x00007FF770E60576+953270]
	(No symbol) [0x00007FF770CFE54F]
	(No symbol) [0x00007FF770CF9224]
	(No symbol) [0x00007FF770CF935B]
	(No symbol) [0x00007FF770CE9B94]
	BaseThreadInitThunk [0x00007FFDC2F1257D+29]
	RtlUserThreadStart [0x00007FFDC3E0AA48+40]

[ 2024-04-16 04:55:50,145 ] 82 luthien5921 - ERROR - Failed to click continue button: Message: no such window: target window already closed
from unknown error: web view not found
  (Session info: chrome=123.0.6312.107)
Stacktrace:
	GetHandleVerifier [0x00007FF770D87032+63090]
	(No symbol) [0x00007FF770CF2C82]
	(No symbol) [0x00007FF770B8EC65]
	(No symbol) [0x00007FF770B6CA7C]
	(No symbol) [0x00007FF770BFD687]
	(No symbol) [0x00007FF770C12AC1]
	(No symbol) [0x00007FF770BF6D83]
	(No symbol) [0x00007FF770BC83A8]
	(No symbol) [0x00007FF770BC9441]
	GetHandleVerifier [0x00007FF7711825AD+4238317]
	GetHandleVerifier [0x00007FF7711BF70D+4488525]
	GetHandleVerifier [0x00007FF7711B79EF+4456495]
	GetHandleVerifier [0x00007FF770E60576+953270]
	(No symbol) [0x00007FF770CFE54F]
	(No symbol) [0x00007FF770CF9224]
	(No symbol) [0x00007FF770CF935B]
	(No symbol) [0x00007FF770CE9B94]
	BaseThreadInitThunk [0x00007FFDC2F1257D+29]
	RtlUserThreadStart [0x00007FFDC3E0AA48+40]
Traceback (most recent call last):
  File "C:\Users\USER\Projects\AichiTool\AichiSelenium\src\controllers\filler.py", line 57, in fill
    continue_button = browser.find_element(By.XPATH, r'//*[@id="ok"]')
  File "C:\ProgramData\anaconda3\envs\aichi\lib\site-packages\seleniumbase\core\sb_driver.py", line 20, in find_element
    return self.driver.default_find_element(by=by, value=value)
  File "C:\ProgramData\anaconda3\envs\aichi\lib\site-packages\selenium\webdriver\remote\webdriver.py", line 741, in find_element
    return self.execute(Command.FIND_ELEMENT, {"using": by, "value": value})["value"]
  File "C:\ProgramData\anaconda3\envs\aichi\lib\site-packages\selenium\webdriver\remote\webdriver.py", line 347, in execute
    self.error_handler.check_response(response)
  File "C:\ProgramData\anaconda3\envs\aichi\lib\site-packages\selenium\webdriver\remote\errorhandler.py", line 229, in check_response
    raise exception_class(message, screen, stacktrace)
selenium.common.exceptions.NoSuchWindowException: Message: no such window: target window already closed
from unknown error: web view not found
  (Session info: chrome=123.0.6312.107)
Stacktrace:
	GetHandleVerifier [0x00007FF770D87032+63090]
	(No symbol) [0x00007FF770CF2C82]
	(No symbol) [0x00007FF770B8EC65]
	(No symbol) [0x00007FF770B6CA7C]
	(No symbol) [0x00007FF770BFD687]
	(No symbol) [0x00007FF770C12AC1]
	(No symbol) [0x00007FF770BF6D83]
	(No symbol) [0x00007FF770BC83A8]
	(No symbol) [0x00007FF770BC9441]
	GetHandleVerifier [0x00007FF7711825AD+4238317]
	GetHandleVerifier [0x00007FF7711BF70D+4488525]
	GetHandleVerifier [0x00007FF7711B79EF+4456495]
	GetHandleVerifier [0x00007FF770E60576+953270]
	(No symbol) [0x00007FF770CFE54F]
	(No symbol) [0x00007FF770CF9224]
	(No symbol) [0x00007FF770CF935B]
	(No symbol) [0x00007FF770CE9B94]
	BaseThreadInitThunk [0x00007FFDC2F1257D+29]
	RtlUserThreadStart [0x00007FFDC3E0AA48+40]

[ 2024-04-16 04:55:50,145 ] 82 luthien5921 - ERROR - Failed to click continue button: Message: no such window: target window already closed
from unknown error: web view not found
  (Session info: chrome=123.0.6312.107)
Stacktrace:
	GetHandleVerifier [0x00007FF770D87032+63090]
	(No symbol) [0x00007FF770CF2C82]
	(No symbol) [0x00007FF770B8EC65]
	(No symbol) [0x00007FF770B6CA7C]
	(No symbol) [0x00007FF770BFD687]
	(No symbol) [0x00007FF770C12AC1]
	(No symbol) [0x00007FF770BF6D83]
	(No symbol) [0x00007FF770BC83A8]
	(No symbol) [0x00007FF770BC9441]
	GetHandleVerifier [0x00007FF7711825AD+4238317]
	GetHandleVerifier [0x00007FF7711BF70D+4488525]
	GetHandleVerifier [0x00007FF7711B79EF+4456495]
	GetHandleVerifier [0x00007FF770E60576+953270]
	(No symbol) [0x00007FF770CFE54F]
	(No symbol) [0x00007FF770CF9224]
	(No symbol) [0x00007FF770CF935B]
	(No symbol) [0x00007FF770CE9B94]
	BaseThreadInitThunk [0x00007FFDC2F1257D+29]
	RtlUserThreadStart [0x00007FFDC3E0AA48+40]
Traceback (most recent call last):
  File "C:\Users\USER\Projects\AichiTool\AichiSelenium\src\controllers\filler.py", line 57, in fill
    continue_button = browser.find_element(By.XPATH, r'//*[@id="ok"]')
  File "C:\ProgramData\anaconda3\envs\aichi\lib\site-packages\seleniumbase\core\sb_driver.py", line 20, in find_element
    return self.driver.default_find_element(by=by, value=value)
  File "C:\ProgramData\anaconda3\envs\aichi\lib\site-packages\selenium\webdriver\remote\webdriver.py", line 741, in find_element
    return self.execute(Command.FIND_ELEMENT, {"using": by, "value": value})["value"]
  File "C:\ProgramData\anaconda3\envs\aichi\lib\site-packages\selenium\webdriver\remote\webdriver.py", line 347, in execute
    self.error_handler.check_response(response)
  File "C:\ProgramData\anaconda3\envs\aichi\lib\site-packages\selenium\webdriver\remote\errorhandler.py", line 229, in check_response
    raise exception_class(message, screen, stacktrace)
selenium.common.exceptions.NoSuchWindowException: Message: no such window: target window already closed
from unknown error: web view not found
  (Session info: chrome=123.0.6312.107)
Stacktrace:
	GetHandleVerifier [0x00007FF770D87032+63090]
	(No symbol) [0x00007FF770CF2C82]
	(No symbol) [0x00007FF770B8EC65]
	(No symbol) [0x00007FF770B6CA7C]
	(No symbol) [0x00007FF770BFD687]
	(No symbol) [0x00007FF770C12AC1]
	(No symbol) [0x00007FF770BF6D83]
	(No symbol) [0x00007FF770BC83A8]
	(No symbol) [0x00007FF770BC9441]
	GetHandleVerifier [0x00007FF7711825AD+4238317]
	GetHandleVerifier [0x00007FF7711BF70D+4488525]
	GetHandleVerifier [0x00007FF7711B79EF+4456495]
	GetHandleVerifier [0x00007FF770E60576+953270]
	(No symbol) [0x00007FF770CFE54F]
	(No symbol) [0x00007FF770CF9224]
	(No symbol) [0x00007FF770CF935B]
	(No symbol) [0x00007FF770CE9B94]
	BaseThreadInitThunk [0x00007FFDC2F1257D+29]
	RtlUserThreadStart [0x00007FFDC3E0AA48+40]

[ 2024-04-16 04:55:50,155 ] 94 luthien5921 - INFO - Accessing form, template sequence: 90549
[ 2024-04-16 04:55:50,155 ] 94 luthien5921 - INFO - Accessing form, template sequence: 90549
[ 2024-04-16 04:55:50,155 ] 94 luthien5921 - INFO - Accessing form, template sequence: 90549
[ 2024-04-16 04:55:50,157 ] 94 luthien5921 - INFO - Form URL: https://www.shinsei.e-aichi.jp/pref-aichi-police-u/offer/offerList_detailTop?tempSeq=90549
[ 2024-04-16 04:55:50,157 ] 94 luthien5921 - INFO - Form URL: https://www.shinsei.e-aichi.jp/pref-aichi-police-u/offer/offerList_detailTop?tempSeq=90549
[ 2024-04-16 04:55:50,157 ] 94 luthien5921 - INFO - Form URL: https://www.shinsei.e-aichi.jp/pref-aichi-police-u/offer/offerList_detailTop?tempSeq=90549
