[ 2024-04-16 04:54:01,257 ] 94 root - INFO - Starting all threads
[ 2024-04-16 04:54:01,257 ] 94 root - INFO - Starting all threads
[ 2024-04-16 04:54:01,257 ] 94 root - INFO - Meta: {'__module__': 'src.globals', '__doc__': '        Meta configs        ', 'keyword': 'gen', 'test_mode': True, 'max_num_retry': 5, 'default_num_threads': 3, 'display_number': 50, 'main_phone_number_hash': '080-1583-0891', 'uc': True, 'headless': False, '__dict__': <attribute '__dict__' of 'Meta' objects>, '__weakref__': <attribute '__weakref__' of 'Meta' objects>}
[ 2024-04-16 04:54:01,257 ] 94 root - INFO - Meta: {'__module__': 'src.globals', '__doc__': '        Meta configs        ', 'keyword': 'gen', 'test_mode': True, 'max_num_retry': 5, 'default_num_threads': 3, 'display_number': 50, 'main_phone_number_hash': '080-1583-0891', 'uc': True, 'headless': False, '__dict__': <attribute '__dict__' of 'Meta' objects>, '__weakref__': <attribute '__weakref__' of 'Meta' objects>}
[ 2024-04-16 04:54:01,258 ] 94 root - INFO - Number of dev accounts: 1
[ 2024-04-16 04:54:01,258 ] 94 root - INFO - Number of dev accounts: 1
[ 2024-04-16 04:54:01,260 ] 94 main_controller - INFO - Subprocess 0 started with trial number 0
[ 2024-04-16 04:54:01,260 ] 94 main_controller - ERROR - Account is a dictionary, convert to Account object: Username: luthien5921@gmail.com, Password: aichi@5921
[ 2024-04-16 04:54:03,266 ] 94 root - INFO - Thread 0 started
[ 2024-04-16 04:54:03,266 ] 94 root - INFO - Thread 0 started
[ 2024-04-16 04:54:03,270 ] 94 main_controller - INFO - Subprocess 1 started with trial number 0
[ 2024-04-16 04:54:03,270 ] 94 main_controller - ERROR - Account is a dictionary, convert to Account object: Username: luthien5921+shinsei1@gmail.com, Password: aichi@5921
[ 2024-04-16 04:54:03,531 ] 94 main_controller - INFO - Browser opened
[ 2024-04-16 04:54:04,931 ] 94 main_controller - INFO - Browser opened
[ 2024-04-16 04:54:05,268 ] 94 root - INFO - Thread 1 started
[ 2024-04-16 04:54:05,268 ] 94 root - INFO - Thread 1 started
[ 2024-04-16 04:54:05,300 ] 94 main_controller - INFO - Subprocess 2 started with trial number 0
[ 2024-04-16 04:54:05,307 ] 94 main_controller - ERROR - Account is a dictionary, convert to Account object: Username: luthien5921+shinsei2@gmail.com, Password: aichi@5921
[ 2024-04-16 04:54:07,308 ] 94 root - INFO - Thread 2 started
[ 2024-04-16 04:54:07,308 ] 94 root - INFO - Thread 2 started
[ 2024-04-16 04:54:08,661 ] 94 main_controller - INFO - Browser opened
[ 2024-04-16 04:54:10,523 ] 94 luthien5921 - INFO - Opened login page
[ 2024-04-16 04:54:11,882 ] 94 luthien5921+shinsei1 - INFO - Opened login page
[ 2024-04-16 04:54:15,810 ] 94 luthien5921 - INFO - Logging in
[ 2024-04-16 04:54:15,816 ] 94 luthien5921 - INFO - Current url: https://www.shinsei.e-aichi.jp/pref-aichi-police-u/offer/offerList_initDisplay
[ 2024-04-16 04:54:15,899 ] 94 luthien5921+shinsei2 - INFO - Opened login page
[ 2024-04-16 04:54:16,134 ] 94 luthien5921 - INFO - Logged in finished
[ 2024-04-16 04:54:16,135 ] 94 main_controller - INFO - Logged in successfully
[ 2024-04-16 04:54:16,401 ] 94 main_controller - INFO - Screenshot saved to C:\Users\USER\Projects\AichiTool\AichiSelenium\logs\2024_04_16\04_54_00\screenshot_luthien5921.png
[ 2024-04-16 04:54:16,402 ] 94 main_controller - INFO - Finding forms
[ 2024-04-16 04:54:16,406 ] 94 luthien5921 - INFO - On main page
[ 2024-04-16 04:54:17,127 ] 94 luthien5921+shinsei1 - INFO - Logging in
[ 2024-04-16 04:54:17,139 ] 94 luthien5921+shinsei1 - INFO - Current url: https://www.shinsei.e-aichi.jp/pref-aichi-police-u/offer/offerList_initDisplay
[ 2024-04-16 04:54:17,451 ] 94 luthien5921+shinsei1 - INFO - Logged in finished
[ 2024-04-16 04:54:17,452 ] 94 main_controller - INFO - Logged in successfully
[ 2024-04-16 04:54:17,717 ] 94 main_controller - INFO - Screenshot saved to C:\Users\USER\Projects\AichiTool\AichiSelenium\logs\2024_04_16\04_54_00\screenshot_luthien5921+shinsei1.png
[ 2024-04-16 04:54:17,718 ] 94 main_controller - INFO - Finding forms
[ 2024-04-16 04:54:17,722 ] 94 luthien5921+shinsei1 - INFO - On main page
[ 2024-04-16 04:54:18,146 ] 94 luthien5921 - INFO - Search submitted
[ 2024-04-16 04:54:18,183 ] 94 luthien5921 - INFO - Collected 4 forms
[ 2024-04-16 04:54:18,263 ] 94 luthien5921 - INFO - Parsed data: title: 【04月30日(火)】[東三] 運転免許学科試験〈原付のみ　初回・再受験者／日本語・ポルトガル語・英語受験者に限る＞gen, status: 受付開始日時, start_date: 2024年03月30日 07時30分, end_date: 2024年04月25日 12時00分, template_seq: 90551
[ 2024-04-16 04:54:18,264 ] 94 luthien5921 - INFO - Parsed data: title: 【04月30日(火)】[東三] 運転免許学科試験〈原付のみ　初回・再受験者／日本語・ポルトガル語・英語受験者に限る＞gen, status: 受付開始日時, start_date: 2024年03月30日 07時30分, end_date: 2024年04月25日 12時00分, template_seq: 90551
[ 2024-04-16 04:54:18,287 ] 94 luthien5921 - INFO - Parsed data: title: 【04月25日(木)】[東三] 運転免許学科試験〈原付のみ　初回・再受験者／日本語・ベトナム語・中国語受験者に限る＞gen, status: 受付開始日時, start_date: 2024年03月25日 07時30分, end_date: 2024年04月23日 12時00分, template_seq: 90550
[ 2024-04-16 04:54:18,288 ] 94 luthien5921 - INFO - Parsed data: title: 【04月25日(木)】[東三] 運転免許学科試験〈原付のみ　初回・再受験者／日本語・ベトナム語・中国語受験者に限る＞gen, status: 受付開始日時, start_date: 2024年03月25日 07時30分, end_date: 2024年04月23日 12時00分, template_seq: 90550
[ 2024-04-16 04:54:18,318 ] 94 luthien5921 - INFO - Parsed data: title: 【04月23日(火)】[東三] 運転免許学科試験〈原付のみ　初回・再受験者／日本語・ポルトガル語・英語受験者に限る＞gen, status: 受付開始日時, start_date: 2024年03月23日 07時30分, end_date: 2024年04月19日 12時00分, template_seq: 90549
[ 2024-04-16 04:54:18,319 ] 94 luthien5921 - INFO - Parsed data: title: 【04月23日(火)】[東三] 運転免許学科試験〈原付のみ　初回・再受験者／日本語・ポルトガル語・英語受験者に限る＞gen, status: 受付開始日時, start_date: 2024年03月23日 07時30分, end_date: 2024年04月19日 12時00分, template_seq: 90549
[ 2024-04-16 04:54:18,381 ] 94 luthien5921 - INFO - Parsed data: title: 【04月18日(木)】[東三] 運転免許学科試験〈原付のみ　初回・再受験者／日本語・ベトナム語・中国語受験者に限る＞gen, status: None, start_date: 2024年03月18日 07時30分, end_date: 2024年04月16日 12時00分, template_seq: 90548
[ 2024-04-16 04:54:18,383 ] 94 luthien5921 - INFO - Parsed data: title: 【04月18日(木)】[東三] 運転免許学科試験〈原付のみ　初回・再受験者／日本語・ベトナム語・中国語受験者に限る＞gen, status: None, start_date: 2024年03月18日 07時30分, end_date: 2024年04月16日 12時00分, template_seq: 90548
[ 2024-04-16 04:54:18,388 ] 94 luthien5921 - INFO - Number of filtered forms left is: 4 form(s)
[ 2024-04-16 04:54:18,389 ] 94 main_controller - INFO - Found 4 form(s)
[ 2024-04-16 04:54:18,391 ] 94 luthien5921 - INFO - Accessing form, template sequence: 90549
[ 2024-04-16 04:54:18,391 ] 94 luthien5921 - INFO - Form URL: https://www.shinsei.e-aichi.jp/pref-aichi-police-u/offer/offerList_detailTop?tempSeq=90549
[ 2024-04-16 04:54:19,484 ] 94 luthien5921+shinsei1 - INFO - Search submitted
[ 2024-04-16 04:54:19,546 ] 94 luthien5921+shinsei1 - INFO - Collected 4 forms
[ 2024-04-16 04:54:19,657 ] 94 luthien5921+shinsei1 - INFO - Parsed data: title: 【04月30日(火)】[東三] 運転免許学科試験〈原付のみ　初回・再受験者／日本語・ポルトガル語・英語受験者に限る＞gen, status: 受付開始日時, start_date: 2024年03月30日 07時30分, end_date: 2024年04月25日 12時00分, template_seq: 90551
[ 2024-04-16 04:54:19,658 ] 94 luthien5921+shinsei1 - INFO - Parsed data: title: 【04月30日(火)】[東三] 運転免許学科試験〈原付のみ　初回・再受験者／日本語・ポルトガル語・英語受験者に限る＞gen, status: 受付開始日時, start_date: 2024年03月30日 07時30分, end_date: 2024年04月25日 12時00分, template_seq: 90551
[ 2024-04-16 04:54:19,691 ] 94 luthien5921+shinsei1 - INFO - Parsed data: title: 【04月25日(木)】[東三] 運転免許学科試験〈原付のみ　初回・再受験者／日本語・ベトナム語・中国語受験者に限る＞gen, status: 受付開始日時, start_date: 2024年03月25日 07時30分, end_date: 2024年04月23日 12時00分, template_seq: 90550
[ 2024-04-16 04:54:19,693 ] 94 luthien5921+shinsei1 - INFO - Parsed data: title: 【04月25日(木)】[東三] 運転免許学科試験〈原付のみ　初回・再受験者／日本語・ベトナム語・中国語受験者に限る＞gen, status: 受付開始日時, start_date: 2024年03月25日 07時30分, end_date: 2024年04月23日 12時00分, template_seq: 90550
[ 2024-04-16 04:54:19,759 ] 94 luthien5921+shinsei1 - INFO - Parsed data: title: 【04月23日(火)】[東三] 運転免許学科試験〈原付のみ　初回・再受験者／日本語・ポルトガル語・英語受験者に限る＞gen, status: 受付開始日時, start_date: 2024年03月23日 07時30分, end_date: 2024年04月19日 12時00分, template_seq: 90549
[ 2024-04-16 04:54:19,762 ] 94 luthien5921+shinsei1 - INFO - Parsed data: title: 【04月23日(火)】[東三] 運転免許学科試験〈原付のみ　初回・再受験者／日本語・ポルトガル語・英語受験者に限る＞gen, status: 受付開始日時, start_date: 2024年03月23日 07時30分, end_date: 2024年04月19日 12時00分, template_seq: 90549
[ 2024-04-16 04:54:19,802 ] 94 luthien5921+shinsei1 - INFO - Parsed data: title: 【04月18日(木)】[東三] 運転免許学科試験〈原付のみ　初回・再受験者／日本語・ベトナム語・中国語受験者に限る＞gen, status: None, start_date: 2024年03月18日 07時30分, end_date: 2024年04月16日 12時00分, template_seq: 90548
[ 2024-04-16 04:54:19,806 ] 94 luthien5921+shinsei1 - INFO - Parsed data: title: 【04月18日(木)】[東三] 運転免許学科試験〈原付のみ　初回・再受験者／日本語・ベトナム語・中国語受験者に限る＞gen, status: None, start_date: 2024年03月18日 07時30分, end_date: 2024年04月16日 12時00分, template_seq: 90548
[ 2024-04-16 04:54:19,808 ] 94 luthien5921+shinsei1 - INFO - Number of filtered forms left is: 4 form(s)
[ 2024-04-16 04:54:19,809 ] 94 main_controller - INFO - Found 4 form(s)
[ 2024-04-16 04:54:19,809 ] 94 luthien5921+shinsei1 - INFO - Accessing form, template sequence: 90549
[ 2024-04-16 04:54:19,811 ] 94 luthien5921+shinsei1 - INFO - Form URL: https://www.shinsei.e-aichi.jp/pref-aichi-police-u/offer/offerList_detailTop?tempSeq=90549
[ 2024-04-16 04:54:19,820 ] 94 luthien5921+shinsei2 - INFO - Logging in
[ 2024-04-16 04:54:19,835 ] 94 luthien5921+shinsei2 - INFO - Current url: https://www.shinsei.e-aichi.jp/pref-aichi-police-u/offer/offerList_initDisplay
[ 2024-04-16 04:54:20,147 ] 94 luthien5921+shinsei2 - INFO - Logged in finished
[ 2024-04-16 04:54:20,148 ] 94 main_controller - INFO - Logged in successfully
[ 2024-04-16 04:54:20,418 ] 94 main_controller - INFO - Screenshot saved to C:\Users\USER\Projects\AichiTool\AichiSelenium\logs\2024_04_16\04_54_00\screenshot_luthien5921+shinsei2.png
[ 2024-04-16 04:54:20,420 ] 94 main_controller - INFO - Finding forms
[ 2024-04-16 04:54:20,446 ] 94 luthien5921+shinsei2 - INFO - On main page
[ 2024-04-16 04:54:21,973 ] 94 luthien5921+shinsei2 - INFO - Search submitted
[ 2024-04-16 04:54:22,001 ] 94 luthien5921+shinsei2 - INFO - Collected 4 forms
[ 2024-04-16 04:54:22,077 ] 94 luthien5921+shinsei2 - INFO - Parsed data: title: 【04月30日(火)】[東三] 運転免許学科試験〈原付のみ　初回・再受験者／日本語・ポルトガル語・英語受験者に限る＞gen, status: 受付開始日時, start_date: 2024年03月30日 07時30分, end_date: 2024年04月25日 12時00分, template_seq: 90551
[ 2024-04-16 04:54:22,079 ] 94 luthien5921+shinsei2 - INFO - Parsed data: title: 【04月30日(火)】[東三] 運転免許学科試験〈原付のみ　初回・再受験者／日本語・ポルトガル語・英語受験者に限る＞gen, status: 受付開始日時, start_date: 2024年03月30日 07時30分, end_date: 2024年04月25日 12時00分, template_seq: 90551
[ 2024-04-16 04:54:22,107 ] 94 luthien5921+shinsei2 - INFO - Parsed data: title: 【04月25日(木)】[東三] 運転免許学科試験〈原付のみ　初回・再受験者／日本語・ベトナム語・中国語受験者に限る＞gen, status: 受付開始日時, start_date: 2024年03月25日 07時30分, end_date: 2024年04月23日 12時00分, template_seq: 90550
[ 2024-04-16 04:54:22,112 ] 94 luthien5921+shinsei2 - INFO - Parsed data: title: 【04月25日(木)】[東三] 運転免許学科試験〈原付のみ　初回・再受験者／日本語・ベトナム語・中国語受験者に限る＞gen, status: 受付開始日時, start_date: 2024年03月25日 07時30分, end_date: 2024年04月23日 12時00分, template_seq: 90550
[ 2024-04-16 04:54:22,161 ] 94 luthien5921+shinsei2 - INFO - Parsed data: title: 【04月23日(火)】[東三] 運転免許学科試験〈原付のみ　初回・再受験者／日本語・ポルトガル語・英語受験者に限る＞gen, status: 受付開始日時, start_date: 2024年03月23日 07時30分, end_date: 2024年04月19日 12時00分, template_seq: 90549
[ 2024-04-16 04:54:22,162 ] 94 luthien5921+shinsei2 - INFO - Parsed data: title: 【04月23日(火)】[東三] 運転免許学科試験〈原付のみ　初回・再受験者／日本語・ポルトガル語・英語受験者に限る＞gen, status: 受付開始日時, start_date: 2024年03月23日 07時30分, end_date: 2024年04月19日 12時00分, template_seq: 90549
[ 2024-04-16 04:54:22,216 ] 94 luthien5921+shinsei2 - INFO - Parsed data: title: 【04月18日(木)】[東三] 運転免許学科試験〈原付のみ　初回・再受験者／日本語・ベトナム語・中国語受験者に限る＞gen, status: None, start_date: 2024年03月18日 07時30分, end_date: 2024年04月16日 12時00分, template_seq: 90548
[ 2024-04-16 04:54:22,218 ] 94 luthien5921+shinsei2 - INFO - Parsed data: title: 【04月18日(木)】[東三] 運転免許学科試験〈原付のみ　初回・再受験者／日本語・ベトナム語・中国語受験者に限る＞gen, status: None, start_date: 2024年03月18日 07時30分, end_date: 2024年04月16日 12時00分, template_seq: 90548
[ 2024-04-16 04:54:22,218 ] 94 luthien5921+shinsei2 - INFO - Number of filtered forms left is: 4 form(s)
[ 2024-04-16 04:54:22,218 ] 94 main_controller - INFO - Found 4 form(s)
[ 2024-04-16 04:54:22,218 ] 94 luthien5921+shinsei2 - INFO - Accessing form, template sequence: 90551
[ 2024-04-16 04:54:22,219 ] 94 luthien5921+shinsei2 - INFO - Form URL: https://www.shinsei.e-aichi.jp/pref-aichi-police-u/offer/offerList_detailTop?tempSeq=90551
[ 2024-04-16 04:54:24,002 ] 94 luthien5921 - INFO - Accessed form successfully
[ 2024-04-16 04:54:24,013 ] 82 luthien5921 - ERROR - Failed to get form message, maybe form is available
Traceback (most recent call last):
  File "C:\Users\USER\Projects\AichiTool\AichiSelenium\src\controllers\filler.py", line 114, in get_form_message
    message = browser.find_element(By.XPATH, "/html/body/main/div/form/div[3]/strong/ul/li/span/strong").text
  File "C:\ProgramData\anaconda3\envs\aichi\lib\site-packages\seleniumbase\core\sb_driver.py", line 20, in find_element
    return self.driver.default_find_element(by=by, value=value)
  File "C:\ProgramData\anaconda3\envs\aichi\lib\site-packages\selenium\webdriver\remote\webdriver.py", line 741, in find_element
    return self.execute(Command.FIND_ELEMENT, {"using": by, "value": value})["value"]
  File "C:\ProgramData\anaconda3\envs\aichi\lib\site-packages\selenium\webdriver\remote\webdriver.py", line 347, in execute
    self.error_handler.check_response(response)
  File "C:\ProgramData\anaconda3\envs\aichi\lib\site-packages\selenium\webdriver\remote\errorhandler.py", line 229, in check_response
    raise exception_class(message, screen, stacktrace)
selenium.common.exceptions.NoSuchElementException: Message: no such element: Unable to locate element: {"method":"xpath","selector":"/html/body/main/div/form/div[3]/strong/ul/li/span/strong"}
  (Session info: chrome=123.0.6312.107); For documentation on this error, please visit: https://www.selenium.dev/documentation/webdriver/troubleshooting/errors#no-such-element-exception
Stacktrace:
	GetHandleVerifier [0x00007FF770D87032+63090]
	(No symbol) [0x00007FF770CF2C82]
	(No symbol) [0x00007FF770B8EC65]
	(No symbol) [0x00007FF770BD499D]
	(No symbol) [0x00007FF770BD4ADC]
	(No symbol) [0x00007FF770C15B37]
	(No symbol) [0x00007FF770BF701F]
	(No symbol) [0x00007FF770C13412]
	(No symbol) [0x00007FF770BF6D83]
	(No symbol) [0x00007FF770BC83A8]
	(No symbol) [0x00007FF770BC9441]
	GetHandleVerifier [0x00007FF7711825AD+4238317]
	GetHandleVerifier [0x00007FF7711BF70D+4488525]
	GetHandleVerifier [0x00007FF7711B79EF+4456495]
	GetHandleVerifier [0x00007FF770E60576+953270]
	(No symbol) [0x00007FF770CFE54F]
	(No symbol) [0x00007FF770CF9224]
	(No symbol) [0x00007FF770CF935B]
	(No symbol) [0x00007FF770CE9B94]
	BaseThreadInitThunk [0x00007FFDC2F1257D+29]
	RtlUserThreadStart [0x00007FFDC3E0AA48+40]

[ 2024-04-16 04:54:24,015 ] 94 luthien5921 - INFO - Form is available, template sequence: 90549
[ 2024-04-16 04:54:24,015 ] 94 luthien5921 - INFO - Filling form, template sequence: 90549
[ 2024-04-16 04:54:25,447 ] 94 luthien5921+shinsei1 - INFO - Accessed form successfully
[ 2024-04-16 04:54:25,481 ] 82 luthien5921+shinsei1 - ERROR - Failed to get form message, maybe form is available
Traceback (most recent call last):
  File "C:\Users\USER\Projects\AichiTool\AichiSelenium\src\controllers\filler.py", line 114, in get_form_message
    message = browser.find_element(By.XPATH, "/html/body/main/div/form/div[3]/strong/ul/li/span/strong").text
  File "C:\ProgramData\anaconda3\envs\aichi\lib\site-packages\seleniumbase\core\sb_driver.py", line 20, in find_element
    return self.driver.default_find_element(by=by, value=value)
  File "C:\ProgramData\anaconda3\envs\aichi\lib\site-packages\selenium\webdriver\remote\webdriver.py", line 741, in find_element
    return self.execute(Command.FIND_ELEMENT, {"using": by, "value": value})["value"]
  File "C:\ProgramData\anaconda3\envs\aichi\lib\site-packages\selenium\webdriver\remote\webdriver.py", line 347, in execute
    self.error_handler.check_response(response)
  File "C:\ProgramData\anaconda3\envs\aichi\lib\site-packages\selenium\webdriver\remote\errorhandler.py", line 229, in check_response
    raise exception_class(message, screen, stacktrace)
selenium.common.exceptions.NoSuchElementException: Message: no such element: Unable to locate element: {"method":"xpath","selector":"/html/body/main/div/form/div[3]/strong/ul/li/span/strong"}
  (Session info: chrome=123.0.6312.107); For documentation on this error, please visit: https://www.selenium.dev/documentation/webdriver/troubleshooting/errors#no-such-element-exception
Stacktrace:
	GetHandleVerifier [0x00007FF770D87032+63090]
	(No symbol) [0x00007FF770CF2C82]
	(No symbol) [0x00007FF770B8EC65]
	(No symbol) [0x00007FF770BD499D]
	(No symbol) [0x00007FF770BD4ADC]
	(No symbol) [0x00007FF770C15B37]
	(No symbol) [0x00007FF770BF701F]
	(No symbol) [0x00007FF770C13412]
	(No symbol) [0x00007FF770BF6D83]
	(No symbol) [0x00007FF770BC83A8]
	(No symbol) [0x00007FF770BC9441]
	GetHandleVerifier [0x00007FF7711825AD+4238317]
	GetHandleVerifier [0x00007FF7711BF70D+4488525]
	GetHandleVerifier [0x00007FF7711B79EF+4456495]
	GetHandleVerifier [0x00007FF770E60576+953270]
	(No symbol) [0x00007FF770CFE54F]
	(No symbol) [0x00007FF770CF9224]
	(No symbol) [0x00007FF770CF935B]
	(No symbol) [0x00007FF770CE9B94]
	BaseThreadInitThunk [0x00007FFDC2F1257D+29]
	RtlUserThreadStart [0x00007FFDC3E0AA48+40]

[ 2024-04-16 04:54:25,484 ] 94 luthien5921+shinsei1 - INFO - Form is available, template sequence: 90549
[ 2024-04-16 04:54:25,485 ] 94 luthien5921+shinsei1 - INFO - Filling form, template sequence: 90549
[ 2024-04-16 04:54:25,780 ] 94 luthien5921 - INFO - Clicked continue button
[ 2024-04-16 04:54:25,883 ] 94 luthien5921 - INFO - Filled input: item[0].textData2 by name, value: Gia
[ 2024-04-16 04:54:25,948 ] 94 luthien5921 - INFO - Filled input: item[0].textData by name, value: Ly
[ 2024-04-16 04:54:26,061 ] 94 luthien5921 - INFO - Filled input: item[2].textData by name, value: 19981002
[ 2024-04-16 04:54:26,137 ] 94 luthien5921 - INFO - Filled input: item[4].textData by name, value: 0805678912
[ 2024-04-16 04:54:26,217 ] 94 luthien5921 - INFO - Filled input: item[5].textData by name, value: Samurai
[ 2024-04-16 04:54:26,285 ] 94 luthien5921 - INFO - Check checkbox: /html/body/form/main/div/div[4]/dl[8]/dd/fieldset/p/label/span by xpath
[ 2024-04-16 04:54:27,432 ] 94 luthien5921+shinsei1 - INFO - Clicked continue button
[ 2024-04-16 04:54:27,504 ] 94 luthien5921+shinsei1 - INFO - Filled input: item[0].textData2 by name, value: Duy
[ 2024-04-16 04:54:27,588 ] 94 luthien5921+shinsei1 - INFO - Filled input: item[0].textData by name, value: Do
[ 2024-04-16 04:54:27,710 ] 94 luthien5921+shinsei1 - INFO - Filled input: item[2].textData by name, value: 19940224
[ 2024-04-16 04:54:27,819 ] 94 luthien5921+shinsei1 - INFO - Filled input: item[4].textData by name, value: 0809998888
[ 2024-04-16 04:54:27,872 ] 94 luthien5921+shinsei2 - INFO - Accessed form successfully
[ 2024-04-16 04:54:27,910 ] 82 luthien5921+shinsei2 - ERROR - Failed to get form message, maybe form is available
Traceback (most recent call last):
  File "C:\Users\USER\Projects\AichiTool\AichiSelenium\src\controllers\filler.py", line 114, in get_form_message
    message = browser.find_element(By.XPATH, "/html/body/main/div/form/div[3]/strong/ul/li/span/strong").text
  File "C:\ProgramData\anaconda3\envs\aichi\lib\site-packages\seleniumbase\core\sb_driver.py", line 20, in find_element
    return self.driver.default_find_element(by=by, value=value)
  File "C:\ProgramData\anaconda3\envs\aichi\lib\site-packages\selenium\webdriver\remote\webdriver.py", line 741, in find_element
    return self.execute(Command.FIND_ELEMENT, {"using": by, "value": value})["value"]
  File "C:\ProgramData\anaconda3\envs\aichi\lib\site-packages\selenium\webdriver\remote\webdriver.py", line 347, in execute
    self.error_handler.check_response(response)
  File "C:\ProgramData\anaconda3\envs\aichi\lib\site-packages\selenium\webdriver\remote\errorhandler.py", line 229, in check_response
    raise exception_class(message, screen, stacktrace)
selenium.common.exceptions.NoSuchElementException: Message: no such element: Unable to locate element: {"method":"xpath","selector":"/html/body/main/div/form/div[3]/strong/ul/li/span/strong"}
  (Session info: chrome=123.0.6312.107); For documentation on this error, please visit: https://www.selenium.dev/documentation/webdriver/troubleshooting/errors#no-such-element-exception
Stacktrace:
	GetHandleVerifier [0x00007FF770D87032+63090]
	(No symbol) [0x00007FF770CF2C82]
	(No symbol) [0x00007FF770B8EC65]
	(No symbol) [0x00007FF770BD499D]
	(No symbol) [0x00007FF770BD4ADC]
	(No symbol) [0x00007FF770C15B37]
	(No symbol) [0x00007FF770BF701F]
	(No symbol) [0x00007FF770C13412]
	(No symbol) [0x00007FF770BF6D83]
	(No symbol) [0x00007FF770BC83A8]
	(No symbol) [0x00007FF770BC9441]
	GetHandleVerifier [0x00007FF7711825AD+4238317]
	GetHandleVerifier [0x00007FF7711BF70D+4488525]
	GetHandleVerifier [0x00007FF7711B79EF+4456495]
	GetHandleVerifier [0x00007FF770E60576+953270]
	(No symbol) [0x00007FF770CFE54F]
	(No symbol) [0x00007FF770CF9224]
	(No symbol) [0x00007FF770CF935B]
	(No symbol) [0x00007FF770CE9B94]
	BaseThreadInitThunk [0x00007FFDC2F1257D+29]
	RtlUserThreadStart [0x00007FFDC3E0AA48+40]

[ 2024-04-16 04:54:27,912 ] 94 luthien5921+shinsei2 - INFO - Form is available, template sequence: 90551
[ 2024-04-16 04:54:27,913 ] 94 luthien5921+shinsei2 - INFO - Filling form, template sequence: 90551
[ 2024-04-16 04:54:27,917 ] 94 luthien5921+shinsei1 - INFO - Filled input: item[5].textData by name, value: Ninja
[ 2024-04-16 04:54:28,028 ] 94 luthien5921+shinsei1 - INFO - Check checkbox: /html/body/form/main/div/div[4]/dl[8]/dd/fieldset/p/label/span by xpath
[ 2024-04-16 04:54:29,419 ] 94 luthien5921 - INFO - Get page source successfully
[ 2024-04-16 04:54:29,420 ] 94 luthien5921 - ERROR - Failed to fill form, template sequence: 90549
[ 2024-04-16 04:54:29,420 ] 94 main_controller - INFO - Failed to fill form, template sequence: 90549
[ 2024-04-16 04:54:29,421 ] 94 main_controller - INFO - Remaining form(s): 4
[ 2024-04-16 04:54:29,421 ] 94 luthien5921 - INFO - Accessing form, template sequence: 90551
[ 2024-04-16 04:54:29,421 ] 94 luthien5921 - INFO - Form URL: https://www.shinsei.e-aichi.jp/pref-aichi-police-u/offer/offerList_detailTop?tempSeq=90551
[ 2024-04-16 04:54:29,771 ] 82 luthien5921+shinsei1 - ERROR - Failed to click confirm button: Message: no such element: Unable to locate element: {"method":"xpath","selector":"/html/body/form/main/div/div[3]/div[2]/div/div[2]/button"}
  (Session info: chrome=123.0.6312.107); For documentation on this error, please visit: https://www.selenium.dev/documentation/webdriver/troubleshooting/errors#no-such-element-exception
Stacktrace:
	GetHandleVerifier [0x00007FF770D87032+63090]
	(No symbol) [0x00007FF770CF2C82]
	(No symbol) [0x00007FF770B8EC65]
	(No symbol) [0x00007FF770BD499D]
	(No symbol) [0x00007FF770BD4ADC]
	(No symbol) [0x00007FF770C15B37]
	(No symbol) [0x00007FF770BF701F]
	(No symbol) [0x00007FF770C13412]
	(No symbol) [0x00007FF770BF6D83]
	(No symbol) [0x00007FF770BC83A8]
	(No symbol) [0x00007FF770BC9441]
	GetHandleVerifier [0x00007FF7711825AD+4238317]
	GetHandleVerifier [0x00007FF7711BF70D+4488525]
	GetHandleVerifier [0x00007FF7711B79EF+4456495]
	GetHandleVerifier [0x00007FF770E60576+953270]
	(No symbol) [0x00007FF770CFE54F]
	(No symbol) [0x00007FF770CF9224]
	(No symbol) [0x00007FF770CF935B]
	(No symbol) [0x00007FF770CE9B94]
	BaseThreadInitThunk [0x00007FFDC2F1257D+29]
	RtlUserThreadStart [0x00007FFDC3E0AA48+40]
Traceback (most recent call last):
  File "C:\Users\USER\Projects\AichiTool\AichiSelenium\src\controllers\filler.py", line 86, in fill
    browser.find_element(By.XPATH, "/html/body/form/main/div/div[3]/div[2]/div/div[2]/button").click()
  File "C:\ProgramData\anaconda3\envs\aichi\lib\site-packages\seleniumbase\core\sb_driver.py", line 20, in find_element
    return self.driver.default_find_element(by=by, value=value)
  File "C:\ProgramData\anaconda3\envs\aichi\lib\site-packages\selenium\webdriver\remote\webdriver.py", line 741, in find_element
    return self.execute(Command.FIND_ELEMENT, {"using": by, "value": value})["value"]
  File "C:\ProgramData\anaconda3\envs\aichi\lib\site-packages\selenium\webdriver\remote\webdriver.py", line 347, in execute
    self.error_handler.check_response(response)
  File "C:\ProgramData\anaconda3\envs\aichi\lib\site-packages\selenium\webdriver\remote\errorhandler.py", line 229, in check_response
    raise exception_class(message, screen, stacktrace)
selenium.common.exceptions.NoSuchElementException: Message: no such element: Unable to locate element: {"method":"xpath","selector":"/html/body/form/main/div/div[3]/div[2]/div/div[2]/button"}
  (Session info: chrome=123.0.6312.107); For documentation on this error, please visit: https://www.selenium.dev/documentation/webdriver/troubleshooting/errors#no-such-element-exception
Stacktrace:
	GetHandleVerifier [0x00007FF770D87032+63090]
	(No symbol) [0x00007FF770CF2C82]
	(No symbol) [0x00007FF770B8EC65]
	(No symbol) [0x00007FF770BD499D]
	(No symbol) [0x00007FF770BD4ADC]
	(No symbol) [0x00007FF770C15B37]
	(No symbol) [0x00007FF770BF701F]
	(No symbol) [0x00007FF770C13412]
	(No symbol) [0x00007FF770BF6D83]
	(No symbol) [0x00007FF770BC83A8]
	(No symbol) [0x00007FF770BC9441]
	GetHandleVerifier [0x00007FF7711825AD+4238317]
	GetHandleVerifier [0x00007FF7711BF70D+4488525]
	GetHandleVerifier [0x00007FF7711B79EF+4456495]
	GetHandleVerifier [0x00007FF770E60576+953270]
	(No symbol) [0x00007FF770CFE54F]
	(No symbol) [0x00007FF770CF9224]
	(No symbol) [0x00007FF770CF935B]
	(No symbol) [0x00007FF770CE9B94]
	BaseThreadInitThunk [0x00007FFDC2F1257D+29]
	RtlUserThreadStart [0x00007FFDC3E0AA48+40]

[ 2024-04-16 04:54:29,773 ] 94 main_controller - INFO - Failed to fill form, template sequence: 90549
[ 2024-04-16 04:54:29,773 ] 94 main_controller - INFO - Remaining form(s): 4
[ 2024-04-16 04:54:29,774 ] 94 luthien5921+shinsei1 - INFO - Accessing form, template sequence: 90548
[ 2024-04-16 04:54:29,775 ] 94 luthien5921+shinsei1 - INFO - Form URL: https://www.shinsei.e-aichi.jp/pref-aichi-police-u/offer/offerList_detailTop?tempSeq=90548
[ 2024-04-16 04:54:30,219 ] 94 luthien5921+shinsei2 - INFO - Clicked continue button
[ 2024-04-16 04:54:30,323 ] 94 luthien5921+shinsei2 - INFO - Filled input: item[0].textData2 by name, value: Tuan
[ 2024-04-16 04:54:30,493 ] 94 luthien5921+shinsei2 - INFO - Filled input: item[0].textData by name, value: Luong
[ 2024-04-16 04:54:30,619 ] 94 luthien5921+shinsei2 - INFO - Filled input: item[2].textData by name, value: 19931112
[ 2024-04-16 04:54:30,717 ] 94 luthien5921+shinsei2 - INFO - Filled input: item[4].textData by name, value: 0809876543
[ 2024-04-16 04:54:30,790 ] 94 luthien5921+shinsei2 - INFO - Filled input: item[5].textData by name, value: Samurai
[ 2024-04-16 04:54:30,846 ] 94 luthien5921+shinsei2 - INFO - Check checkbox: /html/body/form/main/div/div[4]/dl[8]/dd/fieldset/p/label/span by xpath
[ 2024-04-16 04:54:34,236 ] 94 luthien5921+shinsei2 - ERROR - Form filled successfully, template sequence: 90551
[ 2024-04-16 04:54:34,236 ] 94 main_controller - INFO - Form filled successfully, template sequence: 90551
[ 2024-04-16 04:54:34,236 ] 94 main_controller - INFO - Remaining form(s): 3
[ 2024-04-16 04:54:34,236 ] 94 luthien5921+shinsei2 - INFO - Accessing form, template sequence: 90549
[ 2024-04-16 04:54:34,237 ] 94 luthien5921+shinsei2 - INFO - Form URL: https://www.shinsei.e-aichi.jp/pref-aichi-police-u/offer/offerList_detailTop?tempSeq=90549
[ 2024-04-16 04:54:35,059 ] 94 luthien5921 - INFO - Accessed form successfully
[ 2024-04-16 04:54:35,068 ] 82 luthien5921 - ERROR - Failed to get form message, maybe form is available
Traceback (most recent call last):
  File "C:\Users\USER\Projects\AichiTool\AichiSelenium\src\controllers\filler.py", line 114, in get_form_message
    message = browser.find_element(By.XPATH, "/html/body/main/div/form/div[3]/strong/ul/li/span/strong").text
  File "C:\ProgramData\anaconda3\envs\aichi\lib\site-packages\seleniumbase\core\sb_driver.py", line 20, in find_element
    return self.driver.default_find_element(by=by, value=value)
  File "C:\ProgramData\anaconda3\envs\aichi\lib\site-packages\selenium\webdriver\remote\webdriver.py", line 741, in find_element
    return self.execute(Command.FIND_ELEMENT, {"using": by, "value": value})["value"]
  File "C:\ProgramData\anaconda3\envs\aichi\lib\site-packages\selenium\webdriver\remote\webdriver.py", line 347, in execute
    self.error_handler.check_response(response)
  File "C:\ProgramData\anaconda3\envs\aichi\lib\site-packages\selenium\webdriver\remote\errorhandler.py", line 229, in check_response
    raise exception_class(message, screen, stacktrace)
selenium.common.exceptions.NoSuchElementException: Message: no such element: Unable to locate element: {"method":"xpath","selector":"/html/body/main/div/form/div[3]/strong/ul/li/span/strong"}
  (Session info: chrome=123.0.6312.107); For documentation on this error, please visit: https://www.selenium.dev/documentation/webdriver/troubleshooting/errors#no-such-element-exception
Stacktrace:
	GetHandleVerifier [0x00007FF770D87032+63090]
	(No symbol) [0x00007FF770CF2C82]
	(No symbol) [0x00007FF770B8EC65]
	(No symbol) [0x00007FF770BD499D]
	(No symbol) [0x00007FF770BD4ADC]
	(No symbol) [0x00007FF770C15B37]
	(No symbol) [0x00007FF770BF701F]
	(No symbol) [0x00007FF770C13412]
	(No symbol) [0x00007FF770BF6D83]
	(No symbol) [0x00007FF770BC83A8]
	(No symbol) [0x00007FF770BC9441]
	GetHandleVerifier [0x00007FF7711825AD+4238317]
	GetHandleVerifier [0x00007FF7711BF70D+4488525]
	GetHandleVerifier [0x00007FF7711B79EF+4456495]
	GetHandleVerifier [0x00007FF770E60576+953270]
	(No symbol) [0x00007FF770CFE54F]
	(No symbol) [0x00007FF770CF9224]
	(No symbol) [0x00007FF770CF935B]
	(No symbol) [0x00007FF770CE9B94]
	BaseThreadInitThunk [0x00007FFDC2F1257D+29]
	RtlUserThreadStart [0x00007FFDC3E0AA48+40]

[ 2024-04-16 04:54:35,069 ] 94 luthien5921 - INFO - Form is available, template sequence: 90551
[ 2024-04-16 04:54:35,069 ] 94 luthien5921 - INFO - Filling form, template sequence: 90551
[ 2024-04-16 04:54:36,861 ] 94 luthien5921 - INFO - Clicked continue button
[ 2024-04-16 04:54:36,923 ] 94 luthien5921 - INFO - Filled input: item[0].textData2 by name, value: Tuan
[ 2024-04-16 04:54:36,990 ] 94 luthien5921 - INFO - Filled input: item[0].textData by name, value: Mai
[ 2024-04-16 04:54:37,065 ] 94 luthien5921 - INFO - Filled input: item[2].textData by name, value: 19950719
[ 2024-04-16 04:54:37,135 ] 94 luthien5921 - INFO - Filled input: item[4].textData by name, value: 0805678912
[ 2024-04-16 04:54:37,198 ] 94 luthien5921 - INFO - Filled input: item[5].textData by name, value: Katana
[ 2024-04-16 04:54:37,249 ] 94 luthien5921 - INFO - Check checkbox: /html/body/form/main/div/div[4]/dl[8]/dd/fieldset/p/label/span by xpath
[ 2024-04-16 04:54:39,520 ] 94 luthien5921 - INFO - Get page source successfully
[ 2024-04-16 04:54:39,520 ] 94 luthien5921 - ERROR - Failed to fill form, template sequence: 90551
[ 2024-04-16 04:54:39,520 ] 94 main_controller - INFO - Failed to fill form, template sequence: 90551
[ 2024-04-16 04:54:39,520 ] 94 main_controller - INFO - Remaining form(s): 4
[ 2024-04-16 04:54:39,520 ] 94 luthien5921 - INFO - Accessing form, template sequence: 90550
[ 2024-04-16 04:54:39,520 ] 94 luthien5921 - INFO - Form URL: https://www.shinsei.e-aichi.jp/pref-aichi-police-u/offer/offerList_detailTop?tempSeq=90550
[ 2024-04-16 04:54:39,916 ] 94 luthien5921+shinsei2 - INFO - Accessed form successfully
[ 2024-04-16 04:54:39,923 ] 82 luthien5921+shinsei2 - ERROR - Failed to get form message, maybe form is available
Traceback (most recent call last):
  File "C:\Users\USER\Projects\AichiTool\AichiSelenium\src\controllers\filler.py", line 114, in get_form_message
    message = browser.find_element(By.XPATH, "/html/body/main/div/form/div[3]/strong/ul/li/span/strong").text
  File "C:\ProgramData\anaconda3\envs\aichi\lib\site-packages\seleniumbase\core\sb_driver.py", line 20, in find_element
    return self.driver.default_find_element(by=by, value=value)
  File "C:\ProgramData\anaconda3\envs\aichi\lib\site-packages\selenium\webdriver\remote\webdriver.py", line 741, in find_element
    return self.execute(Command.FIND_ELEMENT, {"using": by, "value": value})["value"]
  File "C:\ProgramData\anaconda3\envs\aichi\lib\site-packages\selenium\webdriver\remote\webdriver.py", line 347, in execute
    self.error_handler.check_response(response)
  File "C:\ProgramData\anaconda3\envs\aichi\lib\site-packages\selenium\webdriver\remote\errorhandler.py", line 229, in check_response
    raise exception_class(message, screen, stacktrace)
selenium.common.exceptions.NoSuchElementException: Message: no such element: Unable to locate element: {"method":"xpath","selector":"/html/body/main/div/form/div[3]/strong/ul/li/span/strong"}
  (Session info: chrome=123.0.6312.107); For documentation on this error, please visit: https://www.selenium.dev/documentation/webdriver/troubleshooting/errors#no-such-element-exception
Stacktrace:
	GetHandleVerifier [0x00007FF770D87032+63090]
	(No symbol) [0x00007FF770CF2C82]
	(No symbol) [0x00007FF770B8EC65]
	(No symbol) [0x00007FF770BD499D]
	(No symbol) [0x00007FF770BD4ADC]
	(No symbol) [0x00007FF770C15B37]
	(No symbol) [0x00007FF770BF701F]
	(No symbol) [0x00007FF770C13412]
	(No symbol) [0x00007FF770BF6D83]
	(No symbol) [0x00007FF770BC83A8]
	(No symbol) [0x00007FF770BC9441]
	GetHandleVerifier [0x00007FF7711825AD+4238317]
	GetHandleVerifier [0x00007FF7711BF70D+4488525]
	GetHandleVerifier [0x00007FF7711B79EF+4456495]
	GetHandleVerifier [0x00007FF770E60576+953270]
	(No symbol) [0x00007FF770CFE54F]
	(No symbol) [0x00007FF770CF9224]
	(No symbol) [0x00007FF770CF935B]
	(No symbol) [0x00007FF770CE9B94]
	BaseThreadInitThunk [0x00007FFDC2F1257D+29]
	RtlUserThreadStart [0x00007FFDC3E0AA48+40]

[ 2024-04-16 04:54:39,924 ] 94 luthien5921+shinsei2 - INFO - Form is available, template sequence: 90549
[ 2024-04-16 04:54:39,924 ] 94 luthien5921+shinsei2 - INFO - Filling form, template sequence: 90549
[ 2024-04-16 04:54:41,489 ] 94 luthien5921+shinsei2 - INFO - Clicked continue button
[ 2024-04-16 04:54:41,591 ] 94 luthien5921+shinsei2 - INFO - Filled input: item[0].textData2 by name, value: Huu
[ 2024-04-16 04:54:41,675 ] 94 luthien5921+shinsei2 - INFO - Filled input: item[0].textData by name, value: Luong
[ 2024-04-16 04:54:41,756 ] 94 luthien5921+shinsei2 - INFO - Filled input: item[2].textData by name, value: 19970224
[ 2024-04-16 04:54:41,818 ] 94 luthien5921+shinsei2 - INFO - Filled input: item[4].textData by name, value: 0801234567
[ 2024-04-16 04:54:41,883 ] 94 luthien5921+shinsei2 - INFO - Filled input: item[5].textData by name, value: Samurai
[ 2024-04-16 04:54:41,918 ] 94 luthien5921+shinsei2 - INFO - Check checkbox: /html/body/form/main/div/div[4]/dl[8]/dd/fieldset/p/label/span by xpath
[ 2024-04-16 04:54:44,980 ] 94 luthien5921+shinsei2 - ERROR - Form filled successfully, template sequence: 90549
[ 2024-04-16 04:54:44,980 ] 94 main_controller - INFO - Form filled successfully, template sequence: 90549
[ 2024-04-16 04:54:44,982 ] 94 main_controller - INFO - Remaining form(s): 2
[ 2024-04-16 04:54:44,982 ] 94 luthien5921+shinsei2 - INFO - Accessing form, template sequence: 90550
[ 2024-04-16 04:54:44,982 ] 94 luthien5921+shinsei2 - INFO - Form URL: https://www.shinsei.e-aichi.jp/pref-aichi-police-u/offer/offerList_detailTop?tempSeq=90550
[ 2024-04-16 04:54:45,245 ] 94 luthien5921 - INFO - Accessed form successfully
[ 2024-04-16 04:54:45,253 ] 82 luthien5921 - ERROR - Failed to get form message, maybe form is available
Traceback (most recent call last):
  File "C:\Users\USER\Projects\AichiTool\AichiSelenium\src\controllers\filler.py", line 114, in get_form_message
    message = browser.find_element(By.XPATH, "/html/body/main/div/form/div[3]/strong/ul/li/span/strong").text
  File "C:\ProgramData\anaconda3\envs\aichi\lib\site-packages\seleniumbase\core\sb_driver.py", line 20, in find_element
    return self.driver.default_find_element(by=by, value=value)
  File "C:\ProgramData\anaconda3\envs\aichi\lib\site-packages\selenium\webdriver\remote\webdriver.py", line 741, in find_element
    return self.execute(Command.FIND_ELEMENT, {"using": by, "value": value})["value"]
  File "C:\ProgramData\anaconda3\envs\aichi\lib\site-packages\selenium\webdriver\remote\webdriver.py", line 347, in execute
    self.error_handler.check_response(response)
  File "C:\ProgramData\anaconda3\envs\aichi\lib\site-packages\selenium\webdriver\remote\errorhandler.py", line 229, in check_response
    raise exception_class(message, screen, stacktrace)
selenium.common.exceptions.NoSuchElementException: Message: no such element: Unable to locate element: {"method":"xpath","selector":"/html/body/main/div/form/div[3]/strong/ul/li/span/strong"}
  (Session info: chrome=123.0.6312.107); For documentation on this error, please visit: https://www.selenium.dev/documentation/webdriver/troubleshooting/errors#no-such-element-exception
Stacktrace:
	GetHandleVerifier [0x00007FF770D87032+63090]
	(No symbol) [0x00007FF770CF2C82]
	(No symbol) [0x00007FF770B8EC65]
	(No symbol) [0x00007FF770BD499D]
	(No symbol) [0x00007FF770BD4ADC]
	(No symbol) [0x00007FF770C15B37]
	(No symbol) [0x00007FF770BF701F]
	(No symbol) [0x00007FF770C13412]
	(No symbol) [0x00007FF770BF6D83]
	(No symbol) [0x00007FF770BC83A8]
	(No symbol) [0x00007FF770BC9441]
	GetHandleVerifier [0x00007FF7711825AD+4238317]
	GetHandleVerifier [0x00007FF7711BF70D+4488525]
	GetHandleVerifier [0x00007FF7711B79EF+4456495]
	GetHandleVerifier [0x00007FF770E60576+953270]
	(No symbol) [0x00007FF770CFE54F]
	(No symbol) [0x00007FF770CF9224]
	(No symbol) [0x00007FF770CF935B]
	(No symbol) [0x00007FF770CE9B94]
	BaseThreadInitThunk [0x00007FFDC2F1257D+29]
	RtlUserThreadStart [0x00007FFDC3E0AA48+40]

[ 2024-04-16 04:54:45,254 ] 94 luthien5921 - INFO - Form is available, template sequence: 90550
[ 2024-04-16 04:54:45,254 ] 94 luthien5921 - INFO - Filling form, template sequence: 90550
[ 2024-04-16 04:54:47,104 ] 94 luthien5921 - INFO - Clicked continue button
[ 2024-04-16 04:54:47,176 ] 94 luthien5921 - INFO - Filled input: item[0].textData2 by name, value: Quoc
[ 2024-04-16 04:54:47,255 ] 94 luthien5921 - INFO - Filled input: item[0].textData by name, value: Le
[ 2024-04-16 04:54:47,351 ] 94 luthien5921 - INFO - Filled input: item[2].textData by name, value: 19950409
[ 2024-04-16 04:54:47,437 ] 94 luthien5921 - INFO - Filled input: item[4].textData by name, value: 0806543210
[ 2024-04-16 04:54:47,506 ] 94 luthien5921 - INFO - Filled input: item[5].textData by name, value: Shogun
[ 2024-04-16 04:54:47,546 ] 94 luthien5921 - INFO - Check checkbox: /html/body/form/main/div/div[4]/dl[8]/dd/fieldset/p/label/span by xpath
[ 2024-04-16 04:54:49,141 ] 94 luthien5921 - INFO - Get page source successfully
[ 2024-04-16 04:54:49,141 ] 94 luthien5921 - ERROR - Failed to fill form, template sequence: 90550
[ 2024-04-16 04:54:49,142 ] 94 main_controller - INFO - Failed to fill form, template sequence: 90550
[ 2024-04-16 04:54:49,142 ] 94 main_controller - INFO - Remaining form(s): 4
[ 2024-04-16 04:54:49,142 ] 94 luthien5921 - INFO - Accessing form, template sequence: 90548
[ 2024-04-16 04:54:49,142 ] 94 luthien5921 - INFO - Form URL: https://www.shinsei.e-aichi.jp/pref-aichi-police-u/offer/offerList_detailTop?tempSeq=90548
[ 2024-04-16 04:54:50,589 ] 94 luthien5921+shinsei2 - INFO - Accessed form successfully
[ 2024-04-16 04:54:50,603 ] 82 luthien5921+shinsei2 - ERROR - Failed to get form message, maybe form is available
Traceback (most recent call last):
  File "C:\Users\USER\Projects\AichiTool\AichiSelenium\src\controllers\filler.py", line 114, in get_form_message
    message = browser.find_element(By.XPATH, "/html/body/main/div/form/div[3]/strong/ul/li/span/strong").text
  File "C:\ProgramData\anaconda3\envs\aichi\lib\site-packages\seleniumbase\core\sb_driver.py", line 20, in find_element
    return self.driver.default_find_element(by=by, value=value)
  File "C:\ProgramData\anaconda3\envs\aichi\lib\site-packages\selenium\webdriver\remote\webdriver.py", line 741, in find_element
    return self.execute(Command.FIND_ELEMENT, {"using": by, "value": value})["value"]
  File "C:\ProgramData\anaconda3\envs\aichi\lib\site-packages\selenium\webdriver\remote\webdriver.py", line 347, in execute
    self.error_handler.check_response(response)
  File "C:\ProgramData\anaconda3\envs\aichi\lib\site-packages\selenium\webdriver\remote\errorhandler.py", line 229, in check_response
    raise exception_class(message, screen, stacktrace)
selenium.common.exceptions.NoSuchElementException: Message: no such element: Unable to locate element: {"method":"xpath","selector":"/html/body/main/div/form/div[3]/strong/ul/li/span/strong"}
  (Session info: chrome=123.0.6312.107); For documentation on this error, please visit: https://www.selenium.dev/documentation/webdriver/troubleshooting/errors#no-such-element-exception
Stacktrace:
	GetHandleVerifier [0x00007FF770D87032+63090]
	(No symbol) [0x00007FF770CF2C82]
	(No symbol) [0x00007FF770B8EC65]
	(No symbol) [0x00007FF770BD499D]
	(No symbol) [0x00007FF770BD4ADC]
	(No symbol) [0x00007FF770C15B37]
	(No symbol) [0x00007FF770BF701F]
	(No symbol) [0x00007FF770C13412]
	(No symbol) [0x00007FF770BF6D83]
	(No symbol) [0x00007FF770BC83A8]
	(No symbol) [0x00007FF770BC9441]
	GetHandleVerifier [0x00007FF7711825AD+4238317]
	GetHandleVerifier [0x00007FF7711BF70D+4488525]
	GetHandleVerifier [0x00007FF7711B79EF+4456495]
	GetHandleVerifier [0x00007FF770E60576+953270]
	(No symbol) [0x00007FF770CFE54F]
	(No symbol) [0x00007FF770CF9224]
	(No symbol) [0x00007FF770CF935B]
	(No symbol) [0x00007FF770CE9B94]
	BaseThreadInitThunk [0x00007FFDC2F1257D+29]
	RtlUserThreadStart [0x00007FFDC3E0AA48+40]

[ 2024-04-16 04:54:50,604 ] 94 luthien5921+shinsei2 - INFO - Form is available, template sequence: 90550
[ 2024-04-16 04:54:50,605 ] 94 luthien5921+shinsei2 - INFO - Filling form, template sequence: 90550
[ 2024-04-16 04:54:52,244 ] 94 luthien5921+shinsei2 - INFO - Clicked continue button
[ 2024-04-16 04:54:52,299 ] 94 luthien5921+shinsei2 - INFO - Filled input: item[0].textData2 by name, value: Son
[ 2024-04-16 04:54:52,366 ] 94 luthien5921+shinsei2 - INFO - Filled input: item[0].textData by name, value: Nguyen
[ 2024-04-16 04:54:52,451 ] 94 luthien5921+shinsei2 - INFO - Filled input: item[2].textData by name, value: 19950101
[ 2024-04-16 04:54:52,501 ] 94 luthien5921+shinsei2 - INFO - Filled input: item[4].textData by name, value: 0807774444
[ 2024-04-16 04:54:52,612 ] 94 luthien5921+shinsei2 - INFO - Filled input: item[5].textData by name, value: Katana
[ 2024-04-16 04:54:52,649 ] 94 luthien5921+shinsei2 - INFO - Check checkbox: /html/body/form/main/div/div[4]/dl[8]/dd/fieldset/p/label/span by xpath
[ 2024-04-16 04:54:54,783 ] 94 luthien5921 - INFO - Accessed form successfully
[ 2024-04-16 04:54:54,804 ] 94 luthien5921 - INFO - Form message: 大変申し訳ございません。申込数が上限に達した為、締め切らせていただきました。
[ 2024-04-16 04:54:54,806 ] 94 luthien5921 - INFO - Form is closed, template sequence: 90548
[ 2024-04-16 04:54:54,807 ] 94 main_controller - INFO - Form is closed, template sequence: 90548
[ 2024-04-16 04:54:54,808 ] 94 main_controller - INFO - Remaining form(s): 3
[ 2024-04-16 04:54:54,808 ] 94 luthien5921 - INFO - Accessing form, template sequence: 90549
[ 2024-04-16 04:54:54,809 ] 94 luthien5921 - INFO - Form URL: https://www.shinsei.e-aichi.jp/pref-aichi-police-u/offer/offerList_detailTop?tempSeq=90549
[ 2024-04-16 04:54:55,112 ] 94 luthien5921+shinsei2 - ERROR - Form filled successfully, template sequence: 90550
[ 2024-04-16 04:54:55,113 ] 94 main_controller - INFO - Form filled successfully, template sequence: 90550
[ 2024-04-16 04:54:55,114 ] 94 main_controller - INFO - Remaining form(s): 1
[ 2024-04-16 04:54:55,115 ] 94 luthien5921+shinsei2 - INFO - Accessing form, template sequence: 90548
[ 2024-04-16 04:54:55,115 ] 94 luthien5921+shinsei2 - INFO - Form URL: https://www.shinsei.e-aichi.jp/pref-aichi-police-u/offer/offerList_detailTop?tempSeq=90548
[ 2024-04-16 04:55:00,566 ] 94 luthien5921 - INFO - Accessed form successfully
[ 2024-04-16 04:55:00,579 ] 82 luthien5921 - ERROR - Failed to get form message, maybe form is available
Traceback (most recent call last):
  File "C:\Users\USER\Projects\AichiTool\AichiSelenium\src\controllers\filler.py", line 114, in get_form_message
    message = browser.find_element(By.XPATH, "/html/body/main/div/form/div[3]/strong/ul/li/span/strong").text
  File "C:\ProgramData\anaconda3\envs\aichi\lib\site-packages\seleniumbase\core\sb_driver.py", line 20, in find_element
    return self.driver.default_find_element(by=by, value=value)
  File "C:\ProgramData\anaconda3\envs\aichi\lib\site-packages\selenium\webdriver\remote\webdriver.py", line 741, in find_element
    return self.execute(Command.FIND_ELEMENT, {"using": by, "value": value})["value"]
  File "C:\ProgramData\anaconda3\envs\aichi\lib\site-packages\selenium\webdriver\remote\webdriver.py", line 347, in execute
    self.error_handler.check_response(response)
  File "C:\ProgramData\anaconda3\envs\aichi\lib\site-packages\selenium\webdriver\remote\errorhandler.py", line 229, in check_response
    raise exception_class(message, screen, stacktrace)
selenium.common.exceptions.NoSuchElementException: Message: no such element: Unable to locate element: {"method":"xpath","selector":"/html/body/main/div/form/div[3]/strong/ul/li/span/strong"}
  (Session info: chrome=123.0.6312.107); For documentation on this error, please visit: https://www.selenium.dev/documentation/webdriver/troubleshooting/errors#no-such-element-exception
Stacktrace:
	GetHandleVerifier [0x00007FF770D87032+63090]
	(No symbol) [0x00007FF770CF2C82]
	(No symbol) [0x00007FF770B8EC65]
	(No symbol) [0x00007FF770BD499D]
	(No symbol) [0x00007FF770BD4ADC]
	(No symbol) [0x00007FF770C15B37]
	(No symbol) [0x00007FF770BF701F]
	(No symbol) [0x00007FF770C13412]
	(No symbol) [0x00007FF770BF6D83]
	(No symbol) [0x00007FF770BC83A8]
	(No symbol) [0x00007FF770BC9441]
	GetHandleVerifier [0x00007FF7711825AD+4238317]
	GetHandleVerifier [0x00007FF7711BF70D+4488525]
	GetHandleVerifier [0x00007FF7711B79EF+4456495]
	GetHandleVerifier [0x00007FF770E60576+953270]
	(No symbol) [0x00007FF770CFE54F]
	(No symbol) [0x00007FF770CF9224]
	(No symbol) [0x00007FF770CF935B]
	(No symbol) [0x00007FF770CE9B94]
	BaseThreadInitThunk [0x00007FFDC2F1257D+29]
	RtlUserThreadStart [0x00007FFDC3E0AA48+40]

[ 2024-04-16 04:55:00,580 ] 94 luthien5921 - INFO - Form is available, template sequence: 90549
[ 2024-04-16 04:55:00,581 ] 94 luthien5921 - INFO - Filling form, template sequence: 90549
[ 2024-04-16 04:55:00,868 ] 94 luthien5921+shinsei2 - INFO - Accessed form successfully
[ 2024-04-16 04:55:00,894 ] 94 luthien5921+shinsei2 - INFO - Form message: 大変申し訳ございません。申込数が上限に達した為、締め切らせていただきました。
[ 2024-04-16 04:55:00,896 ] 94 luthien5921+shinsei2 - INFO - Form is closed, template sequence: 90548
[ 2024-04-16 04:55:00,896 ] 94 main_controller - INFO - Form is closed, template sequence: 90548
[ 2024-04-16 04:55:00,897 ] 94 main_controller - INFO - Remaining form(s): 0
[ 2024-04-16 04:55:00,897 ] 94 main_controller - INFO - All forms passed
[ 2024-04-16 04:55:02,716 ] 94 luthien5921 - INFO - Clicked continue button
[ 2024-04-16 04:55:02,770 ] 94 luthien5921 - INFO - Filled input: item[0].textData2 by name, value: Hoai
[ 2024-04-16 04:55:02,865 ] 94 luthien5921 - INFO - Filled input: item[0].textData by name, value: Ho
[ 2024-04-16 04:55:02,999 ] 94 luthien5921 - INFO - Filled input: item[2].textData by name, value: 19980726
[ 2024-04-16 04:55:03,086 ] 94 luthien5921 - INFO - Filled input: item[4].textData by name, value: 0803692584
[ 2024-04-16 04:55:03,195 ] 94 luthien5921 - INFO - Filled input: item[5].textData by name, value: Katana
[ 2024-04-16 04:55:03,257 ] 94 luthien5921 - INFO - Check checkbox: /html/body/form/main/div/div[4]/dl[8]/dd/fieldset/p/label/span by xpath
[ 2024-04-16 04:55:06,092 ] 94 luthien5921 - INFO - Get page source successfully
[ 2024-04-16 04:55:06,092 ] 94 luthien5921 - ERROR - Failed to fill form, template sequence: 90549
[ 2024-04-16 04:55:06,093 ] 94 main_controller - INFO - Failed to fill form, template sequence: 90549
[ 2024-04-16 04:55:06,093 ] 94 main_controller - INFO - Remaining form(s): 3
[ 2024-04-16 04:55:06,093 ] 94 luthien5921 - INFO - Accessing form, template sequence: 90551
[ 2024-04-16 04:55:06,093 ] 94 luthien5921 - INFO - Form URL: https://www.shinsei.e-aichi.jp/pref-aichi-police-u/offer/offerList_detailTop?tempSeq=90551
[ 2024-04-16 04:55:10,913 ] 94 main_controller - INFO - Closing browser
[ 2024-04-16 04:55:11,742 ] 94 luthien5921 - INFO - Accessed form successfully
[ 2024-04-16 04:55:11,750 ] 82 luthien5921 - ERROR - Failed to get form message, maybe form is available
Traceback (most recent call last):
  File "C:\Users\USER\Projects\AichiTool\AichiSelenium\src\controllers\filler.py", line 114, in get_form_message
    message = browser.find_element(By.XPATH, "/html/body/main/div/form/div[3]/strong/ul/li/span/strong").text
  File "C:\ProgramData\anaconda3\envs\aichi\lib\site-packages\seleniumbase\core\sb_driver.py", line 20, in find_element
    return self.driver.default_find_element(by=by, value=value)
  File "C:\ProgramData\anaconda3\envs\aichi\lib\site-packages\selenium\webdriver\remote\webdriver.py", line 741, in find_element
    return self.execute(Command.FIND_ELEMENT, {"using": by, "value": value})["value"]
  File "C:\ProgramData\anaconda3\envs\aichi\lib\site-packages\selenium\webdriver\remote\webdriver.py", line 347, in execute
    self.error_handler.check_response(response)
  File "C:\ProgramData\anaconda3\envs\aichi\lib\site-packages\selenium\webdriver\remote\errorhandler.py", line 229, in check_response
    raise exception_class(message, screen, stacktrace)
selenium.common.exceptions.NoSuchElementException: Message: no such element: Unable to locate element: {"method":"xpath","selector":"/html/body/main/div/form/div[3]/strong/ul/li/span/strong"}
  (Session info: chrome=123.0.6312.107); For documentation on this error, please visit: https://www.selenium.dev/documentation/webdriver/troubleshooting/errors#no-such-element-exception
Stacktrace:
	GetHandleVerifier [0x00007FF770D87032+63090]
	(No symbol) [0x00007FF770CF2C82]
	(No symbol) [0x00007FF770B8EC65]
	(No symbol) [0x00007FF770BD499D]
	(No symbol) [0x00007FF770BD4ADC]
	(No symbol) [0x00007FF770C15B37]
	(No symbol) [0x00007FF770BF701F]
	(No symbol) [0x00007FF770C13412]
	(No symbol) [0x00007FF770BF6D83]
	(No symbol) [0x00007FF770BC83A8]
	(No symbol) [0x00007FF770BC9441]
	GetHandleVerifier [0x00007FF7711825AD+4238317]
	GetHandleVerifier [0x00007FF7711BF70D+4488525]
	GetHandleVerifier [0x00007FF7711B79EF+4456495]
	GetHandleVerifier [0x00007FF770E60576+953270]
	(No symbol) [0x00007FF770CFE54F]
	(No symbol) [0x00007FF770CF9224]
	(No symbol) [0x00007FF770CF935B]
	(No symbol) [0x00007FF770CE9B94]
	BaseThreadInitThunk [0x00007FFDC2F1257D+29]
	RtlUserThreadStart [0x00007FFDC3E0AA48+40]

[ 2024-04-16 04:55:11,751 ] 94 luthien5921 - INFO - Form is available, template sequence: 90551
[ 2024-04-16 04:55:11,751 ] 94 luthien5921 - INFO - Filling form, template sequence: 90551
[ 2024-04-16 04:55:13,120 ] 94 luthien5921 - INFO - Clicked continue button
[ 2024-04-16 04:55:13,193 ] 94 luthien5921 - INFO - Filled input: item[0].textData2 by name, value: Tuan
[ 2024-04-16 04:55:13,206 ] 94 main_controller - INFO - Browser closed
[ 2024-04-16 04:55:13,237 ] 94 luthien5921 - INFO - Filled input: item[0].textData by name, value: Bui
[ 2024-04-16 04:55:13,318 ] 94 luthien5921 - INFO - Filled input: item[2].textData by name, value: 19920620
[ 2024-04-16 04:55:13,381 ] 94 luthien5921 - INFO - Filled input: item[4].textData by name, value: 0803692584
[ 2024-04-16 04:55:13,432 ] 94 luthien5921 - INFO - Filled input: item[5].textData by name, value: Samurai
[ 2024-04-16 04:55:13,492 ] 94 luthien5921 - INFO - Check checkbox: /html/body/form/main/div/div[4]/dl[8]/dd/fieldset/p/label/span by xpath
[ 2024-04-16 04:55:16,036 ] 94 luthien5921 - INFO - Get page source successfully
[ 2024-04-16 04:55:16,036 ] 94 luthien5921 - ERROR - Failed to fill form, template sequence: 90551
[ 2024-04-16 04:55:16,037 ] 94 main_controller - INFO - Failed to fill form, template sequence: 90551
[ 2024-04-16 04:55:16,037 ] 94 main_controller - INFO - Remaining form(s): 3
[ 2024-04-16 04:55:16,037 ] 94 luthien5921 - INFO - Accessing form, template sequence: 90550
[ 2024-04-16 04:55:16,037 ] 94 luthien5921 - INFO - Form URL: https://www.shinsei.e-aichi.jp/pref-aichi-police-u/offer/offerList_detailTop?tempSeq=90550
[ 2024-04-16 04:55:21,586 ] 94 luthien5921 - INFO - Accessed form successfully
[ 2024-04-16 04:55:21,594 ] 82 luthien5921 - ERROR - Failed to get form message, maybe form is available
Traceback (most recent call last):
  File "C:\Users\USER\Projects\AichiTool\AichiSelenium\src\controllers\filler.py", line 114, in get_form_message
    message = browser.find_element(By.XPATH, "/html/body/main/div/form/div[3]/strong/ul/li/span/strong").text
  File "C:\ProgramData\anaconda3\envs\aichi\lib\site-packages\seleniumbase\core\sb_driver.py", line 20, in find_element
    return self.driver.default_find_element(by=by, value=value)
  File "C:\ProgramData\anaconda3\envs\aichi\lib\site-packages\selenium\webdriver\remote\webdriver.py", line 741, in find_element
    return self.execute(Command.FIND_ELEMENT, {"using": by, "value": value})["value"]
  File "C:\ProgramData\anaconda3\envs\aichi\lib\site-packages\selenium\webdriver\remote\webdriver.py", line 347, in execute
    self.error_handler.check_response(response)
  File "C:\ProgramData\anaconda3\envs\aichi\lib\site-packages\selenium\webdriver\remote\errorhandler.py", line 229, in check_response
    raise exception_class(message, screen, stacktrace)
selenium.common.exceptions.NoSuchElementException: Message: no such element: Unable to locate element: {"method":"xpath","selector":"/html/body/main/div/form/div[3]/strong/ul/li/span/strong"}
  (Session info: chrome=123.0.6312.107); For documentation on this error, please visit: https://www.selenium.dev/documentation/webdriver/troubleshooting/errors#no-such-element-exception
Stacktrace:
	GetHandleVerifier [0x00007FF770D87032+63090]
	(No symbol) [0x00007FF770CF2C82]
	(No symbol) [0x00007FF770B8EC65]
	(No symbol) [0x00007FF770BD499D]
	(No symbol) [0x00007FF770BD4ADC]
	(No symbol) [0x00007FF770C15B37]
	(No symbol) [0x00007FF770BF701F]
	(No symbol) [0x00007FF770C13412]
	(No symbol) [0x00007FF770BF6D83]
	(No symbol) [0x00007FF770BC83A8]
	(No symbol) [0x00007FF770BC9441]
	GetHandleVerifier [0x00007FF7711825AD+4238317]
	GetHandleVerifier [0x00007FF7711BF70D+4488525]
	GetHandleVerifier [0x00007FF7711B79EF+4456495]
	GetHandleVerifier [0x00007FF770E60576+953270]
	(No symbol) [0x00007FF770CFE54F]
	(No symbol) [0x00007FF770CF9224]
	(No symbol) [0x00007FF770CF935B]
	(No symbol) [0x00007FF770CE9B94]
	BaseThreadInitThunk [0x00007FFDC2F1257D+29]
	RtlUserThreadStart [0x00007FFDC3E0AA48+40]

[ 2024-04-16 04:55:21,595 ] 94 luthien5921 - INFO - Form is available, template sequence: 90550
[ 2024-04-16 04:55:21,595 ] 94 luthien5921 - INFO - Filling form, template sequence: 90550
[ 2024-04-16 04:55:23,279 ] 94 luthien5921 - INFO - Clicked continue button
[ 2024-04-16 04:55:23,334 ] 94 luthien5921 - INFO - Filled input: item[0].textData2 by name, value: Phong
[ 2024-04-16 04:55:23,387 ] 94 luthien5921 - INFO - Filled input: item[0].textData by name, value: Vo
[ 2024-04-16 04:55:23,488 ] 94 luthien5921 - INFO - Filled input: item[2].textData by name, value: 19950101
[ 2024-04-16 04:55:23,623 ] 94 luthien5921 - INFO - Filled input: item[4].textData by name, value: 0803692584
[ 2024-04-16 04:55:23,663 ] 94 luthien5921 - INFO - Filled input: item[5].textData by name, value: Katana
[ 2024-04-16 04:55:23,702 ] 94 luthien5921 - INFO - Check checkbox: /html/body/form/main/div/div[4]/dl[8]/dd/fieldset/p/label/span by xpath
[ 2024-04-16 04:55:25,604 ] 94 luthien5921 - INFO - Get page source successfully
[ 2024-04-16 04:55:25,605 ] 94 luthien5921 - ERROR - Failed to fill form, template sequence: 90550
[ 2024-04-16 04:55:25,605 ] 94 main_controller - INFO - Failed to fill form, template sequence: 90550
[ 2024-04-16 04:55:25,605 ] 94 main_controller - INFO - Remaining form(s): 3
[ 2024-04-16 04:55:25,605 ] 94 luthien5921 - INFO - Accessing form, template sequence: 90549
[ 2024-04-16 04:55:25,605 ] 94 luthien5921 - INFO - Form URL: https://www.shinsei.e-aichi.jp/pref-aichi-police-u/offer/offerList_detailTop?tempSeq=90549
[ 2024-04-16 04:55:31,184 ] 94 luthien5921 - INFO - Accessed form successfully
[ 2024-04-16 04:55:31,193 ] 82 luthien5921 - ERROR - Failed to get form message, maybe form is available
Traceback (most recent call last):
  File "C:\Users\USER\Projects\AichiTool\AichiSelenium\src\controllers\filler.py", line 114, in get_form_message
    message = browser.find_element(By.XPATH, "/html/body/main/div/form/div[3]/strong/ul/li/span/strong").text
  File "C:\ProgramData\anaconda3\envs\aichi\lib\site-packages\seleniumbase\core\sb_driver.py", line 20, in find_element
    return self.driver.default_find_element(by=by, value=value)
  File "C:\ProgramData\anaconda3\envs\aichi\lib\site-packages\selenium\webdriver\remote\webdriver.py", line 741, in find_element
    return self.execute(Command.FIND_ELEMENT, {"using": by, "value": value})["value"]
  File "C:\ProgramData\anaconda3\envs\aichi\lib\site-packages\selenium\webdriver\remote\webdriver.py", line 347, in execute
    self.error_handler.check_response(response)
  File "C:\ProgramData\anaconda3\envs\aichi\lib\site-packages\selenium\webdriver\remote\errorhandler.py", line 229, in check_response
    raise exception_class(message, screen, stacktrace)
selenium.common.exceptions.NoSuchElementException: Message: no such element: Unable to locate element: {"method":"xpath","selector":"/html/body/main/div/form/div[3]/strong/ul/li/span/strong"}
  (Session info: chrome=123.0.6312.107); For documentation on this error, please visit: https://www.selenium.dev/documentation/webdriver/troubleshooting/errors#no-such-element-exception
Stacktrace:
	GetHandleVerifier [0x00007FF770D87032+63090]
	(No symbol) [0x00007FF770CF2C82]
	(No symbol) [0x00007FF770B8EC65]
	(No symbol) [0x00007FF770BD499D]
	(No symbol) [0x00007FF770BD4ADC]
	(No symbol) [0x00007FF770C15B37]
	(No symbol) [0x00007FF770BF701F]
	(No symbol) [0x00007FF770C13412]
	(No symbol) [0x00007FF770BF6D83]
	(No symbol) [0x00007FF770BC83A8]
	(No symbol) [0x00007FF770BC9441]
	GetHandleVerifier [0x00007FF7711825AD+4238317]
	GetHandleVerifier [0x00007FF7711BF70D+4488525]
	GetHandleVerifier [0x00007FF7711B79EF+4456495]
	GetHandleVerifier [0x00007FF770E60576+953270]
	(No symbol) [0x00007FF770CFE54F]
	(No symbol) [0x00007FF770CF9224]
	(No symbol) [0x00007FF770CF935B]
	(No symbol) [0x00007FF770CE9B94]
	BaseThreadInitThunk [0x00007FFDC2F1257D+29]
	RtlUserThreadStart [0x00007FFDC3E0AA48+40]

[ 2024-04-16 04:55:31,194 ] 94 luthien5921 - INFO - Form is available, template sequence: 90549
[ 2024-04-16 04:55:31,194 ] 94 luthien5921 - INFO - Filling form, template sequence: 90549
[ 2024-04-16 04:55:32,496 ] 94 luthien5921 - INFO - Clicked continue button
[ 2024-04-16 04:55:32,561 ] 94 luthien5921 - INFO - Filled input: item[0].textData2 by name, value: Khanh
[ 2024-04-16 04:55:32,609 ] 94 luthien5921 - INFO - Filled input: item[0].textData by name, value: Hoang
[ 2024-04-16 04:55:32,700 ] 94 luthien5921 - INFO - Filled input: item[2].textData by name, value: 20030606
[ 2024-04-16 04:55:32,766 ] 94 luthien5921 - INFO - Filled input: item[4].textData by name, value: 0807774444
[ 2024-04-16 04:55:32,812 ] 94 luthien5921 - INFO - Filled input: item[5].textData by name, value: Samurai
[ 2024-04-16 04:55:32,884 ] 94 luthien5921 - INFO - Check checkbox: /html/body/form/main/div/div[4]/dl[8]/dd/fieldset/p/label/span by xpath
[ 2024-04-16 04:55:34,842 ] 94 luthien5921 - INFO - Get page source successfully
[ 2024-04-16 04:55:34,843 ] 94 luthien5921 - ERROR - Failed to fill form, template sequence: 90549
[ 2024-04-16 04:55:34,845 ] 94 main_controller - INFO - Failed to fill form, template sequence: 90549
[ 2024-04-16 04:55:34,846 ] 94 main_controller - INFO - Remaining form(s): 3
[ 2024-04-16 04:55:34,846 ] 94 luthien5921 - INFO - Accessing form, template sequence: 90551
[ 2024-04-16 04:55:34,847 ] 94 luthien5921 - INFO - Form URL: https://www.shinsei.e-aichi.jp/pref-aichi-police-u/offer/offerList_detailTop?tempSeq=90551
[ 2024-04-16 04:55:36,086 ] 82 luthien5921+shinsei1 - ERROR - Failed to access form: Message: invalid session id
Stacktrace:
	GetHandleVerifier [0x00007FF770D87032+63090]
	(No symbol) [0x00007FF770CF2C82]
	(No symbol) [0x00007FF770B8EB1D]
	(No symbol) [0x00007FF770BC7E27]
	(No symbol) [0x00007FF770BF6E89]
	(No symbol) [0x00007FF770BF12AB]
	(No symbol) [0x00007FF770BF0C76]
	(No symbol) [0x00007FF770B62E55]
	GetHandleVerifier [0x00007FF7711825AD+4238317]
	GetHandleVerifier [0x00007FF7711BF70D+4488525]
	GetHandleVerifier [0x00007FF7711B79EF+4456495]
	GetHandleVerifier [0x00007FF770E60576+953270]
	(No symbol) [0x00007FF770CFE54F]
	(No symbol) [0x00007FF770B61E90]
	GetHandleVerifier [0x00007FF771209958+4792216]
	BaseThreadInitThunk [0x00007FFDC2F1257D+29]
	RtlUserThreadStart [0x00007FFDC3E0AA48+40]
Traceback (most recent call last):
  File "C:\Users\USER\Projects\AichiTool\AichiSelenium\src\controllers\filler.py", line 21, in fill
    browser.get(form_info.url)
  File "C:\ProgramData\anaconda3\envs\aichi\lib\site-packages\seleniumbase\core\browser_launcher.py", line 3739, in <lambda>
    driver.get = lambda url: uc_special_open_if_cf(
  File "C:\ProgramData\anaconda3\envs\aichi\lib\site-packages\seleniumbase\core\browser_launcher.py", line 396, in uc_special_open_if_cf
    driver.switch_to.window(driver.window_handles[-1])
  File "C:\ProgramData\anaconda3\envs\aichi\lib\site-packages\seleniumbase\undetected\__init__.py", line 326, in __getattribute__
    return super().__getattribute__(item)
  File "C:\ProgramData\anaconda3\envs\aichi\lib\site-packages\selenium\webdriver\remote\webdriver.py", line 494, in window_handles
    return self.execute(Command.W3C_GET_WINDOW_HANDLES)["value"]
  File "C:\ProgramData\anaconda3\envs\aichi\lib\site-packages\selenium\webdriver\remote\webdriver.py", line 347, in execute
    self.error_handler.check_response(response)
  File "C:\ProgramData\anaconda3\envs\aichi\lib\site-packages\selenium\webdriver\remote\errorhandler.py", line 229, in check_response
    raise exception_class(message, screen, stacktrace)
selenium.common.exceptions.InvalidSessionIdException: Message: invalid session id
Stacktrace:
	GetHandleVerifier [0x00007FF770D87032+63090]
	(No symbol) [0x00007FF770CF2C82]
	(No symbol) [0x00007FF770B8EB1D]
	(No symbol) [0x00007FF770BC7E27]
	(No symbol) [0x00007FF770BF6E89]
	(No symbol) [0x00007FF770BF12AB]
	(No symbol) [0x00007FF770BF0C76]
	(No symbol) [0x00007FF770B62E55]
	GetHandleVerifier [0x00007FF7711825AD+4238317]
	GetHandleVerifier [0x00007FF7711BF70D+4488525]
	GetHandleVerifier [0x00007FF7711B79EF+4456495]
	GetHandleVerifier [0x00007FF770E60576+953270]
	(No symbol) [0x00007FF770CFE54F]
	(No symbol) [0x00007FF770B61E90]
	GetHandleVerifier [0x00007FF771209958+4792216]
	BaseThreadInitThunk [0x00007FFDC2F1257D+29]
	RtlUserThreadStart [0x00007FFDC3E0AA48+40]

[ 2024-04-16 04:55:36,092 ] 94 main_controller - INFO - Failed to fill form, template sequence: 90548
[ 2024-04-16 04:55:36,093 ] 94 main_controller - INFO - Remaining form(s): 4
[ 2024-04-16 04:55:36,093 ] 94 luthien5921+shinsei1 - INFO - Accessing form, template sequence: 90550
[ 2024-04-16 04:55:36,094 ] 94 luthien5921+shinsei1 - INFO - Form URL: https://www.shinsei.e-aichi.jp/pref-aichi-police-u/offer/offerList_detailTop?tempSeq=90550
[ 2024-04-16 04:55:40,523 ] 94 luthien5921 - INFO - Accessed form successfully
[ 2024-04-16 04:55:40,543 ] 82 luthien5921 - ERROR - Failed to get form message, maybe form is available
Traceback (most recent call last):
  File "C:\Users\USER\Projects\AichiTool\AichiSelenium\src\controllers\filler.py", line 114, in get_form_message
    message = browser.find_element(By.XPATH, "/html/body/main/div/form/div[3]/strong/ul/li/span/strong").text
  File "C:\ProgramData\anaconda3\envs\aichi\lib\site-packages\seleniumbase\core\sb_driver.py", line 20, in find_element
    return self.driver.default_find_element(by=by, value=value)
  File "C:\ProgramData\anaconda3\envs\aichi\lib\site-packages\selenium\webdriver\remote\webdriver.py", line 741, in find_element
    return self.execute(Command.FIND_ELEMENT, {"using": by, "value": value})["value"]
  File "C:\ProgramData\anaconda3\envs\aichi\lib\site-packages\selenium\webdriver\remote\webdriver.py", line 347, in execute
    self.error_handler.check_response(response)
  File "C:\ProgramData\anaconda3\envs\aichi\lib\site-packages\selenium\webdriver\remote\errorhandler.py", line 229, in check_response
    raise exception_class(message, screen, stacktrace)
selenium.common.exceptions.NoSuchElementException: Message: no such element: Unable to locate element: {"method":"xpath","selector":"/html/body/main/div/form/div[3]/strong/ul/li/span/strong"}
  (Session info: chrome=123.0.6312.107); For documentation on this error, please visit: https://www.selenium.dev/documentation/webdriver/troubleshooting/errors#no-such-element-exception
Stacktrace:
	GetHandleVerifier [0x00007FF770D87032+63090]
	(No symbol) [0x00007FF770CF2C82]
	(No symbol) [0x00007FF770B8EC65]
	(No symbol) [0x00007FF770BD499D]
	(No symbol) [0x00007FF770BD4ADC]
	(No symbol) [0x00007FF770C15B37]
	(No symbol) [0x00007FF770BF701F]
	(No symbol) [0x00007FF770C13412]
	(No symbol) [0x00007FF770BF6D83]
	(No symbol) [0x00007FF770BC83A8]
	(No symbol) [0x00007FF770BC9441]
	GetHandleVerifier [0x00007FF7711825AD+4238317]
	GetHandleVerifier [0x00007FF7711BF70D+4488525]
	GetHandleVerifier [0x00007FF7711B79EF+4456495]
	GetHandleVerifier [0x00007FF770E60576+953270]
	(No symbol) [0x00007FF770CFE54F]
	(No symbol) [0x00007FF770CF9224]
	(No symbol) [0x00007FF770CF935B]
	(No symbol) [0x00007FF770CE9B94]
	BaseThreadInitThunk [0x00007FFDC2F1257D+29]
	RtlUserThreadStart [0x00007FFDC3E0AA48+40]

[ 2024-04-16 04:55:40,545 ] 94 luthien5921 - INFO - Form is available, template sequence: 90551
[ 2024-04-16 04:55:40,545 ] 94 luthien5921 - INFO - Filling form, template sequence: 90551
[ 2024-04-16 04:55:41,885 ] 94 luthien5921 - INFO - Clicked continue button
[ 2024-04-16 04:55:41,948 ] 94 luthien5921 - INFO - Filled input: item[0].textData2 by name, value: Tuan
[ 2024-04-16 04:55:42,024 ] 94 luthien5921 - INFO - Filled input: item[0].textData by name, value: Mai
[ 2024-04-16 04:55:42,107 ] 94 luthien5921 - INFO - Filled input: item[2].textData by name, value: 20000303
[ 2024-04-16 04:55:42,188 ] 94 luthien5921 - INFO - Filled input: item[4].textData by name, value: 0802468135
[ 2024-04-16 04:55:42,261 ] 94 luthien5921 - INFO - Filled input: item[5].textData by name, value: Samurai
[ 2024-04-16 04:55:42,300 ] 94 luthien5921 - INFO - Check checkbox: /html/body/form/main/div/div[4]/dl[8]/dd/fieldset/p/label/span by xpath
[ 2024-04-16 04:55:44,468 ] 94 luthien5921 - INFO - Get page source successfully
[ 2024-04-16 04:55:44,468 ] 94 luthien5921 - ERROR - Failed to fill form, template sequence: 90551
[ 2024-04-16 04:55:44,468 ] 94 main_controller - INFO - Failed to fill form, template sequence: 90551
[ 2024-04-16 04:55:44,468 ] 94 main_controller - INFO - Remaining form(s): 3
[ 2024-04-16 04:55:44,469 ] 94 luthien5921 - INFO - Accessing form, template sequence: 90550
[ 2024-04-16 04:55:44,469 ] 94 luthien5921 - INFO - Form URL: https://www.shinsei.e-aichi.jp/pref-aichi-police-u/offer/offerList_detailTop?tempSeq=90550
[ 2024-04-16 04:55:50,093 ] 94 luthien5921 - INFO - Accessed form successfully
[ 2024-04-16 04:55:50,135 ] 82 luthien5921 - ERROR - Failed to get form message, maybe form is available
Traceback (most recent call last):
  File "C:\Users\USER\Projects\AichiTool\AichiSelenium\src\controllers\filler.py", line 114, in get_form_message
    message = browser.find_element(By.XPATH, "/html/body/main/div/form/div[3]/strong/ul/li/span/strong").text
AttributeError: 'NoneType' object has no attribute 'text'
[ 2024-04-16 04:55:50,138 ] 94 luthien5921 - INFO - Form is available, template sequence: 90550
[ 2024-04-16 04:55:50,139 ] 94 luthien5921 - INFO - Filling form, template sequence: 90550
[ 2024-04-16 04:55:50,145 ] 82 luthien5921 - ERROR - Failed to click continue button: Message: no such window: target window already closed
from unknown error: web view not found
  (Session info: chrome=123.0.6312.107)
Stacktrace:
	GetHandleVerifier [0x00007FF770D87032+63090]
	(No symbol) [0x00007FF770CF2C82]
	(No symbol) [0x00007FF770B8EC65]
	(No symbol) [0x00007FF770B6CA7C]
	(No symbol) [0x00007FF770BFD687]
	(No symbol) [0x00007FF770C12AC1]
	(No symbol) [0x00007FF770BF6D83]
	(No symbol) [0x00007FF770BC83A8]
	(No symbol) [0x00007FF770BC9441]
	GetHandleVerifier [0x00007FF7711825AD+4238317]
	GetHandleVerifier [0x00007FF7711BF70D+4488525]
	GetHandleVerifier [0x00007FF7711B79EF+4456495]
	GetHandleVerifier [0x00007FF770E60576+953270]
	(No symbol) [0x00007FF770CFE54F]
	(No symbol) [0x00007FF770CF9224]
	(No symbol) [0x00007FF770CF935B]
	(No symbol) [0x00007FF770CE9B94]
	BaseThreadInitThunk [0x00007FFDC2F1257D+29]
	RtlUserThreadStart [0x00007FFDC3E0AA48+40]
Traceback (most recent call last):
  File "C:\Users\USER\Projects\AichiTool\AichiSelenium\src\controllers\filler.py", line 57, in fill
    continue_button = browser.find_element(By.XPATH, r'//*[@id="ok"]')
  File "C:\ProgramData\anaconda3\envs\aichi\lib\site-packages\seleniumbase\core\sb_driver.py", line 20, in find_element
    return self.driver.default_find_element(by=by, value=value)
  File "C:\ProgramData\anaconda3\envs\aichi\lib\site-packages\selenium\webdriver\remote\webdriver.py", line 741, in find_element
    return self.execute(Command.FIND_ELEMENT, {"using": by, "value": value})["value"]
  File "C:\ProgramData\anaconda3\envs\aichi\lib\site-packages\selenium\webdriver\remote\webdriver.py", line 347, in execute
    self.error_handler.check_response(response)
  File "C:\ProgramData\anaconda3\envs\aichi\lib\site-packages\selenium\webdriver\remote\errorhandler.py", line 229, in check_response
    raise exception_class(message, screen, stacktrace)
selenium.common.exceptions.NoSuchWindowException: Message: no such window: target window already closed
from unknown error: web view not found
  (Session info: chrome=123.0.6312.107)
Stacktrace:
	GetHandleVerifier [0x00007FF770D87032+63090]
	(No symbol) [0x00007FF770CF2C82]
	(No symbol) [0x00007FF770B8EC65]
	(No symbol) [0x00007FF770B6CA7C]
	(No symbol) [0x00007FF770BFD687]
	(No symbol) [0x00007FF770C12AC1]
	(No symbol) [0x00007FF770BF6D83]
	(No symbol) [0x00007FF770BC83A8]
	(No symbol) [0x00007FF770BC9441]
	GetHandleVerifier [0x00007FF7711825AD+4238317]
	GetHandleVerifier [0x00007FF7711BF70D+4488525]
	GetHandleVerifier [0x00007FF7711B79EF+4456495]
	GetHandleVerifier [0x00007FF770E60576+953270]
	(No symbol) [0x00007FF770CFE54F]
	(No symbol) [0x00007FF770CF9224]
	(No symbol) [0x00007FF770CF935B]
	(No symbol) [0x00007FF770CE9B94]
	BaseThreadInitThunk [0x00007FFDC2F1257D+29]
	RtlUserThreadStart [0x00007FFDC3E0AA48+40]

[ 2024-04-16 04:55:50,152 ] 94 main_controller - INFO - Failed to fill form, template sequence: 90550
[ 2024-04-16 04:55:50,154 ] 94 main_controller - INFO - Remaining form(s): 3
[ 2024-04-16 04:55:50,155 ] 94 luthien5921 - INFO - Accessing form, template sequence: 90549
[ 2024-04-16 04:55:50,157 ] 94 luthien5921 - INFO - Form URL: https://www.shinsei.e-aichi.jp/pref-aichi-police-u/offer/offerList_detailTop?tempSeq=90549
