[ 2024-04-19 05:26:45,441 ] 94 main_controller - INFO - Subprocess 0 started with trial number 0
[ 2024-04-19 05:26:45,441 ] 94 main_controller - ERROR - Account is a dictionary, convert to Account object: Username: Nickpown0411@gmail.com, Password: hoahong1234
[ 2024-04-19 05:26:47,420 ] 94 main_controller - INFO - Browser opened
[ 2024-04-19 05:26:47,445 ] 94 main_controller - INFO - Subprocess 1 started with trial number 0
[ 2024-04-19 05:26:47,445 ] 94 main_controller - INFO - Subprocess 1 started with trial number 0
[ 2024-04-19 05:26:47,446 ] 94 main_controller - ERROR - Account is a dictionary, convert to Account object: Username: marjyamada040493@gmail.com, Password: Marj0409
[ 2024-04-19 05:26:47,446 ] 94 main_controller - ERROR - Account is a dictionary, convert to Account object: Username: marjyamada040493@gmail.com, Password: Marj0409
[ 2024-04-19 05:26:48,728 ] 94 main_controller - INFO - Browser opened
[ 2024-04-19 05:26:48,728 ] 94 main_controller - INFO - Browser opened
[ 2024-04-19 05:26:49,456 ] 94 main_controller - INFO - Subprocess 2 started with trial number 0
[ 2024-04-19 05:26:49,456 ] 94 main_controller - INFO - Subprocess 2 started with trial number 0
[ 2024-04-19 05:26:49,456 ] 94 main_controller - INFO - Subprocess 2 started with trial number 0
[ 2024-04-19 05:26:49,458 ] 94 main_controller - ERROR - Account is a dictionary, convert to Account object: Username: Jamebrown0206@gmail.com, Password: hoahong1234
[ 2024-04-19 05:26:49,458 ] 94 main_controller - ERROR - Account is a dictionary, convert to Account object: Username: Jamebrown0206@gmail.com, Password: hoahong1234
[ 2024-04-19 05:26:49,458 ] 94 main_controller - ERROR - Account is a dictionary, convert to Account object: Username: Jamebrown0206@gmail.com, Password: hoahong1234
[ 2024-04-19 05:26:51,772 ] 94 main_controller - INFO - Browser opened
[ 2024-04-19 05:26:51,772 ] 94 main_controller - INFO - Browser opened
[ 2024-04-19 05:26:51,772 ] 94 main_controller - INFO - Browser opened
[ 2024-04-19 05:26:56,367 ] 82 main_controller - ERROR - Caught exception: sequence item 1: expected str instance, NoSuchElementException found
Traceback (most recent call last):
  File "C:\Users\USER\Projects\AichiTool\AichiSelenium\src\controllers\access.py", line 38, in login
    browser.find_element(By.ID, "userLoginForm.userId").send_keys(self.account.username)
  File "c:\ProgramData\anaconda3\envs\aichi\lib\site-packages\seleniumbase\core\sb_driver.py", line 20, in find_element
    return self.driver.default_find_element(by=by, value=value)
  File "c:\ProgramData\anaconda3\envs\aichi\lib\site-packages\selenium\webdriver\remote\webdriver.py", line 741, in find_element
    return self.execute(Command.FIND_ELEMENT, {"using": by, "value": value})["value"]
  File "c:\ProgramData\anaconda3\envs\aichi\lib\site-packages\selenium\webdriver\remote\webdriver.py", line 347, in execute
    self.error_handler.check_response(response)
  File "c:\ProgramData\anaconda3\envs\aichi\lib\site-packages\selenium\webdriver\remote\errorhandler.py", line 229, in check_response
    raise exception_class(message, screen, stacktrace)
selenium.common.exceptions.NoSuchElementException: Message: no such element: Unable to locate element: {"method":"css selector","selector":"[id="userLoginForm.userId"]"}
  (Session info: chrome=123.0.6312.124); For documentation on this error, please visit: https://www.selenium.dev/documentation/webdriver/troubleshooting/errors#no-such-element-exception
Stacktrace:
	GetHandleVerifier [0x00007FF79D9D7032+63090]
	(No symbol) [0x00007FF79D942C82]
	(No symbol) [0x00007FF79D7DEC65]
	(No symbol) [0x00007FF79D82499D]
	(No symbol) [0x00007FF79D824ADC]
	(No symbol) [0x00007FF79D865B37]
	(No symbol) [0x00007FF79D84701F]
	(No symbol) [0x00007FF79D863412]
	(No symbol) [0x00007FF79D846D83]
	(No symbol) [0x00007FF79D8183A8]
	(No symbol) [0x00007FF79D819441]
	GetHandleVerifier [0x00007FF79DDD25AD+4238317]
	GetHandleVerifier [0x00007FF79DE0F70D+4488525]
	GetHandleVerifier [0x00007FF79DE079EF+4456495]
	GetHandleVerifier [0x00007FF79DAB0576+953270]
	(No symbol) [0x00007FF79D94E54F]
	(No symbol) [0x00007FF79D949224]
	(No symbol) [0x00007FF79D94935B]
	(No symbol) [0x00007FF79D939B94]
	BaseThreadInitThunk [0x00007FF94FE9257D+29]
	RtlUserThreadStart [0x00007FF95116AA48+40]


During handling of the above exception, another exception occurred:

Traceback (most recent call last):
  File "C:\Users\USER\Projects\AichiTool\AichiSelenium\src\controllers\main_controller.py", line 57, in subprocess
    result = access.login(browser)
  File "C:\Users\USER\Projects\AichiTool\AichiSelenium\src\controllers\access.py", line 51, in login
    self.logger.error("Failed to login", e)
  File "C:\Users\USER\Projects\AichiTool\AichiSelenium\src\logs.py", line 76, in error
    self._log(logging.ERROR, *msg)
  File "C:\Users\USER\Projects\AichiTool\AichiSelenium\src\logs.py", line 93, in _log
    message = " ".join(msg)
TypeError: sequence item 1: expected str instance, NoSuchElementException found
[ 2024-04-19 05:26:56,367 ] 82 main_controller - ERROR - Caught exception: sequence item 1: expected str instance, NoSuchElementException found
Traceback (most recent call last):
  File "C:\Users\USER\Projects\AichiTool\AichiSelenium\src\controllers\access.py", line 38, in login
    browser.find_element(By.ID, "userLoginForm.userId").send_keys(self.account.username)
  File "c:\ProgramData\anaconda3\envs\aichi\lib\site-packages\seleniumbase\core\sb_driver.py", line 20, in find_element
    return self.driver.default_find_element(by=by, value=value)
  File "c:\ProgramData\anaconda3\envs\aichi\lib\site-packages\selenium\webdriver\remote\webdriver.py", line 741, in find_element
    return self.execute(Command.FIND_ELEMENT, {"using": by, "value": value})["value"]
  File "c:\ProgramData\anaconda3\envs\aichi\lib\site-packages\selenium\webdriver\remote\webdriver.py", line 347, in execute
    self.error_handler.check_response(response)
  File "c:\ProgramData\anaconda3\envs\aichi\lib\site-packages\selenium\webdriver\remote\errorhandler.py", line 229, in check_response
    raise exception_class(message, screen, stacktrace)
selenium.common.exceptions.NoSuchElementException: Message: no such element: Unable to locate element: {"method":"css selector","selector":"[id="userLoginForm.userId"]"}
  (Session info: chrome=123.0.6312.124); For documentation on this error, please visit: https://www.selenium.dev/documentation/webdriver/troubleshooting/errors#no-such-element-exception
Stacktrace:
	GetHandleVerifier [0x00007FF79D9D7032+63090]
	(No symbol) [0x00007FF79D942C82]
	(No symbol) [0x00007FF79D7DEC65]
	(No symbol) [0x00007FF79D82499D]
	(No symbol) [0x00007FF79D824ADC]
	(No symbol) [0x00007FF79D865B37]
	(No symbol) [0x00007FF79D84701F]
	(No symbol) [0x00007FF79D863412]
	(No symbol) [0x00007FF79D846D83]
	(No symbol) [0x00007FF79D8183A8]
	(No symbol) [0x00007FF79D819441]
	GetHandleVerifier [0x00007FF79DDD25AD+4238317]
	GetHandleVerifier [0x00007FF79DE0F70D+4488525]
	GetHandleVerifier [0x00007FF79DE079EF+4456495]
	GetHandleVerifier [0x00007FF79DAB0576+953270]
	(No symbol) [0x00007FF79D94E54F]
	(No symbol) [0x00007FF79D949224]
	(No symbol) [0x00007FF79D94935B]
	(No symbol) [0x00007FF79D939B94]
	BaseThreadInitThunk [0x00007FF94FE9257D+29]
	RtlUserThreadStart [0x00007FF95116AA48+40]


During handling of the above exception, another exception occurred:

Traceback (most recent call last):
  File "C:\Users\USER\Projects\AichiTool\AichiSelenium\src\controllers\main_controller.py", line 57, in subprocess
    result = access.login(browser)
  File "C:\Users\USER\Projects\AichiTool\AichiSelenium\src\controllers\access.py", line 51, in login
    self.logger.error("Failed to login", e)
  File "C:\Users\USER\Projects\AichiTool\AichiSelenium\src\logs.py", line 76, in error
    self._log(logging.ERROR, *msg)
  File "C:\Users\USER\Projects\AichiTool\AichiSelenium\src\logs.py", line 93, in _log
    message = " ".join(msg)
TypeError: sequence item 1: expected str instance, NoSuchElementException found
[ 2024-04-19 05:26:56,367 ] 82 main_controller - ERROR - Caught exception: sequence item 1: expected str instance, NoSuchElementException found
Traceback (most recent call last):
  File "C:\Users\USER\Projects\AichiTool\AichiSelenium\src\controllers\access.py", line 38, in login
    browser.find_element(By.ID, "userLoginForm.userId").send_keys(self.account.username)
  File "c:\ProgramData\anaconda3\envs\aichi\lib\site-packages\seleniumbase\core\sb_driver.py", line 20, in find_element
    return self.driver.default_find_element(by=by, value=value)
  File "c:\ProgramData\anaconda3\envs\aichi\lib\site-packages\selenium\webdriver\remote\webdriver.py", line 741, in find_element
    return self.execute(Command.FIND_ELEMENT, {"using": by, "value": value})["value"]
  File "c:\ProgramData\anaconda3\envs\aichi\lib\site-packages\selenium\webdriver\remote\webdriver.py", line 347, in execute
    self.error_handler.check_response(response)
  File "c:\ProgramData\anaconda3\envs\aichi\lib\site-packages\selenium\webdriver\remote\errorhandler.py", line 229, in check_response
    raise exception_class(message, screen, stacktrace)
selenium.common.exceptions.NoSuchElementException: Message: no such element: Unable to locate element: {"method":"css selector","selector":"[id="userLoginForm.userId"]"}
  (Session info: chrome=123.0.6312.124); For documentation on this error, please visit: https://www.selenium.dev/documentation/webdriver/troubleshooting/errors#no-such-element-exception
Stacktrace:
	GetHandleVerifier [0x00007FF79D9D7032+63090]
	(No symbol) [0x00007FF79D942C82]
	(No symbol) [0x00007FF79D7DEC65]
	(No symbol) [0x00007FF79D82499D]
	(No symbol) [0x00007FF79D824ADC]
	(No symbol) [0x00007FF79D865B37]
	(No symbol) [0x00007FF79D84701F]
	(No symbol) [0x00007FF79D863412]
	(No symbol) [0x00007FF79D846D83]
	(No symbol) [0x00007FF79D8183A8]
	(No symbol) [0x00007FF79D819441]
	GetHandleVerifier [0x00007FF79DDD25AD+4238317]
	GetHandleVerifier [0x00007FF79DE0F70D+4488525]
	GetHandleVerifier [0x00007FF79DE079EF+4456495]
	GetHandleVerifier [0x00007FF79DAB0576+953270]
	(No symbol) [0x00007FF79D94E54F]
	(No symbol) [0x00007FF79D949224]
	(No symbol) [0x00007FF79D94935B]
	(No symbol) [0x00007FF79D939B94]
	BaseThreadInitThunk [0x00007FF94FE9257D+29]
	RtlUserThreadStart [0x00007FF95116AA48+40]


During handling of the above exception, another exception occurred:

Traceback (most recent call last):
  File "C:\Users\USER\Projects\AichiTool\AichiSelenium\src\controllers\main_controller.py", line 57, in subprocess
    result = access.login(browser)
  File "C:\Users\USER\Projects\AichiTool\AichiSelenium\src\controllers\access.py", line 51, in login
    self.logger.error("Failed to login", e)
  File "C:\Users\USER\Projects\AichiTool\AichiSelenium\src\logs.py", line 76, in error
    self._log(logging.ERROR, *msg)
  File "C:\Users\USER\Projects\AichiTool\AichiSelenium\src\logs.py", line 93, in _log
    message = " ".join(msg)
TypeError: sequence item 1: expected str instance, NoSuchElementException found
[ 2024-04-19 05:26:56,438 ] 94 main_controller - INFO - Subprocess 0 started with trial number 1
[ 2024-04-19 05:26:56,438 ] 94 main_controller - INFO - Subprocess 0 started with trial number 1
[ 2024-04-19 05:26:56,438 ] 94 main_controller - INFO - Subprocess 0 started with trial number 1
[ 2024-04-19 05:26:56,438 ] 94 main_controller - INFO - Subprocess 0 started with trial number 1
[ 2024-04-19 05:26:56,908 ] 82 main_controller - ERROR - Caught exception: sequence item 1: expected str instance, NoSuchElementException found
Traceback (most recent call last):
  File "C:\Users\USER\Projects\AichiTool\AichiSelenium\src\controllers\access.py", line 38, in login
    browser.find_element(By.ID, "userLoginForm.userId").send_keys(self.account.username)
  File "c:\ProgramData\anaconda3\envs\aichi\lib\site-packages\seleniumbase\core\sb_driver.py", line 20, in find_element
    return self.driver.default_find_element(by=by, value=value)
  File "c:\ProgramData\anaconda3\envs\aichi\lib\site-packages\selenium\webdriver\remote\webdriver.py", line 741, in find_element
    return self.execute(Command.FIND_ELEMENT, {"using": by, "value": value})["value"]
  File "c:\ProgramData\anaconda3\envs\aichi\lib\site-packages\selenium\webdriver\remote\webdriver.py", line 347, in execute
    self.error_handler.check_response(response)
  File "c:\ProgramData\anaconda3\envs\aichi\lib\site-packages\selenium\webdriver\remote\errorhandler.py", line 229, in check_response
    raise exception_class(message, screen, stacktrace)
selenium.common.exceptions.NoSuchElementException: Message: no such element: Unable to locate element: {"method":"css selector","selector":"[id="userLoginForm.userId"]"}
  (Session info: chrome=123.0.6312.124); For documentation on this error, please visit: https://www.selenium.dev/documentation/webdriver/troubleshooting/errors#no-such-element-exception
Stacktrace:
	GetHandleVerifier [0x00007FF79D9D7032+63090]
	(No symbol) [0x00007FF79D942C82]
	(No symbol) [0x00007FF79D7DEC65]
	(No symbol) [0x00007FF79D82499D]
	(No symbol) [0x00007FF79D824ADC]
	(No symbol) [0x00007FF79D865B37]
	(No symbol) [0x00007FF79D84701F]
	(No symbol) [0x00007FF79D863412]
	(No symbol) [0x00007FF79D846D83]
	(No symbol) [0x00007FF79D8183A8]
	(No symbol) [0x00007FF79D819441]
	GetHandleVerifier [0x00007FF79DDD25AD+4238317]
	GetHandleVerifier [0x00007FF79DE0F70D+4488525]
	GetHandleVerifier [0x00007FF79DE079EF+4456495]
	GetHandleVerifier [0x00007FF79DAB0576+953270]
	(No symbol) [0x00007FF79D94E54F]
	(No symbol) [0x00007FF79D949224]
	(No symbol) [0x00007FF79D94935B]
	(No symbol) [0x00007FF79D939B94]
	BaseThreadInitThunk [0x00007FF94FE9257D+29]
	RtlUserThreadStart [0x00007FF95116AA48+40]


During handling of the above exception, another exception occurred:

Traceback (most recent call last):
  File "C:\Users\USER\Projects\AichiTool\AichiSelenium\src\controllers\main_controller.py", line 57, in subprocess
    result = access.login(browser)
  File "C:\Users\USER\Projects\AichiTool\AichiSelenium\src\controllers\access.py", line 51, in login
    self.logger.error("Failed to login", e)
  File "C:\Users\USER\Projects\AichiTool\AichiSelenium\src\logs.py", line 76, in error
    self._log(logging.ERROR, *msg)
  File "C:\Users\USER\Projects\AichiTool\AichiSelenium\src\logs.py", line 93, in _log
    message = " ".join(msg)
TypeError: sequence item 1: expected str instance, NoSuchElementException found
[ 2024-04-19 05:26:56,908 ] 82 main_controller - ERROR - Caught exception: sequence item 1: expected str instance, NoSuchElementException found
Traceback (most recent call last):
  File "C:\Users\USER\Projects\AichiTool\AichiSelenium\src\controllers\access.py", line 38, in login
    browser.find_element(By.ID, "userLoginForm.userId").send_keys(self.account.username)
  File "c:\ProgramData\anaconda3\envs\aichi\lib\site-packages\seleniumbase\core\sb_driver.py", line 20, in find_element
    return self.driver.default_find_element(by=by, value=value)
  File "c:\ProgramData\anaconda3\envs\aichi\lib\site-packages\selenium\webdriver\remote\webdriver.py", line 741, in find_element
    return self.execute(Command.FIND_ELEMENT, {"using": by, "value": value})["value"]
  File "c:\ProgramData\anaconda3\envs\aichi\lib\site-packages\selenium\webdriver\remote\webdriver.py", line 347, in execute
    self.error_handler.check_response(response)
  File "c:\ProgramData\anaconda3\envs\aichi\lib\site-packages\selenium\webdriver\remote\errorhandler.py", line 229, in check_response
    raise exception_class(message, screen, stacktrace)
selenium.common.exceptions.NoSuchElementException: Message: no such element: Unable to locate element: {"method":"css selector","selector":"[id="userLoginForm.userId"]"}
  (Session info: chrome=123.0.6312.124); For documentation on this error, please visit: https://www.selenium.dev/documentation/webdriver/troubleshooting/errors#no-such-element-exception
Stacktrace:
	GetHandleVerifier [0x00007FF79D9D7032+63090]
	(No symbol) [0x00007FF79D942C82]
	(No symbol) [0x00007FF79D7DEC65]
	(No symbol) [0x00007FF79D82499D]
	(No symbol) [0x00007FF79D824ADC]
	(No symbol) [0x00007FF79D865B37]
	(No symbol) [0x00007FF79D84701F]
	(No symbol) [0x00007FF79D863412]
	(No symbol) [0x00007FF79D846D83]
	(No symbol) [0x00007FF79D8183A8]
	(No symbol) [0x00007FF79D819441]
	GetHandleVerifier [0x00007FF79DDD25AD+4238317]
	GetHandleVerifier [0x00007FF79DE0F70D+4488525]
	GetHandleVerifier [0x00007FF79DE079EF+4456495]
	GetHandleVerifier [0x00007FF79DAB0576+953270]
	(No symbol) [0x00007FF79D94E54F]
	(No symbol) [0x00007FF79D949224]
	(No symbol) [0x00007FF79D94935B]
	(No symbol) [0x00007FF79D939B94]
	BaseThreadInitThunk [0x00007FF94FE9257D+29]
	RtlUserThreadStart [0x00007FF95116AA48+40]


During handling of the above exception, another exception occurred:

Traceback (most recent call last):
  File "C:\Users\USER\Projects\AichiTool\AichiSelenium\src\controllers\main_controller.py", line 57, in subprocess
    result = access.login(browser)
  File "C:\Users\USER\Projects\AichiTool\AichiSelenium\src\controllers\access.py", line 51, in login
    self.logger.error("Failed to login", e)
  File "C:\Users\USER\Projects\AichiTool\AichiSelenium\src\logs.py", line 76, in error
    self._log(logging.ERROR, *msg)
  File "C:\Users\USER\Projects\AichiTool\AichiSelenium\src\logs.py", line 93, in _log
    message = " ".join(msg)
TypeError: sequence item 1: expected str instance, NoSuchElementException found
[ 2024-04-19 05:26:56,908 ] 82 main_controller - ERROR - Caught exception: sequence item 1: expected str instance, NoSuchElementException found
Traceback (most recent call last):
  File "C:\Users\USER\Projects\AichiTool\AichiSelenium\src\controllers\access.py", line 38, in login
    browser.find_element(By.ID, "userLoginForm.userId").send_keys(self.account.username)
  File "c:\ProgramData\anaconda3\envs\aichi\lib\site-packages\seleniumbase\core\sb_driver.py", line 20, in find_element
    return self.driver.default_find_element(by=by, value=value)
  File "c:\ProgramData\anaconda3\envs\aichi\lib\site-packages\selenium\webdriver\remote\webdriver.py", line 741, in find_element
    return self.execute(Command.FIND_ELEMENT, {"using": by, "value": value})["value"]
  File "c:\ProgramData\anaconda3\envs\aichi\lib\site-packages\selenium\webdriver\remote\webdriver.py", line 347, in execute
    self.error_handler.check_response(response)
  File "c:\ProgramData\anaconda3\envs\aichi\lib\site-packages\selenium\webdriver\remote\errorhandler.py", line 229, in check_response
    raise exception_class(message, screen, stacktrace)
selenium.common.exceptions.NoSuchElementException: Message: no such element: Unable to locate element: {"method":"css selector","selector":"[id="userLoginForm.userId"]"}
  (Session info: chrome=123.0.6312.124); For documentation on this error, please visit: https://www.selenium.dev/documentation/webdriver/troubleshooting/errors#no-such-element-exception
Stacktrace:
	GetHandleVerifier [0x00007FF79D9D7032+63090]
	(No symbol) [0x00007FF79D942C82]
	(No symbol) [0x00007FF79D7DEC65]
	(No symbol) [0x00007FF79D82499D]
	(No symbol) [0x00007FF79D824ADC]
	(No symbol) [0x00007FF79D865B37]
	(No symbol) [0x00007FF79D84701F]
	(No symbol) [0x00007FF79D863412]
	(No symbol) [0x00007FF79D846D83]
	(No symbol) [0x00007FF79D8183A8]
	(No symbol) [0x00007FF79D819441]
	GetHandleVerifier [0x00007FF79DDD25AD+4238317]
	GetHandleVerifier [0x00007FF79DE0F70D+4488525]
	GetHandleVerifier [0x00007FF79DE079EF+4456495]
	GetHandleVerifier [0x00007FF79DAB0576+953270]
	(No symbol) [0x00007FF79D94E54F]
	(No symbol) [0x00007FF79D949224]
	(No symbol) [0x00007FF79D94935B]
	(No symbol) [0x00007FF79D939B94]
	BaseThreadInitThunk [0x00007FF94FE9257D+29]
	RtlUserThreadStart [0x00007FF95116AA48+40]


During handling of the above exception, another exception occurred:

Traceback (most recent call last):
  File "C:\Users\USER\Projects\AichiTool\AichiSelenium\src\controllers\main_controller.py", line 57, in subprocess
    result = access.login(browser)
  File "C:\Users\USER\Projects\AichiTool\AichiSelenium\src\controllers\access.py", line 51, in login
    self.logger.error("Failed to login", e)
  File "C:\Users\USER\Projects\AichiTool\AichiSelenium\src\logs.py", line 76, in error
    self._log(logging.ERROR, *msg)
  File "C:\Users\USER\Projects\AichiTool\AichiSelenium\src\logs.py", line 93, in _log
    message = " ".join(msg)
TypeError: sequence item 1: expected str instance, NoSuchElementException found
[ 2024-04-19 05:26:56,908 ] 82 main_controller - ERROR - Caught exception: sequence item 1: expected str instance, NoSuchElementException found
Traceback (most recent call last):
  File "C:\Users\USER\Projects\AichiTool\AichiSelenium\src\controllers\access.py", line 38, in login
    browser.find_element(By.ID, "userLoginForm.userId").send_keys(self.account.username)
  File "c:\ProgramData\anaconda3\envs\aichi\lib\site-packages\seleniumbase\core\sb_driver.py", line 20, in find_element
    return self.driver.default_find_element(by=by, value=value)
  File "c:\ProgramData\anaconda3\envs\aichi\lib\site-packages\selenium\webdriver\remote\webdriver.py", line 741, in find_element
    return self.execute(Command.FIND_ELEMENT, {"using": by, "value": value})["value"]
  File "c:\ProgramData\anaconda3\envs\aichi\lib\site-packages\selenium\webdriver\remote\webdriver.py", line 347, in execute
    self.error_handler.check_response(response)
  File "c:\ProgramData\anaconda3\envs\aichi\lib\site-packages\selenium\webdriver\remote\errorhandler.py", line 229, in check_response
    raise exception_class(message, screen, stacktrace)
selenium.common.exceptions.NoSuchElementException: Message: no such element: Unable to locate element: {"method":"css selector","selector":"[id="userLoginForm.userId"]"}
  (Session info: chrome=123.0.6312.124); For documentation on this error, please visit: https://www.selenium.dev/documentation/webdriver/troubleshooting/errors#no-such-element-exception
Stacktrace:
	GetHandleVerifier [0x00007FF79D9D7032+63090]
	(No symbol) [0x00007FF79D942C82]
	(No symbol) [0x00007FF79D7DEC65]
	(No symbol) [0x00007FF79D82499D]
	(No symbol) [0x00007FF79D824ADC]
	(No symbol) [0x00007FF79D865B37]
	(No symbol) [0x00007FF79D84701F]
	(No symbol) [0x00007FF79D863412]
	(No symbol) [0x00007FF79D846D83]
	(No symbol) [0x00007FF79D8183A8]
	(No symbol) [0x00007FF79D819441]
	GetHandleVerifier [0x00007FF79DDD25AD+4238317]
	GetHandleVerifier [0x00007FF79DE0F70D+4488525]
	GetHandleVerifier [0x00007FF79DE079EF+4456495]
	GetHandleVerifier [0x00007FF79DAB0576+953270]
	(No symbol) [0x00007FF79D94E54F]
	(No symbol) [0x00007FF79D949224]
	(No symbol) [0x00007FF79D94935B]
	(No symbol) [0x00007FF79D939B94]
	BaseThreadInitThunk [0x00007FF94FE9257D+29]
	RtlUserThreadStart [0x00007FF95116AA48+40]


During handling of the above exception, another exception occurred:

Traceback (most recent call last):
  File "C:\Users\USER\Projects\AichiTool\AichiSelenium\src\controllers\main_controller.py", line 57, in subprocess
    result = access.login(browser)
  File "C:\Users\USER\Projects\AichiTool\AichiSelenium\src\controllers\access.py", line 51, in login
    self.logger.error("Failed to login", e)
  File "C:\Users\USER\Projects\AichiTool\AichiSelenium\src\logs.py", line 76, in error
    self._log(logging.ERROR, *msg)
  File "C:\Users\USER\Projects\AichiTool\AichiSelenium\src\logs.py", line 93, in _log
    message = " ".join(msg)
TypeError: sequence item 1: expected str instance, NoSuchElementException found
[ 2024-04-19 05:26:56,917 ] 94 main_controller - INFO - Subprocess 1 started with trial number 1
[ 2024-04-19 05:26:56,917 ] 94 main_controller - INFO - Subprocess 1 started with trial number 1
[ 2024-04-19 05:26:56,917 ] 94 main_controller - INFO - Subprocess 1 started with trial number 1
[ 2024-04-19 05:26:56,917 ] 94 main_controller - INFO - Subprocess 1 started with trial number 1
[ 2024-04-19 05:26:56,917 ] 94 main_controller - INFO - Subprocess 1 started with trial number 1
[ 2024-04-19 05:26:59,515 ] 94 main_controller - INFO - Browser opened
[ 2024-04-19 05:26:59,515 ] 94 main_controller - INFO - Browser opened
[ 2024-04-19 05:26:59,515 ] 94 main_controller - INFO - Browser opened
[ 2024-04-19 05:26:59,515 ] 94 main_controller - INFO - Browser opened
[ 2024-04-19 05:26:59,515 ] 94 main_controller - INFO - Browser opened
[ 2024-04-19 05:27:01,436 ] 94 main_controller - INFO - Browser opened
[ 2024-04-19 05:27:01,436 ] 94 main_controller - INFO - Browser opened
[ 2024-04-19 05:27:01,436 ] 94 main_controller - INFO - Browser opened
[ 2024-04-19 05:27:01,436 ] 94 main_controller - INFO - Browser opened
[ 2024-04-19 05:27:01,436 ] 94 main_controller - INFO - Browser opened
[ 2024-04-19 05:27:08,086 ] 94 main_controller - INFO - Logged in successfully
[ 2024-04-19 05:27:08,086 ] 94 main_controller - INFO - Logged in successfully
[ 2024-04-19 05:27:08,086 ] 94 main_controller - INFO - Logged in successfully
[ 2024-04-19 05:27:08,086 ] 94 main_controller - INFO - Logged in successfully
[ 2024-04-19 05:27:08,086 ] 94 main_controller - INFO - Logged in successfully
[ 2024-04-19 05:27:08,263 ] 94 main_controller - INFO - Screenshot saved to C:\Users\USER\Projects\AichiTool\AichiSelenium\logs\2024_04_19\05_26_44\screenshot_Jamebrown0206.png
[ 2024-04-19 05:27:08,263 ] 94 main_controller - INFO - Screenshot saved to C:\Users\USER\Projects\AichiTool\AichiSelenium\logs\2024_04_19\05_26_44\screenshot_Jamebrown0206.png
[ 2024-04-19 05:27:08,263 ] 94 main_controller - INFO - Screenshot saved to C:\Users\USER\Projects\AichiTool\AichiSelenium\logs\2024_04_19\05_26_44\screenshot_Jamebrown0206.png
[ 2024-04-19 05:27:08,263 ] 94 main_controller - INFO - Screenshot saved to C:\Users\USER\Projects\AichiTool\AichiSelenium\logs\2024_04_19\05_26_44\screenshot_Jamebrown0206.png
[ 2024-04-19 05:27:08,263 ] 94 main_controller - INFO - Screenshot saved to C:\Users\USER\Projects\AichiTool\AichiSelenium\logs\2024_04_19\05_26_44\screenshot_Jamebrown0206.png
[ 2024-04-19 05:27:08,265 ] 94 main_controller - INFO - Finding forms
[ 2024-04-19 05:27:08,265 ] 94 main_controller - INFO - Finding forms
[ 2024-04-19 05:27:08,265 ] 94 main_controller - INFO - Finding forms
[ 2024-04-19 05:27:08,265 ] 94 main_controller - INFO - Finding forms
[ 2024-04-19 05:27:08,265 ] 94 main_controller - INFO - Finding forms
[ 2024-04-19 05:27:10,971 ] 94 main_controller - INFO - Logged in successfully
[ 2024-04-19 05:27:10,971 ] 94 main_controller - INFO - Logged in successfully
[ 2024-04-19 05:27:10,971 ] 94 main_controller - INFO - Logged in successfully
[ 2024-04-19 05:27:10,971 ] 94 main_controller - INFO - Logged in successfully
[ 2024-04-19 05:27:10,971 ] 94 main_controller - INFO - Logged in successfully
[ 2024-04-19 05:27:11,221 ] 94 main_controller - INFO - Screenshot saved to C:\Users\USER\Projects\AichiTool\AichiSelenium\logs\2024_04_19\05_26_44\screenshot_Nickpown0411.png
[ 2024-04-19 05:27:11,221 ] 94 main_controller - INFO - Screenshot saved to C:\Users\USER\Projects\AichiTool\AichiSelenium\logs\2024_04_19\05_26_44\screenshot_Nickpown0411.png
[ 2024-04-19 05:27:11,221 ] 94 main_controller - INFO - Screenshot saved to C:\Users\USER\Projects\AichiTool\AichiSelenium\logs\2024_04_19\05_26_44\screenshot_Nickpown0411.png
[ 2024-04-19 05:27:11,221 ] 94 main_controller - INFO - Screenshot saved to C:\Users\USER\Projects\AichiTool\AichiSelenium\logs\2024_04_19\05_26_44\screenshot_Nickpown0411.png
[ 2024-04-19 05:27:11,221 ] 94 main_controller - INFO - Screenshot saved to C:\Users\USER\Projects\AichiTool\AichiSelenium\logs\2024_04_19\05_26_44\screenshot_Nickpown0411.png
[ 2024-04-19 05:27:11,222 ] 94 main_controller - INFO - Finding forms
[ 2024-04-19 05:27:11,222 ] 94 main_controller - INFO - Finding forms
[ 2024-04-19 05:27:11,222 ] 94 main_controller - INFO - Finding forms
[ 2024-04-19 05:27:11,222 ] 94 main_controller - INFO - Finding forms
[ 2024-04-19 05:27:11,222 ] 94 main_controller - INFO - Finding forms
[ 2024-04-19 05:27:11,574 ] 94 main_controller - INFO - Logged in successfully
[ 2024-04-19 05:27:11,574 ] 94 main_controller - INFO - Logged in successfully
[ 2024-04-19 05:27:11,574 ] 94 main_controller - INFO - Logged in successfully
[ 2024-04-19 05:27:11,574 ] 94 main_controller - INFO - Logged in successfully
[ 2024-04-19 05:27:11,574 ] 94 main_controller - INFO - Logged in successfully
[ 2024-04-19 05:27:11,828 ] 94 main_controller - INFO - Screenshot saved to C:\Users\USER\Projects\AichiTool\AichiSelenium\logs\2024_04_19\05_26_44\screenshot_marjyamada040493.png
[ 2024-04-19 05:27:11,828 ] 94 main_controller - INFO - Screenshot saved to C:\Users\USER\Projects\AichiTool\AichiSelenium\logs\2024_04_19\05_26_44\screenshot_marjyamada040493.png
[ 2024-04-19 05:27:11,828 ] 94 main_controller - INFO - Screenshot saved to C:\Users\USER\Projects\AichiTool\AichiSelenium\logs\2024_04_19\05_26_44\screenshot_marjyamada040493.png
[ 2024-04-19 05:27:11,828 ] 94 main_controller - INFO - Screenshot saved to C:\Users\USER\Projects\AichiTool\AichiSelenium\logs\2024_04_19\05_26_44\screenshot_marjyamada040493.png
[ 2024-04-19 05:27:11,828 ] 94 main_controller - INFO - Screenshot saved to C:\Users\USER\Projects\AichiTool\AichiSelenium\logs\2024_04_19\05_26_44\screenshot_marjyamada040493.png
[ 2024-04-19 05:27:11,828 ] 94 main_controller - INFO - Finding forms
[ 2024-04-19 05:27:11,828 ] 94 main_controller - INFO - Finding forms
[ 2024-04-19 05:27:11,828 ] 94 main_controller - INFO - Finding forms
[ 2024-04-19 05:27:11,828 ] 94 main_controller - INFO - Finding forms
[ 2024-04-19 05:27:11,828 ] 94 main_controller - INFO - Finding forms
[ 2024-04-19 05:27:12,619 ] 82 main_controller - ERROR - Caught exception: Message: no such element: Unable to locate element: {"method":"xpath","selector":"/html/body/form/main/div/div[5]/div/ul"}
  (Session info: chrome=123.0.6312.124); For documentation on this error, please visit: https://www.selenium.dev/documentation/webdriver/troubleshooting/errors#no-such-element-exception
Stacktrace:
	GetHandleVerifier [0x00007FF79D9D7032+63090]
	(No symbol) [0x00007FF79D942C82]
	(No symbol) [0x00007FF79D7DEC65]
	(No symbol) [0x00007FF79D82499D]
	(No symbol) [0x00007FF79D824ADC]
	(No symbol) [0x00007FF79D865B37]
	(No symbol) [0x00007FF79D84701F]
	(No symbol) [0x00007FF79D863412]
	(No symbol) [0x00007FF79D846D83]
	(No symbol) [0x00007FF79D8183A8]
	(No symbol) [0x00007FF79D819441]
	GetHandleVerifier [0x00007FF79DDD25AD+4238317]
	GetHandleVerifier [0x00007FF79DE0F70D+4488525]
	GetHandleVerifier [0x00007FF79DE079EF+4456495]
	GetHandleVerifier [0x00007FF79DAB0576+953270]
	(No symbol) [0x00007FF79D94E54F]
	(No symbol) [0x00007FF79D949224]
	(No symbol) [0x00007FF79D94935B]
	(No symbol) [0x00007FF79D939B94]
	BaseThreadInitThunk [0x00007FF94FE9257D+29]
	RtlUserThreadStart [0x00007FF95116AA48+40]
Traceback (most recent call last):
  File "C:\Users\USER\Projects\AichiTool\AichiSelenium\src\controllers\main_controller.py", line 71, in subprocess
    list_form_info = finder.find(browser)
  File "C:\Users\USER\Projects\AichiTool\AichiSelenium\src\controllers\finder.py", line 22, in find
    self._collect(browser)
  File "C:\Users\USER\Projects\AichiTool\AichiSelenium\src\controllers\finder.py", line 34, in _collect
    form_table = browser.find_element(By.XPATH, "/html/body/form/main/div/div[5]/div/ul")
  File "c:\ProgramData\anaconda3\envs\aichi\lib\site-packages\seleniumbase\core\sb_driver.py", line 20, in find_element
    return self.driver.default_find_element(by=by, value=value)
  File "c:\ProgramData\anaconda3\envs\aichi\lib\site-packages\selenium\webdriver\remote\webdriver.py", line 741, in find_element
    return self.execute(Command.FIND_ELEMENT, {"using": by, "value": value})["value"]
  File "c:\ProgramData\anaconda3\envs\aichi\lib\site-packages\selenium\webdriver\remote\webdriver.py", line 347, in execute
    self.error_handler.check_response(response)
  File "c:\ProgramData\anaconda3\envs\aichi\lib\site-packages\selenium\webdriver\remote\errorhandler.py", line 229, in check_response
    raise exception_class(message, screen, stacktrace)
selenium.common.exceptions.NoSuchElementException: Message: no such element: Unable to locate element: {"method":"xpath","selector":"/html/body/form/main/div/div[5]/div/ul"}
  (Session info: chrome=123.0.6312.124); For documentation on this error, please visit: https://www.selenium.dev/documentation/webdriver/troubleshooting/errors#no-such-element-exception
Stacktrace:
	GetHandleVerifier [0x00007FF79D9D7032+63090]
	(No symbol) [0x00007FF79D942C82]
	(No symbol) [0x00007FF79D7DEC65]
	(No symbol) [0x00007FF79D82499D]
	(No symbol) [0x00007FF79D824ADC]
	(No symbol) [0x00007FF79D865B37]
	(No symbol) [0x00007FF79D84701F]
	(No symbol) [0x00007FF79D863412]
	(No symbol) [0x00007FF79D846D83]
	(No symbol) [0x00007FF79D8183A8]
	(No symbol) [0x00007FF79D819441]
	GetHandleVerifier [0x00007FF79DDD25AD+4238317]
	GetHandleVerifier [0x00007FF79DE0F70D+4488525]
	GetHandleVerifier [0x00007FF79DE079EF+4456495]
	GetHandleVerifier [0x00007FF79DAB0576+953270]
	(No symbol) [0x00007FF79D94E54F]
	(No symbol) [0x00007FF79D949224]
	(No symbol) [0x00007FF79D94935B]
	(No symbol) [0x00007FF79D939B94]
	BaseThreadInitThunk [0x00007FF94FE9257D+29]
	RtlUserThreadStart [0x00007FF95116AA48+40]

[ 2024-04-19 05:27:12,619 ] 82 main_controller - ERROR - Caught exception: Message: no such element: Unable to locate element: {"method":"xpath","selector":"/html/body/form/main/div/div[5]/div/ul"}
  (Session info: chrome=123.0.6312.124); For documentation on this error, please visit: https://www.selenium.dev/documentation/webdriver/troubleshooting/errors#no-such-element-exception
Stacktrace:
	GetHandleVerifier [0x00007FF79D9D7032+63090]
	(No symbol) [0x00007FF79D942C82]
	(No symbol) [0x00007FF79D7DEC65]
	(No symbol) [0x00007FF79D82499D]
	(No symbol) [0x00007FF79D824ADC]
	(No symbol) [0x00007FF79D865B37]
	(No symbol) [0x00007FF79D84701F]
	(No symbol) [0x00007FF79D863412]
	(No symbol) [0x00007FF79D846D83]
	(No symbol) [0x00007FF79D8183A8]
	(No symbol) [0x00007FF79D819441]
	GetHandleVerifier [0x00007FF79DDD25AD+4238317]
	GetHandleVerifier [0x00007FF79DE0F70D+4488525]
	GetHandleVerifier [0x00007FF79DE079EF+4456495]
	GetHandleVerifier [0x00007FF79DAB0576+953270]
	(No symbol) [0x00007FF79D94E54F]
	(No symbol) [0x00007FF79D949224]
	(No symbol) [0x00007FF79D94935B]
	(No symbol) [0x00007FF79D939B94]
	BaseThreadInitThunk [0x00007FF94FE9257D+29]
	RtlUserThreadStart [0x00007FF95116AA48+40]
Traceback (most recent call last):
  File "C:\Users\USER\Projects\AichiTool\AichiSelenium\src\controllers\main_controller.py", line 71, in subprocess
    list_form_info = finder.find(browser)
  File "C:\Users\USER\Projects\AichiTool\AichiSelenium\src\controllers\finder.py", line 22, in find
    self._collect(browser)
  File "C:\Users\USER\Projects\AichiTool\AichiSelenium\src\controllers\finder.py", line 34, in _collect
    form_table = browser.find_element(By.XPATH, "/html/body/form/main/div/div[5]/div/ul")
  File "c:\ProgramData\anaconda3\envs\aichi\lib\site-packages\seleniumbase\core\sb_driver.py", line 20, in find_element
    return self.driver.default_find_element(by=by, value=value)
  File "c:\ProgramData\anaconda3\envs\aichi\lib\site-packages\selenium\webdriver\remote\webdriver.py", line 741, in find_element
    return self.execute(Command.FIND_ELEMENT, {"using": by, "value": value})["value"]
  File "c:\ProgramData\anaconda3\envs\aichi\lib\site-packages\selenium\webdriver\remote\webdriver.py", line 347, in execute
    self.error_handler.check_response(response)
  File "c:\ProgramData\anaconda3\envs\aichi\lib\site-packages\selenium\webdriver\remote\errorhandler.py", line 229, in check_response
    raise exception_class(message, screen, stacktrace)
selenium.common.exceptions.NoSuchElementException: Message: no such element: Unable to locate element: {"method":"xpath","selector":"/html/body/form/main/div/div[5]/div/ul"}
  (Session info: chrome=123.0.6312.124); For documentation on this error, please visit: https://www.selenium.dev/documentation/webdriver/troubleshooting/errors#no-such-element-exception
Stacktrace:
	GetHandleVerifier [0x00007FF79D9D7032+63090]
	(No symbol) [0x00007FF79D942C82]
	(No symbol) [0x00007FF79D7DEC65]
	(No symbol) [0x00007FF79D82499D]
	(No symbol) [0x00007FF79D824ADC]
	(No symbol) [0x00007FF79D865B37]
	(No symbol) [0x00007FF79D84701F]
	(No symbol) [0x00007FF79D863412]
	(No symbol) [0x00007FF79D846D83]
	(No symbol) [0x00007FF79D8183A8]
	(No symbol) [0x00007FF79D819441]
	GetHandleVerifier [0x00007FF79DDD25AD+4238317]
	GetHandleVerifier [0x00007FF79DE0F70D+4488525]
	GetHandleVerifier [0x00007FF79DE079EF+4456495]
	GetHandleVerifier [0x00007FF79DAB0576+953270]
	(No symbol) [0x00007FF79D94E54F]
	(No symbol) [0x00007FF79D949224]
	(No symbol) [0x00007FF79D94935B]
	(No symbol) [0x00007FF79D939B94]
	BaseThreadInitThunk [0x00007FF94FE9257D+29]
	RtlUserThreadStart [0x00007FF95116AA48+40]

[ 2024-04-19 05:27:12,619 ] 82 main_controller - ERROR - Caught exception: Message: no such element: Unable to locate element: {"method":"xpath","selector":"/html/body/form/main/div/div[5]/div/ul"}
  (Session info: chrome=123.0.6312.124); For documentation on this error, please visit: https://www.selenium.dev/documentation/webdriver/troubleshooting/errors#no-such-element-exception
Stacktrace:
	GetHandleVerifier [0x00007FF79D9D7032+63090]
	(No symbol) [0x00007FF79D942C82]
	(No symbol) [0x00007FF79D7DEC65]
	(No symbol) [0x00007FF79D82499D]
	(No symbol) [0x00007FF79D824ADC]
	(No symbol) [0x00007FF79D865B37]
	(No symbol) [0x00007FF79D84701F]
	(No symbol) [0x00007FF79D863412]
	(No symbol) [0x00007FF79D846D83]
	(No symbol) [0x00007FF79D8183A8]
	(No symbol) [0x00007FF79D819441]
	GetHandleVerifier [0x00007FF79DDD25AD+4238317]
	GetHandleVerifier [0x00007FF79DE0F70D+4488525]
	GetHandleVerifier [0x00007FF79DE079EF+4456495]
	GetHandleVerifier [0x00007FF79DAB0576+953270]
	(No symbol) [0x00007FF79D94E54F]
	(No symbol) [0x00007FF79D949224]
	(No symbol) [0x00007FF79D94935B]
	(No symbol) [0x00007FF79D939B94]
	BaseThreadInitThunk [0x00007FF94FE9257D+29]
	RtlUserThreadStart [0x00007FF95116AA48+40]
Traceback (most recent call last):
  File "C:\Users\USER\Projects\AichiTool\AichiSelenium\src\controllers\main_controller.py", line 71, in subprocess
    list_form_info = finder.find(browser)
  File "C:\Users\USER\Projects\AichiTool\AichiSelenium\src\controllers\finder.py", line 22, in find
    self._collect(browser)
  File "C:\Users\USER\Projects\AichiTool\AichiSelenium\src\controllers\finder.py", line 34, in _collect
    form_table = browser.find_element(By.XPATH, "/html/body/form/main/div/div[5]/div/ul")
  File "c:\ProgramData\anaconda3\envs\aichi\lib\site-packages\seleniumbase\core\sb_driver.py", line 20, in find_element
    return self.driver.default_find_element(by=by, value=value)
  File "c:\ProgramData\anaconda3\envs\aichi\lib\site-packages\selenium\webdriver\remote\webdriver.py", line 741, in find_element
    return self.execute(Command.FIND_ELEMENT, {"using": by, "value": value})["value"]
  File "c:\ProgramData\anaconda3\envs\aichi\lib\site-packages\selenium\webdriver\remote\webdriver.py", line 347, in execute
    self.error_handler.check_response(response)
  File "c:\ProgramData\anaconda3\envs\aichi\lib\site-packages\selenium\webdriver\remote\errorhandler.py", line 229, in check_response
    raise exception_class(message, screen, stacktrace)
selenium.common.exceptions.NoSuchElementException: Message: no such element: Unable to locate element: {"method":"xpath","selector":"/html/body/form/main/div/div[5]/div/ul"}
  (Session info: chrome=123.0.6312.124); For documentation on this error, please visit: https://www.selenium.dev/documentation/webdriver/troubleshooting/errors#no-such-element-exception
Stacktrace:
	GetHandleVerifier [0x00007FF79D9D7032+63090]
	(No symbol) [0x00007FF79D942C82]
	(No symbol) [0x00007FF79D7DEC65]
	(No symbol) [0x00007FF79D82499D]
	(No symbol) [0x00007FF79D824ADC]
	(No symbol) [0x00007FF79D865B37]
	(No symbol) [0x00007FF79D84701F]
	(No symbol) [0x00007FF79D863412]
	(No symbol) [0x00007FF79D846D83]
	(No symbol) [0x00007FF79D8183A8]
	(No symbol) [0x00007FF79D819441]
	GetHandleVerifier [0x00007FF79DDD25AD+4238317]
	GetHandleVerifier [0x00007FF79DE0F70D+4488525]
	GetHandleVerifier [0x00007FF79DE079EF+4456495]
	GetHandleVerifier [0x00007FF79DAB0576+953270]
	(No symbol) [0x00007FF79D94E54F]
	(No symbol) [0x00007FF79D949224]
	(No symbol) [0x00007FF79D94935B]
	(No symbol) [0x00007FF79D939B94]
	BaseThreadInitThunk [0x00007FF94FE9257D+29]
	RtlUserThreadStart [0x00007FF95116AA48+40]

[ 2024-04-19 05:27:12,619 ] 82 main_controller - ERROR - Caught exception: Message: no such element: Unable to locate element: {"method":"xpath","selector":"/html/body/form/main/div/div[5]/div/ul"}
  (Session info: chrome=123.0.6312.124); For documentation on this error, please visit: https://www.selenium.dev/documentation/webdriver/troubleshooting/errors#no-such-element-exception
Stacktrace:
	GetHandleVerifier [0x00007FF79D9D7032+63090]
	(No symbol) [0x00007FF79D942C82]
	(No symbol) [0x00007FF79D7DEC65]
	(No symbol) [0x00007FF79D82499D]
	(No symbol) [0x00007FF79D824ADC]
	(No symbol) [0x00007FF79D865B37]
	(No symbol) [0x00007FF79D84701F]
	(No symbol) [0x00007FF79D863412]
	(No symbol) [0x00007FF79D846D83]
	(No symbol) [0x00007FF79D8183A8]
	(No symbol) [0x00007FF79D819441]
	GetHandleVerifier [0x00007FF79DDD25AD+4238317]
	GetHandleVerifier [0x00007FF79DE0F70D+4488525]
	GetHandleVerifier [0x00007FF79DE079EF+4456495]
	GetHandleVerifier [0x00007FF79DAB0576+953270]
	(No symbol) [0x00007FF79D94E54F]
	(No symbol) [0x00007FF79D949224]
	(No symbol) [0x00007FF79D94935B]
	(No symbol) [0x00007FF79D939B94]
	BaseThreadInitThunk [0x00007FF94FE9257D+29]
	RtlUserThreadStart [0x00007FF95116AA48+40]
Traceback (most recent call last):
  File "C:\Users\USER\Projects\AichiTool\AichiSelenium\src\controllers\main_controller.py", line 71, in subprocess
    list_form_info = finder.find(browser)
  File "C:\Users\USER\Projects\AichiTool\AichiSelenium\src\controllers\finder.py", line 22, in find
    self._collect(browser)
  File "C:\Users\USER\Projects\AichiTool\AichiSelenium\src\controllers\finder.py", line 34, in _collect
    form_table = browser.find_element(By.XPATH, "/html/body/form/main/div/div[5]/div/ul")
  File "c:\ProgramData\anaconda3\envs\aichi\lib\site-packages\seleniumbase\core\sb_driver.py", line 20, in find_element
    return self.driver.default_find_element(by=by, value=value)
  File "c:\ProgramData\anaconda3\envs\aichi\lib\site-packages\selenium\webdriver\remote\webdriver.py", line 741, in find_element
    return self.execute(Command.FIND_ELEMENT, {"using": by, "value": value})["value"]
  File "c:\ProgramData\anaconda3\envs\aichi\lib\site-packages\selenium\webdriver\remote\webdriver.py", line 347, in execute
    self.error_handler.check_response(response)
  File "c:\ProgramData\anaconda3\envs\aichi\lib\site-packages\selenium\webdriver\remote\errorhandler.py", line 229, in check_response
    raise exception_class(message, screen, stacktrace)
selenium.common.exceptions.NoSuchElementException: Message: no such element: Unable to locate element: {"method":"xpath","selector":"/html/body/form/main/div/div[5]/div/ul"}
  (Session info: chrome=123.0.6312.124); For documentation on this error, please visit: https://www.selenium.dev/documentation/webdriver/troubleshooting/errors#no-such-element-exception
Stacktrace:
	GetHandleVerifier [0x00007FF79D9D7032+63090]
	(No symbol) [0x00007FF79D942C82]
	(No symbol) [0x00007FF79D7DEC65]
	(No symbol) [0x00007FF79D82499D]
	(No symbol) [0x00007FF79D824ADC]
	(No symbol) [0x00007FF79D865B37]
	(No symbol) [0x00007FF79D84701F]
	(No symbol) [0x00007FF79D863412]
	(No symbol) [0x00007FF79D846D83]
	(No symbol) [0x00007FF79D8183A8]
	(No symbol) [0x00007FF79D819441]
	GetHandleVerifier [0x00007FF79DDD25AD+4238317]
	GetHandleVerifier [0x00007FF79DE0F70D+4488525]
	GetHandleVerifier [0x00007FF79DE079EF+4456495]
	GetHandleVerifier [0x00007FF79DAB0576+953270]
	(No symbol) [0x00007FF79D94E54F]
	(No symbol) [0x00007FF79D949224]
	(No symbol) [0x00007FF79D94935B]
	(No symbol) [0x00007FF79D939B94]
	BaseThreadInitThunk [0x00007FF94FE9257D+29]
	RtlUserThreadStart [0x00007FF95116AA48+40]

[ 2024-04-19 05:27:12,619 ] 82 main_controller - ERROR - Caught exception: Message: no such element: Unable to locate element: {"method":"xpath","selector":"/html/body/form/main/div/div[5]/div/ul"}
  (Session info: chrome=123.0.6312.124); For documentation on this error, please visit: https://www.selenium.dev/documentation/webdriver/troubleshooting/errors#no-such-element-exception
Stacktrace:
	GetHandleVerifier [0x00007FF79D9D7032+63090]
	(No symbol) [0x00007FF79D942C82]
	(No symbol) [0x00007FF79D7DEC65]
	(No symbol) [0x00007FF79D82499D]
	(No symbol) [0x00007FF79D824ADC]
	(No symbol) [0x00007FF79D865B37]
	(No symbol) [0x00007FF79D84701F]
	(No symbol) [0x00007FF79D863412]
	(No symbol) [0x00007FF79D846D83]
	(No symbol) [0x00007FF79D8183A8]
	(No symbol) [0x00007FF79D819441]
	GetHandleVerifier [0x00007FF79DDD25AD+4238317]
	GetHandleVerifier [0x00007FF79DE0F70D+4488525]
	GetHandleVerifier [0x00007FF79DE079EF+4456495]
	GetHandleVerifier [0x00007FF79DAB0576+953270]
	(No symbol) [0x00007FF79D94E54F]
	(No symbol) [0x00007FF79D949224]
	(No symbol) [0x00007FF79D94935B]
	(No symbol) [0x00007FF79D939B94]
	BaseThreadInitThunk [0x00007FF94FE9257D+29]
	RtlUserThreadStart [0x00007FF95116AA48+40]
Traceback (most recent call last):
  File "C:\Users\USER\Projects\AichiTool\AichiSelenium\src\controllers\main_controller.py", line 71, in subprocess
    list_form_info = finder.find(browser)
  File "C:\Users\USER\Projects\AichiTool\AichiSelenium\src\controllers\finder.py", line 22, in find
    self._collect(browser)
  File "C:\Users\USER\Projects\AichiTool\AichiSelenium\src\controllers\finder.py", line 34, in _collect
    form_table = browser.find_element(By.XPATH, "/html/body/form/main/div/div[5]/div/ul")
  File "c:\ProgramData\anaconda3\envs\aichi\lib\site-packages\seleniumbase\core\sb_driver.py", line 20, in find_element
    return self.driver.default_find_element(by=by, value=value)
  File "c:\ProgramData\anaconda3\envs\aichi\lib\site-packages\selenium\webdriver\remote\webdriver.py", line 741, in find_element
    return self.execute(Command.FIND_ELEMENT, {"using": by, "value": value})["value"]
  File "c:\ProgramData\anaconda3\envs\aichi\lib\site-packages\selenium\webdriver\remote\webdriver.py", line 347, in execute
    self.error_handler.check_response(response)
  File "c:\ProgramData\anaconda3\envs\aichi\lib\site-packages\selenium\webdriver\remote\errorhandler.py", line 229, in check_response
    raise exception_class(message, screen, stacktrace)
selenium.common.exceptions.NoSuchElementException: Message: no such element: Unable to locate element: {"method":"xpath","selector":"/html/body/form/main/div/div[5]/div/ul"}
  (Session info: chrome=123.0.6312.124); For documentation on this error, please visit: https://www.selenium.dev/documentation/webdriver/troubleshooting/errors#no-such-element-exception
Stacktrace:
	GetHandleVerifier [0x00007FF79D9D7032+63090]
	(No symbol) [0x00007FF79D942C82]
	(No symbol) [0x00007FF79D7DEC65]
	(No symbol) [0x00007FF79D82499D]
	(No symbol) [0x00007FF79D824ADC]
	(No symbol) [0x00007FF79D865B37]
	(No symbol) [0x00007FF79D84701F]
	(No symbol) [0x00007FF79D863412]
	(No symbol) [0x00007FF79D846D83]
	(No symbol) [0x00007FF79D8183A8]
	(No symbol) [0x00007FF79D819441]
	GetHandleVerifier [0x00007FF79DDD25AD+4238317]
	GetHandleVerifier [0x00007FF79DE0F70D+4488525]
	GetHandleVerifier [0x00007FF79DE079EF+4456495]
	GetHandleVerifier [0x00007FF79DAB0576+953270]
	(No symbol) [0x00007FF79D94E54F]
	(No symbol) [0x00007FF79D949224]
	(No symbol) [0x00007FF79D94935B]
	(No symbol) [0x00007FF79D939B94]
	BaseThreadInitThunk [0x00007FF94FE9257D+29]
	RtlUserThreadStart [0x00007FF95116AA48+40]

[ 2024-04-19 05:27:12,625 ] 94 main_controller - INFO - Subprocess 2 started with trial number 1
[ 2024-04-19 05:27:12,625 ] 94 main_controller - INFO - Subprocess 2 started with trial number 1
[ 2024-04-19 05:27:12,625 ] 94 main_controller - INFO - Subprocess 2 started with trial number 1
[ 2024-04-19 05:27:12,625 ] 94 main_controller - INFO - Subprocess 2 started with trial number 1
[ 2024-04-19 05:27:12,625 ] 94 main_controller - INFO - Subprocess 2 started with trial number 1
[ 2024-04-19 05:27:12,625 ] 94 main_controller - INFO - Subprocess 2 started with trial number 1
[ 2024-04-19 05:27:14,185 ] 94 main_controller - INFO - Browser opened
[ 2024-04-19 05:27:14,185 ] 94 main_controller - INFO - Browser opened
[ 2024-04-19 05:27:14,185 ] 94 main_controller - INFO - Browser opened
[ 2024-04-19 05:27:14,185 ] 94 main_controller - INFO - Browser opened
[ 2024-04-19 05:27:14,185 ] 94 main_controller - INFO - Browser opened
[ 2024-04-19 05:27:14,185 ] 94 main_controller - INFO - Browser opened
[ 2024-04-19 05:27:15,293 ] 82 main_controller - ERROR - Caught exception: Message: no such element: Unable to locate element: {"method":"xpath","selector":"/html/body/form/main/div/div[5]/div/ul"}
  (Session info: chrome=123.0.6312.124); For documentation on this error, please visit: https://www.selenium.dev/documentation/webdriver/troubleshooting/errors#no-such-element-exception
Stacktrace:
	GetHandleVerifier [0x00007FF79D9D7032+63090]
	(No symbol) [0x00007FF79D942C82]
	(No symbol) [0x00007FF79D7DEC65]
	(No symbol) [0x00007FF79D82499D]
	(No symbol) [0x00007FF79D824ADC]
	(No symbol) [0x00007FF79D865B37]
	(No symbol) [0x00007FF79D84701F]
	(No symbol) [0x00007FF79D863412]
	(No symbol) [0x00007FF79D846D83]
	(No symbol) [0x00007FF79D8183A8]
	(No symbol) [0x00007FF79D819441]
	GetHandleVerifier [0x00007FF79DDD25AD+4238317]
	GetHandleVerifier [0x00007FF79DE0F70D+4488525]
	GetHandleVerifier [0x00007FF79DE079EF+4456495]
	GetHandleVerifier [0x00007FF79DAB0576+953270]
	(No symbol) [0x00007FF79D94E54F]
	(No symbol) [0x00007FF79D949224]
	(No symbol) [0x00007FF79D94935B]
	(No symbol) [0x00007FF79D939B94]
	BaseThreadInitThunk [0x00007FF94FE9257D+29]
	RtlUserThreadStart [0x00007FF95116AA48+40]
Traceback (most recent call last):
  File "C:\Users\USER\Projects\AichiTool\AichiSelenium\src\controllers\access.py", line 38, in login
    browser.find_element(By.ID, "userLoginForm.userId").send_keys(self.account.username)
  File "c:\ProgramData\anaconda3\envs\aichi\lib\site-packages\seleniumbase\core\sb_driver.py", line 20, in find_element
    return self.driver.default_find_element(by=by, value=value)
  File "c:\ProgramData\anaconda3\envs\aichi\lib\site-packages\selenium\webdriver\remote\webdriver.py", line 741, in find_element
    return self.execute(Command.FIND_ELEMENT, {"using": by, "value": value})["value"]
  File "c:\ProgramData\anaconda3\envs\aichi\lib\site-packages\selenium\webdriver\remote\webdriver.py", line 347, in execute
    self.error_handler.check_response(response)
  File "c:\ProgramData\anaconda3\envs\aichi\lib\site-packages\selenium\webdriver\remote\errorhandler.py", line 229, in check_response
    raise exception_class(message, screen, stacktrace)
selenium.common.exceptions.NoSuchElementException: Message: no such element: Unable to locate element: {"method":"css selector","selector":"[id="userLoginForm.userId"]"}
  (Session info: chrome=123.0.6312.124); For documentation on this error, please visit: https://www.selenium.dev/documentation/webdriver/troubleshooting/errors#no-such-element-exception
Stacktrace:
	GetHandleVerifier [0x00007FF79D9D7032+63090]
	(No symbol) [0x00007FF79D942C82]
	(No symbol) [0x00007FF79D7DEC65]
	(No symbol) [0x00007FF79D82499D]
	(No symbol) [0x00007FF79D824ADC]
	(No symbol) [0x00007FF79D865B37]
	(No symbol) [0x00007FF79D84701F]
	(No symbol) [0x00007FF79D863412]
	(No symbol) [0x00007FF79D846D83]
	(No symbol) [0x00007FF79D8183A8]
	(No symbol) [0x00007FF79D819441]
	GetHandleVerifier [0x00007FF79DDD25AD+4238317]
	GetHandleVerifier [0x00007FF79DE0F70D+4488525]
	GetHandleVerifier [0x00007FF79DE079EF+4456495]
	GetHandleVerifier [0x00007FF79DAB0576+953270]
	(No symbol) [0x00007FF79D94E54F]
	(No symbol) [0x00007FF79D949224]
	(No symbol) [0x00007FF79D94935B]
	(No symbol) [0x00007FF79D939B94]
	BaseThreadInitThunk [0x00007FF94FE9257D+29]
	RtlUserThreadStart [0x00007FF95116AA48+40]


During handling of the above exception, another exception occurred:

Traceback (most recent call last):
  File "C:\Users\USER\Projects\AichiTool\AichiSelenium\src\controllers\main_controller.py", line 57, in subprocess
    result = access.login(browser)
  File "C:\Users\USER\Projects\AichiTool\AichiSelenium\src\controllers\access.py", line 51, in login
    self.logger.error("Failed to login", e)
  File "C:\Users\USER\Projects\AichiTool\AichiSelenium\src\logs.py", line 76, in error
    self._log(logging.ERROR, *msg)
  File "C:\Users\USER\Projects\AichiTool\AichiSelenium\src\logs.py", line 93, in _log
    message = " ".join(msg)
TypeError: sequence item 1: expected str instance, NoSuchElementException found

During handling of the above exception, another exception occurred:

Traceback (most recent call last):
  File "C:\Users\USER\Projects\AichiTool\AichiSelenium\src\controllers\main_controller.py", line 71, in subprocess
    list_form_info = finder.find(browser)
  File "C:\Users\USER\Projects\AichiTool\AichiSelenium\src\controllers\finder.py", line 22, in find
    self._collect(browser)
  File "C:\Users\USER\Projects\AichiTool\AichiSelenium\src\controllers\finder.py", line 34, in _collect
    form_table = browser.find_element(By.XPATH, "/html/body/form/main/div/div[5]/div/ul")
  File "c:\ProgramData\anaconda3\envs\aichi\lib\site-packages\seleniumbase\core\sb_driver.py", line 20, in find_element
    return self.driver.default_find_element(by=by, value=value)
  File "c:\ProgramData\anaconda3\envs\aichi\lib\site-packages\selenium\webdriver\remote\webdriver.py", line 741, in find_element
    return self.execute(Command.FIND_ELEMENT, {"using": by, "value": value})["value"]
  File "c:\ProgramData\anaconda3\envs\aichi\lib\site-packages\selenium\webdriver\remote\webdriver.py", line 347, in execute
    self.error_handler.check_response(response)
  File "c:\ProgramData\anaconda3\envs\aichi\lib\site-packages\selenium\webdriver\remote\errorhandler.py", line 229, in check_response
    raise exception_class(message, screen, stacktrace)
selenium.common.exceptions.NoSuchElementException: Message: no such element: Unable to locate element: {"method":"xpath","selector":"/html/body/form/main/div/div[5]/div/ul"}
  (Session info: chrome=123.0.6312.124); For documentation on this error, please visit: https://www.selenium.dev/documentation/webdriver/troubleshooting/errors#no-such-element-exception
Stacktrace:
	GetHandleVerifier [0x00007FF79D9D7032+63090]
	(No symbol) [0x00007FF79D942C82]
	(No symbol) [0x00007FF79D7DEC65]
	(No symbol) [0x00007FF79D82499D]
	(No symbol) [0x00007FF79D824ADC]
	(No symbol) [0x00007FF79D865B37]
	(No symbol) [0x00007FF79D84701F]
	(No symbol) [0x00007FF79D863412]
	(No symbol) [0x00007FF79D846D83]
	(No symbol) [0x00007FF79D8183A8]
	(No symbol) [0x00007FF79D819441]
	GetHandleVerifier [0x00007FF79DDD25AD+4238317]
	GetHandleVerifier [0x00007FF79DE0F70D+4488525]
	GetHandleVerifier [0x00007FF79DE079EF+4456495]
	GetHandleVerifier [0x00007FF79DAB0576+953270]
	(No symbol) [0x00007FF79D94E54F]
	(No symbol) [0x00007FF79D949224]
	(No symbol) [0x00007FF79D94935B]
	(No symbol) [0x00007FF79D939B94]
	BaseThreadInitThunk [0x00007FF94FE9257D+29]
	RtlUserThreadStart [0x00007FF95116AA48+40]

[ 2024-04-19 05:27:15,293 ] 82 main_controller - ERROR - Caught exception: Message: no such element: Unable to locate element: {"method":"xpath","selector":"/html/body/form/main/div/div[5]/div/ul"}
  (Session info: chrome=123.0.6312.124); For documentation on this error, please visit: https://www.selenium.dev/documentation/webdriver/troubleshooting/errors#no-such-element-exception
Stacktrace:
	GetHandleVerifier [0x00007FF79D9D7032+63090]
	(No symbol) [0x00007FF79D942C82]
	(No symbol) [0x00007FF79D7DEC65]
	(No symbol) [0x00007FF79D82499D]
	(No symbol) [0x00007FF79D824ADC]
	(No symbol) [0x00007FF79D865B37]
	(No symbol) [0x00007FF79D84701F]
	(No symbol) [0x00007FF79D863412]
	(No symbol) [0x00007FF79D846D83]
	(No symbol) [0x00007FF79D8183A8]
	(No symbol) [0x00007FF79D819441]
	GetHandleVerifier [0x00007FF79DDD25AD+4238317]
	GetHandleVerifier [0x00007FF79DE0F70D+4488525]
	GetHandleVerifier [0x00007FF79DE079EF+4456495]
	GetHandleVerifier [0x00007FF79DAB0576+953270]
	(No symbol) [0x00007FF79D94E54F]
	(No symbol) [0x00007FF79D949224]
	(No symbol) [0x00007FF79D94935B]
	(No symbol) [0x00007FF79D939B94]
	BaseThreadInitThunk [0x00007FF94FE9257D+29]
	RtlUserThreadStart [0x00007FF95116AA48+40]
Traceback (most recent call last):
  File "C:\Users\USER\Projects\AichiTool\AichiSelenium\src\controllers\access.py", line 38, in login
    browser.find_element(By.ID, "userLoginForm.userId").send_keys(self.account.username)
  File "c:\ProgramData\anaconda3\envs\aichi\lib\site-packages\seleniumbase\core\sb_driver.py", line 20, in find_element
    return self.driver.default_find_element(by=by, value=value)
  File "c:\ProgramData\anaconda3\envs\aichi\lib\site-packages\selenium\webdriver\remote\webdriver.py", line 741, in find_element
    return self.execute(Command.FIND_ELEMENT, {"using": by, "value": value})["value"]
  File "c:\ProgramData\anaconda3\envs\aichi\lib\site-packages\selenium\webdriver\remote\webdriver.py", line 347, in execute
    self.error_handler.check_response(response)
  File "c:\ProgramData\anaconda3\envs\aichi\lib\site-packages\selenium\webdriver\remote\errorhandler.py", line 229, in check_response
    raise exception_class(message, screen, stacktrace)
selenium.common.exceptions.NoSuchElementException: Message: no such element: Unable to locate element: {"method":"css selector","selector":"[id="userLoginForm.userId"]"}
  (Session info: chrome=123.0.6312.124); For documentation on this error, please visit: https://www.selenium.dev/documentation/webdriver/troubleshooting/errors#no-such-element-exception
Stacktrace:
	GetHandleVerifier [0x00007FF79D9D7032+63090]
	(No symbol) [0x00007FF79D942C82]
	(No symbol) [0x00007FF79D7DEC65]
	(No symbol) [0x00007FF79D82499D]
	(No symbol) [0x00007FF79D824ADC]
	(No symbol) [0x00007FF79D865B37]
	(No symbol) [0x00007FF79D84701F]
	(No symbol) [0x00007FF79D863412]
	(No symbol) [0x00007FF79D846D83]
	(No symbol) [0x00007FF79D8183A8]
	(No symbol) [0x00007FF79D819441]
	GetHandleVerifier [0x00007FF79DDD25AD+4238317]
	GetHandleVerifier [0x00007FF79DE0F70D+4488525]
	GetHandleVerifier [0x00007FF79DE079EF+4456495]
	GetHandleVerifier [0x00007FF79DAB0576+953270]
	(No symbol) [0x00007FF79D94E54F]
	(No symbol) [0x00007FF79D949224]
	(No symbol) [0x00007FF79D94935B]
	(No symbol) [0x00007FF79D939B94]
	BaseThreadInitThunk [0x00007FF94FE9257D+29]
	RtlUserThreadStart [0x00007FF95116AA48+40]


During handling of the above exception, another exception occurred:

Traceback (most recent call last):
  File "C:\Users\USER\Projects\AichiTool\AichiSelenium\src\controllers\main_controller.py", line 57, in subprocess
    result = access.login(browser)
  File "C:\Users\USER\Projects\AichiTool\AichiSelenium\src\controllers\access.py", line 51, in login
    self.logger.error("Failed to login", e)
  File "C:\Users\USER\Projects\AichiTool\AichiSelenium\src\logs.py", line 76, in error
    self._log(logging.ERROR, *msg)
  File "C:\Users\USER\Projects\AichiTool\AichiSelenium\src\logs.py", line 93, in _log
    message = " ".join(msg)
TypeError: sequence item 1: expected str instance, NoSuchElementException found

During handling of the above exception, another exception occurred:

Traceback (most recent call last):
  File "C:\Users\USER\Projects\AichiTool\AichiSelenium\src\controllers\main_controller.py", line 71, in subprocess
    list_form_info = finder.find(browser)
  File "C:\Users\USER\Projects\AichiTool\AichiSelenium\src\controllers\finder.py", line 22, in find
    self._collect(browser)
  File "C:\Users\USER\Projects\AichiTool\AichiSelenium\src\controllers\finder.py", line 34, in _collect
    form_table = browser.find_element(By.XPATH, "/html/body/form/main/div/div[5]/div/ul")
  File "c:\ProgramData\anaconda3\envs\aichi\lib\site-packages\seleniumbase\core\sb_driver.py", line 20, in find_element
    return self.driver.default_find_element(by=by, value=value)
  File "c:\ProgramData\anaconda3\envs\aichi\lib\site-packages\selenium\webdriver\remote\webdriver.py", line 741, in find_element
    return self.execute(Command.FIND_ELEMENT, {"using": by, "value": value})["value"]
  File "c:\ProgramData\anaconda3\envs\aichi\lib\site-packages\selenium\webdriver\remote\webdriver.py", line 347, in execute
    self.error_handler.check_response(response)
  File "c:\ProgramData\anaconda3\envs\aichi\lib\site-packages\selenium\webdriver\remote\errorhandler.py", line 229, in check_response
    raise exception_class(message, screen, stacktrace)
selenium.common.exceptions.NoSuchElementException: Message: no such element: Unable to locate element: {"method":"xpath","selector":"/html/body/form/main/div/div[5]/div/ul"}
  (Session info: chrome=123.0.6312.124); For documentation on this error, please visit: https://www.selenium.dev/documentation/webdriver/troubleshooting/errors#no-such-element-exception
Stacktrace:
	GetHandleVerifier [0x00007FF79D9D7032+63090]
	(No symbol) [0x00007FF79D942C82]
	(No symbol) [0x00007FF79D7DEC65]
	(No symbol) [0x00007FF79D82499D]
	(No symbol) [0x00007FF79D824ADC]
	(No symbol) [0x00007FF79D865B37]
	(No symbol) [0x00007FF79D84701F]
	(No symbol) [0x00007FF79D863412]
	(No symbol) [0x00007FF79D846D83]
	(No symbol) [0x00007FF79D8183A8]
	(No symbol) [0x00007FF79D819441]
	GetHandleVerifier [0x00007FF79DDD25AD+4238317]
	GetHandleVerifier [0x00007FF79DE0F70D+4488525]
	GetHandleVerifier [0x00007FF79DE079EF+4456495]
	GetHandleVerifier [0x00007FF79DAB0576+953270]
	(No symbol) [0x00007FF79D94E54F]
	(No symbol) [0x00007FF79D949224]
	(No symbol) [0x00007FF79D94935B]
	(No symbol) [0x00007FF79D939B94]
	BaseThreadInitThunk [0x00007FF94FE9257D+29]
	RtlUserThreadStart [0x00007FF95116AA48+40]

[ 2024-04-19 05:27:15,293 ] 82 main_controller - ERROR - Caught exception: Message: no such element: Unable to locate element: {"method":"xpath","selector":"/html/body/form/main/div/div[5]/div/ul"}
  (Session info: chrome=123.0.6312.124); For documentation on this error, please visit: https://www.selenium.dev/documentation/webdriver/troubleshooting/errors#no-such-element-exception
Stacktrace:
	GetHandleVerifier [0x00007FF79D9D7032+63090]
	(No symbol) [0x00007FF79D942C82]
	(No symbol) [0x00007FF79D7DEC65]
	(No symbol) [0x00007FF79D82499D]
	(No symbol) [0x00007FF79D824ADC]
	(No symbol) [0x00007FF79D865B37]
	(No symbol) [0x00007FF79D84701F]
	(No symbol) [0x00007FF79D863412]
	(No symbol) [0x00007FF79D846D83]
	(No symbol) [0x00007FF79D8183A8]
	(No symbol) [0x00007FF79D819441]
	GetHandleVerifier [0x00007FF79DDD25AD+4238317]
	GetHandleVerifier [0x00007FF79DE0F70D+4488525]
	GetHandleVerifier [0x00007FF79DE079EF+4456495]
	GetHandleVerifier [0x00007FF79DAB0576+953270]
	(No symbol) [0x00007FF79D94E54F]
	(No symbol) [0x00007FF79D949224]
	(No symbol) [0x00007FF79D94935B]
	(No symbol) [0x00007FF79D939B94]
	BaseThreadInitThunk [0x00007FF94FE9257D+29]
	RtlUserThreadStart [0x00007FF95116AA48+40]
Traceback (most recent call last):
  File "C:\Users\USER\Projects\AichiTool\AichiSelenium\src\controllers\access.py", line 38, in login
    browser.find_element(By.ID, "userLoginForm.userId").send_keys(self.account.username)
  File "c:\ProgramData\anaconda3\envs\aichi\lib\site-packages\seleniumbase\core\sb_driver.py", line 20, in find_element
    return self.driver.default_find_element(by=by, value=value)
  File "c:\ProgramData\anaconda3\envs\aichi\lib\site-packages\selenium\webdriver\remote\webdriver.py", line 741, in find_element
    return self.execute(Command.FIND_ELEMENT, {"using": by, "value": value})["value"]
  File "c:\ProgramData\anaconda3\envs\aichi\lib\site-packages\selenium\webdriver\remote\webdriver.py", line 347, in execute
    self.error_handler.check_response(response)
  File "c:\ProgramData\anaconda3\envs\aichi\lib\site-packages\selenium\webdriver\remote\errorhandler.py", line 229, in check_response
    raise exception_class(message, screen, stacktrace)
selenium.common.exceptions.NoSuchElementException: Message: no such element: Unable to locate element: {"method":"css selector","selector":"[id="userLoginForm.userId"]"}
  (Session info: chrome=123.0.6312.124); For documentation on this error, please visit: https://www.selenium.dev/documentation/webdriver/troubleshooting/errors#no-such-element-exception
Stacktrace:
	GetHandleVerifier [0x00007FF79D9D7032+63090]
	(No symbol) [0x00007FF79D942C82]
	(No symbol) [0x00007FF79D7DEC65]
	(No symbol) [0x00007FF79D82499D]
	(No symbol) [0x00007FF79D824ADC]
	(No symbol) [0x00007FF79D865B37]
	(No symbol) [0x00007FF79D84701F]
	(No symbol) [0x00007FF79D863412]
	(No symbol) [0x00007FF79D846D83]
	(No symbol) [0x00007FF79D8183A8]
	(No symbol) [0x00007FF79D819441]
	GetHandleVerifier [0x00007FF79DDD25AD+4238317]
	GetHandleVerifier [0x00007FF79DE0F70D+4488525]
	GetHandleVerifier [0x00007FF79DE079EF+4456495]
	GetHandleVerifier [0x00007FF79DAB0576+953270]
	(No symbol) [0x00007FF79D94E54F]
	(No symbol) [0x00007FF79D949224]
	(No symbol) [0x00007FF79D94935B]
	(No symbol) [0x00007FF79D939B94]
	BaseThreadInitThunk [0x00007FF94FE9257D+29]
	RtlUserThreadStart [0x00007FF95116AA48+40]


During handling of the above exception, another exception occurred:

Traceback (most recent call last):
  File "C:\Users\USER\Projects\AichiTool\AichiSelenium\src\controllers\main_controller.py", line 57, in subprocess
    result = access.login(browser)
  File "C:\Users\USER\Projects\AichiTool\AichiSelenium\src\controllers\access.py", line 51, in login
    self.logger.error("Failed to login", e)
  File "C:\Users\USER\Projects\AichiTool\AichiSelenium\src\logs.py", line 76, in error
    self._log(logging.ERROR, *msg)
  File "C:\Users\USER\Projects\AichiTool\AichiSelenium\src\logs.py", line 93, in _log
    message = " ".join(msg)
TypeError: sequence item 1: expected str instance, NoSuchElementException found

During handling of the above exception, another exception occurred:

Traceback (most recent call last):
  File "C:\Users\USER\Projects\AichiTool\AichiSelenium\src\controllers\main_controller.py", line 71, in subprocess
    list_form_info = finder.find(browser)
  File "C:\Users\USER\Projects\AichiTool\AichiSelenium\src\controllers\finder.py", line 22, in find
    self._collect(browser)
  File "C:\Users\USER\Projects\AichiTool\AichiSelenium\src\controllers\finder.py", line 34, in _collect
    form_table = browser.find_element(By.XPATH, "/html/body/form/main/div/div[5]/div/ul")
  File "c:\ProgramData\anaconda3\envs\aichi\lib\site-packages\seleniumbase\core\sb_driver.py", line 20, in find_element
    return self.driver.default_find_element(by=by, value=value)
  File "c:\ProgramData\anaconda3\envs\aichi\lib\site-packages\selenium\webdriver\remote\webdriver.py", line 741, in find_element
    return self.execute(Command.FIND_ELEMENT, {"using": by, "value": value})["value"]
  File "c:\ProgramData\anaconda3\envs\aichi\lib\site-packages\selenium\webdriver\remote\webdriver.py", line 347, in execute
    self.error_handler.check_response(response)
  File "c:\ProgramData\anaconda3\envs\aichi\lib\site-packages\selenium\webdriver\remote\errorhandler.py", line 229, in check_response
    raise exception_class(message, screen, stacktrace)
selenium.common.exceptions.NoSuchElementException: Message: no such element: Unable to locate element: {"method":"xpath","selector":"/html/body/form/main/div/div[5]/div/ul"}
  (Session info: chrome=123.0.6312.124); For documentation on this error, please visit: https://www.selenium.dev/documentation/webdriver/troubleshooting/errors#no-such-element-exception
Stacktrace:
	GetHandleVerifier [0x00007FF79D9D7032+63090]
	(No symbol) [0x00007FF79D942C82]
	(No symbol) [0x00007FF79D7DEC65]
	(No symbol) [0x00007FF79D82499D]
	(No symbol) [0x00007FF79D824ADC]
	(No symbol) [0x00007FF79D865B37]
	(No symbol) [0x00007FF79D84701F]
	(No symbol) [0x00007FF79D863412]
	(No symbol) [0x00007FF79D846D83]
	(No symbol) [0x00007FF79D8183A8]
	(No symbol) [0x00007FF79D819441]
	GetHandleVerifier [0x00007FF79DDD25AD+4238317]
	GetHandleVerifier [0x00007FF79DE0F70D+4488525]
	GetHandleVerifier [0x00007FF79DE079EF+4456495]
	GetHandleVerifier [0x00007FF79DAB0576+953270]
	(No symbol) [0x00007FF79D94E54F]
	(No symbol) [0x00007FF79D949224]
	(No symbol) [0x00007FF79D94935B]
	(No symbol) [0x00007FF79D939B94]
	BaseThreadInitThunk [0x00007FF94FE9257D+29]
	RtlUserThreadStart [0x00007FF95116AA48+40]

[ 2024-04-19 05:27:15,293 ] 82 main_controller - ERROR - Caught exception: Message: no such element: Unable to locate element: {"method":"xpath","selector":"/html/body/form/main/div/div[5]/div/ul"}
  (Session info: chrome=123.0.6312.124); For documentation on this error, please visit: https://www.selenium.dev/documentation/webdriver/troubleshooting/errors#no-such-element-exception
Stacktrace:
	GetHandleVerifier [0x00007FF79D9D7032+63090]
	(No symbol) [0x00007FF79D942C82]
	(No symbol) [0x00007FF79D7DEC65]
	(No symbol) [0x00007FF79D82499D]
	(No symbol) [0x00007FF79D824ADC]
	(No symbol) [0x00007FF79D865B37]
	(No symbol) [0x00007FF79D84701F]
	(No symbol) [0x00007FF79D863412]
	(No symbol) [0x00007FF79D846D83]
	(No symbol) [0x00007FF79D8183A8]
	(No symbol) [0x00007FF79D819441]
	GetHandleVerifier [0x00007FF79DDD25AD+4238317]
	GetHandleVerifier [0x00007FF79DE0F70D+4488525]
	GetHandleVerifier [0x00007FF79DE079EF+4456495]
	GetHandleVerifier [0x00007FF79DAB0576+953270]
	(No symbol) [0x00007FF79D94E54F]
	(No symbol) [0x00007FF79D949224]
	(No symbol) [0x00007FF79D94935B]
	(No symbol) [0x00007FF79D939B94]
	BaseThreadInitThunk [0x00007FF94FE9257D+29]
	RtlUserThreadStart [0x00007FF95116AA48+40]
Traceback (most recent call last):
  File "C:\Users\USER\Projects\AichiTool\AichiSelenium\src\controllers\access.py", line 38, in login
    browser.find_element(By.ID, "userLoginForm.userId").send_keys(self.account.username)
  File "c:\ProgramData\anaconda3\envs\aichi\lib\site-packages\seleniumbase\core\sb_driver.py", line 20, in find_element
    return self.driver.default_find_element(by=by, value=value)
  File "c:\ProgramData\anaconda3\envs\aichi\lib\site-packages\selenium\webdriver\remote\webdriver.py", line 741, in find_element
    return self.execute(Command.FIND_ELEMENT, {"using": by, "value": value})["value"]
  File "c:\ProgramData\anaconda3\envs\aichi\lib\site-packages\selenium\webdriver\remote\webdriver.py", line 347, in execute
    self.error_handler.check_response(response)
  File "c:\ProgramData\anaconda3\envs\aichi\lib\site-packages\selenium\webdriver\remote\errorhandler.py", line 229, in check_response
    raise exception_class(message, screen, stacktrace)
selenium.common.exceptions.NoSuchElementException: Message: no such element: Unable to locate element: {"method":"css selector","selector":"[id="userLoginForm.userId"]"}
  (Session info: chrome=123.0.6312.124); For documentation on this error, please visit: https://www.selenium.dev/documentation/webdriver/troubleshooting/errors#no-such-element-exception
Stacktrace:
	GetHandleVerifier [0x00007FF79D9D7032+63090]
	(No symbol) [0x00007FF79D942C82]
	(No symbol) [0x00007FF79D7DEC65]
	(No symbol) [0x00007FF79D82499D]
	(No symbol) [0x00007FF79D824ADC]
	(No symbol) [0x00007FF79D865B37]
	(No symbol) [0x00007FF79D84701F]
	(No symbol) [0x00007FF79D863412]
	(No symbol) [0x00007FF79D846D83]
	(No symbol) [0x00007FF79D8183A8]
	(No symbol) [0x00007FF79D819441]
	GetHandleVerifier [0x00007FF79DDD25AD+4238317]
	GetHandleVerifier [0x00007FF79DE0F70D+4488525]
	GetHandleVerifier [0x00007FF79DE079EF+4456495]
	GetHandleVerifier [0x00007FF79DAB0576+953270]
	(No symbol) [0x00007FF79D94E54F]
	(No symbol) [0x00007FF79D949224]
	(No symbol) [0x00007FF79D94935B]
	(No symbol) [0x00007FF79D939B94]
	BaseThreadInitThunk [0x00007FF94FE9257D+29]
	RtlUserThreadStart [0x00007FF95116AA48+40]


During handling of the above exception, another exception occurred:

Traceback (most recent call last):
  File "C:\Users\USER\Projects\AichiTool\AichiSelenium\src\controllers\main_controller.py", line 57, in subprocess
    result = access.login(browser)
  File "C:\Users\USER\Projects\AichiTool\AichiSelenium\src\controllers\access.py", line 51, in login
    self.logger.error("Failed to login", e)
  File "C:\Users\USER\Projects\AichiTool\AichiSelenium\src\logs.py", line 76, in error
    self._log(logging.ERROR, *msg)
  File "C:\Users\USER\Projects\AichiTool\AichiSelenium\src\logs.py", line 93, in _log
    message = " ".join(msg)
TypeError: sequence item 1: expected str instance, NoSuchElementException found

During handling of the above exception, another exception occurred:

Traceback (most recent call last):
  File "C:\Users\USER\Projects\AichiTool\AichiSelenium\src\controllers\main_controller.py", line 71, in subprocess
    list_form_info = finder.find(browser)
  File "C:\Users\USER\Projects\AichiTool\AichiSelenium\src\controllers\finder.py", line 22, in find
    self._collect(browser)
  File "C:\Users\USER\Projects\AichiTool\AichiSelenium\src\controllers\finder.py", line 34, in _collect
    form_table = browser.find_element(By.XPATH, "/html/body/form/main/div/div[5]/div/ul")
  File "c:\ProgramData\anaconda3\envs\aichi\lib\site-packages\seleniumbase\core\sb_driver.py", line 20, in find_element
    return self.driver.default_find_element(by=by, value=value)
  File "c:\ProgramData\anaconda3\envs\aichi\lib\site-packages\selenium\webdriver\remote\webdriver.py", line 741, in find_element
    return self.execute(Command.FIND_ELEMENT, {"using": by, "value": value})["value"]
  File "c:\ProgramData\anaconda3\envs\aichi\lib\site-packages\selenium\webdriver\remote\webdriver.py", line 347, in execute
    self.error_handler.check_response(response)
  File "c:\ProgramData\anaconda3\envs\aichi\lib\site-packages\selenium\webdriver\remote\errorhandler.py", line 229, in check_response
    raise exception_class(message, screen, stacktrace)
selenium.common.exceptions.NoSuchElementException: Message: no such element: Unable to locate element: {"method":"xpath","selector":"/html/body/form/main/div/div[5]/div/ul"}
  (Session info: chrome=123.0.6312.124); For documentation on this error, please visit: https://www.selenium.dev/documentation/webdriver/troubleshooting/errors#no-such-element-exception
Stacktrace:
	GetHandleVerifier [0x00007FF79D9D7032+63090]
	(No symbol) [0x00007FF79D942C82]
	(No symbol) [0x00007FF79D7DEC65]
	(No symbol) [0x00007FF79D82499D]
	(No symbol) [0x00007FF79D824ADC]
	(No symbol) [0x00007FF79D865B37]
	(No symbol) [0x00007FF79D84701F]
	(No symbol) [0x00007FF79D863412]
	(No symbol) [0x00007FF79D846D83]
	(No symbol) [0x00007FF79D8183A8]
	(No symbol) [0x00007FF79D819441]
	GetHandleVerifier [0x00007FF79DDD25AD+4238317]
	GetHandleVerifier [0x00007FF79DE0F70D+4488525]
	GetHandleVerifier [0x00007FF79DE079EF+4456495]
	GetHandleVerifier [0x00007FF79DAB0576+953270]
	(No symbol) [0x00007FF79D94E54F]
	(No symbol) [0x00007FF79D949224]
	(No symbol) [0x00007FF79D94935B]
	(No symbol) [0x00007FF79D939B94]
	BaseThreadInitThunk [0x00007FF94FE9257D+29]
	RtlUserThreadStart [0x00007FF95116AA48+40]

[ 2024-04-19 05:27:15,293 ] 82 main_controller - ERROR - Caught exception: Message: no such element: Unable to locate element: {"method":"xpath","selector":"/html/body/form/main/div/div[5]/div/ul"}
  (Session info: chrome=123.0.6312.124); For documentation on this error, please visit: https://www.selenium.dev/documentation/webdriver/troubleshooting/errors#no-such-element-exception
Stacktrace:
	GetHandleVerifier [0x00007FF79D9D7032+63090]
	(No symbol) [0x00007FF79D942C82]
	(No symbol) [0x00007FF79D7DEC65]
	(No symbol) [0x00007FF79D82499D]
	(No symbol) [0x00007FF79D824ADC]
	(No symbol) [0x00007FF79D865B37]
	(No symbol) [0x00007FF79D84701F]
	(No symbol) [0x00007FF79D863412]
	(No symbol) [0x00007FF79D846D83]
	(No symbol) [0x00007FF79D8183A8]
	(No symbol) [0x00007FF79D819441]
	GetHandleVerifier [0x00007FF79DDD25AD+4238317]
	GetHandleVerifier [0x00007FF79DE0F70D+4488525]
	GetHandleVerifier [0x00007FF79DE079EF+4456495]
	GetHandleVerifier [0x00007FF79DAB0576+953270]
	(No symbol) [0x00007FF79D94E54F]
	(No symbol) [0x00007FF79D949224]
	(No symbol) [0x00007FF79D94935B]
	(No symbol) [0x00007FF79D939B94]
	BaseThreadInitThunk [0x00007FF94FE9257D+29]
	RtlUserThreadStart [0x00007FF95116AA48+40]
Traceback (most recent call last):
  File "C:\Users\USER\Projects\AichiTool\AichiSelenium\src\controllers\access.py", line 38, in login
    browser.find_element(By.ID, "userLoginForm.userId").send_keys(self.account.username)
  File "c:\ProgramData\anaconda3\envs\aichi\lib\site-packages\seleniumbase\core\sb_driver.py", line 20, in find_element
    return self.driver.default_find_element(by=by, value=value)
  File "c:\ProgramData\anaconda3\envs\aichi\lib\site-packages\selenium\webdriver\remote\webdriver.py", line 741, in find_element
    return self.execute(Command.FIND_ELEMENT, {"using": by, "value": value})["value"]
  File "c:\ProgramData\anaconda3\envs\aichi\lib\site-packages\selenium\webdriver\remote\webdriver.py", line 347, in execute
    self.error_handler.check_response(response)
  File "c:\ProgramData\anaconda3\envs\aichi\lib\site-packages\selenium\webdriver\remote\errorhandler.py", line 229, in check_response
    raise exception_class(message, screen, stacktrace)
selenium.common.exceptions.NoSuchElementException: Message: no such element: Unable to locate element: {"method":"css selector","selector":"[id="userLoginForm.userId"]"}
  (Session info: chrome=123.0.6312.124); For documentation on this error, please visit: https://www.selenium.dev/documentation/webdriver/troubleshooting/errors#no-such-element-exception
Stacktrace:
	GetHandleVerifier [0x00007FF79D9D7032+63090]
	(No symbol) [0x00007FF79D942C82]
	(No symbol) [0x00007FF79D7DEC65]
	(No symbol) [0x00007FF79D82499D]
	(No symbol) [0x00007FF79D824ADC]
	(No symbol) [0x00007FF79D865B37]
	(No symbol) [0x00007FF79D84701F]
	(No symbol) [0x00007FF79D863412]
	(No symbol) [0x00007FF79D846D83]
	(No symbol) [0x00007FF79D8183A8]
	(No symbol) [0x00007FF79D819441]
	GetHandleVerifier [0x00007FF79DDD25AD+4238317]
	GetHandleVerifier [0x00007FF79DE0F70D+4488525]
	GetHandleVerifier [0x00007FF79DE079EF+4456495]
	GetHandleVerifier [0x00007FF79DAB0576+953270]
	(No symbol) [0x00007FF79D94E54F]
	(No symbol) [0x00007FF79D949224]
	(No symbol) [0x00007FF79D94935B]
	(No symbol) [0x00007FF79D939B94]
	BaseThreadInitThunk [0x00007FF94FE9257D+29]
	RtlUserThreadStart [0x00007FF95116AA48+40]


During handling of the above exception, another exception occurred:

Traceback (most recent call last):
  File "C:\Users\USER\Projects\AichiTool\AichiSelenium\src\controllers\main_controller.py", line 57, in subprocess
    result = access.login(browser)
  File "C:\Users\USER\Projects\AichiTool\AichiSelenium\src\controllers\access.py", line 51, in login
    self.logger.error("Failed to login", e)
  File "C:\Users\USER\Projects\AichiTool\AichiSelenium\src\logs.py", line 76, in error
    self._log(logging.ERROR, *msg)
  File "C:\Users\USER\Projects\AichiTool\AichiSelenium\src\logs.py", line 93, in _log
    message = " ".join(msg)
TypeError: sequence item 1: expected str instance, NoSuchElementException found

During handling of the above exception, another exception occurred:

Traceback (most recent call last):
  File "C:\Users\USER\Projects\AichiTool\AichiSelenium\src\controllers\main_controller.py", line 71, in subprocess
    list_form_info = finder.find(browser)
  File "C:\Users\USER\Projects\AichiTool\AichiSelenium\src\controllers\finder.py", line 22, in find
    self._collect(browser)
  File "C:\Users\USER\Projects\AichiTool\AichiSelenium\src\controllers\finder.py", line 34, in _collect
    form_table = browser.find_element(By.XPATH, "/html/body/form/main/div/div[5]/div/ul")
  File "c:\ProgramData\anaconda3\envs\aichi\lib\site-packages\seleniumbase\core\sb_driver.py", line 20, in find_element
    return self.driver.default_find_element(by=by, value=value)
  File "c:\ProgramData\anaconda3\envs\aichi\lib\site-packages\selenium\webdriver\remote\webdriver.py", line 741, in find_element
    return self.execute(Command.FIND_ELEMENT, {"using": by, "value": value})["value"]
  File "c:\ProgramData\anaconda3\envs\aichi\lib\site-packages\selenium\webdriver\remote\webdriver.py", line 347, in execute
    self.error_handler.check_response(response)
  File "c:\ProgramData\anaconda3\envs\aichi\lib\site-packages\selenium\webdriver\remote\errorhandler.py", line 229, in check_response
    raise exception_class(message, screen, stacktrace)
selenium.common.exceptions.NoSuchElementException: Message: no such element: Unable to locate element: {"method":"xpath","selector":"/html/body/form/main/div/div[5]/div/ul"}
  (Session info: chrome=123.0.6312.124); For documentation on this error, please visit: https://www.selenium.dev/documentation/webdriver/troubleshooting/errors#no-such-element-exception
Stacktrace:
	GetHandleVerifier [0x00007FF79D9D7032+63090]
	(No symbol) [0x00007FF79D942C82]
	(No symbol) [0x00007FF79D7DEC65]
	(No symbol) [0x00007FF79D82499D]
	(No symbol) [0x00007FF79D824ADC]
	(No symbol) [0x00007FF79D865B37]
	(No symbol) [0x00007FF79D84701F]
	(No symbol) [0x00007FF79D863412]
	(No symbol) [0x00007FF79D846D83]
	(No symbol) [0x00007FF79D8183A8]
	(No symbol) [0x00007FF79D819441]
	GetHandleVerifier [0x00007FF79DDD25AD+4238317]
	GetHandleVerifier [0x00007FF79DE0F70D+4488525]
	GetHandleVerifier [0x00007FF79DE079EF+4456495]
	GetHandleVerifier [0x00007FF79DAB0576+953270]
	(No symbol) [0x00007FF79D94E54F]
	(No symbol) [0x00007FF79D949224]
	(No symbol) [0x00007FF79D94935B]
	(No symbol) [0x00007FF79D939B94]
	BaseThreadInitThunk [0x00007FF94FE9257D+29]
	RtlUserThreadStart [0x00007FF95116AA48+40]

[ 2024-04-19 05:27:15,293 ] 82 main_controller - ERROR - Caught exception: Message: no such element: Unable to locate element: {"method":"xpath","selector":"/html/body/form/main/div/div[5]/div/ul"}
  (Session info: chrome=123.0.6312.124); For documentation on this error, please visit: https://www.selenium.dev/documentation/webdriver/troubleshooting/errors#no-such-element-exception
Stacktrace:
	GetHandleVerifier [0x00007FF79D9D7032+63090]
	(No symbol) [0x00007FF79D942C82]
	(No symbol) [0x00007FF79D7DEC65]
	(No symbol) [0x00007FF79D82499D]
	(No symbol) [0x00007FF79D824ADC]
	(No symbol) [0x00007FF79D865B37]
	(No symbol) [0x00007FF79D84701F]
	(No symbol) [0x00007FF79D863412]
	(No symbol) [0x00007FF79D846D83]
	(No symbol) [0x00007FF79D8183A8]
	(No symbol) [0x00007FF79D819441]
	GetHandleVerifier [0x00007FF79DDD25AD+4238317]
	GetHandleVerifier [0x00007FF79DE0F70D+4488525]
	GetHandleVerifier [0x00007FF79DE079EF+4456495]
	GetHandleVerifier [0x00007FF79DAB0576+953270]
	(No symbol) [0x00007FF79D94E54F]
	(No symbol) [0x00007FF79D949224]
	(No symbol) [0x00007FF79D94935B]
	(No symbol) [0x00007FF79D939B94]
	BaseThreadInitThunk [0x00007FF94FE9257D+29]
	RtlUserThreadStart [0x00007FF95116AA48+40]
Traceback (most recent call last):
  File "C:\Users\USER\Projects\AichiTool\AichiSelenium\src\controllers\access.py", line 38, in login
    browser.find_element(By.ID, "userLoginForm.userId").send_keys(self.account.username)
  File "c:\ProgramData\anaconda3\envs\aichi\lib\site-packages\seleniumbase\core\sb_driver.py", line 20, in find_element
    return self.driver.default_find_element(by=by, value=value)
  File "c:\ProgramData\anaconda3\envs\aichi\lib\site-packages\selenium\webdriver\remote\webdriver.py", line 741, in find_element
    return self.execute(Command.FIND_ELEMENT, {"using": by, "value": value})["value"]
  File "c:\ProgramData\anaconda3\envs\aichi\lib\site-packages\selenium\webdriver\remote\webdriver.py", line 347, in execute
    self.error_handler.check_response(response)
  File "c:\ProgramData\anaconda3\envs\aichi\lib\site-packages\selenium\webdriver\remote\errorhandler.py", line 229, in check_response
    raise exception_class(message, screen, stacktrace)
selenium.common.exceptions.NoSuchElementException: Message: no such element: Unable to locate element: {"method":"css selector","selector":"[id="userLoginForm.userId"]"}
  (Session info: chrome=123.0.6312.124); For documentation on this error, please visit: https://www.selenium.dev/documentation/webdriver/troubleshooting/errors#no-such-element-exception
Stacktrace:
	GetHandleVerifier [0x00007FF79D9D7032+63090]
	(No symbol) [0x00007FF79D942C82]
	(No symbol) [0x00007FF79D7DEC65]
	(No symbol) [0x00007FF79D82499D]
	(No symbol) [0x00007FF79D824ADC]
	(No symbol) [0x00007FF79D865B37]
	(No symbol) [0x00007FF79D84701F]
	(No symbol) [0x00007FF79D863412]
	(No symbol) [0x00007FF79D846D83]
	(No symbol) [0x00007FF79D8183A8]
	(No symbol) [0x00007FF79D819441]
	GetHandleVerifier [0x00007FF79DDD25AD+4238317]
	GetHandleVerifier [0x00007FF79DE0F70D+4488525]
	GetHandleVerifier [0x00007FF79DE079EF+4456495]
	GetHandleVerifier [0x00007FF79DAB0576+953270]
	(No symbol) [0x00007FF79D94E54F]
	(No symbol) [0x00007FF79D949224]
	(No symbol) [0x00007FF79D94935B]
	(No symbol) [0x00007FF79D939B94]
	BaseThreadInitThunk [0x00007FF94FE9257D+29]
	RtlUserThreadStart [0x00007FF95116AA48+40]


During handling of the above exception, another exception occurred:

Traceback (most recent call last):
  File "C:\Users\USER\Projects\AichiTool\AichiSelenium\src\controllers\main_controller.py", line 57, in subprocess
    result = access.login(browser)
  File "C:\Users\USER\Projects\AichiTool\AichiSelenium\src\controllers\access.py", line 51, in login
    self.logger.error("Failed to login", e)
  File "C:\Users\USER\Projects\AichiTool\AichiSelenium\src\logs.py", line 76, in error
    self._log(logging.ERROR, *msg)
  File "C:\Users\USER\Projects\AichiTool\AichiSelenium\src\logs.py", line 93, in _log
    message = " ".join(msg)
TypeError: sequence item 1: expected str instance, NoSuchElementException found

During handling of the above exception, another exception occurred:

Traceback (most recent call last):
  File "C:\Users\USER\Projects\AichiTool\AichiSelenium\src\controllers\main_controller.py", line 71, in subprocess
    list_form_info = finder.find(browser)
  File "C:\Users\USER\Projects\AichiTool\AichiSelenium\src\controllers\finder.py", line 22, in find
    self._collect(browser)
  File "C:\Users\USER\Projects\AichiTool\AichiSelenium\src\controllers\finder.py", line 34, in _collect
    form_table = browser.find_element(By.XPATH, "/html/body/form/main/div/div[5]/div/ul")
  File "c:\ProgramData\anaconda3\envs\aichi\lib\site-packages\seleniumbase\core\sb_driver.py", line 20, in find_element
    return self.driver.default_find_element(by=by, value=value)
  File "c:\ProgramData\anaconda3\envs\aichi\lib\site-packages\selenium\webdriver\remote\webdriver.py", line 741, in find_element
    return self.execute(Command.FIND_ELEMENT, {"using": by, "value": value})["value"]
  File "c:\ProgramData\anaconda3\envs\aichi\lib\site-packages\selenium\webdriver\remote\webdriver.py", line 347, in execute
    self.error_handler.check_response(response)
  File "c:\ProgramData\anaconda3\envs\aichi\lib\site-packages\selenium\webdriver\remote\errorhandler.py", line 229, in check_response
    raise exception_class(message, screen, stacktrace)
selenium.common.exceptions.NoSuchElementException: Message: no such element: Unable to locate element: {"method":"xpath","selector":"/html/body/form/main/div/div[5]/div/ul"}
  (Session info: chrome=123.0.6312.124); For documentation on this error, please visit: https://www.selenium.dev/documentation/webdriver/troubleshooting/errors#no-such-element-exception
Stacktrace:
	GetHandleVerifier [0x00007FF79D9D7032+63090]
	(No symbol) [0x00007FF79D942C82]
	(No symbol) [0x00007FF79D7DEC65]
	(No symbol) [0x00007FF79D82499D]
	(No symbol) [0x00007FF79D824ADC]
	(No symbol) [0x00007FF79D865B37]
	(No symbol) [0x00007FF79D84701F]
	(No symbol) [0x00007FF79D863412]
	(No symbol) [0x00007FF79D846D83]
	(No symbol) [0x00007FF79D8183A8]
	(No symbol) [0x00007FF79D819441]
	GetHandleVerifier [0x00007FF79DDD25AD+4238317]
	GetHandleVerifier [0x00007FF79DE0F70D+4488525]
	GetHandleVerifier [0x00007FF79DE079EF+4456495]
	GetHandleVerifier [0x00007FF79DAB0576+953270]
	(No symbol) [0x00007FF79D94E54F]
	(No symbol) [0x00007FF79D949224]
	(No symbol) [0x00007FF79D94935B]
	(No symbol) [0x00007FF79D939B94]
	BaseThreadInitThunk [0x00007FF94FE9257D+29]
	RtlUserThreadStart [0x00007FF95116AA48+40]

[ 2024-04-19 05:27:15,300 ] 94 main_controller - INFO - Subprocess 0 started with trial number 2
[ 2024-04-19 05:27:15,300 ] 94 main_controller - INFO - Subprocess 0 started with trial number 2
[ 2024-04-19 05:27:15,300 ] 94 main_controller - INFO - Subprocess 0 started with trial number 2
[ 2024-04-19 05:27:15,300 ] 94 main_controller - INFO - Subprocess 0 started with trial number 2
[ 2024-04-19 05:27:15,300 ] 94 main_controller - INFO - Subprocess 0 started with trial number 2
[ 2024-04-19 05:27:15,300 ] 94 main_controller - INFO - Subprocess 0 started with trial number 2
[ 2024-04-19 05:27:15,300 ] 94 main_controller - INFO - Subprocess 0 started with trial number 2
[ 2024-04-19 05:27:17,147 ] 82 main_controller - ERROR - Caught exception: Message: no such element: Unable to locate element: {"method":"xpath","selector":"/html/body/form/main/div/div[5]/div/ul"}
  (Session info: chrome=123.0.6312.124); For documentation on this error, please visit: https://www.selenium.dev/documentation/webdriver/troubleshooting/errors#no-such-element-exception
Stacktrace:
	GetHandleVerifier [0x00007FF79D9D7032+63090]
	(No symbol) [0x00007FF79D942C82]
	(No symbol) [0x00007FF79D7DEC65]
	(No symbol) [0x00007FF79D82499D]
	(No symbol) [0x00007FF79D824ADC]
	(No symbol) [0x00007FF79D865B37]
	(No symbol) [0x00007FF79D84701F]
	(No symbol) [0x00007FF79D863412]
	(No symbol) [0x00007FF79D846D83]
	(No symbol) [0x00007FF79D8183A8]
	(No symbol) [0x00007FF79D819441]
	GetHandleVerifier [0x00007FF79DDD25AD+4238317]
	GetHandleVerifier [0x00007FF79DE0F70D+4488525]
	GetHandleVerifier [0x00007FF79DE079EF+4456495]
	GetHandleVerifier [0x00007FF79DAB0576+953270]
	(No symbol) [0x00007FF79D94E54F]
	(No symbol) [0x00007FF79D949224]
	(No symbol) [0x00007FF79D94935B]
	(No symbol) [0x00007FF79D939B94]
	BaseThreadInitThunk [0x00007FF94FE9257D+29]
	RtlUserThreadStart [0x00007FF95116AA48+40]
Traceback (most recent call last):
  File "C:\Users\USER\Projects\AichiTool\AichiSelenium\src\controllers\access.py", line 38, in login
    browser.find_element(By.ID, "userLoginForm.userId").send_keys(self.account.username)
  File "c:\ProgramData\anaconda3\envs\aichi\lib\site-packages\seleniumbase\core\sb_driver.py", line 20, in find_element
    return self.driver.default_find_element(by=by, value=value)
  File "c:\ProgramData\anaconda3\envs\aichi\lib\site-packages\selenium\webdriver\remote\webdriver.py", line 741, in find_element
    return self.execute(Command.FIND_ELEMENT, {"using": by, "value": value})["value"]
  File "c:\ProgramData\anaconda3\envs\aichi\lib\site-packages\selenium\webdriver\remote\webdriver.py", line 347, in execute
    self.error_handler.check_response(response)
  File "c:\ProgramData\anaconda3\envs\aichi\lib\site-packages\selenium\webdriver\remote\errorhandler.py", line 229, in check_response
    raise exception_class(message, screen, stacktrace)
selenium.common.exceptions.NoSuchElementException: Message: no such element: Unable to locate element: {"method":"css selector","selector":"[id="userLoginForm.userId"]"}
  (Session info: chrome=123.0.6312.124); For documentation on this error, please visit: https://www.selenium.dev/documentation/webdriver/troubleshooting/errors#no-such-element-exception
Stacktrace:
	GetHandleVerifier [0x00007FF79D9D7032+63090]
	(No symbol) [0x00007FF79D942C82]
	(No symbol) [0x00007FF79D7DEC65]
	(No symbol) [0x00007FF79D82499D]
	(No symbol) [0x00007FF79D824ADC]
	(No symbol) [0x00007FF79D865B37]
	(No symbol) [0x00007FF79D84701F]
	(No symbol) [0x00007FF79D863412]
	(No symbol) [0x00007FF79D846D83]
	(No symbol) [0x00007FF79D8183A8]
	(No symbol) [0x00007FF79D819441]
	GetHandleVerifier [0x00007FF79DDD25AD+4238317]
	GetHandleVerifier [0x00007FF79DE0F70D+4488525]
	GetHandleVerifier [0x00007FF79DE079EF+4456495]
	GetHandleVerifier [0x00007FF79DAB0576+953270]
	(No symbol) [0x00007FF79D94E54F]
	(No symbol) [0x00007FF79D949224]
	(No symbol) [0x00007FF79D94935B]
	(No symbol) [0x00007FF79D939B94]
	BaseThreadInitThunk [0x00007FF94FE9257D+29]
	RtlUserThreadStart [0x00007FF95116AA48+40]


During handling of the above exception, another exception occurred:

Traceback (most recent call last):
  File "C:\Users\USER\Projects\AichiTool\AichiSelenium\src\controllers\main_controller.py", line 57, in subprocess
    result = access.login(browser)
  File "C:\Users\USER\Projects\AichiTool\AichiSelenium\src\controllers\access.py", line 51, in login
    self.logger.error("Failed to login", e)
  File "C:\Users\USER\Projects\AichiTool\AichiSelenium\src\logs.py", line 76, in error
    self._log(logging.ERROR, *msg)
  File "C:\Users\USER\Projects\AichiTool\AichiSelenium\src\logs.py", line 93, in _log
    message = " ".join(msg)
TypeError: sequence item 1: expected str instance, NoSuchElementException found

During handling of the above exception, another exception occurred:

Traceback (most recent call last):
  File "C:\Users\USER\Projects\AichiTool\AichiSelenium\src\controllers\main_controller.py", line 71, in subprocess
    list_form_info = finder.find(browser)
  File "C:\Users\USER\Projects\AichiTool\AichiSelenium\src\controllers\finder.py", line 22, in find
    self._collect(browser)
  File "C:\Users\USER\Projects\AichiTool\AichiSelenium\src\controllers\finder.py", line 34, in _collect
    form_table = browser.find_element(By.XPATH, "/html/body/form/main/div/div[5]/div/ul")
  File "c:\ProgramData\anaconda3\envs\aichi\lib\site-packages\seleniumbase\core\sb_driver.py", line 20, in find_element
    return self.driver.default_find_element(by=by, value=value)
  File "c:\ProgramData\anaconda3\envs\aichi\lib\site-packages\selenium\webdriver\remote\webdriver.py", line 741, in find_element
    return self.execute(Command.FIND_ELEMENT, {"using": by, "value": value})["value"]
  File "c:\ProgramData\anaconda3\envs\aichi\lib\site-packages\selenium\webdriver\remote\webdriver.py", line 347, in execute
    self.error_handler.check_response(response)
  File "c:\ProgramData\anaconda3\envs\aichi\lib\site-packages\selenium\webdriver\remote\errorhandler.py", line 229, in check_response
    raise exception_class(message, screen, stacktrace)
selenium.common.exceptions.NoSuchElementException: Message: no such element: Unable to locate element: {"method":"xpath","selector":"/html/body/form/main/div/div[5]/div/ul"}
  (Session info: chrome=123.0.6312.124); For documentation on this error, please visit: https://www.selenium.dev/documentation/webdriver/troubleshooting/errors#no-such-element-exception
Stacktrace:
	GetHandleVerifier [0x00007FF79D9D7032+63090]
	(No symbol) [0x00007FF79D942C82]
	(No symbol) [0x00007FF79D7DEC65]
	(No symbol) [0x00007FF79D82499D]
	(No symbol) [0x00007FF79D824ADC]
	(No symbol) [0x00007FF79D865B37]
	(No symbol) [0x00007FF79D84701F]
	(No symbol) [0x00007FF79D863412]
	(No symbol) [0x00007FF79D846D83]
	(No symbol) [0x00007FF79D8183A8]
	(No symbol) [0x00007FF79D819441]
	GetHandleVerifier [0x00007FF79DDD25AD+4238317]
	GetHandleVerifier [0x00007FF79DE0F70D+4488525]
	GetHandleVerifier [0x00007FF79DE079EF+4456495]
	GetHandleVerifier [0x00007FF79DAB0576+953270]
	(No symbol) [0x00007FF79D94E54F]
	(No symbol) [0x00007FF79D949224]
	(No symbol) [0x00007FF79D94935B]
	(No symbol) [0x00007FF79D939B94]
	BaseThreadInitThunk [0x00007FF94FE9257D+29]
	RtlUserThreadStart [0x00007FF95116AA48+40]

[ 2024-04-19 05:27:17,147 ] 82 main_controller - ERROR - Caught exception: Message: no such element: Unable to locate element: {"method":"xpath","selector":"/html/body/form/main/div/div[5]/div/ul"}
  (Session info: chrome=123.0.6312.124); For documentation on this error, please visit: https://www.selenium.dev/documentation/webdriver/troubleshooting/errors#no-such-element-exception
Stacktrace:
	GetHandleVerifier [0x00007FF79D9D7032+63090]
	(No symbol) [0x00007FF79D942C82]
	(No symbol) [0x00007FF79D7DEC65]
	(No symbol) [0x00007FF79D82499D]
	(No symbol) [0x00007FF79D824ADC]
	(No symbol) [0x00007FF79D865B37]
	(No symbol) [0x00007FF79D84701F]
	(No symbol) [0x00007FF79D863412]
	(No symbol) [0x00007FF79D846D83]
	(No symbol) [0x00007FF79D8183A8]
	(No symbol) [0x00007FF79D819441]
	GetHandleVerifier [0x00007FF79DDD25AD+4238317]
	GetHandleVerifier [0x00007FF79DE0F70D+4488525]
	GetHandleVerifier [0x00007FF79DE079EF+4456495]
	GetHandleVerifier [0x00007FF79DAB0576+953270]
	(No symbol) [0x00007FF79D94E54F]
	(No symbol) [0x00007FF79D949224]
	(No symbol) [0x00007FF79D94935B]
	(No symbol) [0x00007FF79D939B94]
	BaseThreadInitThunk [0x00007FF94FE9257D+29]
	RtlUserThreadStart [0x00007FF95116AA48+40]
Traceback (most recent call last):
  File "C:\Users\USER\Projects\AichiTool\AichiSelenium\src\controllers\access.py", line 38, in login
    browser.find_element(By.ID, "userLoginForm.userId").send_keys(self.account.username)
  File "c:\ProgramData\anaconda3\envs\aichi\lib\site-packages\seleniumbase\core\sb_driver.py", line 20, in find_element
    return self.driver.default_find_element(by=by, value=value)
  File "c:\ProgramData\anaconda3\envs\aichi\lib\site-packages\selenium\webdriver\remote\webdriver.py", line 741, in find_element
    return self.execute(Command.FIND_ELEMENT, {"using": by, "value": value})["value"]
  File "c:\ProgramData\anaconda3\envs\aichi\lib\site-packages\selenium\webdriver\remote\webdriver.py", line 347, in execute
    self.error_handler.check_response(response)
  File "c:\ProgramData\anaconda3\envs\aichi\lib\site-packages\selenium\webdriver\remote\errorhandler.py", line 229, in check_response
    raise exception_class(message, screen, stacktrace)
selenium.common.exceptions.NoSuchElementException: Message: no such element: Unable to locate element: {"method":"css selector","selector":"[id="userLoginForm.userId"]"}
  (Session info: chrome=123.0.6312.124); For documentation on this error, please visit: https://www.selenium.dev/documentation/webdriver/troubleshooting/errors#no-such-element-exception
Stacktrace:
	GetHandleVerifier [0x00007FF79D9D7032+63090]
	(No symbol) [0x00007FF79D942C82]
	(No symbol) [0x00007FF79D7DEC65]
	(No symbol) [0x00007FF79D82499D]
	(No symbol) [0x00007FF79D824ADC]
	(No symbol) [0x00007FF79D865B37]
	(No symbol) [0x00007FF79D84701F]
	(No symbol) [0x00007FF79D863412]
	(No symbol) [0x00007FF79D846D83]
	(No symbol) [0x00007FF79D8183A8]
	(No symbol) [0x00007FF79D819441]
	GetHandleVerifier [0x00007FF79DDD25AD+4238317]
	GetHandleVerifier [0x00007FF79DE0F70D+4488525]
	GetHandleVerifier [0x00007FF79DE079EF+4456495]
	GetHandleVerifier [0x00007FF79DAB0576+953270]
	(No symbol) [0x00007FF79D94E54F]
	(No symbol) [0x00007FF79D949224]
	(No symbol) [0x00007FF79D94935B]
	(No symbol) [0x00007FF79D939B94]
	BaseThreadInitThunk [0x00007FF94FE9257D+29]
	RtlUserThreadStart [0x00007FF95116AA48+40]


During handling of the above exception, another exception occurred:

Traceback (most recent call last):
  File "C:\Users\USER\Projects\AichiTool\AichiSelenium\src\controllers\main_controller.py", line 57, in subprocess
    result = access.login(browser)
  File "C:\Users\USER\Projects\AichiTool\AichiSelenium\src\controllers\access.py", line 51, in login
    self.logger.error("Failed to login", e)
  File "C:\Users\USER\Projects\AichiTool\AichiSelenium\src\logs.py", line 76, in error
    self._log(logging.ERROR, *msg)
  File "C:\Users\USER\Projects\AichiTool\AichiSelenium\src\logs.py", line 93, in _log
    message = " ".join(msg)
TypeError: sequence item 1: expected str instance, NoSuchElementException found

During handling of the above exception, another exception occurred:

Traceback (most recent call last):
  File "C:\Users\USER\Projects\AichiTool\AichiSelenium\src\controllers\main_controller.py", line 71, in subprocess
    list_form_info = finder.find(browser)
  File "C:\Users\USER\Projects\AichiTool\AichiSelenium\src\controllers\finder.py", line 22, in find
    self._collect(browser)
  File "C:\Users\USER\Projects\AichiTool\AichiSelenium\src\controllers\finder.py", line 34, in _collect
    form_table = browser.find_element(By.XPATH, "/html/body/form/main/div/div[5]/div/ul")
  File "c:\ProgramData\anaconda3\envs\aichi\lib\site-packages\seleniumbase\core\sb_driver.py", line 20, in find_element
    return self.driver.default_find_element(by=by, value=value)
  File "c:\ProgramData\anaconda3\envs\aichi\lib\site-packages\selenium\webdriver\remote\webdriver.py", line 741, in find_element
    return self.execute(Command.FIND_ELEMENT, {"using": by, "value": value})["value"]
  File "c:\ProgramData\anaconda3\envs\aichi\lib\site-packages\selenium\webdriver\remote\webdriver.py", line 347, in execute
    self.error_handler.check_response(response)
  File "c:\ProgramData\anaconda3\envs\aichi\lib\site-packages\selenium\webdriver\remote\errorhandler.py", line 229, in check_response
    raise exception_class(message, screen, stacktrace)
selenium.common.exceptions.NoSuchElementException: Message: no such element: Unable to locate element: {"method":"xpath","selector":"/html/body/form/main/div/div[5]/div/ul"}
  (Session info: chrome=123.0.6312.124); For documentation on this error, please visit: https://www.selenium.dev/documentation/webdriver/troubleshooting/errors#no-such-element-exception
Stacktrace:
	GetHandleVerifier [0x00007FF79D9D7032+63090]
	(No symbol) [0x00007FF79D942C82]
	(No symbol) [0x00007FF79D7DEC65]
	(No symbol) [0x00007FF79D82499D]
	(No symbol) [0x00007FF79D824ADC]
	(No symbol) [0x00007FF79D865B37]
	(No symbol) [0x00007FF79D84701F]
	(No symbol) [0x00007FF79D863412]
	(No symbol) [0x00007FF79D846D83]
	(No symbol) [0x00007FF79D8183A8]
	(No symbol) [0x00007FF79D819441]
	GetHandleVerifier [0x00007FF79DDD25AD+4238317]
	GetHandleVerifier [0x00007FF79DE0F70D+4488525]
	GetHandleVerifier [0x00007FF79DE079EF+4456495]
	GetHandleVerifier [0x00007FF79DAB0576+953270]
	(No symbol) [0x00007FF79D94E54F]
	(No symbol) [0x00007FF79D949224]
	(No symbol) [0x00007FF79D94935B]
	(No symbol) [0x00007FF79D939B94]
	BaseThreadInitThunk [0x00007FF94FE9257D+29]
	RtlUserThreadStart [0x00007FF95116AA48+40]

[ 2024-04-19 05:27:17,147 ] 82 main_controller - ERROR - Caught exception: Message: no such element: Unable to locate element: {"method":"xpath","selector":"/html/body/form/main/div/div[5]/div/ul"}
  (Session info: chrome=123.0.6312.124); For documentation on this error, please visit: https://www.selenium.dev/documentation/webdriver/troubleshooting/errors#no-such-element-exception
Stacktrace:
	GetHandleVerifier [0x00007FF79D9D7032+63090]
	(No symbol) [0x00007FF79D942C82]
	(No symbol) [0x00007FF79D7DEC65]
	(No symbol) [0x00007FF79D82499D]
	(No symbol) [0x00007FF79D824ADC]
	(No symbol) [0x00007FF79D865B37]
	(No symbol) [0x00007FF79D84701F]
	(No symbol) [0x00007FF79D863412]
	(No symbol) [0x00007FF79D846D83]
	(No symbol) [0x00007FF79D8183A8]
	(No symbol) [0x00007FF79D819441]
	GetHandleVerifier [0x00007FF79DDD25AD+4238317]
	GetHandleVerifier [0x00007FF79DE0F70D+4488525]
	GetHandleVerifier [0x00007FF79DE079EF+4456495]
	GetHandleVerifier [0x00007FF79DAB0576+953270]
	(No symbol) [0x00007FF79D94E54F]
	(No symbol) [0x00007FF79D949224]
	(No symbol) [0x00007FF79D94935B]
	(No symbol) [0x00007FF79D939B94]
	BaseThreadInitThunk [0x00007FF94FE9257D+29]
	RtlUserThreadStart [0x00007FF95116AA48+40]
Traceback (most recent call last):
  File "C:\Users\USER\Projects\AichiTool\AichiSelenium\src\controllers\access.py", line 38, in login
    browser.find_element(By.ID, "userLoginForm.userId").send_keys(self.account.username)
  File "c:\ProgramData\anaconda3\envs\aichi\lib\site-packages\seleniumbase\core\sb_driver.py", line 20, in find_element
    return self.driver.default_find_element(by=by, value=value)
  File "c:\ProgramData\anaconda3\envs\aichi\lib\site-packages\selenium\webdriver\remote\webdriver.py", line 741, in find_element
    return self.execute(Command.FIND_ELEMENT, {"using": by, "value": value})["value"]
  File "c:\ProgramData\anaconda3\envs\aichi\lib\site-packages\selenium\webdriver\remote\webdriver.py", line 347, in execute
    self.error_handler.check_response(response)
  File "c:\ProgramData\anaconda3\envs\aichi\lib\site-packages\selenium\webdriver\remote\errorhandler.py", line 229, in check_response
    raise exception_class(message, screen, stacktrace)
selenium.common.exceptions.NoSuchElementException: Message: no such element: Unable to locate element: {"method":"css selector","selector":"[id="userLoginForm.userId"]"}
  (Session info: chrome=123.0.6312.124); For documentation on this error, please visit: https://www.selenium.dev/documentation/webdriver/troubleshooting/errors#no-such-element-exception
Stacktrace:
	GetHandleVerifier [0x00007FF79D9D7032+63090]
	(No symbol) [0x00007FF79D942C82]
	(No symbol) [0x00007FF79D7DEC65]
	(No symbol) [0x00007FF79D82499D]
	(No symbol) [0x00007FF79D824ADC]
	(No symbol) [0x00007FF79D865B37]
	(No symbol) [0x00007FF79D84701F]
	(No symbol) [0x00007FF79D863412]
	(No symbol) [0x00007FF79D846D83]
	(No symbol) [0x00007FF79D8183A8]
	(No symbol) [0x00007FF79D819441]
	GetHandleVerifier [0x00007FF79DDD25AD+4238317]
	GetHandleVerifier [0x00007FF79DE0F70D+4488525]
	GetHandleVerifier [0x00007FF79DE079EF+4456495]
	GetHandleVerifier [0x00007FF79DAB0576+953270]
	(No symbol) [0x00007FF79D94E54F]
	(No symbol) [0x00007FF79D949224]
	(No symbol) [0x00007FF79D94935B]
	(No symbol) [0x00007FF79D939B94]
	BaseThreadInitThunk [0x00007FF94FE9257D+29]
	RtlUserThreadStart [0x00007FF95116AA48+40]


During handling of the above exception, another exception occurred:

Traceback (most recent call last):
  File "C:\Users\USER\Projects\AichiTool\AichiSelenium\src\controllers\main_controller.py", line 57, in subprocess
    result = access.login(browser)
  File "C:\Users\USER\Projects\AichiTool\AichiSelenium\src\controllers\access.py", line 51, in login
    self.logger.error("Failed to login", e)
  File "C:\Users\USER\Projects\AichiTool\AichiSelenium\src\logs.py", line 76, in error
    self._log(logging.ERROR, *msg)
  File "C:\Users\USER\Projects\AichiTool\AichiSelenium\src\logs.py", line 93, in _log
    message = " ".join(msg)
TypeError: sequence item 1: expected str instance, NoSuchElementException found

During handling of the above exception, another exception occurred:

Traceback (most recent call last):
  File "C:\Users\USER\Projects\AichiTool\AichiSelenium\src\controllers\main_controller.py", line 71, in subprocess
    list_form_info = finder.find(browser)
  File "C:\Users\USER\Projects\AichiTool\AichiSelenium\src\controllers\finder.py", line 22, in find
    self._collect(browser)
  File "C:\Users\USER\Projects\AichiTool\AichiSelenium\src\controllers\finder.py", line 34, in _collect
    form_table = browser.find_element(By.XPATH, "/html/body/form/main/div/div[5]/div/ul")
  File "c:\ProgramData\anaconda3\envs\aichi\lib\site-packages\seleniumbase\core\sb_driver.py", line 20, in find_element
    return self.driver.default_find_element(by=by, value=value)
  File "c:\ProgramData\anaconda3\envs\aichi\lib\site-packages\selenium\webdriver\remote\webdriver.py", line 741, in find_element
    return self.execute(Command.FIND_ELEMENT, {"using": by, "value": value})["value"]
  File "c:\ProgramData\anaconda3\envs\aichi\lib\site-packages\selenium\webdriver\remote\webdriver.py", line 347, in execute
    self.error_handler.check_response(response)
  File "c:\ProgramData\anaconda3\envs\aichi\lib\site-packages\selenium\webdriver\remote\errorhandler.py", line 229, in check_response
    raise exception_class(message, screen, stacktrace)
selenium.common.exceptions.NoSuchElementException: Message: no such element: Unable to locate element: {"method":"xpath","selector":"/html/body/form/main/div/div[5]/div/ul"}
  (Session info: chrome=123.0.6312.124); For documentation on this error, please visit: https://www.selenium.dev/documentation/webdriver/troubleshooting/errors#no-such-element-exception
Stacktrace:
	GetHandleVerifier [0x00007FF79D9D7032+63090]
	(No symbol) [0x00007FF79D942C82]
	(No symbol) [0x00007FF79D7DEC65]
	(No symbol) [0x00007FF79D82499D]
	(No symbol) [0x00007FF79D824ADC]
	(No symbol) [0x00007FF79D865B37]
	(No symbol) [0x00007FF79D84701F]
	(No symbol) [0x00007FF79D863412]
	(No symbol) [0x00007FF79D846D83]
	(No symbol) [0x00007FF79D8183A8]
	(No symbol) [0x00007FF79D819441]
	GetHandleVerifier [0x00007FF79DDD25AD+4238317]
	GetHandleVerifier [0x00007FF79DE0F70D+4488525]
	GetHandleVerifier [0x00007FF79DE079EF+4456495]
	GetHandleVerifier [0x00007FF79DAB0576+953270]
	(No symbol) [0x00007FF79D94E54F]
	(No symbol) [0x00007FF79D949224]
	(No symbol) [0x00007FF79D94935B]
	(No symbol) [0x00007FF79D939B94]
	BaseThreadInitThunk [0x00007FF94FE9257D+29]
	RtlUserThreadStart [0x00007FF95116AA48+40]

[ 2024-04-19 05:27:17,147 ] 82 main_controller - ERROR - Caught exception: Message: no such element: Unable to locate element: {"method":"xpath","selector":"/html/body/form/main/div/div[5]/div/ul"}
  (Session info: chrome=123.0.6312.124); For documentation on this error, please visit: https://www.selenium.dev/documentation/webdriver/troubleshooting/errors#no-such-element-exception
Stacktrace:
	GetHandleVerifier [0x00007FF79D9D7032+63090]
	(No symbol) [0x00007FF79D942C82]
	(No symbol) [0x00007FF79D7DEC65]
	(No symbol) [0x00007FF79D82499D]
	(No symbol) [0x00007FF79D824ADC]
	(No symbol) [0x00007FF79D865B37]
	(No symbol) [0x00007FF79D84701F]
	(No symbol) [0x00007FF79D863412]
	(No symbol) [0x00007FF79D846D83]
	(No symbol) [0x00007FF79D8183A8]
	(No symbol) [0x00007FF79D819441]
	GetHandleVerifier [0x00007FF79DDD25AD+4238317]
	GetHandleVerifier [0x00007FF79DE0F70D+4488525]
	GetHandleVerifier [0x00007FF79DE079EF+4456495]
	GetHandleVerifier [0x00007FF79DAB0576+953270]
	(No symbol) [0x00007FF79D94E54F]
	(No symbol) [0x00007FF79D949224]
	(No symbol) [0x00007FF79D94935B]
	(No symbol) [0x00007FF79D939B94]
	BaseThreadInitThunk [0x00007FF94FE9257D+29]
	RtlUserThreadStart [0x00007FF95116AA48+40]
Traceback (most recent call last):
  File "C:\Users\USER\Projects\AichiTool\AichiSelenium\src\controllers\access.py", line 38, in login
    browser.find_element(By.ID, "userLoginForm.userId").send_keys(self.account.username)
  File "c:\ProgramData\anaconda3\envs\aichi\lib\site-packages\seleniumbase\core\sb_driver.py", line 20, in find_element
    return self.driver.default_find_element(by=by, value=value)
  File "c:\ProgramData\anaconda3\envs\aichi\lib\site-packages\selenium\webdriver\remote\webdriver.py", line 741, in find_element
    return self.execute(Command.FIND_ELEMENT, {"using": by, "value": value})["value"]
  File "c:\ProgramData\anaconda3\envs\aichi\lib\site-packages\selenium\webdriver\remote\webdriver.py", line 347, in execute
    self.error_handler.check_response(response)
  File "c:\ProgramData\anaconda3\envs\aichi\lib\site-packages\selenium\webdriver\remote\errorhandler.py", line 229, in check_response
    raise exception_class(message, screen, stacktrace)
selenium.common.exceptions.NoSuchElementException: Message: no such element: Unable to locate element: {"method":"css selector","selector":"[id="userLoginForm.userId"]"}
  (Session info: chrome=123.0.6312.124); For documentation on this error, please visit: https://www.selenium.dev/documentation/webdriver/troubleshooting/errors#no-such-element-exception
Stacktrace:
	GetHandleVerifier [0x00007FF79D9D7032+63090]
	(No symbol) [0x00007FF79D942C82]
	(No symbol) [0x00007FF79D7DEC65]
	(No symbol) [0x00007FF79D82499D]
	(No symbol) [0x00007FF79D824ADC]
	(No symbol) [0x00007FF79D865B37]
	(No symbol) [0x00007FF79D84701F]
	(No symbol) [0x00007FF79D863412]
	(No symbol) [0x00007FF79D846D83]
	(No symbol) [0x00007FF79D8183A8]
	(No symbol) [0x00007FF79D819441]
	GetHandleVerifier [0x00007FF79DDD25AD+4238317]
	GetHandleVerifier [0x00007FF79DE0F70D+4488525]
	GetHandleVerifier [0x00007FF79DE079EF+4456495]
	GetHandleVerifier [0x00007FF79DAB0576+953270]
	(No symbol) [0x00007FF79D94E54F]
	(No symbol) [0x00007FF79D949224]
	(No symbol) [0x00007FF79D94935B]
	(No symbol) [0x00007FF79D939B94]
	BaseThreadInitThunk [0x00007FF94FE9257D+29]
	RtlUserThreadStart [0x00007FF95116AA48+40]


During handling of the above exception, another exception occurred:

Traceback (most recent call last):
  File "C:\Users\USER\Projects\AichiTool\AichiSelenium\src\controllers\main_controller.py", line 57, in subprocess
    result = access.login(browser)
  File "C:\Users\USER\Projects\AichiTool\AichiSelenium\src\controllers\access.py", line 51, in login
    self.logger.error("Failed to login", e)
  File "C:\Users\USER\Projects\AichiTool\AichiSelenium\src\logs.py", line 76, in error
    self._log(logging.ERROR, *msg)
  File "C:\Users\USER\Projects\AichiTool\AichiSelenium\src\logs.py", line 93, in _log
    message = " ".join(msg)
TypeError: sequence item 1: expected str instance, NoSuchElementException found

During handling of the above exception, another exception occurred:

Traceback (most recent call last):
  File "C:\Users\USER\Projects\AichiTool\AichiSelenium\src\controllers\main_controller.py", line 71, in subprocess
    list_form_info = finder.find(browser)
  File "C:\Users\USER\Projects\AichiTool\AichiSelenium\src\controllers\finder.py", line 22, in find
    self._collect(browser)
  File "C:\Users\USER\Projects\AichiTool\AichiSelenium\src\controllers\finder.py", line 34, in _collect
    form_table = browser.find_element(By.XPATH, "/html/body/form/main/div/div[5]/div/ul")
  File "c:\ProgramData\anaconda3\envs\aichi\lib\site-packages\seleniumbase\core\sb_driver.py", line 20, in find_element
    return self.driver.default_find_element(by=by, value=value)
  File "c:\ProgramData\anaconda3\envs\aichi\lib\site-packages\selenium\webdriver\remote\webdriver.py", line 741, in find_element
    return self.execute(Command.FIND_ELEMENT, {"using": by, "value": value})["value"]
  File "c:\ProgramData\anaconda3\envs\aichi\lib\site-packages\selenium\webdriver\remote\webdriver.py", line 347, in execute
    self.error_handler.check_response(response)
  File "c:\ProgramData\anaconda3\envs\aichi\lib\site-packages\selenium\webdriver\remote\errorhandler.py", line 229, in check_response
    raise exception_class(message, screen, stacktrace)
selenium.common.exceptions.NoSuchElementException: Message: no such element: Unable to locate element: {"method":"xpath","selector":"/html/body/form/main/div/div[5]/div/ul"}
  (Session info: chrome=123.0.6312.124); For documentation on this error, please visit: https://www.selenium.dev/documentation/webdriver/troubleshooting/errors#no-such-element-exception
Stacktrace:
	GetHandleVerifier [0x00007FF79D9D7032+63090]
	(No symbol) [0x00007FF79D942C82]
	(No symbol) [0x00007FF79D7DEC65]
	(No symbol) [0x00007FF79D82499D]
	(No symbol) [0x00007FF79D824ADC]
	(No symbol) [0x00007FF79D865B37]
	(No symbol) [0x00007FF79D84701F]
	(No symbol) [0x00007FF79D863412]
	(No symbol) [0x00007FF79D846D83]
	(No symbol) [0x00007FF79D8183A8]
	(No symbol) [0x00007FF79D819441]
	GetHandleVerifier [0x00007FF79DDD25AD+4238317]
	GetHandleVerifier [0x00007FF79DE0F70D+4488525]
	GetHandleVerifier [0x00007FF79DE079EF+4456495]
	GetHandleVerifier [0x00007FF79DAB0576+953270]
	(No symbol) [0x00007FF79D94E54F]
	(No symbol) [0x00007FF79D949224]
	(No symbol) [0x00007FF79D94935B]
	(No symbol) [0x00007FF79D939B94]
	BaseThreadInitThunk [0x00007FF94FE9257D+29]
	RtlUserThreadStart [0x00007FF95116AA48+40]

[ 2024-04-19 05:27:17,147 ] 82 main_controller - ERROR - Caught exception: Message: no such element: Unable to locate element: {"method":"xpath","selector":"/html/body/form/main/div/div[5]/div/ul"}
  (Session info: chrome=123.0.6312.124); For documentation on this error, please visit: https://www.selenium.dev/documentation/webdriver/troubleshooting/errors#no-such-element-exception
Stacktrace:
	GetHandleVerifier [0x00007FF79D9D7032+63090]
	(No symbol) [0x00007FF79D942C82]
	(No symbol) [0x00007FF79D7DEC65]
	(No symbol) [0x00007FF79D82499D]
	(No symbol) [0x00007FF79D824ADC]
	(No symbol) [0x00007FF79D865B37]
	(No symbol) [0x00007FF79D84701F]
	(No symbol) [0x00007FF79D863412]
	(No symbol) [0x00007FF79D846D83]
	(No symbol) [0x00007FF79D8183A8]
	(No symbol) [0x00007FF79D819441]
	GetHandleVerifier [0x00007FF79DDD25AD+4238317]
	GetHandleVerifier [0x00007FF79DE0F70D+4488525]
	GetHandleVerifier [0x00007FF79DE079EF+4456495]
	GetHandleVerifier [0x00007FF79DAB0576+953270]
	(No symbol) [0x00007FF79D94E54F]
	(No symbol) [0x00007FF79D949224]
	(No symbol) [0x00007FF79D94935B]
	(No symbol) [0x00007FF79D939B94]
	BaseThreadInitThunk [0x00007FF94FE9257D+29]
	RtlUserThreadStart [0x00007FF95116AA48+40]
Traceback (most recent call last):
  File "C:\Users\USER\Projects\AichiTool\AichiSelenium\src\controllers\access.py", line 38, in login
    browser.find_element(By.ID, "userLoginForm.userId").send_keys(self.account.username)
  File "c:\ProgramData\anaconda3\envs\aichi\lib\site-packages\seleniumbase\core\sb_driver.py", line 20, in find_element
    return self.driver.default_find_element(by=by, value=value)
  File "c:\ProgramData\anaconda3\envs\aichi\lib\site-packages\selenium\webdriver\remote\webdriver.py", line 741, in find_element
    return self.execute(Command.FIND_ELEMENT, {"using": by, "value": value})["value"]
  File "c:\ProgramData\anaconda3\envs\aichi\lib\site-packages\selenium\webdriver\remote\webdriver.py", line 347, in execute
    self.error_handler.check_response(response)
  File "c:\ProgramData\anaconda3\envs\aichi\lib\site-packages\selenium\webdriver\remote\errorhandler.py", line 229, in check_response
    raise exception_class(message, screen, stacktrace)
selenium.common.exceptions.NoSuchElementException: Message: no such element: Unable to locate element: {"method":"css selector","selector":"[id="userLoginForm.userId"]"}
  (Session info: chrome=123.0.6312.124); For documentation on this error, please visit: https://www.selenium.dev/documentation/webdriver/troubleshooting/errors#no-such-element-exception
Stacktrace:
	GetHandleVerifier [0x00007FF79D9D7032+63090]
	(No symbol) [0x00007FF79D942C82]
	(No symbol) [0x00007FF79D7DEC65]
	(No symbol) [0x00007FF79D82499D]
	(No symbol) [0x00007FF79D824ADC]
	(No symbol) [0x00007FF79D865B37]
	(No symbol) [0x00007FF79D84701F]
	(No symbol) [0x00007FF79D863412]
	(No symbol) [0x00007FF79D846D83]
	(No symbol) [0x00007FF79D8183A8]
	(No symbol) [0x00007FF79D819441]
	GetHandleVerifier [0x00007FF79DDD25AD+4238317]
	GetHandleVerifier [0x00007FF79DE0F70D+4488525]
	GetHandleVerifier [0x00007FF79DE079EF+4456495]
	GetHandleVerifier [0x00007FF79DAB0576+953270]
	(No symbol) [0x00007FF79D94E54F]
	(No symbol) [0x00007FF79D949224]
	(No symbol) [0x00007FF79D94935B]
	(No symbol) [0x00007FF79D939B94]
	BaseThreadInitThunk [0x00007FF94FE9257D+29]
	RtlUserThreadStart [0x00007FF95116AA48+40]


During handling of the above exception, another exception occurred:

Traceback (most recent call last):
  File "C:\Users\USER\Projects\AichiTool\AichiSelenium\src\controllers\main_controller.py", line 57, in subprocess
    result = access.login(browser)
  File "C:\Users\USER\Projects\AichiTool\AichiSelenium\src\controllers\access.py", line 51, in login
    self.logger.error("Failed to login", e)
  File "C:\Users\USER\Projects\AichiTool\AichiSelenium\src\logs.py", line 76, in error
    self._log(logging.ERROR, *msg)
  File "C:\Users\USER\Projects\AichiTool\AichiSelenium\src\logs.py", line 93, in _log
    message = " ".join(msg)
TypeError: sequence item 1: expected str instance, NoSuchElementException found

During handling of the above exception, another exception occurred:

Traceback (most recent call last):
  File "C:\Users\USER\Projects\AichiTool\AichiSelenium\src\controllers\main_controller.py", line 71, in subprocess
    list_form_info = finder.find(browser)
  File "C:\Users\USER\Projects\AichiTool\AichiSelenium\src\controllers\finder.py", line 22, in find
    self._collect(browser)
  File "C:\Users\USER\Projects\AichiTool\AichiSelenium\src\controllers\finder.py", line 34, in _collect
    form_table = browser.find_element(By.XPATH, "/html/body/form/main/div/div[5]/div/ul")
  File "c:\ProgramData\anaconda3\envs\aichi\lib\site-packages\seleniumbase\core\sb_driver.py", line 20, in find_element
    return self.driver.default_find_element(by=by, value=value)
  File "c:\ProgramData\anaconda3\envs\aichi\lib\site-packages\selenium\webdriver\remote\webdriver.py", line 741, in find_element
    return self.execute(Command.FIND_ELEMENT, {"using": by, "value": value})["value"]
  File "c:\ProgramData\anaconda3\envs\aichi\lib\site-packages\selenium\webdriver\remote\webdriver.py", line 347, in execute
    self.error_handler.check_response(response)
  File "c:\ProgramData\anaconda3\envs\aichi\lib\site-packages\selenium\webdriver\remote\errorhandler.py", line 229, in check_response
    raise exception_class(message, screen, stacktrace)
selenium.common.exceptions.NoSuchElementException: Message: no such element: Unable to locate element: {"method":"xpath","selector":"/html/body/form/main/div/div[5]/div/ul"}
  (Session info: chrome=123.0.6312.124); For documentation on this error, please visit: https://www.selenium.dev/documentation/webdriver/troubleshooting/errors#no-such-element-exception
Stacktrace:
	GetHandleVerifier [0x00007FF79D9D7032+63090]
	(No symbol) [0x00007FF79D942C82]
	(No symbol) [0x00007FF79D7DEC65]
	(No symbol) [0x00007FF79D82499D]
	(No symbol) [0x00007FF79D824ADC]
	(No symbol) [0x00007FF79D865B37]
	(No symbol) [0x00007FF79D84701F]
	(No symbol) [0x00007FF79D863412]
	(No symbol) [0x00007FF79D846D83]
	(No symbol) [0x00007FF79D8183A8]
	(No symbol) [0x00007FF79D819441]
	GetHandleVerifier [0x00007FF79DDD25AD+4238317]
	GetHandleVerifier [0x00007FF79DE0F70D+4488525]
	GetHandleVerifier [0x00007FF79DE079EF+4456495]
	GetHandleVerifier [0x00007FF79DAB0576+953270]
	(No symbol) [0x00007FF79D94E54F]
	(No symbol) [0x00007FF79D949224]
	(No symbol) [0x00007FF79D94935B]
	(No symbol) [0x00007FF79D939B94]
	BaseThreadInitThunk [0x00007FF94FE9257D+29]
	RtlUserThreadStart [0x00007FF95116AA48+40]

[ 2024-04-19 05:27:17,147 ] 82 main_controller - ERROR - Caught exception: Message: no such element: Unable to locate element: {"method":"xpath","selector":"/html/body/form/main/div/div[5]/div/ul"}
  (Session info: chrome=123.0.6312.124); For documentation on this error, please visit: https://www.selenium.dev/documentation/webdriver/troubleshooting/errors#no-such-element-exception
Stacktrace:
	GetHandleVerifier [0x00007FF79D9D7032+63090]
	(No symbol) [0x00007FF79D942C82]
	(No symbol) [0x00007FF79D7DEC65]
	(No symbol) [0x00007FF79D82499D]
	(No symbol) [0x00007FF79D824ADC]
	(No symbol) [0x00007FF79D865B37]
	(No symbol) [0x00007FF79D84701F]
	(No symbol) [0x00007FF79D863412]
	(No symbol) [0x00007FF79D846D83]
	(No symbol) [0x00007FF79D8183A8]
	(No symbol) [0x00007FF79D819441]
	GetHandleVerifier [0x00007FF79DDD25AD+4238317]
	GetHandleVerifier [0x00007FF79DE0F70D+4488525]
	GetHandleVerifier [0x00007FF79DE079EF+4456495]
	GetHandleVerifier [0x00007FF79DAB0576+953270]
	(No symbol) [0x00007FF79D94E54F]
	(No symbol) [0x00007FF79D949224]
	(No symbol) [0x00007FF79D94935B]
	(No symbol) [0x00007FF79D939B94]
	BaseThreadInitThunk [0x00007FF94FE9257D+29]
	RtlUserThreadStart [0x00007FF95116AA48+40]
Traceback (most recent call last):
  File "C:\Users\USER\Projects\AichiTool\AichiSelenium\src\controllers\access.py", line 38, in login
    browser.find_element(By.ID, "userLoginForm.userId").send_keys(self.account.username)
  File "c:\ProgramData\anaconda3\envs\aichi\lib\site-packages\seleniumbase\core\sb_driver.py", line 20, in find_element
    return self.driver.default_find_element(by=by, value=value)
  File "c:\ProgramData\anaconda3\envs\aichi\lib\site-packages\selenium\webdriver\remote\webdriver.py", line 741, in find_element
    return self.execute(Command.FIND_ELEMENT, {"using": by, "value": value})["value"]
  File "c:\ProgramData\anaconda3\envs\aichi\lib\site-packages\selenium\webdriver\remote\webdriver.py", line 347, in execute
    self.error_handler.check_response(response)
  File "c:\ProgramData\anaconda3\envs\aichi\lib\site-packages\selenium\webdriver\remote\errorhandler.py", line 229, in check_response
    raise exception_class(message, screen, stacktrace)
selenium.common.exceptions.NoSuchElementException: Message: no such element: Unable to locate element: {"method":"css selector","selector":"[id="userLoginForm.userId"]"}
  (Session info: chrome=123.0.6312.124); For documentation on this error, please visit: https://www.selenium.dev/documentation/webdriver/troubleshooting/errors#no-such-element-exception
Stacktrace:
	GetHandleVerifier [0x00007FF79D9D7032+63090]
	(No symbol) [0x00007FF79D942C82]
	(No symbol) [0x00007FF79D7DEC65]
	(No symbol) [0x00007FF79D82499D]
	(No symbol) [0x00007FF79D824ADC]
	(No symbol) [0x00007FF79D865B37]
	(No symbol) [0x00007FF79D84701F]
	(No symbol) [0x00007FF79D863412]
	(No symbol) [0x00007FF79D846D83]
	(No symbol) [0x00007FF79D8183A8]
	(No symbol) [0x00007FF79D819441]
	GetHandleVerifier [0x00007FF79DDD25AD+4238317]
	GetHandleVerifier [0x00007FF79DE0F70D+4488525]
	GetHandleVerifier [0x00007FF79DE079EF+4456495]
	GetHandleVerifier [0x00007FF79DAB0576+953270]
	(No symbol) [0x00007FF79D94E54F]
	(No symbol) [0x00007FF79D949224]
	(No symbol) [0x00007FF79D94935B]
	(No symbol) [0x00007FF79D939B94]
	BaseThreadInitThunk [0x00007FF94FE9257D+29]
	RtlUserThreadStart [0x00007FF95116AA48+40]


During handling of the above exception, another exception occurred:

Traceback (most recent call last):
  File "C:\Users\USER\Projects\AichiTool\AichiSelenium\src\controllers\main_controller.py", line 57, in subprocess
    result = access.login(browser)
  File "C:\Users\USER\Projects\AichiTool\AichiSelenium\src\controllers\access.py", line 51, in login
    self.logger.error("Failed to login", e)
  File "C:\Users\USER\Projects\AichiTool\AichiSelenium\src\logs.py", line 76, in error
    self._log(logging.ERROR, *msg)
  File "C:\Users\USER\Projects\AichiTool\AichiSelenium\src\logs.py", line 93, in _log
    message = " ".join(msg)
TypeError: sequence item 1: expected str instance, NoSuchElementException found

During handling of the above exception, another exception occurred:

Traceback (most recent call last):
  File "C:\Users\USER\Projects\AichiTool\AichiSelenium\src\controllers\main_controller.py", line 71, in subprocess
    list_form_info = finder.find(browser)
  File "C:\Users\USER\Projects\AichiTool\AichiSelenium\src\controllers\finder.py", line 22, in find
    self._collect(browser)
  File "C:\Users\USER\Projects\AichiTool\AichiSelenium\src\controllers\finder.py", line 34, in _collect
    form_table = browser.find_element(By.XPATH, "/html/body/form/main/div/div[5]/div/ul")
  File "c:\ProgramData\anaconda3\envs\aichi\lib\site-packages\seleniumbase\core\sb_driver.py", line 20, in find_element
    return self.driver.default_find_element(by=by, value=value)
  File "c:\ProgramData\anaconda3\envs\aichi\lib\site-packages\selenium\webdriver\remote\webdriver.py", line 741, in find_element
    return self.execute(Command.FIND_ELEMENT, {"using": by, "value": value})["value"]
  File "c:\ProgramData\anaconda3\envs\aichi\lib\site-packages\selenium\webdriver\remote\webdriver.py", line 347, in execute
    self.error_handler.check_response(response)
  File "c:\ProgramData\anaconda3\envs\aichi\lib\site-packages\selenium\webdriver\remote\errorhandler.py", line 229, in check_response
    raise exception_class(message, screen, stacktrace)
selenium.common.exceptions.NoSuchElementException: Message: no such element: Unable to locate element: {"method":"xpath","selector":"/html/body/form/main/div/div[5]/div/ul"}
  (Session info: chrome=123.0.6312.124); For documentation on this error, please visit: https://www.selenium.dev/documentation/webdriver/troubleshooting/errors#no-such-element-exception
Stacktrace:
	GetHandleVerifier [0x00007FF79D9D7032+63090]
	(No symbol) [0x00007FF79D942C82]
	(No symbol) [0x00007FF79D7DEC65]
	(No symbol) [0x00007FF79D82499D]
	(No symbol) [0x00007FF79D824ADC]
	(No symbol) [0x00007FF79D865B37]
	(No symbol) [0x00007FF79D84701F]
	(No symbol) [0x00007FF79D863412]
	(No symbol) [0x00007FF79D846D83]
	(No symbol) [0x00007FF79D8183A8]
	(No symbol) [0x00007FF79D819441]
	GetHandleVerifier [0x00007FF79DDD25AD+4238317]
	GetHandleVerifier [0x00007FF79DE0F70D+4488525]
	GetHandleVerifier [0x00007FF79DE079EF+4456495]
	GetHandleVerifier [0x00007FF79DAB0576+953270]
	(No symbol) [0x00007FF79D94E54F]
	(No symbol) [0x00007FF79D949224]
	(No symbol) [0x00007FF79D94935B]
	(No symbol) [0x00007FF79D939B94]
	BaseThreadInitThunk [0x00007FF94FE9257D+29]
	RtlUserThreadStart [0x00007FF95116AA48+40]

[ 2024-04-19 05:27:17,147 ] 82 main_controller - ERROR - Caught exception: Message: no such element: Unable to locate element: {"method":"xpath","selector":"/html/body/form/main/div/div[5]/div/ul"}
  (Session info: chrome=123.0.6312.124); For documentation on this error, please visit: https://www.selenium.dev/documentation/webdriver/troubleshooting/errors#no-such-element-exception
Stacktrace:
	GetHandleVerifier [0x00007FF79D9D7032+63090]
	(No symbol) [0x00007FF79D942C82]
	(No symbol) [0x00007FF79D7DEC65]
	(No symbol) [0x00007FF79D82499D]
	(No symbol) [0x00007FF79D824ADC]
	(No symbol) [0x00007FF79D865B37]
	(No symbol) [0x00007FF79D84701F]
	(No symbol) [0x00007FF79D863412]
	(No symbol) [0x00007FF79D846D83]
	(No symbol) [0x00007FF79D8183A8]
	(No symbol) [0x00007FF79D819441]
	GetHandleVerifier [0x00007FF79DDD25AD+4238317]
	GetHandleVerifier [0x00007FF79DE0F70D+4488525]
	GetHandleVerifier [0x00007FF79DE079EF+4456495]
	GetHandleVerifier [0x00007FF79DAB0576+953270]
	(No symbol) [0x00007FF79D94E54F]
	(No symbol) [0x00007FF79D949224]
	(No symbol) [0x00007FF79D94935B]
	(No symbol) [0x00007FF79D939B94]
	BaseThreadInitThunk [0x00007FF94FE9257D+29]
	RtlUserThreadStart [0x00007FF95116AA48+40]
Traceback (most recent call last):
  File "C:\Users\USER\Projects\AichiTool\AichiSelenium\src\controllers\access.py", line 38, in login
    browser.find_element(By.ID, "userLoginForm.userId").send_keys(self.account.username)
  File "c:\ProgramData\anaconda3\envs\aichi\lib\site-packages\seleniumbase\core\sb_driver.py", line 20, in find_element
    return self.driver.default_find_element(by=by, value=value)
  File "c:\ProgramData\anaconda3\envs\aichi\lib\site-packages\selenium\webdriver\remote\webdriver.py", line 741, in find_element
    return self.execute(Command.FIND_ELEMENT, {"using": by, "value": value})["value"]
  File "c:\ProgramData\anaconda3\envs\aichi\lib\site-packages\selenium\webdriver\remote\webdriver.py", line 347, in execute
    self.error_handler.check_response(response)
  File "c:\ProgramData\anaconda3\envs\aichi\lib\site-packages\selenium\webdriver\remote\errorhandler.py", line 229, in check_response
    raise exception_class(message, screen, stacktrace)
selenium.common.exceptions.NoSuchElementException: Message: no such element: Unable to locate element: {"method":"css selector","selector":"[id="userLoginForm.userId"]"}
  (Session info: chrome=123.0.6312.124); For documentation on this error, please visit: https://www.selenium.dev/documentation/webdriver/troubleshooting/errors#no-such-element-exception
Stacktrace:
	GetHandleVerifier [0x00007FF79D9D7032+63090]
	(No symbol) [0x00007FF79D942C82]
	(No symbol) [0x00007FF79D7DEC65]
	(No symbol) [0x00007FF79D82499D]
	(No symbol) [0x00007FF79D824ADC]
	(No symbol) [0x00007FF79D865B37]
	(No symbol) [0x00007FF79D84701F]
	(No symbol) [0x00007FF79D863412]
	(No symbol) [0x00007FF79D846D83]
	(No symbol) [0x00007FF79D8183A8]
	(No symbol) [0x00007FF79D819441]
	GetHandleVerifier [0x00007FF79DDD25AD+4238317]
	GetHandleVerifier [0x00007FF79DE0F70D+4488525]
	GetHandleVerifier [0x00007FF79DE079EF+4456495]
	GetHandleVerifier [0x00007FF79DAB0576+953270]
	(No symbol) [0x00007FF79D94E54F]
	(No symbol) [0x00007FF79D949224]
	(No symbol) [0x00007FF79D94935B]
	(No symbol) [0x00007FF79D939B94]
	BaseThreadInitThunk [0x00007FF94FE9257D+29]
	RtlUserThreadStart [0x00007FF95116AA48+40]


During handling of the above exception, another exception occurred:

Traceback (most recent call last):
  File "C:\Users\USER\Projects\AichiTool\AichiSelenium\src\controllers\main_controller.py", line 57, in subprocess
    result = access.login(browser)
  File "C:\Users\USER\Projects\AichiTool\AichiSelenium\src\controllers\access.py", line 51, in login
    self.logger.error("Failed to login", e)
  File "C:\Users\USER\Projects\AichiTool\AichiSelenium\src\logs.py", line 76, in error
    self._log(logging.ERROR, *msg)
  File "C:\Users\USER\Projects\AichiTool\AichiSelenium\src\logs.py", line 93, in _log
    message = " ".join(msg)
TypeError: sequence item 1: expected str instance, NoSuchElementException found

During handling of the above exception, another exception occurred:

Traceback (most recent call last):
  File "C:\Users\USER\Projects\AichiTool\AichiSelenium\src\controllers\main_controller.py", line 71, in subprocess
    list_form_info = finder.find(browser)
  File "C:\Users\USER\Projects\AichiTool\AichiSelenium\src\controllers\finder.py", line 22, in find
    self._collect(browser)
  File "C:\Users\USER\Projects\AichiTool\AichiSelenium\src\controllers\finder.py", line 34, in _collect
    form_table = browser.find_element(By.XPATH, "/html/body/form/main/div/div[5]/div/ul")
  File "c:\ProgramData\anaconda3\envs\aichi\lib\site-packages\seleniumbase\core\sb_driver.py", line 20, in find_element
    return self.driver.default_find_element(by=by, value=value)
  File "c:\ProgramData\anaconda3\envs\aichi\lib\site-packages\selenium\webdriver\remote\webdriver.py", line 741, in find_element
    return self.execute(Command.FIND_ELEMENT, {"using": by, "value": value})["value"]
  File "c:\ProgramData\anaconda3\envs\aichi\lib\site-packages\selenium\webdriver\remote\webdriver.py", line 347, in execute
    self.error_handler.check_response(response)
  File "c:\ProgramData\anaconda3\envs\aichi\lib\site-packages\selenium\webdriver\remote\errorhandler.py", line 229, in check_response
    raise exception_class(message, screen, stacktrace)
selenium.common.exceptions.NoSuchElementException: Message: no such element: Unable to locate element: {"method":"xpath","selector":"/html/body/form/main/div/div[5]/div/ul"}
  (Session info: chrome=123.0.6312.124); For documentation on this error, please visit: https://www.selenium.dev/documentation/webdriver/troubleshooting/errors#no-such-element-exception
Stacktrace:
	GetHandleVerifier [0x00007FF79D9D7032+63090]
	(No symbol) [0x00007FF79D942C82]
	(No symbol) [0x00007FF79D7DEC65]
	(No symbol) [0x00007FF79D82499D]
	(No symbol) [0x00007FF79D824ADC]
	(No symbol) [0x00007FF79D865B37]
	(No symbol) [0x00007FF79D84701F]
	(No symbol) [0x00007FF79D863412]
	(No symbol) [0x00007FF79D846D83]
	(No symbol) [0x00007FF79D8183A8]
	(No symbol) [0x00007FF79D819441]
	GetHandleVerifier [0x00007FF79DDD25AD+4238317]
	GetHandleVerifier [0x00007FF79DE0F70D+4488525]
	GetHandleVerifier [0x00007FF79DE079EF+4456495]
	GetHandleVerifier [0x00007FF79DAB0576+953270]
	(No symbol) [0x00007FF79D94E54F]
	(No symbol) [0x00007FF79D949224]
	(No symbol) [0x00007FF79D94935B]
	(No symbol) [0x00007FF79D939B94]
	BaseThreadInitThunk [0x00007FF94FE9257D+29]
	RtlUserThreadStart [0x00007FF95116AA48+40]

[ 2024-04-19 05:27:17,164 ] 94 main_controller - INFO - Subprocess 1 started with trial number 2
[ 2024-04-19 05:27:17,164 ] 94 main_controller - INFO - Subprocess 1 started with trial number 2
[ 2024-04-19 05:27:17,164 ] 94 main_controller - INFO - Subprocess 1 started with trial number 2
[ 2024-04-19 05:27:17,164 ] 94 main_controller - INFO - Subprocess 1 started with trial number 2
[ 2024-04-19 05:27:17,164 ] 94 main_controller - INFO - Subprocess 1 started with trial number 2
[ 2024-04-19 05:27:17,164 ] 94 main_controller - INFO - Subprocess 1 started with trial number 2
[ 2024-04-19 05:27:17,164 ] 94 main_controller - INFO - Subprocess 1 started with trial number 2
[ 2024-04-19 05:27:17,164 ] 94 main_controller - INFO - Subprocess 1 started with trial number 2
[ 2024-04-19 05:27:18,128 ] 94 main_controller - INFO - Browser opened
[ 2024-04-19 05:27:18,128 ] 94 main_controller - INFO - Browser opened
[ 2024-04-19 05:27:18,128 ] 94 main_controller - INFO - Browser opened
[ 2024-04-19 05:27:18,128 ] 94 main_controller - INFO - Browser opened
[ 2024-04-19 05:27:18,128 ] 94 main_controller - INFO - Browser opened
[ 2024-04-19 05:27:18,128 ] 94 main_controller - INFO - Browser opened
[ 2024-04-19 05:27:18,128 ] 94 main_controller - INFO - Browser opened
[ 2024-04-19 05:27:18,128 ] 94 main_controller - INFO - Browser opened
[ 2024-04-19 05:27:20,933 ] 94 main_controller - INFO - Browser opened
[ 2024-04-19 05:27:20,933 ] 94 main_controller - INFO - Browser opened
[ 2024-04-19 05:27:20,933 ] 94 main_controller - INFO - Browser opened
[ 2024-04-19 05:27:20,933 ] 94 main_controller - INFO - Browser opened
[ 2024-04-19 05:27:20,933 ] 94 main_controller - INFO - Browser opened
[ 2024-04-19 05:27:20,933 ] 94 main_controller - INFO - Browser opened
[ 2024-04-19 05:27:20,933 ] 94 main_controller - INFO - Browser opened
[ 2024-04-19 05:27:20,933 ] 94 main_controller - INFO - Browser opened
[ 2024-04-19 05:27:25,148 ] 82 main_controller - ERROR - Caught exception: sequence item 1: expected str instance, NoSuchElementException found
Traceback (most recent call last):
  File "C:\Users\USER\Projects\AichiTool\AichiSelenium\src\controllers\access.py", line 38, in login
    browser.find_element(By.ID, "userLoginForm.userId").send_keys(self.account.username)
  File "c:\ProgramData\anaconda3\envs\aichi\lib\site-packages\seleniumbase\core\sb_driver.py", line 20, in find_element
    return self.driver.default_find_element(by=by, value=value)
  File "c:\ProgramData\anaconda3\envs\aichi\lib\site-packages\selenium\webdriver\remote\webdriver.py", line 741, in find_element
    return self.execute(Command.FIND_ELEMENT, {"using": by, "value": value})["value"]
  File "c:\ProgramData\anaconda3\envs\aichi\lib\site-packages\selenium\webdriver\remote\webdriver.py", line 347, in execute
    self.error_handler.check_response(response)
  File "c:\ProgramData\anaconda3\envs\aichi\lib\site-packages\selenium\webdriver\remote\errorhandler.py", line 229, in check_response
    raise exception_class(message, screen, stacktrace)
selenium.common.exceptions.NoSuchElementException: Message: no such element: Unable to locate element: {"method":"css selector","selector":"[id="userLoginForm.userId"]"}
  (Session info: chrome=123.0.6312.124); For documentation on this error, please visit: https://www.selenium.dev/documentation/webdriver/troubleshooting/errors#no-such-element-exception
Stacktrace:
	GetHandleVerifier [0x00007FF79D9D7032+63090]
	(No symbol) [0x00007FF79D942C82]
	(No symbol) [0x00007FF79D7DEC65]
	(No symbol) [0x00007FF79D82499D]
	(No symbol) [0x00007FF79D824ADC]
	(No symbol) [0x00007FF79D865B37]
	(No symbol) [0x00007FF79D84701F]
	(No symbol) [0x00007FF79D863412]
	(No symbol) [0x00007FF79D846D83]
	(No symbol) [0x00007FF79D8183A8]
	(No symbol) [0x00007FF79D819441]
	GetHandleVerifier [0x00007FF79DDD25AD+4238317]
	GetHandleVerifier [0x00007FF79DE0F70D+4488525]
	GetHandleVerifier [0x00007FF79DE079EF+4456495]
	GetHandleVerifier [0x00007FF79DAB0576+953270]
	(No symbol) [0x00007FF79D94E54F]
	(No symbol) [0x00007FF79D949224]
	(No symbol) [0x00007FF79D94935B]
	(No symbol) [0x00007FF79D939B94]
	BaseThreadInitThunk [0x00007FF94FE9257D+29]
	RtlUserThreadStart [0x00007FF95116AA48+40]


During handling of the above exception, another exception occurred:

Traceback (most recent call last):
  File "C:\Users\USER\Projects\AichiTool\AichiSelenium\src\controllers\main_controller.py", line 57, in subprocess
    result = access.login(browser)
  File "C:\Users\USER\Projects\AichiTool\AichiSelenium\src\controllers\access.py", line 51, in login
    self.logger.error("Failed to login", e)
  File "C:\Users\USER\Projects\AichiTool\AichiSelenium\src\logs.py", line 76, in error
    self._log(logging.ERROR, *msg)
  File "C:\Users\USER\Projects\AichiTool\AichiSelenium\src\logs.py", line 93, in _log
    message = " ".join(msg)
TypeError: sequence item 1: expected str instance, NoSuchElementException found

During handling of the above exception, another exception occurred:

Traceback (most recent call last):
  File "C:\Users\USER\Projects\AichiTool\AichiSelenium\src\controllers\main_controller.py", line 71, in subprocess
    list_form_info = finder.find(browser)
  File "C:\Users\USER\Projects\AichiTool\AichiSelenium\src\controllers\finder.py", line 22, in find
    self._collect(browser)
  File "C:\Users\USER\Projects\AichiTool\AichiSelenium\src\controllers\finder.py", line 34, in _collect
    form_table = browser.find_element(By.XPATH, "/html/body/form/main/div/div[5]/div/ul")
  File "c:\ProgramData\anaconda3\envs\aichi\lib\site-packages\seleniumbase\core\sb_driver.py", line 20, in find_element
    return self.driver.default_find_element(by=by, value=value)
  File "c:\ProgramData\anaconda3\envs\aichi\lib\site-packages\selenium\webdriver\remote\webdriver.py", line 741, in find_element
    return self.execute(Command.FIND_ELEMENT, {"using": by, "value": value})["value"]
  File "c:\ProgramData\anaconda3\envs\aichi\lib\site-packages\selenium\webdriver\remote\webdriver.py", line 347, in execute
    self.error_handler.check_response(response)
  File "c:\ProgramData\anaconda3\envs\aichi\lib\site-packages\selenium\webdriver\remote\errorhandler.py", line 229, in check_response
    raise exception_class(message, screen, stacktrace)
selenium.common.exceptions.NoSuchElementException: Message: no such element: Unable to locate element: {"method":"xpath","selector":"/html/body/form/main/div/div[5]/div/ul"}
  (Session info: chrome=123.0.6312.124); For documentation on this error, please visit: https://www.selenium.dev/documentation/webdriver/troubleshooting/errors#no-such-element-exception
Stacktrace:
	GetHandleVerifier [0x00007FF79D9D7032+63090]
	(No symbol) [0x00007FF79D942C82]
	(No symbol) [0x00007FF79D7DEC65]
	(No symbol) [0x00007FF79D82499D]
	(No symbol) [0x00007FF79D824ADC]
	(No symbol) [0x00007FF79D865B37]
	(No symbol) [0x00007FF79D84701F]
	(No symbol) [0x00007FF79D863412]
	(No symbol) [0x00007FF79D846D83]
	(No symbol) [0x00007FF79D8183A8]
	(No symbol) [0x00007FF79D819441]
	GetHandleVerifier [0x00007FF79DDD25AD+4238317]
	GetHandleVerifier [0x00007FF79DE0F70D+4488525]
	GetHandleVerifier [0x00007FF79DE079EF+4456495]
	GetHandleVerifier [0x00007FF79DAB0576+953270]
	(No symbol) [0x00007FF79D94E54F]
	(No symbol) [0x00007FF79D949224]
	(No symbol) [0x00007FF79D94935B]
	(No symbol) [0x00007FF79D939B94]
	BaseThreadInitThunk [0x00007FF94FE9257D+29]
	RtlUserThreadStart [0x00007FF95116AA48+40]


During handling of the above exception, another exception occurred:

Traceback (most recent call last):
  File "C:\Users\USER\Projects\AichiTool\AichiSelenium\src\controllers\access.py", line 38, in login
    browser.find_element(By.ID, "userLoginForm.userId").send_keys(self.account.username)
  File "c:\ProgramData\anaconda3\envs\aichi\lib\site-packages\seleniumbase\core\sb_driver.py", line 20, in find_element
    return self.driver.default_find_element(by=by, value=value)
  File "c:\ProgramData\anaconda3\envs\aichi\lib\site-packages\selenium\webdriver\remote\webdriver.py", line 741, in find_element
    return self.execute(Command.FIND_ELEMENT, {"using": by, "value": value})["value"]
  File "c:\ProgramData\anaconda3\envs\aichi\lib\site-packages\selenium\webdriver\remote\webdriver.py", line 347, in execute
    self.error_handler.check_response(response)
  File "c:\ProgramData\anaconda3\envs\aichi\lib\site-packages\selenium\webdriver\remote\errorhandler.py", line 229, in check_response
    raise exception_class(message, screen, stacktrace)
selenium.common.exceptions.NoSuchElementException: Message: no such element: Unable to locate element: {"method":"css selector","selector":"[id="userLoginForm.userId"]"}
  (Session info: chrome=123.0.6312.124); For documentation on this error, please visit: https://www.selenium.dev/documentation/webdriver/troubleshooting/errors#no-such-element-exception
Stacktrace:
	GetHandleVerifier [0x00007FF79D9D7032+63090]
	(No symbol) [0x00007FF79D942C82]
	(No symbol) [0x00007FF79D7DEC65]
	(No symbol) [0x00007FF79D82499D]
	(No symbol) [0x00007FF79D824ADC]
	(No symbol) [0x00007FF79D865B37]
	(No symbol) [0x00007FF79D84701F]
	(No symbol) [0x00007FF79D863412]
	(No symbol) [0x00007FF79D846D83]
	(No symbol) [0x00007FF79D8183A8]
	(No symbol) [0x00007FF79D819441]
	GetHandleVerifier [0x00007FF79DDD25AD+4238317]
	GetHandleVerifier [0x00007FF79DE0F70D+4488525]
	GetHandleVerifier [0x00007FF79DE079EF+4456495]
	GetHandleVerifier [0x00007FF79DAB0576+953270]
	(No symbol) [0x00007FF79D94E54F]
	(No symbol) [0x00007FF79D949224]
	(No symbol) [0x00007FF79D94935B]
	(No symbol) [0x00007FF79D939B94]
	BaseThreadInitThunk [0x00007FF94FE9257D+29]
	RtlUserThreadStart [0x00007FF95116AA48+40]


During handling of the above exception, another exception occurred:

Traceback (most recent call last):
  File "C:\Users\USER\Projects\AichiTool\AichiSelenium\src\controllers\main_controller.py", line 57, in subprocess
    result = access.login(browser)
  File "C:\Users\USER\Projects\AichiTool\AichiSelenium\src\controllers\access.py", line 51, in login
    self.logger.error("Failed to login", e)
  File "C:\Users\USER\Projects\AichiTool\AichiSelenium\src\logs.py", line 76, in error
    self._log(logging.ERROR, *msg)
  File "C:\Users\USER\Projects\AichiTool\AichiSelenium\src\logs.py", line 93, in _log
    message = " ".join(msg)
TypeError: sequence item 1: expected str instance, NoSuchElementException found
[ 2024-04-19 05:27:25,148 ] 82 main_controller - ERROR - Caught exception: sequence item 1: expected str instance, NoSuchElementException found
Traceback (most recent call last):
  File "C:\Users\USER\Projects\AichiTool\AichiSelenium\src\controllers\access.py", line 38, in login
    browser.find_element(By.ID, "userLoginForm.userId").send_keys(self.account.username)
  File "c:\ProgramData\anaconda3\envs\aichi\lib\site-packages\seleniumbase\core\sb_driver.py", line 20, in find_element
    return self.driver.default_find_element(by=by, value=value)
  File "c:\ProgramData\anaconda3\envs\aichi\lib\site-packages\selenium\webdriver\remote\webdriver.py", line 741, in find_element
    return self.execute(Command.FIND_ELEMENT, {"using": by, "value": value})["value"]
  File "c:\ProgramData\anaconda3\envs\aichi\lib\site-packages\selenium\webdriver\remote\webdriver.py", line 347, in execute
    self.error_handler.check_response(response)
  File "c:\ProgramData\anaconda3\envs\aichi\lib\site-packages\selenium\webdriver\remote\errorhandler.py", line 229, in check_response
    raise exception_class(message, screen, stacktrace)
selenium.common.exceptions.NoSuchElementException: Message: no such element: Unable to locate element: {"method":"css selector","selector":"[id="userLoginForm.userId"]"}
  (Session info: chrome=123.0.6312.124); For documentation on this error, please visit: https://www.selenium.dev/documentation/webdriver/troubleshooting/errors#no-such-element-exception
Stacktrace:
	GetHandleVerifier [0x00007FF79D9D7032+63090]
	(No symbol) [0x00007FF79D942C82]
	(No symbol) [0x00007FF79D7DEC65]
	(No symbol) [0x00007FF79D82499D]
	(No symbol) [0x00007FF79D824ADC]
	(No symbol) [0x00007FF79D865B37]
	(No symbol) [0x00007FF79D84701F]
	(No symbol) [0x00007FF79D863412]
	(No symbol) [0x00007FF79D846D83]
	(No symbol) [0x00007FF79D8183A8]
	(No symbol) [0x00007FF79D819441]
	GetHandleVerifier [0x00007FF79DDD25AD+4238317]
	GetHandleVerifier [0x00007FF79DE0F70D+4488525]
	GetHandleVerifier [0x00007FF79DE079EF+4456495]
	GetHandleVerifier [0x00007FF79DAB0576+953270]
	(No symbol) [0x00007FF79D94E54F]
	(No symbol) [0x00007FF79D949224]
	(No symbol) [0x00007FF79D94935B]
	(No symbol) [0x00007FF79D939B94]
	BaseThreadInitThunk [0x00007FF94FE9257D+29]
	RtlUserThreadStart [0x00007FF95116AA48+40]


During handling of the above exception, another exception occurred:

Traceback (most recent call last):
  File "C:\Users\USER\Projects\AichiTool\AichiSelenium\src\controllers\main_controller.py", line 57, in subprocess
    result = access.login(browser)
  File "C:\Users\USER\Projects\AichiTool\AichiSelenium\src\controllers\access.py", line 51, in login
    self.logger.error("Failed to login", e)
  File "C:\Users\USER\Projects\AichiTool\AichiSelenium\src\logs.py", line 76, in error
    self._log(logging.ERROR, *msg)
  File "C:\Users\USER\Projects\AichiTool\AichiSelenium\src\logs.py", line 93, in _log
    message = " ".join(msg)
TypeError: sequence item 1: expected str instance, NoSuchElementException found

During handling of the above exception, another exception occurred:

Traceback (most recent call last):
  File "C:\Users\USER\Projects\AichiTool\AichiSelenium\src\controllers\main_controller.py", line 71, in subprocess
    list_form_info = finder.find(browser)
  File "C:\Users\USER\Projects\AichiTool\AichiSelenium\src\controllers\finder.py", line 22, in find
    self._collect(browser)
  File "C:\Users\USER\Projects\AichiTool\AichiSelenium\src\controllers\finder.py", line 34, in _collect
    form_table = browser.find_element(By.XPATH, "/html/body/form/main/div/div[5]/div/ul")
  File "c:\ProgramData\anaconda3\envs\aichi\lib\site-packages\seleniumbase\core\sb_driver.py", line 20, in find_element
    return self.driver.default_find_element(by=by, value=value)
  File "c:\ProgramData\anaconda3\envs\aichi\lib\site-packages\selenium\webdriver\remote\webdriver.py", line 741, in find_element
    return self.execute(Command.FIND_ELEMENT, {"using": by, "value": value})["value"]
  File "c:\ProgramData\anaconda3\envs\aichi\lib\site-packages\selenium\webdriver\remote\webdriver.py", line 347, in execute
    self.error_handler.check_response(response)
  File "c:\ProgramData\anaconda3\envs\aichi\lib\site-packages\selenium\webdriver\remote\errorhandler.py", line 229, in check_response
    raise exception_class(message, screen, stacktrace)
selenium.common.exceptions.NoSuchElementException: Message: no such element: Unable to locate element: {"method":"xpath","selector":"/html/body/form/main/div/div[5]/div/ul"}
  (Session info: chrome=123.0.6312.124); For documentation on this error, please visit: https://www.selenium.dev/documentation/webdriver/troubleshooting/errors#no-such-element-exception
Stacktrace:
	GetHandleVerifier [0x00007FF79D9D7032+63090]
	(No symbol) [0x00007FF79D942C82]
	(No symbol) [0x00007FF79D7DEC65]
	(No symbol) [0x00007FF79D82499D]
	(No symbol) [0x00007FF79D824ADC]
	(No symbol) [0x00007FF79D865B37]
	(No symbol) [0x00007FF79D84701F]
	(No symbol) [0x00007FF79D863412]
	(No symbol) [0x00007FF79D846D83]
	(No symbol) [0x00007FF79D8183A8]
	(No symbol) [0x00007FF79D819441]
	GetHandleVerifier [0x00007FF79DDD25AD+4238317]
	GetHandleVerifier [0x00007FF79DE0F70D+4488525]
	GetHandleVerifier [0x00007FF79DE079EF+4456495]
	GetHandleVerifier [0x00007FF79DAB0576+953270]
	(No symbol) [0x00007FF79D94E54F]
	(No symbol) [0x00007FF79D949224]
	(No symbol) [0x00007FF79D94935B]
	(No symbol) [0x00007FF79D939B94]
	BaseThreadInitThunk [0x00007FF94FE9257D+29]
	RtlUserThreadStart [0x00007FF95116AA48+40]


During handling of the above exception, another exception occurred:

Traceback (most recent call last):
  File "C:\Users\USER\Projects\AichiTool\AichiSelenium\src\controllers\access.py", line 38, in login
    browser.find_element(By.ID, "userLoginForm.userId").send_keys(self.account.username)
  File "c:\ProgramData\anaconda3\envs\aichi\lib\site-packages\seleniumbase\core\sb_driver.py", line 20, in find_element
    return self.driver.default_find_element(by=by, value=value)
  File "c:\ProgramData\anaconda3\envs\aichi\lib\site-packages\selenium\webdriver\remote\webdriver.py", line 741, in find_element
    return self.execute(Command.FIND_ELEMENT, {"using": by, "value": value})["value"]
  File "c:\ProgramData\anaconda3\envs\aichi\lib\site-packages\selenium\webdriver\remote\webdriver.py", line 347, in execute
    self.error_handler.check_response(response)
  File "c:\ProgramData\anaconda3\envs\aichi\lib\site-packages\selenium\webdriver\remote\errorhandler.py", line 229, in check_response
    raise exception_class(message, screen, stacktrace)
selenium.common.exceptions.NoSuchElementException: Message: no such element: Unable to locate element: {"method":"css selector","selector":"[id="userLoginForm.userId"]"}
  (Session info: chrome=123.0.6312.124); For documentation on this error, please visit: https://www.selenium.dev/documentation/webdriver/troubleshooting/errors#no-such-element-exception
Stacktrace:
	GetHandleVerifier [0x00007FF79D9D7032+63090]
	(No symbol) [0x00007FF79D942C82]
	(No symbol) [0x00007FF79D7DEC65]
	(No symbol) [0x00007FF79D82499D]
	(No symbol) [0x00007FF79D824ADC]
	(No symbol) [0x00007FF79D865B37]
	(No symbol) [0x00007FF79D84701F]
	(No symbol) [0x00007FF79D863412]
	(No symbol) [0x00007FF79D846D83]
	(No symbol) [0x00007FF79D8183A8]
	(No symbol) [0x00007FF79D819441]
	GetHandleVerifier [0x00007FF79DDD25AD+4238317]
	GetHandleVerifier [0x00007FF79DE0F70D+4488525]
	GetHandleVerifier [0x00007FF79DE079EF+4456495]
	GetHandleVerifier [0x00007FF79DAB0576+953270]
	(No symbol) [0x00007FF79D94E54F]
	(No symbol) [0x00007FF79D949224]
	(No symbol) [0x00007FF79D94935B]
	(No symbol) [0x00007FF79D939B94]
	BaseThreadInitThunk [0x00007FF94FE9257D+29]
	RtlUserThreadStart [0x00007FF95116AA48+40]


During handling of the above exception, another exception occurred:

Traceback (most recent call last):
  File "C:\Users\USER\Projects\AichiTool\AichiSelenium\src\controllers\main_controller.py", line 57, in subprocess
    result = access.login(browser)
  File "C:\Users\USER\Projects\AichiTool\AichiSelenium\src\controllers\access.py", line 51, in login
    self.logger.error("Failed to login", e)
  File "C:\Users\USER\Projects\AichiTool\AichiSelenium\src\logs.py", line 76, in error
    self._log(logging.ERROR, *msg)
  File "C:\Users\USER\Projects\AichiTool\AichiSelenium\src\logs.py", line 93, in _log
    message = " ".join(msg)
TypeError: sequence item 1: expected str instance, NoSuchElementException found
[ 2024-04-19 05:27:25,148 ] 82 main_controller - ERROR - Caught exception: sequence item 1: expected str instance, NoSuchElementException found
Traceback (most recent call last):
  File "C:\Users\USER\Projects\AichiTool\AichiSelenium\src\controllers\access.py", line 38, in login
    browser.find_element(By.ID, "userLoginForm.userId").send_keys(self.account.username)
  File "c:\ProgramData\anaconda3\envs\aichi\lib\site-packages\seleniumbase\core\sb_driver.py", line 20, in find_element
    return self.driver.default_find_element(by=by, value=value)
  File "c:\ProgramData\anaconda3\envs\aichi\lib\site-packages\selenium\webdriver\remote\webdriver.py", line 741, in find_element
    return self.execute(Command.FIND_ELEMENT, {"using": by, "value": value})["value"]
  File "c:\ProgramData\anaconda3\envs\aichi\lib\site-packages\selenium\webdriver\remote\webdriver.py", line 347, in execute
    self.error_handler.check_response(response)
  File "c:\ProgramData\anaconda3\envs\aichi\lib\site-packages\selenium\webdriver\remote\errorhandler.py", line 229, in check_response
    raise exception_class(message, screen, stacktrace)
selenium.common.exceptions.NoSuchElementException: Message: no such element: Unable to locate element: {"method":"css selector","selector":"[id="userLoginForm.userId"]"}
  (Session info: chrome=123.0.6312.124); For documentation on this error, please visit: https://www.selenium.dev/documentation/webdriver/troubleshooting/errors#no-such-element-exception
Stacktrace:
	GetHandleVerifier [0x00007FF79D9D7032+63090]
	(No symbol) [0x00007FF79D942C82]
	(No symbol) [0x00007FF79D7DEC65]
	(No symbol) [0x00007FF79D82499D]
	(No symbol) [0x00007FF79D824ADC]
	(No symbol) [0x00007FF79D865B37]
	(No symbol) [0x00007FF79D84701F]
	(No symbol) [0x00007FF79D863412]
	(No symbol) [0x00007FF79D846D83]
	(No symbol) [0x00007FF79D8183A8]
	(No symbol) [0x00007FF79D819441]
	GetHandleVerifier [0x00007FF79DDD25AD+4238317]
	GetHandleVerifier [0x00007FF79DE0F70D+4488525]
	GetHandleVerifier [0x00007FF79DE079EF+4456495]
	GetHandleVerifier [0x00007FF79DAB0576+953270]
	(No symbol) [0x00007FF79D94E54F]
	(No symbol) [0x00007FF79D949224]
	(No symbol) [0x00007FF79D94935B]
	(No symbol) [0x00007FF79D939B94]
	BaseThreadInitThunk [0x00007FF94FE9257D+29]
	RtlUserThreadStart [0x00007FF95116AA48+40]


During handling of the above exception, another exception occurred:

Traceback (most recent call last):
  File "C:\Users\USER\Projects\AichiTool\AichiSelenium\src\controllers\main_controller.py", line 57, in subprocess
    result = access.login(browser)
  File "C:\Users\USER\Projects\AichiTool\AichiSelenium\src\controllers\access.py", line 51, in login
    self.logger.error("Failed to login", e)
  File "C:\Users\USER\Projects\AichiTool\AichiSelenium\src\logs.py", line 76, in error
    self._log(logging.ERROR, *msg)
  File "C:\Users\USER\Projects\AichiTool\AichiSelenium\src\logs.py", line 93, in _log
    message = " ".join(msg)
TypeError: sequence item 1: expected str instance, NoSuchElementException found

During handling of the above exception, another exception occurred:

Traceback (most recent call last):
  File "C:\Users\USER\Projects\AichiTool\AichiSelenium\src\controllers\main_controller.py", line 71, in subprocess
    list_form_info = finder.find(browser)
  File "C:\Users\USER\Projects\AichiTool\AichiSelenium\src\controllers\finder.py", line 22, in find
    self._collect(browser)
  File "C:\Users\USER\Projects\AichiTool\AichiSelenium\src\controllers\finder.py", line 34, in _collect
    form_table = browser.find_element(By.XPATH, "/html/body/form/main/div/div[5]/div/ul")
  File "c:\ProgramData\anaconda3\envs\aichi\lib\site-packages\seleniumbase\core\sb_driver.py", line 20, in find_element
    return self.driver.default_find_element(by=by, value=value)
  File "c:\ProgramData\anaconda3\envs\aichi\lib\site-packages\selenium\webdriver\remote\webdriver.py", line 741, in find_element
    return self.execute(Command.FIND_ELEMENT, {"using": by, "value": value})["value"]
  File "c:\ProgramData\anaconda3\envs\aichi\lib\site-packages\selenium\webdriver\remote\webdriver.py", line 347, in execute
    self.error_handler.check_response(response)
  File "c:\ProgramData\anaconda3\envs\aichi\lib\site-packages\selenium\webdriver\remote\errorhandler.py", line 229, in check_response
    raise exception_class(message, screen, stacktrace)
selenium.common.exceptions.NoSuchElementException: Message: no such element: Unable to locate element: {"method":"xpath","selector":"/html/body/form/main/div/div[5]/div/ul"}
  (Session info: chrome=123.0.6312.124); For documentation on this error, please visit: https://www.selenium.dev/documentation/webdriver/troubleshooting/errors#no-such-element-exception
Stacktrace:
	GetHandleVerifier [0x00007FF79D9D7032+63090]
	(No symbol) [0x00007FF79D942C82]
	(No symbol) [0x00007FF79D7DEC65]
	(No symbol) [0x00007FF79D82499D]
	(No symbol) [0x00007FF79D824ADC]
	(No symbol) [0x00007FF79D865B37]
	(No symbol) [0x00007FF79D84701F]
	(No symbol) [0x00007FF79D863412]
	(No symbol) [0x00007FF79D846D83]
	(No symbol) [0x00007FF79D8183A8]
	(No symbol) [0x00007FF79D819441]
	GetHandleVerifier [0x00007FF79DDD25AD+4238317]
	GetHandleVerifier [0x00007FF79DE0F70D+4488525]
	GetHandleVerifier [0x00007FF79DE079EF+4456495]
	GetHandleVerifier [0x00007FF79DAB0576+953270]
	(No symbol) [0x00007FF79D94E54F]
	(No symbol) [0x00007FF79D949224]
	(No symbol) [0x00007FF79D94935B]
	(No symbol) [0x00007FF79D939B94]
	BaseThreadInitThunk [0x00007FF94FE9257D+29]
	RtlUserThreadStart [0x00007FF95116AA48+40]


During handling of the above exception, another exception occurred:

Traceback (most recent call last):
  File "C:\Users\USER\Projects\AichiTool\AichiSelenium\src\controllers\access.py", line 38, in login
    browser.find_element(By.ID, "userLoginForm.userId").send_keys(self.account.username)
  File "c:\ProgramData\anaconda3\envs\aichi\lib\site-packages\seleniumbase\core\sb_driver.py", line 20, in find_element
    return self.driver.default_find_element(by=by, value=value)
  File "c:\ProgramData\anaconda3\envs\aichi\lib\site-packages\selenium\webdriver\remote\webdriver.py", line 741, in find_element
    return self.execute(Command.FIND_ELEMENT, {"using": by, "value": value})["value"]
  File "c:\ProgramData\anaconda3\envs\aichi\lib\site-packages\selenium\webdriver\remote\webdriver.py", line 347, in execute
    self.error_handler.check_response(response)
  File "c:\ProgramData\anaconda3\envs\aichi\lib\site-packages\selenium\webdriver\remote\errorhandler.py", line 229, in check_response
    raise exception_class(message, screen, stacktrace)
selenium.common.exceptions.NoSuchElementException: Message: no such element: Unable to locate element: {"method":"css selector","selector":"[id="userLoginForm.userId"]"}
  (Session info: chrome=123.0.6312.124); For documentation on this error, please visit: https://www.selenium.dev/documentation/webdriver/troubleshooting/errors#no-such-element-exception
Stacktrace:
	GetHandleVerifier [0x00007FF79D9D7032+63090]
	(No symbol) [0x00007FF79D942C82]
	(No symbol) [0x00007FF79D7DEC65]
	(No symbol) [0x00007FF79D82499D]
	(No symbol) [0x00007FF79D824ADC]
	(No symbol) [0x00007FF79D865B37]
	(No symbol) [0x00007FF79D84701F]
	(No symbol) [0x00007FF79D863412]
	(No symbol) [0x00007FF79D846D83]
	(No symbol) [0x00007FF79D8183A8]
	(No symbol) [0x00007FF79D819441]
	GetHandleVerifier [0x00007FF79DDD25AD+4238317]
	GetHandleVerifier [0x00007FF79DE0F70D+4488525]
	GetHandleVerifier [0x00007FF79DE079EF+4456495]
	GetHandleVerifier [0x00007FF79DAB0576+953270]
	(No symbol) [0x00007FF79D94E54F]
	(No symbol) [0x00007FF79D949224]
	(No symbol) [0x00007FF79D94935B]
	(No symbol) [0x00007FF79D939B94]
	BaseThreadInitThunk [0x00007FF94FE9257D+29]
	RtlUserThreadStart [0x00007FF95116AA48+40]


During handling of the above exception, another exception occurred:

Traceback (most recent call last):
  File "C:\Users\USER\Projects\AichiTool\AichiSelenium\src\controllers\main_controller.py", line 57, in subprocess
    result = access.login(browser)
  File "C:\Users\USER\Projects\AichiTool\AichiSelenium\src\controllers\access.py", line 51, in login
    self.logger.error("Failed to login", e)
  File "C:\Users\USER\Projects\AichiTool\AichiSelenium\src\logs.py", line 76, in error
    self._log(logging.ERROR, *msg)
  File "C:\Users\USER\Projects\AichiTool\AichiSelenium\src\logs.py", line 93, in _log
    message = " ".join(msg)
TypeError: sequence item 1: expected str instance, NoSuchElementException found
[ 2024-04-19 05:27:25,148 ] 82 main_controller - ERROR - Caught exception: sequence item 1: expected str instance, NoSuchElementException found
Traceback (most recent call last):
  File "C:\Users\USER\Projects\AichiTool\AichiSelenium\src\controllers\access.py", line 38, in login
    browser.find_element(By.ID, "userLoginForm.userId").send_keys(self.account.username)
  File "c:\ProgramData\anaconda3\envs\aichi\lib\site-packages\seleniumbase\core\sb_driver.py", line 20, in find_element
    return self.driver.default_find_element(by=by, value=value)
  File "c:\ProgramData\anaconda3\envs\aichi\lib\site-packages\selenium\webdriver\remote\webdriver.py", line 741, in find_element
    return self.execute(Command.FIND_ELEMENT, {"using": by, "value": value})["value"]
  File "c:\ProgramData\anaconda3\envs\aichi\lib\site-packages\selenium\webdriver\remote\webdriver.py", line 347, in execute
    self.error_handler.check_response(response)
  File "c:\ProgramData\anaconda3\envs\aichi\lib\site-packages\selenium\webdriver\remote\errorhandler.py", line 229, in check_response
    raise exception_class(message, screen, stacktrace)
selenium.common.exceptions.NoSuchElementException: Message: no such element: Unable to locate element: {"method":"css selector","selector":"[id="userLoginForm.userId"]"}
  (Session info: chrome=123.0.6312.124); For documentation on this error, please visit: https://www.selenium.dev/documentation/webdriver/troubleshooting/errors#no-such-element-exception
Stacktrace:
	GetHandleVerifier [0x00007FF79D9D7032+63090]
	(No symbol) [0x00007FF79D942C82]
	(No symbol) [0x00007FF79D7DEC65]
	(No symbol) [0x00007FF79D82499D]
	(No symbol) [0x00007FF79D824ADC]
	(No symbol) [0x00007FF79D865B37]
	(No symbol) [0x00007FF79D84701F]
	(No symbol) [0x00007FF79D863412]
	(No symbol) [0x00007FF79D846D83]
	(No symbol) [0x00007FF79D8183A8]
	(No symbol) [0x00007FF79D819441]
	GetHandleVerifier [0x00007FF79DDD25AD+4238317]
	GetHandleVerifier [0x00007FF79DE0F70D+4488525]
	GetHandleVerifier [0x00007FF79DE079EF+4456495]
	GetHandleVerifier [0x00007FF79DAB0576+953270]
	(No symbol) [0x00007FF79D94E54F]
	(No symbol) [0x00007FF79D949224]
	(No symbol) [0x00007FF79D94935B]
	(No symbol) [0x00007FF79D939B94]
	BaseThreadInitThunk [0x00007FF94FE9257D+29]
	RtlUserThreadStart [0x00007FF95116AA48+40]


During handling of the above exception, another exception occurred:

Traceback (most recent call last):
  File "C:\Users\USER\Projects\AichiTool\AichiSelenium\src\controllers\main_controller.py", line 57, in subprocess
    result = access.login(browser)
  File "C:\Users\USER\Projects\AichiTool\AichiSelenium\src\controllers\access.py", line 51, in login
    self.logger.error("Failed to login", e)
  File "C:\Users\USER\Projects\AichiTool\AichiSelenium\src\logs.py", line 76, in error
    self._log(logging.ERROR, *msg)
  File "C:\Users\USER\Projects\AichiTool\AichiSelenium\src\logs.py", line 93, in _log
    message = " ".join(msg)
TypeError: sequence item 1: expected str instance, NoSuchElementException found

During handling of the above exception, another exception occurred:

Traceback (most recent call last):
  File "C:\Users\USER\Projects\AichiTool\AichiSelenium\src\controllers\main_controller.py", line 71, in subprocess
    list_form_info = finder.find(browser)
  File "C:\Users\USER\Projects\AichiTool\AichiSelenium\src\controllers\finder.py", line 22, in find
    self._collect(browser)
  File "C:\Users\USER\Projects\AichiTool\AichiSelenium\src\controllers\finder.py", line 34, in _collect
    form_table = browser.find_element(By.XPATH, "/html/body/form/main/div/div[5]/div/ul")
  File "c:\ProgramData\anaconda3\envs\aichi\lib\site-packages\seleniumbase\core\sb_driver.py", line 20, in find_element
    return self.driver.default_find_element(by=by, value=value)
  File "c:\ProgramData\anaconda3\envs\aichi\lib\site-packages\selenium\webdriver\remote\webdriver.py", line 741, in find_element
    return self.execute(Command.FIND_ELEMENT, {"using": by, "value": value})["value"]
  File "c:\ProgramData\anaconda3\envs\aichi\lib\site-packages\selenium\webdriver\remote\webdriver.py", line 347, in execute
    self.error_handler.check_response(response)
  File "c:\ProgramData\anaconda3\envs\aichi\lib\site-packages\selenium\webdriver\remote\errorhandler.py", line 229, in check_response
    raise exception_class(message, screen, stacktrace)
selenium.common.exceptions.NoSuchElementException: Message: no such element: Unable to locate element: {"method":"xpath","selector":"/html/body/form/main/div/div[5]/div/ul"}
  (Session info: chrome=123.0.6312.124); For documentation on this error, please visit: https://www.selenium.dev/documentation/webdriver/troubleshooting/errors#no-such-element-exception
Stacktrace:
	GetHandleVerifier [0x00007FF79D9D7032+63090]
	(No symbol) [0x00007FF79D942C82]
	(No symbol) [0x00007FF79D7DEC65]
	(No symbol) [0x00007FF79D82499D]
	(No symbol) [0x00007FF79D824ADC]
	(No symbol) [0x00007FF79D865B37]
	(No symbol) [0x00007FF79D84701F]
	(No symbol) [0x00007FF79D863412]
	(No symbol) [0x00007FF79D846D83]
	(No symbol) [0x00007FF79D8183A8]
	(No symbol) [0x00007FF79D819441]
	GetHandleVerifier [0x00007FF79DDD25AD+4238317]
	GetHandleVerifier [0x00007FF79DE0F70D+4488525]
	GetHandleVerifier [0x00007FF79DE079EF+4456495]
	GetHandleVerifier [0x00007FF79DAB0576+953270]
	(No symbol) [0x00007FF79D94E54F]
	(No symbol) [0x00007FF79D949224]
	(No symbol) [0x00007FF79D94935B]
	(No symbol) [0x00007FF79D939B94]
	BaseThreadInitThunk [0x00007FF94FE9257D+29]
	RtlUserThreadStart [0x00007FF95116AA48+40]


During handling of the above exception, another exception occurred:

Traceback (most recent call last):
  File "C:\Users\USER\Projects\AichiTool\AichiSelenium\src\controllers\access.py", line 38, in login
    browser.find_element(By.ID, "userLoginForm.userId").send_keys(self.account.username)
  File "c:\ProgramData\anaconda3\envs\aichi\lib\site-packages\seleniumbase\core\sb_driver.py", line 20, in find_element
    return self.driver.default_find_element(by=by, value=value)
  File "c:\ProgramData\anaconda3\envs\aichi\lib\site-packages\selenium\webdriver\remote\webdriver.py", line 741, in find_element
    return self.execute(Command.FIND_ELEMENT, {"using": by, "value": value})["value"]
  File "c:\ProgramData\anaconda3\envs\aichi\lib\site-packages\selenium\webdriver\remote\webdriver.py", line 347, in execute
    self.error_handler.check_response(response)
  File "c:\ProgramData\anaconda3\envs\aichi\lib\site-packages\selenium\webdriver\remote\errorhandler.py", line 229, in check_response
    raise exception_class(message, screen, stacktrace)
selenium.common.exceptions.NoSuchElementException: Message: no such element: Unable to locate element: {"method":"css selector","selector":"[id="userLoginForm.userId"]"}
  (Session info: chrome=123.0.6312.124); For documentation on this error, please visit: https://www.selenium.dev/documentation/webdriver/troubleshooting/errors#no-such-element-exception
Stacktrace:
	GetHandleVerifier [0x00007FF79D9D7032+63090]
	(No symbol) [0x00007FF79D942C82]
	(No symbol) [0x00007FF79D7DEC65]
	(No symbol) [0x00007FF79D82499D]
	(No symbol) [0x00007FF79D824ADC]
	(No symbol) [0x00007FF79D865B37]
	(No symbol) [0x00007FF79D84701F]
	(No symbol) [0x00007FF79D863412]
	(No symbol) [0x00007FF79D846D83]
	(No symbol) [0x00007FF79D8183A8]
	(No symbol) [0x00007FF79D819441]
	GetHandleVerifier [0x00007FF79DDD25AD+4238317]
	GetHandleVerifier [0x00007FF79DE0F70D+4488525]
	GetHandleVerifier [0x00007FF79DE079EF+4456495]
	GetHandleVerifier [0x00007FF79DAB0576+953270]
	(No symbol) [0x00007FF79D94E54F]
	(No symbol) [0x00007FF79D949224]
	(No symbol) [0x00007FF79D94935B]
	(No symbol) [0x00007FF79D939B94]
	BaseThreadInitThunk [0x00007FF94FE9257D+29]
	RtlUserThreadStart [0x00007FF95116AA48+40]


During handling of the above exception, another exception occurred:

Traceback (most recent call last):
  File "C:\Users\USER\Projects\AichiTool\AichiSelenium\src\controllers\main_controller.py", line 57, in subprocess
    result = access.login(browser)
  File "C:\Users\USER\Projects\AichiTool\AichiSelenium\src\controllers\access.py", line 51, in login
    self.logger.error("Failed to login", e)
  File "C:\Users\USER\Projects\AichiTool\AichiSelenium\src\logs.py", line 76, in error
    self._log(logging.ERROR, *msg)
  File "C:\Users\USER\Projects\AichiTool\AichiSelenium\src\logs.py", line 93, in _log
    message = " ".join(msg)
TypeError: sequence item 1: expected str instance, NoSuchElementException found
[ 2024-04-19 05:27:25,148 ] 82 main_controller - ERROR - Caught exception: sequence item 1: expected str instance, NoSuchElementException found
Traceback (most recent call last):
  File "C:\Users\USER\Projects\AichiTool\AichiSelenium\src\controllers\access.py", line 38, in login
    browser.find_element(By.ID, "userLoginForm.userId").send_keys(self.account.username)
  File "c:\ProgramData\anaconda3\envs\aichi\lib\site-packages\seleniumbase\core\sb_driver.py", line 20, in find_element
    return self.driver.default_find_element(by=by, value=value)
  File "c:\ProgramData\anaconda3\envs\aichi\lib\site-packages\selenium\webdriver\remote\webdriver.py", line 741, in find_element
    return self.execute(Command.FIND_ELEMENT, {"using": by, "value": value})["value"]
  File "c:\ProgramData\anaconda3\envs\aichi\lib\site-packages\selenium\webdriver\remote\webdriver.py", line 347, in execute
    self.error_handler.check_response(response)
  File "c:\ProgramData\anaconda3\envs\aichi\lib\site-packages\selenium\webdriver\remote\errorhandler.py", line 229, in check_response
    raise exception_class(message, screen, stacktrace)
selenium.common.exceptions.NoSuchElementException: Message: no such element: Unable to locate element: {"method":"css selector","selector":"[id="userLoginForm.userId"]"}
  (Session info: chrome=123.0.6312.124); For documentation on this error, please visit: https://www.selenium.dev/documentation/webdriver/troubleshooting/errors#no-such-element-exception
Stacktrace:
	GetHandleVerifier [0x00007FF79D9D7032+63090]
	(No symbol) [0x00007FF79D942C82]
	(No symbol) [0x00007FF79D7DEC65]
	(No symbol) [0x00007FF79D82499D]
	(No symbol) [0x00007FF79D824ADC]
	(No symbol) [0x00007FF79D865B37]
	(No symbol) [0x00007FF79D84701F]
	(No symbol) [0x00007FF79D863412]
	(No symbol) [0x00007FF79D846D83]
	(No symbol) [0x00007FF79D8183A8]
	(No symbol) [0x00007FF79D819441]
	GetHandleVerifier [0x00007FF79DDD25AD+4238317]
	GetHandleVerifier [0x00007FF79DE0F70D+4488525]
	GetHandleVerifier [0x00007FF79DE079EF+4456495]
	GetHandleVerifier [0x00007FF79DAB0576+953270]
	(No symbol) [0x00007FF79D94E54F]
	(No symbol) [0x00007FF79D949224]
	(No symbol) [0x00007FF79D94935B]
	(No symbol) [0x00007FF79D939B94]
	BaseThreadInitThunk [0x00007FF94FE9257D+29]
	RtlUserThreadStart [0x00007FF95116AA48+40]


During handling of the above exception, another exception occurred:

Traceback (most recent call last):
  File "C:\Users\USER\Projects\AichiTool\AichiSelenium\src\controllers\main_controller.py", line 57, in subprocess
    result = access.login(browser)
  File "C:\Users\USER\Projects\AichiTool\AichiSelenium\src\controllers\access.py", line 51, in login
    self.logger.error("Failed to login", e)
  File "C:\Users\USER\Projects\AichiTool\AichiSelenium\src\logs.py", line 76, in error
    self._log(logging.ERROR, *msg)
  File "C:\Users\USER\Projects\AichiTool\AichiSelenium\src\logs.py", line 93, in _log
    message = " ".join(msg)
TypeError: sequence item 1: expected str instance, NoSuchElementException found

During handling of the above exception, another exception occurred:

Traceback (most recent call last):
  File "C:\Users\USER\Projects\AichiTool\AichiSelenium\src\controllers\main_controller.py", line 71, in subprocess
    list_form_info = finder.find(browser)
  File "C:\Users\USER\Projects\AichiTool\AichiSelenium\src\controllers\finder.py", line 22, in find
    self._collect(browser)
  File "C:\Users\USER\Projects\AichiTool\AichiSelenium\src\controllers\finder.py", line 34, in _collect
    form_table = browser.find_element(By.XPATH, "/html/body/form/main/div/div[5]/div/ul")
  File "c:\ProgramData\anaconda3\envs\aichi\lib\site-packages\seleniumbase\core\sb_driver.py", line 20, in find_element
    return self.driver.default_find_element(by=by, value=value)
  File "c:\ProgramData\anaconda3\envs\aichi\lib\site-packages\selenium\webdriver\remote\webdriver.py", line 741, in find_element
    return self.execute(Command.FIND_ELEMENT, {"using": by, "value": value})["value"]
  File "c:\ProgramData\anaconda3\envs\aichi\lib\site-packages\selenium\webdriver\remote\webdriver.py", line 347, in execute
    self.error_handler.check_response(response)
  File "c:\ProgramData\anaconda3\envs\aichi\lib\site-packages\selenium\webdriver\remote\errorhandler.py", line 229, in check_response
    raise exception_class(message, screen, stacktrace)
selenium.common.exceptions.NoSuchElementException: Message: no such element: Unable to locate element: {"method":"xpath","selector":"/html/body/form/main/div/div[5]/div/ul"}
  (Session info: chrome=123.0.6312.124); For documentation on this error, please visit: https://www.selenium.dev/documentation/webdriver/troubleshooting/errors#no-such-element-exception
Stacktrace:
	GetHandleVerifier [0x00007FF79D9D7032+63090]
	(No symbol) [0x00007FF79D942C82]
	(No symbol) [0x00007FF79D7DEC65]
	(No symbol) [0x00007FF79D82499D]
	(No symbol) [0x00007FF79D824ADC]
	(No symbol) [0x00007FF79D865B37]
	(No symbol) [0x00007FF79D84701F]
	(No symbol) [0x00007FF79D863412]
	(No symbol) [0x00007FF79D846D83]
	(No symbol) [0x00007FF79D8183A8]
	(No symbol) [0x00007FF79D819441]
	GetHandleVerifier [0x00007FF79DDD25AD+4238317]
	GetHandleVerifier [0x00007FF79DE0F70D+4488525]
	GetHandleVerifier [0x00007FF79DE079EF+4456495]
	GetHandleVerifier [0x00007FF79DAB0576+953270]
	(No symbol) [0x00007FF79D94E54F]
	(No symbol) [0x00007FF79D949224]
	(No symbol) [0x00007FF79D94935B]
	(No symbol) [0x00007FF79D939B94]
	BaseThreadInitThunk [0x00007FF94FE9257D+29]
	RtlUserThreadStart [0x00007FF95116AA48+40]


During handling of the above exception, another exception occurred:

Traceback (most recent call last):
  File "C:\Users\USER\Projects\AichiTool\AichiSelenium\src\controllers\access.py", line 38, in login
    browser.find_element(By.ID, "userLoginForm.userId").send_keys(self.account.username)
  File "c:\ProgramData\anaconda3\envs\aichi\lib\site-packages\seleniumbase\core\sb_driver.py", line 20, in find_element
    return self.driver.default_find_element(by=by, value=value)
  File "c:\ProgramData\anaconda3\envs\aichi\lib\site-packages\selenium\webdriver\remote\webdriver.py", line 741, in find_element
    return self.execute(Command.FIND_ELEMENT, {"using": by, "value": value})["value"]
  File "c:\ProgramData\anaconda3\envs\aichi\lib\site-packages\selenium\webdriver\remote\webdriver.py", line 347, in execute
    self.error_handler.check_response(response)
  File "c:\ProgramData\anaconda3\envs\aichi\lib\site-packages\selenium\webdriver\remote\errorhandler.py", line 229, in check_response
    raise exception_class(message, screen, stacktrace)
selenium.common.exceptions.NoSuchElementException: Message: no such element: Unable to locate element: {"method":"css selector","selector":"[id="userLoginForm.userId"]"}
  (Session info: chrome=123.0.6312.124); For documentation on this error, please visit: https://www.selenium.dev/documentation/webdriver/troubleshooting/errors#no-such-element-exception
Stacktrace:
	GetHandleVerifier [0x00007FF79D9D7032+63090]
	(No symbol) [0x00007FF79D942C82]
	(No symbol) [0x00007FF79D7DEC65]
	(No symbol) [0x00007FF79D82499D]
	(No symbol) [0x00007FF79D824ADC]
	(No symbol) [0x00007FF79D865B37]
	(No symbol) [0x00007FF79D84701F]
	(No symbol) [0x00007FF79D863412]
	(No symbol) [0x00007FF79D846D83]
	(No symbol) [0x00007FF79D8183A8]
	(No symbol) [0x00007FF79D819441]
	GetHandleVerifier [0x00007FF79DDD25AD+4238317]
	GetHandleVerifier [0x00007FF79DE0F70D+4488525]
	GetHandleVerifier [0x00007FF79DE079EF+4456495]
	GetHandleVerifier [0x00007FF79DAB0576+953270]
	(No symbol) [0x00007FF79D94E54F]
	(No symbol) [0x00007FF79D949224]
	(No symbol) [0x00007FF79D94935B]
	(No symbol) [0x00007FF79D939B94]
	BaseThreadInitThunk [0x00007FF94FE9257D+29]
	RtlUserThreadStart [0x00007FF95116AA48+40]


During handling of the above exception, another exception occurred:

Traceback (most recent call last):
  File "C:\Users\USER\Projects\AichiTool\AichiSelenium\src\controllers\main_controller.py", line 57, in subprocess
    result = access.login(browser)
  File "C:\Users\USER\Projects\AichiTool\AichiSelenium\src\controllers\access.py", line 51, in login
    self.logger.error("Failed to login", e)
  File "C:\Users\USER\Projects\AichiTool\AichiSelenium\src\logs.py", line 76, in error
    self._log(logging.ERROR, *msg)
  File "C:\Users\USER\Projects\AichiTool\AichiSelenium\src\logs.py", line 93, in _log
    message = " ".join(msg)
TypeError: sequence item 1: expected str instance, NoSuchElementException found
[ 2024-04-19 05:27:25,148 ] 82 main_controller - ERROR - Caught exception: sequence item 1: expected str instance, NoSuchElementException found
Traceback (most recent call last):
  File "C:\Users\USER\Projects\AichiTool\AichiSelenium\src\controllers\access.py", line 38, in login
    browser.find_element(By.ID, "userLoginForm.userId").send_keys(self.account.username)
  File "c:\ProgramData\anaconda3\envs\aichi\lib\site-packages\seleniumbase\core\sb_driver.py", line 20, in find_element
    return self.driver.default_find_element(by=by, value=value)
  File "c:\ProgramData\anaconda3\envs\aichi\lib\site-packages\selenium\webdriver\remote\webdriver.py", line 741, in find_element
    return self.execute(Command.FIND_ELEMENT, {"using": by, "value": value})["value"]
  File "c:\ProgramData\anaconda3\envs\aichi\lib\site-packages\selenium\webdriver\remote\webdriver.py", line 347, in execute
    self.error_handler.check_response(response)
  File "c:\ProgramData\anaconda3\envs\aichi\lib\site-packages\selenium\webdriver\remote\errorhandler.py", line 229, in check_response
    raise exception_class(message, screen, stacktrace)
selenium.common.exceptions.NoSuchElementException: Message: no such element: Unable to locate element: {"method":"css selector","selector":"[id="userLoginForm.userId"]"}
  (Session info: chrome=123.0.6312.124); For documentation on this error, please visit: https://www.selenium.dev/documentation/webdriver/troubleshooting/errors#no-such-element-exception
Stacktrace:
	GetHandleVerifier [0x00007FF79D9D7032+63090]
	(No symbol) [0x00007FF79D942C82]
	(No symbol) [0x00007FF79D7DEC65]
	(No symbol) [0x00007FF79D82499D]
	(No symbol) [0x00007FF79D824ADC]
	(No symbol) [0x00007FF79D865B37]
	(No symbol) [0x00007FF79D84701F]
	(No symbol) [0x00007FF79D863412]
	(No symbol) [0x00007FF79D846D83]
	(No symbol) [0x00007FF79D8183A8]
	(No symbol) [0x00007FF79D819441]
	GetHandleVerifier [0x00007FF79DDD25AD+4238317]
	GetHandleVerifier [0x00007FF79DE0F70D+4488525]
	GetHandleVerifier [0x00007FF79DE079EF+4456495]
	GetHandleVerifier [0x00007FF79DAB0576+953270]
	(No symbol) [0x00007FF79D94E54F]
	(No symbol) [0x00007FF79D949224]
	(No symbol) [0x00007FF79D94935B]
	(No symbol) [0x00007FF79D939B94]
	BaseThreadInitThunk [0x00007FF94FE9257D+29]
	RtlUserThreadStart [0x00007FF95116AA48+40]


During handling of the above exception, another exception occurred:

Traceback (most recent call last):
  File "C:\Users\USER\Projects\AichiTool\AichiSelenium\src\controllers\main_controller.py", line 57, in subprocess
    result = access.login(browser)
  File "C:\Users\USER\Projects\AichiTool\AichiSelenium\src\controllers\access.py", line 51, in login
    self.logger.error("Failed to login", e)
  File "C:\Users\USER\Projects\AichiTool\AichiSelenium\src\logs.py", line 76, in error
    self._log(logging.ERROR, *msg)
  File "C:\Users\USER\Projects\AichiTool\AichiSelenium\src\logs.py", line 93, in _log
    message = " ".join(msg)
TypeError: sequence item 1: expected str instance, NoSuchElementException found

During handling of the above exception, another exception occurred:

Traceback (most recent call last):
  File "C:\Users\USER\Projects\AichiTool\AichiSelenium\src\controllers\main_controller.py", line 71, in subprocess
    list_form_info = finder.find(browser)
  File "C:\Users\USER\Projects\AichiTool\AichiSelenium\src\controllers\finder.py", line 22, in find
    self._collect(browser)
  File "C:\Users\USER\Projects\AichiTool\AichiSelenium\src\controllers\finder.py", line 34, in _collect
    form_table = browser.find_element(By.XPATH, "/html/body/form/main/div/div[5]/div/ul")
  File "c:\ProgramData\anaconda3\envs\aichi\lib\site-packages\seleniumbase\core\sb_driver.py", line 20, in find_element
    return self.driver.default_find_element(by=by, value=value)
  File "c:\ProgramData\anaconda3\envs\aichi\lib\site-packages\selenium\webdriver\remote\webdriver.py", line 741, in find_element
    return self.execute(Command.FIND_ELEMENT, {"using": by, "value": value})["value"]
  File "c:\ProgramData\anaconda3\envs\aichi\lib\site-packages\selenium\webdriver\remote\webdriver.py", line 347, in execute
    self.error_handler.check_response(response)
  File "c:\ProgramData\anaconda3\envs\aichi\lib\site-packages\selenium\webdriver\remote\errorhandler.py", line 229, in check_response
    raise exception_class(message, screen, stacktrace)
selenium.common.exceptions.NoSuchElementException: Message: no such element: Unable to locate element: {"method":"xpath","selector":"/html/body/form/main/div/div[5]/div/ul"}
  (Session info: chrome=123.0.6312.124); For documentation on this error, please visit: https://www.selenium.dev/documentation/webdriver/troubleshooting/errors#no-such-element-exception
Stacktrace:
	GetHandleVerifier [0x00007FF79D9D7032+63090]
	(No symbol) [0x00007FF79D942C82]
	(No symbol) [0x00007FF79D7DEC65]
	(No symbol) [0x00007FF79D82499D]
	(No symbol) [0x00007FF79D824ADC]
	(No symbol) [0x00007FF79D865B37]
	(No symbol) [0x00007FF79D84701F]
	(No symbol) [0x00007FF79D863412]
	(No symbol) [0x00007FF79D846D83]
	(No symbol) [0x00007FF79D8183A8]
	(No symbol) [0x00007FF79D819441]
	GetHandleVerifier [0x00007FF79DDD25AD+4238317]
	GetHandleVerifier [0x00007FF79DE0F70D+4488525]
	GetHandleVerifier [0x00007FF79DE079EF+4456495]
	GetHandleVerifier [0x00007FF79DAB0576+953270]
	(No symbol) [0x00007FF79D94E54F]
	(No symbol) [0x00007FF79D949224]
	(No symbol) [0x00007FF79D94935B]
	(No symbol) [0x00007FF79D939B94]
	BaseThreadInitThunk [0x00007FF94FE9257D+29]
	RtlUserThreadStart [0x00007FF95116AA48+40]


During handling of the above exception, another exception occurred:

Traceback (most recent call last):
  File "C:\Users\USER\Projects\AichiTool\AichiSelenium\src\controllers\access.py", line 38, in login
    browser.find_element(By.ID, "userLoginForm.userId").send_keys(self.account.username)
  File "c:\ProgramData\anaconda3\envs\aichi\lib\site-packages\seleniumbase\core\sb_driver.py", line 20, in find_element
    return self.driver.default_find_element(by=by, value=value)
  File "c:\ProgramData\anaconda3\envs\aichi\lib\site-packages\selenium\webdriver\remote\webdriver.py", line 741, in find_element
    return self.execute(Command.FIND_ELEMENT, {"using": by, "value": value})["value"]
  File "c:\ProgramData\anaconda3\envs\aichi\lib\site-packages\selenium\webdriver\remote\webdriver.py", line 347, in execute
    self.error_handler.check_response(response)
  File "c:\ProgramData\anaconda3\envs\aichi\lib\site-packages\selenium\webdriver\remote\errorhandler.py", line 229, in check_response
    raise exception_class(message, screen, stacktrace)
selenium.common.exceptions.NoSuchElementException: Message: no such element: Unable to locate element: {"method":"css selector","selector":"[id="userLoginForm.userId"]"}
  (Session info: chrome=123.0.6312.124); For documentation on this error, please visit: https://www.selenium.dev/documentation/webdriver/troubleshooting/errors#no-such-element-exception
Stacktrace:
	GetHandleVerifier [0x00007FF79D9D7032+63090]
	(No symbol) [0x00007FF79D942C82]
	(No symbol) [0x00007FF79D7DEC65]
	(No symbol) [0x00007FF79D82499D]
	(No symbol) [0x00007FF79D824ADC]
	(No symbol) [0x00007FF79D865B37]
	(No symbol) [0x00007FF79D84701F]
	(No symbol) [0x00007FF79D863412]
	(No symbol) [0x00007FF79D846D83]
	(No symbol) [0x00007FF79D8183A8]
	(No symbol) [0x00007FF79D819441]
	GetHandleVerifier [0x00007FF79DDD25AD+4238317]
	GetHandleVerifier [0x00007FF79DE0F70D+4488525]
	GetHandleVerifier [0x00007FF79DE079EF+4456495]
	GetHandleVerifier [0x00007FF79DAB0576+953270]
	(No symbol) [0x00007FF79D94E54F]
	(No symbol) [0x00007FF79D949224]
	(No symbol) [0x00007FF79D94935B]
	(No symbol) [0x00007FF79D939B94]
	BaseThreadInitThunk [0x00007FF94FE9257D+29]
	RtlUserThreadStart [0x00007FF95116AA48+40]


During handling of the above exception, another exception occurred:

Traceback (most recent call last):
  File "C:\Users\USER\Projects\AichiTool\AichiSelenium\src\controllers\main_controller.py", line 57, in subprocess
    result = access.login(browser)
  File "C:\Users\USER\Projects\AichiTool\AichiSelenium\src\controllers\access.py", line 51, in login
    self.logger.error("Failed to login", e)
  File "C:\Users\USER\Projects\AichiTool\AichiSelenium\src\logs.py", line 76, in error
    self._log(logging.ERROR, *msg)
  File "C:\Users\USER\Projects\AichiTool\AichiSelenium\src\logs.py", line 93, in _log
    message = " ".join(msg)
TypeError: sequence item 1: expected str instance, NoSuchElementException found
[ 2024-04-19 05:27:25,148 ] 82 main_controller - ERROR - Caught exception: sequence item 1: expected str instance, NoSuchElementException found
Traceback (most recent call last):
  File "C:\Users\USER\Projects\AichiTool\AichiSelenium\src\controllers\access.py", line 38, in login
    browser.find_element(By.ID, "userLoginForm.userId").send_keys(self.account.username)
  File "c:\ProgramData\anaconda3\envs\aichi\lib\site-packages\seleniumbase\core\sb_driver.py", line 20, in find_element
    return self.driver.default_find_element(by=by, value=value)
  File "c:\ProgramData\anaconda3\envs\aichi\lib\site-packages\selenium\webdriver\remote\webdriver.py", line 741, in find_element
    return self.execute(Command.FIND_ELEMENT, {"using": by, "value": value})["value"]
  File "c:\ProgramData\anaconda3\envs\aichi\lib\site-packages\selenium\webdriver\remote\webdriver.py", line 347, in execute
    self.error_handler.check_response(response)
  File "c:\ProgramData\anaconda3\envs\aichi\lib\site-packages\selenium\webdriver\remote\errorhandler.py", line 229, in check_response
    raise exception_class(message, screen, stacktrace)
selenium.common.exceptions.NoSuchElementException: Message: no such element: Unable to locate element: {"method":"css selector","selector":"[id="userLoginForm.userId"]"}
  (Session info: chrome=123.0.6312.124); For documentation on this error, please visit: https://www.selenium.dev/documentation/webdriver/troubleshooting/errors#no-such-element-exception
Stacktrace:
	GetHandleVerifier [0x00007FF79D9D7032+63090]
	(No symbol) [0x00007FF79D942C82]
	(No symbol) [0x00007FF79D7DEC65]
	(No symbol) [0x00007FF79D82499D]
	(No symbol) [0x00007FF79D824ADC]
	(No symbol) [0x00007FF79D865B37]
	(No symbol) [0x00007FF79D84701F]
	(No symbol) [0x00007FF79D863412]
	(No symbol) [0x00007FF79D846D83]
	(No symbol) [0x00007FF79D8183A8]
	(No symbol) [0x00007FF79D819441]
	GetHandleVerifier [0x00007FF79DDD25AD+4238317]
	GetHandleVerifier [0x00007FF79DE0F70D+4488525]
	GetHandleVerifier [0x00007FF79DE079EF+4456495]
	GetHandleVerifier [0x00007FF79DAB0576+953270]
	(No symbol) [0x00007FF79D94E54F]
	(No symbol) [0x00007FF79D949224]
	(No symbol) [0x00007FF79D94935B]
	(No symbol) [0x00007FF79D939B94]
	BaseThreadInitThunk [0x00007FF94FE9257D+29]
	RtlUserThreadStart [0x00007FF95116AA48+40]


During handling of the above exception, another exception occurred:

Traceback (most recent call last):
  File "C:\Users\USER\Projects\AichiTool\AichiSelenium\src\controllers\main_controller.py", line 57, in subprocess
    result = access.login(browser)
  File "C:\Users\USER\Projects\AichiTool\AichiSelenium\src\controllers\access.py", line 51, in login
    self.logger.error("Failed to login", e)
  File "C:\Users\USER\Projects\AichiTool\AichiSelenium\src\logs.py", line 76, in error
    self._log(logging.ERROR, *msg)
  File "C:\Users\USER\Projects\AichiTool\AichiSelenium\src\logs.py", line 93, in _log
    message = " ".join(msg)
TypeError: sequence item 1: expected str instance, NoSuchElementException found

During handling of the above exception, another exception occurred:

Traceback (most recent call last):
  File "C:\Users\USER\Projects\AichiTool\AichiSelenium\src\controllers\main_controller.py", line 71, in subprocess
    list_form_info = finder.find(browser)
  File "C:\Users\USER\Projects\AichiTool\AichiSelenium\src\controllers\finder.py", line 22, in find
    self._collect(browser)
  File "C:\Users\USER\Projects\AichiTool\AichiSelenium\src\controllers\finder.py", line 34, in _collect
    form_table = browser.find_element(By.XPATH, "/html/body/form/main/div/div[5]/div/ul")
  File "c:\ProgramData\anaconda3\envs\aichi\lib\site-packages\seleniumbase\core\sb_driver.py", line 20, in find_element
    return self.driver.default_find_element(by=by, value=value)
  File "c:\ProgramData\anaconda3\envs\aichi\lib\site-packages\selenium\webdriver\remote\webdriver.py", line 741, in find_element
    return self.execute(Command.FIND_ELEMENT, {"using": by, "value": value})["value"]
  File "c:\ProgramData\anaconda3\envs\aichi\lib\site-packages\selenium\webdriver\remote\webdriver.py", line 347, in execute
    self.error_handler.check_response(response)
  File "c:\ProgramData\anaconda3\envs\aichi\lib\site-packages\selenium\webdriver\remote\errorhandler.py", line 229, in check_response
    raise exception_class(message, screen, stacktrace)
selenium.common.exceptions.NoSuchElementException: Message: no such element: Unable to locate element: {"method":"xpath","selector":"/html/body/form/main/div/div[5]/div/ul"}
  (Session info: chrome=123.0.6312.124); For documentation on this error, please visit: https://www.selenium.dev/documentation/webdriver/troubleshooting/errors#no-such-element-exception
Stacktrace:
	GetHandleVerifier [0x00007FF79D9D7032+63090]
	(No symbol) [0x00007FF79D942C82]
	(No symbol) [0x00007FF79D7DEC65]
	(No symbol) [0x00007FF79D82499D]
	(No symbol) [0x00007FF79D824ADC]
	(No symbol) [0x00007FF79D865B37]
	(No symbol) [0x00007FF79D84701F]
	(No symbol) [0x00007FF79D863412]
	(No symbol) [0x00007FF79D846D83]
	(No symbol) [0x00007FF79D8183A8]
	(No symbol) [0x00007FF79D819441]
	GetHandleVerifier [0x00007FF79DDD25AD+4238317]
	GetHandleVerifier [0x00007FF79DE0F70D+4488525]
	GetHandleVerifier [0x00007FF79DE079EF+4456495]
	GetHandleVerifier [0x00007FF79DAB0576+953270]
	(No symbol) [0x00007FF79D94E54F]
	(No symbol) [0x00007FF79D949224]
	(No symbol) [0x00007FF79D94935B]
	(No symbol) [0x00007FF79D939B94]
	BaseThreadInitThunk [0x00007FF94FE9257D+29]
	RtlUserThreadStart [0x00007FF95116AA48+40]


During handling of the above exception, another exception occurred:

Traceback (most recent call last):
  File "C:\Users\USER\Projects\AichiTool\AichiSelenium\src\controllers\access.py", line 38, in login
    browser.find_element(By.ID, "userLoginForm.userId").send_keys(self.account.username)
  File "c:\ProgramData\anaconda3\envs\aichi\lib\site-packages\seleniumbase\core\sb_driver.py", line 20, in find_element
    return self.driver.default_find_element(by=by, value=value)
  File "c:\ProgramData\anaconda3\envs\aichi\lib\site-packages\selenium\webdriver\remote\webdriver.py", line 741, in find_element
    return self.execute(Command.FIND_ELEMENT, {"using": by, "value": value})["value"]
  File "c:\ProgramData\anaconda3\envs\aichi\lib\site-packages\selenium\webdriver\remote\webdriver.py", line 347, in execute
    self.error_handler.check_response(response)
  File "c:\ProgramData\anaconda3\envs\aichi\lib\site-packages\selenium\webdriver\remote\errorhandler.py", line 229, in check_response
    raise exception_class(message, screen, stacktrace)
selenium.common.exceptions.NoSuchElementException: Message: no such element: Unable to locate element: {"method":"css selector","selector":"[id="userLoginForm.userId"]"}
  (Session info: chrome=123.0.6312.124); For documentation on this error, please visit: https://www.selenium.dev/documentation/webdriver/troubleshooting/errors#no-such-element-exception
Stacktrace:
	GetHandleVerifier [0x00007FF79D9D7032+63090]
	(No symbol) [0x00007FF79D942C82]
	(No symbol) [0x00007FF79D7DEC65]
	(No symbol) [0x00007FF79D82499D]
	(No symbol) [0x00007FF79D824ADC]
	(No symbol) [0x00007FF79D865B37]
	(No symbol) [0x00007FF79D84701F]
	(No symbol) [0x00007FF79D863412]
	(No symbol) [0x00007FF79D846D83]
	(No symbol) [0x00007FF79D8183A8]
	(No symbol) [0x00007FF79D819441]
	GetHandleVerifier [0x00007FF79DDD25AD+4238317]
	GetHandleVerifier [0x00007FF79DE0F70D+4488525]
	GetHandleVerifier [0x00007FF79DE079EF+4456495]
	GetHandleVerifier [0x00007FF79DAB0576+953270]
	(No symbol) [0x00007FF79D94E54F]
	(No symbol) [0x00007FF79D949224]
	(No symbol) [0x00007FF79D94935B]
	(No symbol) [0x00007FF79D939B94]
	BaseThreadInitThunk [0x00007FF94FE9257D+29]
	RtlUserThreadStart [0x00007FF95116AA48+40]


During handling of the above exception, another exception occurred:

Traceback (most recent call last):
  File "C:\Users\USER\Projects\AichiTool\AichiSelenium\src\controllers\main_controller.py", line 57, in subprocess
    result = access.login(browser)
  File "C:\Users\USER\Projects\AichiTool\AichiSelenium\src\controllers\access.py", line 51, in login
    self.logger.error("Failed to login", e)
  File "C:\Users\USER\Projects\AichiTool\AichiSelenium\src\logs.py", line 76, in error
    self._log(logging.ERROR, *msg)
  File "C:\Users\USER\Projects\AichiTool\AichiSelenium\src\logs.py", line 93, in _log
    message = " ".join(msg)
TypeError: sequence item 1: expected str instance, NoSuchElementException found
[ 2024-04-19 05:27:25,148 ] 82 main_controller - ERROR - Caught exception: sequence item 1: expected str instance, NoSuchElementException found
Traceback (most recent call last):
  File "C:\Users\USER\Projects\AichiTool\AichiSelenium\src\controllers\access.py", line 38, in login
    browser.find_element(By.ID, "userLoginForm.userId").send_keys(self.account.username)
  File "c:\ProgramData\anaconda3\envs\aichi\lib\site-packages\seleniumbase\core\sb_driver.py", line 20, in find_element
    return self.driver.default_find_element(by=by, value=value)
  File "c:\ProgramData\anaconda3\envs\aichi\lib\site-packages\selenium\webdriver\remote\webdriver.py", line 741, in find_element
    return self.execute(Command.FIND_ELEMENT, {"using": by, "value": value})["value"]
  File "c:\ProgramData\anaconda3\envs\aichi\lib\site-packages\selenium\webdriver\remote\webdriver.py", line 347, in execute
    self.error_handler.check_response(response)
  File "c:\ProgramData\anaconda3\envs\aichi\lib\site-packages\selenium\webdriver\remote\errorhandler.py", line 229, in check_response
    raise exception_class(message, screen, stacktrace)
selenium.common.exceptions.NoSuchElementException: Message: no such element: Unable to locate element: {"method":"css selector","selector":"[id="userLoginForm.userId"]"}
  (Session info: chrome=123.0.6312.124); For documentation on this error, please visit: https://www.selenium.dev/documentation/webdriver/troubleshooting/errors#no-such-element-exception
Stacktrace:
	GetHandleVerifier [0x00007FF79D9D7032+63090]
	(No symbol) [0x00007FF79D942C82]
	(No symbol) [0x00007FF79D7DEC65]
	(No symbol) [0x00007FF79D82499D]
	(No symbol) [0x00007FF79D824ADC]
	(No symbol) [0x00007FF79D865B37]
	(No symbol) [0x00007FF79D84701F]
	(No symbol) [0x00007FF79D863412]
	(No symbol) [0x00007FF79D846D83]
	(No symbol) [0x00007FF79D8183A8]
	(No symbol) [0x00007FF79D819441]
	GetHandleVerifier [0x00007FF79DDD25AD+4238317]
	GetHandleVerifier [0x00007FF79DE0F70D+4488525]
	GetHandleVerifier [0x00007FF79DE079EF+4456495]
	GetHandleVerifier [0x00007FF79DAB0576+953270]
	(No symbol) [0x00007FF79D94E54F]
	(No symbol) [0x00007FF79D949224]
	(No symbol) [0x00007FF79D94935B]
	(No symbol) [0x00007FF79D939B94]
	BaseThreadInitThunk [0x00007FF94FE9257D+29]
	RtlUserThreadStart [0x00007FF95116AA48+40]


During handling of the above exception, another exception occurred:

Traceback (most recent call last):
  File "C:\Users\USER\Projects\AichiTool\AichiSelenium\src\controllers\main_controller.py", line 57, in subprocess
    result = access.login(browser)
  File "C:\Users\USER\Projects\AichiTool\AichiSelenium\src\controllers\access.py", line 51, in login
    self.logger.error("Failed to login", e)
  File "C:\Users\USER\Projects\AichiTool\AichiSelenium\src\logs.py", line 76, in error
    self._log(logging.ERROR, *msg)
  File "C:\Users\USER\Projects\AichiTool\AichiSelenium\src\logs.py", line 93, in _log
    message = " ".join(msg)
TypeError: sequence item 1: expected str instance, NoSuchElementException found

During handling of the above exception, another exception occurred:

Traceback (most recent call last):
  File "C:\Users\USER\Projects\AichiTool\AichiSelenium\src\controllers\main_controller.py", line 71, in subprocess
    list_form_info = finder.find(browser)
  File "C:\Users\USER\Projects\AichiTool\AichiSelenium\src\controllers\finder.py", line 22, in find
    self._collect(browser)
  File "C:\Users\USER\Projects\AichiTool\AichiSelenium\src\controllers\finder.py", line 34, in _collect
    form_table = browser.find_element(By.XPATH, "/html/body/form/main/div/div[5]/div/ul")
  File "c:\ProgramData\anaconda3\envs\aichi\lib\site-packages\seleniumbase\core\sb_driver.py", line 20, in find_element
    return self.driver.default_find_element(by=by, value=value)
  File "c:\ProgramData\anaconda3\envs\aichi\lib\site-packages\selenium\webdriver\remote\webdriver.py", line 741, in find_element
    return self.execute(Command.FIND_ELEMENT, {"using": by, "value": value})["value"]
  File "c:\ProgramData\anaconda3\envs\aichi\lib\site-packages\selenium\webdriver\remote\webdriver.py", line 347, in execute
    self.error_handler.check_response(response)
  File "c:\ProgramData\anaconda3\envs\aichi\lib\site-packages\selenium\webdriver\remote\errorhandler.py", line 229, in check_response
    raise exception_class(message, screen, stacktrace)
selenium.common.exceptions.NoSuchElementException: Message: no such element: Unable to locate element: {"method":"xpath","selector":"/html/body/form/main/div/div[5]/div/ul"}
  (Session info: chrome=123.0.6312.124); For documentation on this error, please visit: https://www.selenium.dev/documentation/webdriver/troubleshooting/errors#no-such-element-exception
Stacktrace:
	GetHandleVerifier [0x00007FF79D9D7032+63090]
	(No symbol) [0x00007FF79D942C82]
	(No symbol) [0x00007FF79D7DEC65]
	(No symbol) [0x00007FF79D82499D]
	(No symbol) [0x00007FF79D824ADC]
	(No symbol) [0x00007FF79D865B37]
	(No symbol) [0x00007FF79D84701F]
	(No symbol) [0x00007FF79D863412]
	(No symbol) [0x00007FF79D846D83]
	(No symbol) [0x00007FF79D8183A8]
	(No symbol) [0x00007FF79D819441]
	GetHandleVerifier [0x00007FF79DDD25AD+4238317]
	GetHandleVerifier [0x00007FF79DE0F70D+4488525]
	GetHandleVerifier [0x00007FF79DE079EF+4456495]
	GetHandleVerifier [0x00007FF79DAB0576+953270]
	(No symbol) [0x00007FF79D94E54F]
	(No symbol) [0x00007FF79D949224]
	(No symbol) [0x00007FF79D94935B]
	(No symbol) [0x00007FF79D939B94]
	BaseThreadInitThunk [0x00007FF94FE9257D+29]
	RtlUserThreadStart [0x00007FF95116AA48+40]


During handling of the above exception, another exception occurred:

Traceback (most recent call last):
  File "C:\Users\USER\Projects\AichiTool\AichiSelenium\src\controllers\access.py", line 38, in login
    browser.find_element(By.ID, "userLoginForm.userId").send_keys(self.account.username)
  File "c:\ProgramData\anaconda3\envs\aichi\lib\site-packages\seleniumbase\core\sb_driver.py", line 20, in find_element
    return self.driver.default_find_element(by=by, value=value)
  File "c:\ProgramData\anaconda3\envs\aichi\lib\site-packages\selenium\webdriver\remote\webdriver.py", line 741, in find_element
    return self.execute(Command.FIND_ELEMENT, {"using": by, "value": value})["value"]
  File "c:\ProgramData\anaconda3\envs\aichi\lib\site-packages\selenium\webdriver\remote\webdriver.py", line 347, in execute
    self.error_handler.check_response(response)
  File "c:\ProgramData\anaconda3\envs\aichi\lib\site-packages\selenium\webdriver\remote\errorhandler.py", line 229, in check_response
    raise exception_class(message, screen, stacktrace)
selenium.common.exceptions.NoSuchElementException: Message: no such element: Unable to locate element: {"method":"css selector","selector":"[id="userLoginForm.userId"]"}
  (Session info: chrome=123.0.6312.124); For documentation on this error, please visit: https://www.selenium.dev/documentation/webdriver/troubleshooting/errors#no-such-element-exception
Stacktrace:
	GetHandleVerifier [0x00007FF79D9D7032+63090]
	(No symbol) [0x00007FF79D942C82]
	(No symbol) [0x00007FF79D7DEC65]
	(No symbol) [0x00007FF79D82499D]
	(No symbol) [0x00007FF79D824ADC]
	(No symbol) [0x00007FF79D865B37]
	(No symbol) [0x00007FF79D84701F]
	(No symbol) [0x00007FF79D863412]
	(No symbol) [0x00007FF79D846D83]
	(No symbol) [0x00007FF79D8183A8]
	(No symbol) [0x00007FF79D819441]
	GetHandleVerifier [0x00007FF79DDD25AD+4238317]
	GetHandleVerifier [0x00007FF79DE0F70D+4488525]
	GetHandleVerifier [0x00007FF79DE079EF+4456495]
	GetHandleVerifier [0x00007FF79DAB0576+953270]
	(No symbol) [0x00007FF79D94E54F]
	(No symbol) [0x00007FF79D949224]
	(No symbol) [0x00007FF79D94935B]
	(No symbol) [0x00007FF79D939B94]
	BaseThreadInitThunk [0x00007FF94FE9257D+29]
	RtlUserThreadStart [0x00007FF95116AA48+40]


During handling of the above exception, another exception occurred:

Traceback (most recent call last):
  File "C:\Users\USER\Projects\AichiTool\AichiSelenium\src\controllers\main_controller.py", line 57, in subprocess
    result = access.login(browser)
  File "C:\Users\USER\Projects\AichiTool\AichiSelenium\src\controllers\access.py", line 51, in login
    self.logger.error("Failed to login", e)
  File "C:\Users\USER\Projects\AichiTool\AichiSelenium\src\logs.py", line 76, in error
    self._log(logging.ERROR, *msg)
  File "C:\Users\USER\Projects\AichiTool\AichiSelenium\src\logs.py", line 93, in _log
    message = " ".join(msg)
TypeError: sequence item 1: expected str instance, NoSuchElementException found
[ 2024-04-19 05:27:25,222 ] 94 main_controller - INFO - Subprocess 0 started with trial number 3
[ 2024-04-19 05:27:25,222 ] 94 main_controller - INFO - Subprocess 0 started with trial number 3
[ 2024-04-19 05:27:25,222 ] 94 main_controller - INFO - Subprocess 0 started with trial number 3
[ 2024-04-19 05:27:25,222 ] 94 main_controller - INFO - Subprocess 0 started with trial number 3
[ 2024-04-19 05:27:25,222 ] 94 main_controller - INFO - Subprocess 0 started with trial number 3
[ 2024-04-19 05:27:25,222 ] 94 main_controller - INFO - Subprocess 0 started with trial number 3
[ 2024-04-19 05:27:25,222 ] 94 main_controller - INFO - Subprocess 0 started with trial number 3
[ 2024-04-19 05:27:25,222 ] 94 main_controller - INFO - Subprocess 0 started with trial number 3
[ 2024-04-19 05:27:25,222 ] 94 main_controller - INFO - Subprocess 0 started with trial number 3
[ 2024-04-19 05:27:26,860 ] 94 main_controller - INFO - Logged in successfully
[ 2024-04-19 05:27:26,860 ] 94 main_controller - INFO - Logged in successfully
[ 2024-04-19 05:27:26,860 ] 94 main_controller - INFO - Logged in successfully
[ 2024-04-19 05:27:26,860 ] 94 main_controller - INFO - Logged in successfully
[ 2024-04-19 05:27:26,860 ] 94 main_controller - INFO - Logged in successfully
[ 2024-04-19 05:27:26,860 ] 94 main_controller - INFO - Logged in successfully
[ 2024-04-19 05:27:26,860 ] 94 main_controller - INFO - Logged in successfully
[ 2024-04-19 05:27:26,860 ] 94 main_controller - INFO - Logged in successfully
[ 2024-04-19 05:27:26,860 ] 94 main_controller - INFO - Logged in successfully
[ 2024-04-19 05:27:27,009 ] 94 main_controller - INFO - Browser opened
[ 2024-04-19 05:27:27,009 ] 94 main_controller - INFO - Browser opened
[ 2024-04-19 05:27:27,009 ] 94 main_controller - INFO - Browser opened
[ 2024-04-19 05:27:27,009 ] 94 main_controller - INFO - Browser opened
[ 2024-04-19 05:27:27,009 ] 94 main_controller - INFO - Browser opened
[ 2024-04-19 05:27:27,009 ] 94 main_controller - INFO - Browser opened
[ 2024-04-19 05:27:27,009 ] 94 main_controller - INFO - Browser opened
[ 2024-04-19 05:27:27,009 ] 94 main_controller - INFO - Browser opened
[ 2024-04-19 05:27:27,009 ] 94 main_controller - INFO - Browser opened
[ 2024-04-19 05:27:27,364 ] 94 main_controller - INFO - Screenshot saved to C:\Users\USER\Projects\AichiTool\AichiSelenium\logs\2024_04_19\05_26_44\screenshot_Jamebrown0206.png
[ 2024-04-19 05:27:27,364 ] 94 main_controller - INFO - Screenshot saved to C:\Users\USER\Projects\AichiTool\AichiSelenium\logs\2024_04_19\05_26_44\screenshot_Jamebrown0206.png
[ 2024-04-19 05:27:27,364 ] 94 main_controller - INFO - Screenshot saved to C:\Users\USER\Projects\AichiTool\AichiSelenium\logs\2024_04_19\05_26_44\screenshot_Jamebrown0206.png
[ 2024-04-19 05:27:27,364 ] 94 main_controller - INFO - Screenshot saved to C:\Users\USER\Projects\AichiTool\AichiSelenium\logs\2024_04_19\05_26_44\screenshot_Jamebrown0206.png
[ 2024-04-19 05:27:27,364 ] 94 main_controller - INFO - Screenshot saved to C:\Users\USER\Projects\AichiTool\AichiSelenium\logs\2024_04_19\05_26_44\screenshot_Jamebrown0206.png
[ 2024-04-19 05:27:27,364 ] 94 main_controller - INFO - Screenshot saved to C:\Users\USER\Projects\AichiTool\AichiSelenium\logs\2024_04_19\05_26_44\screenshot_Jamebrown0206.png
[ 2024-04-19 05:27:27,364 ] 94 main_controller - INFO - Screenshot saved to C:\Users\USER\Projects\AichiTool\AichiSelenium\logs\2024_04_19\05_26_44\screenshot_Jamebrown0206.png
[ 2024-04-19 05:27:27,364 ] 94 main_controller - INFO - Screenshot saved to C:\Users\USER\Projects\AichiTool\AichiSelenium\logs\2024_04_19\05_26_44\screenshot_Jamebrown0206.png
[ 2024-04-19 05:27:27,364 ] 94 main_controller - INFO - Screenshot saved to C:\Users\USER\Projects\AichiTool\AichiSelenium\logs\2024_04_19\05_26_44\screenshot_Jamebrown0206.png
[ 2024-04-19 05:27:27,366 ] 94 main_controller - INFO - Finding forms
[ 2024-04-19 05:27:27,366 ] 94 main_controller - INFO - Finding forms
[ 2024-04-19 05:27:27,366 ] 94 main_controller - INFO - Finding forms
[ 2024-04-19 05:27:27,366 ] 94 main_controller - INFO - Finding forms
[ 2024-04-19 05:27:27,366 ] 94 main_controller - INFO - Finding forms
[ 2024-04-19 05:27:27,366 ] 94 main_controller - INFO - Finding forms
[ 2024-04-19 05:27:27,366 ] 94 main_controller - INFO - Finding forms
[ 2024-04-19 05:27:27,366 ] 94 main_controller - INFO - Finding forms
[ 2024-04-19 05:27:27,366 ] 94 main_controller - INFO - Finding forms
