[ 2024-04-25 05:23:16,577 ] 91 main_controller - INFO - Subprocess 0 started with trial number 0
[ 2024-04-25 05:23:16,577 ] 91 main_controller - ERROR - Account is a dictionary, convert to Account object: Username: luthien5921@gmail.com, Password: aichi@5921
[ 2024-04-25 05:23:18,594 ] 91 main_controller - INFO - Subprocess 1 started with trial number 0
[ 2024-04-25 05:23:18,594 ] 91 main_controller - INFO - Subprocess 1 started with trial number 0
[ 2024-04-25 05:23:18,594 ] 91 main_controller - ERROR - Account is a dictionary, convert to Account object: Username: luthien5921+shinsei1@gmail.com, Password: aichi@5921
[ 2024-04-25 05:23:18,594 ] 91 main_controller - ERROR - Account is a dictionary, convert to Account object: Username: luthien5921+shinsei1@gmail.com, Password: aichi@5921
[ 2024-04-25 05:23:18,645 ] 91 main_controller - INFO - Browser opened
[ 2024-04-25 05:23:18,645 ] 91 main_controller - INFO - Browser opened
[ 2024-04-25 05:23:19,872 ] 91 main_controller - INFO - Browser opened
[ 2024-04-25 05:23:19,872 ] 91 main_controller - INFO - Browser opened
[ 2024-04-25 05:23:20,602 ] 91 main_controller - INFO - Subprocess 2 started with trial number 0
[ 2024-04-25 05:23:20,602 ] 91 main_controller - INFO - Subprocess 2 started with trial number 0
[ 2024-04-25 05:23:20,602 ] 91 main_controller - INFO - Subprocess 2 started with trial number 0
[ 2024-04-25 05:23:20,603 ] 91 main_controller - ERROR - Account is a dictionary, convert to Account object: Username: luthien5921+shinsei2@gmail.com, Password: aichi@5921
[ 2024-04-25 05:23:20,603 ] 91 main_controller - ERROR - Account is a dictionary, convert to Account object: Username: luthien5921+shinsei2@gmail.com, Password: aichi@5921
[ 2024-04-25 05:23:20,603 ] 91 main_controller - ERROR - Account is a dictionary, convert to Account object: Username: luthien5921+shinsei2@gmail.com, Password: aichi@5921
[ 2024-04-25 05:23:23,926 ] 91 main_controller - INFO - Browser opened
[ 2024-04-25 05:23:23,926 ] 91 main_controller - INFO - Browser opened
[ 2024-04-25 05:23:23,926 ] 91 main_controller - INFO - Browser opened
[ 2024-04-25 05:23:29,300 ] 91 main_controller - INFO - Logged in successfully
[ 2024-04-25 05:23:29,300 ] 91 main_controller - INFO - Logged in successfully
[ 2024-04-25 05:23:29,300 ] 91 main_controller - INFO - Logged in successfully
[ 2024-04-25 05:23:29,441 ] 91 main_controller - INFO - Screenshot saved to C:\Users\USER\Projects\AichiTool\AichiSelenium\logs\2024_04_25\05_23_16\screenshot_luthien5921.png
[ 2024-04-25 05:23:29,441 ] 91 main_controller - INFO - Screenshot saved to C:\Users\USER\Projects\AichiTool\AichiSelenium\logs\2024_04_25\05_23_16\screenshot_luthien5921.png
[ 2024-04-25 05:23:29,441 ] 91 main_controller - INFO - Screenshot saved to C:\Users\USER\Projects\AichiTool\AichiSelenium\logs\2024_04_25\05_23_16\screenshot_luthien5921.png
[ 2024-04-25 05:23:29,441 ] 91 main_controller - INFO - Finding forms
[ 2024-04-25 05:23:29,441 ] 91 main_controller - INFO - Finding forms
[ 2024-04-25 05:23:29,441 ] 91 main_controller - INFO - Finding forms
[ 2024-04-25 05:23:31,088 ] 79 main_controller - ERROR - Caught exception: sequence item 1: expected str instance, NoSuchElementException found
Traceback (most recent call last):
  File "C:\Users\USER\Projects\AichiTool\AichiSelenium\src\controllers\access.py", line 38, in login
    browser.find_element(By.ID, "userLoginForm.userId").send_keys(self.account.username)
  File "C:\Users\USER\anaconda3\envs\aichi\lib\site-packages\seleniumbase\core\sb_driver.py", line 20, in find_element
    return self.driver.default_find_element(by=by, value=value)
  File "C:\Users\USER\anaconda3\envs\aichi\lib\site-packages\selenium\webdriver\remote\webdriver.py", line 741, in find_element
    return self.execute(Command.FIND_ELEMENT, {"using": by, "value": value})["value"]
  File "C:\Users\USER\anaconda3\envs\aichi\lib\site-packages\selenium\webdriver\remote\webdriver.py", line 347, in execute
    self.error_handler.check_response(response)
  File "C:\Users\USER\anaconda3\envs\aichi\lib\site-packages\selenium\webdriver\remote\errorhandler.py", line 229, in check_response
    raise exception_class(message, screen, stacktrace)
selenium.common.exceptions.NoSuchElementException: Message: no such element: Unable to locate element: {"method":"css selector","selector":"[id="userLoginForm.userId"]"}
  (Session info: chrome=124.0.6367.61); For documentation on this error, please visit: https://www.selenium.dev/documentation/webdriver/troubleshooting/errors#no-such-element-exception
Stacktrace:
	GetHandleVerifier [0x00007FF67DF1F922+3045234]
	(No symbol) [0x00007FF67DBC3652]
	(No symbol) [0x00007FF67DA87564]
	(No symbol) [0x00007FF67DAD5F9D]
	(No symbol) [0x00007FF67DAD606C]
	(No symbol) [0x00007FF67DB1BDD7]
	(No symbol) [0x00007FF67DAF9DEF]
	(No symbol) [0x00007FF67DB191C4]
	(No symbol) [0x00007FF67DAF9B53]
	(No symbol) [0x00007FF67DAC813C]
	(No symbol) [0x00007FF67DAC8D71]
	GetHandleVerifier [0x00007FF67DF4E89D+3237613]
	GetHandleVerifier [0x00007FF67DF90BA7+3508727]
	GetHandleVerifier [0x00007FF67DF8976F+3478975]
	GetHandleVerifier [0x00007FF67DCFF1C6+815126]
	(No symbol) [0x00007FF67DBCED0F]
	(No symbol) [0x00007FF67DBC9854]
	(No symbol) [0x00007FF67DBC99E2]
	(No symbol) [0x00007FF67DBBA574]
	BaseThreadInitThunk [0x00007FFB6BC7257D+29]
	RtlUserThreadStart [0x00007FFB6C70AA48+40]


During handling of the above exception, another exception occurred:

Traceback (most recent call last):
  File "C:\Users\USER\Projects\AichiTool\AichiSelenium\src\controllers\main_controller.py", line 58, in subprocess
    result = access.login(browser)
  File "C:\Users\USER\Projects\AichiTool\AichiSelenium\src\controllers\access.py", line 51, in login
    self.logger.error("Failed to login", e)
  File "C:\Users\USER\Projects\AichiTool\AichiSelenium\src\logs.py", line 73, in error
    self._log(logging.ERROR, *msg)
  File "C:\Users\USER\Projects\AichiTool\AichiSelenium\src\logs.py", line 90, in _log
    message = " ".join(msg)
TypeError: sequence item 1: expected str instance, NoSuchElementException found
[ 2024-04-25 05:23:31,088 ] 79 main_controller - ERROR - Caught exception: sequence item 1: expected str instance, NoSuchElementException found
Traceback (most recent call last):
  File "C:\Users\USER\Projects\AichiTool\AichiSelenium\src\controllers\access.py", line 38, in login
    browser.find_element(By.ID, "userLoginForm.userId").send_keys(self.account.username)
  File "C:\Users\USER\anaconda3\envs\aichi\lib\site-packages\seleniumbase\core\sb_driver.py", line 20, in find_element
    return self.driver.default_find_element(by=by, value=value)
  File "C:\Users\USER\anaconda3\envs\aichi\lib\site-packages\selenium\webdriver\remote\webdriver.py", line 741, in find_element
    return self.execute(Command.FIND_ELEMENT, {"using": by, "value": value})["value"]
  File "C:\Users\USER\anaconda3\envs\aichi\lib\site-packages\selenium\webdriver\remote\webdriver.py", line 347, in execute
    self.error_handler.check_response(response)
  File "C:\Users\USER\anaconda3\envs\aichi\lib\site-packages\selenium\webdriver\remote\errorhandler.py", line 229, in check_response
    raise exception_class(message, screen, stacktrace)
selenium.common.exceptions.NoSuchElementException: Message: no such element: Unable to locate element: {"method":"css selector","selector":"[id="userLoginForm.userId"]"}
  (Session info: chrome=124.0.6367.61); For documentation on this error, please visit: https://www.selenium.dev/documentation/webdriver/troubleshooting/errors#no-such-element-exception
Stacktrace:
	GetHandleVerifier [0x00007FF67DF1F922+3045234]
	(No symbol) [0x00007FF67DBC3652]
	(No symbol) [0x00007FF67DA87564]
	(No symbol) [0x00007FF67DAD5F9D]
	(No symbol) [0x00007FF67DAD606C]
	(No symbol) [0x00007FF67DB1BDD7]
	(No symbol) [0x00007FF67DAF9DEF]
	(No symbol) [0x00007FF67DB191C4]
	(No symbol) [0x00007FF67DAF9B53]
	(No symbol) [0x00007FF67DAC813C]
	(No symbol) [0x00007FF67DAC8D71]
	GetHandleVerifier [0x00007FF67DF4E89D+3237613]
	GetHandleVerifier [0x00007FF67DF90BA7+3508727]
	GetHandleVerifier [0x00007FF67DF8976F+3478975]
	GetHandleVerifier [0x00007FF67DCFF1C6+815126]
	(No symbol) [0x00007FF67DBCED0F]
	(No symbol) [0x00007FF67DBC9854]
	(No symbol) [0x00007FF67DBC99E2]
	(No symbol) [0x00007FF67DBBA574]
	BaseThreadInitThunk [0x00007FFB6BC7257D+29]
	RtlUserThreadStart [0x00007FFB6C70AA48+40]


During handling of the above exception, another exception occurred:

Traceback (most recent call last):
  File "C:\Users\USER\Projects\AichiTool\AichiSelenium\src\controllers\main_controller.py", line 58, in subprocess
    result = access.login(browser)
  File "C:\Users\USER\Projects\AichiTool\AichiSelenium\src\controllers\access.py", line 51, in login
    self.logger.error("Failed to login", e)
  File "C:\Users\USER\Projects\AichiTool\AichiSelenium\src\logs.py", line 73, in error
    self._log(logging.ERROR, *msg)
  File "C:\Users\USER\Projects\AichiTool\AichiSelenium\src\logs.py", line 90, in _log
    message = " ".join(msg)
TypeError: sequence item 1: expected str instance, NoSuchElementException found
[ 2024-04-25 05:23:31,088 ] 79 main_controller - ERROR - Caught exception: sequence item 1: expected str instance, NoSuchElementException found
Traceback (most recent call last):
  File "C:\Users\USER\Projects\AichiTool\AichiSelenium\src\controllers\access.py", line 38, in login
    browser.find_element(By.ID, "userLoginForm.userId").send_keys(self.account.username)
  File "C:\Users\USER\anaconda3\envs\aichi\lib\site-packages\seleniumbase\core\sb_driver.py", line 20, in find_element
    return self.driver.default_find_element(by=by, value=value)
  File "C:\Users\USER\anaconda3\envs\aichi\lib\site-packages\selenium\webdriver\remote\webdriver.py", line 741, in find_element
    return self.execute(Command.FIND_ELEMENT, {"using": by, "value": value})["value"]
  File "C:\Users\USER\anaconda3\envs\aichi\lib\site-packages\selenium\webdriver\remote\webdriver.py", line 347, in execute
    self.error_handler.check_response(response)
  File "C:\Users\USER\anaconda3\envs\aichi\lib\site-packages\selenium\webdriver\remote\errorhandler.py", line 229, in check_response
    raise exception_class(message, screen, stacktrace)
selenium.common.exceptions.NoSuchElementException: Message: no such element: Unable to locate element: {"method":"css selector","selector":"[id="userLoginForm.userId"]"}
  (Session info: chrome=124.0.6367.61); For documentation on this error, please visit: https://www.selenium.dev/documentation/webdriver/troubleshooting/errors#no-such-element-exception
Stacktrace:
	GetHandleVerifier [0x00007FF67DF1F922+3045234]
	(No symbol) [0x00007FF67DBC3652]
	(No symbol) [0x00007FF67DA87564]
	(No symbol) [0x00007FF67DAD5F9D]
	(No symbol) [0x00007FF67DAD606C]
	(No symbol) [0x00007FF67DB1BDD7]
	(No symbol) [0x00007FF67DAF9DEF]
	(No symbol) [0x00007FF67DB191C4]
	(No symbol) [0x00007FF67DAF9B53]
	(No symbol) [0x00007FF67DAC813C]
	(No symbol) [0x00007FF67DAC8D71]
	GetHandleVerifier [0x00007FF67DF4E89D+3237613]
	GetHandleVerifier [0x00007FF67DF90BA7+3508727]
	GetHandleVerifier [0x00007FF67DF8976F+3478975]
	GetHandleVerifier [0x00007FF67DCFF1C6+815126]
	(No symbol) [0x00007FF67DBCED0F]
	(No symbol) [0x00007FF67DBC9854]
	(No symbol) [0x00007FF67DBC99E2]
	(No symbol) [0x00007FF67DBBA574]
	BaseThreadInitThunk [0x00007FFB6BC7257D+29]
	RtlUserThreadStart [0x00007FFB6C70AA48+40]


During handling of the above exception, another exception occurred:

Traceback (most recent call last):
  File "C:\Users\USER\Projects\AichiTool\AichiSelenium\src\controllers\main_controller.py", line 58, in subprocess
    result = access.login(browser)
  File "C:\Users\USER\Projects\AichiTool\AichiSelenium\src\controllers\access.py", line 51, in login
    self.logger.error("Failed to login", e)
  File "C:\Users\USER\Projects\AichiTool\AichiSelenium\src\logs.py", line 73, in error
    self._log(logging.ERROR, *msg)
  File "C:\Users\USER\Projects\AichiTool\AichiSelenium\src\logs.py", line 90, in _log
    message = " ".join(msg)
TypeError: sequence item 1: expected str instance, NoSuchElementException found
[ 2024-04-25 05:23:31,122 ] 91 main_controller - INFO - Logged in successfully
[ 2024-04-25 05:23:31,122 ] 91 main_controller - INFO - Logged in successfully
[ 2024-04-25 05:23:31,122 ] 91 main_controller - INFO - Logged in successfully
[ 2024-04-25 05:23:31,323 ] 91 main_controller - INFO - Screenshot saved to C:\Users\USER\Projects\AichiTool\AichiSelenium\logs\2024_04_25\05_23_16\screenshot_luthien5921+shinsei1.png
[ 2024-04-25 05:23:31,323 ] 91 main_controller - INFO - Screenshot saved to C:\Users\USER\Projects\AichiTool\AichiSelenium\logs\2024_04_25\05_23_16\screenshot_luthien5921+shinsei1.png
[ 2024-04-25 05:23:31,323 ] 91 main_controller - INFO - Screenshot saved to C:\Users\USER\Projects\AichiTool\AichiSelenium\logs\2024_04_25\05_23_16\screenshot_luthien5921+shinsei1.png
[ 2024-04-25 05:23:31,324 ] 91 main_controller - INFO - Finding forms
[ 2024-04-25 05:23:31,324 ] 91 main_controller - INFO - Finding forms
[ 2024-04-25 05:23:31,324 ] 91 main_controller - INFO - Finding forms
[ 2024-04-25 05:23:33,304 ] 91 main_controller - INFO - Subprocess 2 started with trial number 1
[ 2024-04-25 05:23:33,304 ] 91 main_controller - INFO - Subprocess 2 started with trial number 1
[ 2024-04-25 05:23:33,304 ] 91 main_controller - INFO - Subprocess 2 started with trial number 1
[ 2024-04-25 05:23:33,304 ] 91 main_controller - INFO - Subprocess 2 started with trial number 1
[ 2024-04-25 05:23:34,458 ] 91 main_controller - INFO - Browser opened
[ 2024-04-25 05:23:34,458 ] 91 main_controller - INFO - Browser opened
[ 2024-04-25 05:23:34,458 ] 91 main_controller - INFO - Browser opened
[ 2024-04-25 05:23:34,458 ] 91 main_controller - INFO - Browser opened
[ 2024-04-25 05:23:44,071 ] 91 main_controller - INFO - Logged in successfully
[ 2024-04-25 05:23:44,071 ] 91 main_controller - INFO - Logged in successfully
[ 2024-04-25 05:23:44,071 ] 91 main_controller - INFO - Logged in successfully
[ 2024-04-25 05:23:44,071 ] 91 main_controller - INFO - Logged in successfully
[ 2024-04-25 05:23:44,171 ] 91 main_controller - INFO - Screenshot saved to C:\Users\USER\Projects\AichiTool\AichiSelenium\logs\2024_04_25\05_23_16\screenshot_luthien5921+shinsei2.png
[ 2024-04-25 05:23:44,171 ] 91 main_controller - INFO - Screenshot saved to C:\Users\USER\Projects\AichiTool\AichiSelenium\logs\2024_04_25\05_23_16\screenshot_luthien5921+shinsei2.png
[ 2024-04-25 05:23:44,171 ] 91 main_controller - INFO - Screenshot saved to C:\Users\USER\Projects\AichiTool\AichiSelenium\logs\2024_04_25\05_23_16\screenshot_luthien5921+shinsei2.png
[ 2024-04-25 05:23:44,171 ] 91 main_controller - INFO - Screenshot saved to C:\Users\USER\Projects\AichiTool\AichiSelenium\logs\2024_04_25\05_23_16\screenshot_luthien5921+shinsei2.png
[ 2024-04-25 05:23:44,171 ] 91 main_controller - INFO - Finding forms
[ 2024-04-25 05:23:44,171 ] 91 main_controller - INFO - Finding forms
[ 2024-04-25 05:23:44,171 ] 91 main_controller - INFO - Finding forms
[ 2024-04-25 05:23:44,171 ] 91 main_controller - INFO - Finding forms
[ 2024-04-25 05:30:04,862 ] 91 main_controller - INFO - Found 3 form(s)
[ 2024-04-25 05:30:04,862 ] 91 main_controller - INFO - Found 3 form(s)
[ 2024-04-25 05:30:04,862 ] 91 main_controller - INFO - Found 3 form(s)
[ 2024-04-25 05:30:04,862 ] 91 main_controller - INFO - Found 3 form(s)
[ 2024-04-25 05:30:04,862 ] 91 main_controller - INFO - Customers: None
[ 2024-04-25 05:30:04,862 ] 91 main_controller - INFO - Customers: None
[ 2024-04-25 05:30:04,862 ] 91 main_controller - INFO - Customers: None
[ 2024-04-25 05:30:04,862 ] 91 main_controller - INFO - Customers: None
[ 2024-04-25 05:30:05,495 ] 91 main_controller - INFO - Found 3 form(s)
[ 2024-04-25 05:30:05,495 ] 91 main_controller - INFO - Found 3 form(s)
[ 2024-04-25 05:30:05,495 ] 91 main_controller - INFO - Found 3 form(s)
[ 2024-04-25 05:30:05,495 ] 91 main_controller - INFO - Found 3 form(s)
[ 2024-04-25 05:30:05,496 ] 91 main_controller - INFO - Customers: None
[ 2024-04-25 05:30:05,496 ] 91 main_controller - INFO - Customers: None
[ 2024-04-25 05:30:05,496 ] 91 main_controller - INFO - Customers: None
[ 2024-04-25 05:30:05,496 ] 91 main_controller - INFO - Customers: None
[ 2024-04-25 05:30:05,507 ] 91 main_controller - INFO - Found 3 form(s)
[ 2024-04-25 05:30:05,507 ] 91 main_controller - INFO - Found 3 form(s)
[ 2024-04-25 05:30:05,507 ] 91 main_controller - INFO - Found 3 form(s)
[ 2024-04-25 05:30:05,507 ] 91 main_controller - INFO - Found 3 form(s)
[ 2024-04-25 05:30:05,508 ] 91 main_controller - INFO - Customers: None
[ 2024-04-25 05:30:05,508 ] 91 main_controller - INFO - Customers: None
[ 2024-04-25 05:30:05,508 ] 91 main_controller - INFO - Customers: None
[ 2024-04-25 05:30:05,508 ] 91 main_controller - INFO - Customers: None
[ 2024-04-25 05:30:23,585 ] 91 main_controller - INFO - Form filled successfully, template sequence: 96755
[ 2024-04-25 05:30:23,585 ] 91 main_controller - INFO - Form filled successfully, template sequence: 96755
[ 2024-04-25 05:30:23,585 ] 91 main_controller - INFO - Form filled successfully, template sequence: 96755
[ 2024-04-25 05:30:23,585 ] 91 main_controller - INFO - Form filled successfully, template sequence: 96755
[ 2024-04-25 05:30:23,586 ] 91 main_controller - INFO - Remaining form(s): 2
[ 2024-04-25 05:30:23,586 ] 91 main_controller - INFO - Remaining form(s): 2
[ 2024-04-25 05:30:23,586 ] 91 main_controller - INFO - Remaining form(s): 2
[ 2024-04-25 05:30:23,586 ] 91 main_controller - INFO - Remaining form(s): 2
[ 2024-04-25 05:30:24,051 ] 91 main_controller - INFO - Failed to fill form, template sequence: 96754
[ 2024-04-25 05:30:24,051 ] 91 main_controller - INFO - Failed to fill form, template sequence: 96754
[ 2024-04-25 05:30:24,051 ] 91 main_controller - INFO - Failed to fill form, template sequence: 96754
[ 2024-04-25 05:30:24,051 ] 91 main_controller - INFO - Failed to fill form, template sequence: 96754
[ 2024-04-25 05:30:24,051 ] 91 main_controller - INFO - Remaining form(s): 3
[ 2024-04-25 05:30:24,051 ] 91 main_controller - INFO - Remaining form(s): 3
[ 2024-04-25 05:30:24,051 ] 91 main_controller - INFO - Remaining form(s): 3
[ 2024-04-25 05:30:24,051 ] 91 main_controller - INFO - Remaining form(s): 3
[ 2024-04-25 05:30:24,997 ] 91 main_controller - INFO - Failed to fill form, template sequence: 96755
[ 2024-04-25 05:30:24,997 ] 91 main_controller - INFO - Failed to fill form, template sequence: 96755
[ 2024-04-25 05:30:24,997 ] 91 main_controller - INFO - Failed to fill form, template sequence: 96755
[ 2024-04-25 05:30:24,997 ] 91 main_controller - INFO - Failed to fill form, template sequence: 96755
[ 2024-04-25 05:30:24,997 ] 91 main_controller - INFO - Remaining form(s): 3
[ 2024-04-25 05:30:24,997 ] 91 main_controller - INFO - Remaining form(s): 3
[ 2024-04-25 05:30:24,997 ] 91 main_controller - INFO - Remaining form(s): 3
[ 2024-04-25 05:30:24,997 ] 91 main_controller - INFO - Remaining form(s): 3
[ 2024-04-25 05:30:36,372 ] 91 main_controller - INFO - Form filled successfully, template sequence: 96754
[ 2024-04-25 05:30:36,372 ] 91 main_controller - INFO - Form filled successfully, template sequence: 96754
[ 2024-04-25 05:30:36,372 ] 91 main_controller - INFO - Form filled successfully, template sequence: 96754
[ 2024-04-25 05:30:36,372 ] 91 main_controller - INFO - Form filled successfully, template sequence: 96754
[ 2024-04-25 05:30:36,373 ] 91 main_controller - INFO - Remaining form(s): 1
[ 2024-04-25 05:30:36,373 ] 91 main_controller - INFO - Remaining form(s): 1
[ 2024-04-25 05:30:36,373 ] 91 main_controller - INFO - Remaining form(s): 1
[ 2024-04-25 05:30:36,373 ] 91 main_controller - INFO - Remaining form(s): 1
[ 2024-04-25 05:30:50,558 ] 91 main_controller - INFO - Form filled successfully, template sequence: 96753
[ 2024-04-25 05:30:50,558 ] 91 main_controller - INFO - Form filled successfully, template sequence: 96753
[ 2024-04-25 05:30:50,558 ] 91 main_controller - INFO - Form filled successfully, template sequence: 96753
[ 2024-04-25 05:30:50,558 ] 91 main_controller - INFO - Form filled successfully, template sequence: 96753
[ 2024-04-25 05:30:50,558 ] 91 main_controller - INFO - Remaining form(s): 0
[ 2024-04-25 05:30:50,558 ] 91 main_controller - INFO - Remaining form(s): 0
[ 2024-04-25 05:30:50,558 ] 91 main_controller - INFO - Remaining form(s): 0
[ 2024-04-25 05:30:50,558 ] 91 main_controller - INFO - Remaining form(s): 0
[ 2024-04-25 05:30:50,558 ] 91 main_controller - INFO - All forms passed
[ 2024-04-25 05:30:50,558 ] 91 main_controller - INFO - All forms passed
[ 2024-04-25 05:30:50,558 ] 91 main_controller - INFO - All forms passed
[ 2024-04-25 05:30:50,558 ] 91 main_controller - INFO - All forms passed
[ 2024-04-25 05:30:53,573 ] 91 main_controller - INFO - Closing browser
[ 2024-04-25 05:30:53,573 ] 91 main_controller - INFO - Closing browser
[ 2024-04-25 05:30:53,573 ] 91 main_controller - INFO - Closing browser
[ 2024-04-25 05:30:53,573 ] 91 main_controller - INFO - Closing browser
[ 2024-04-25 05:30:55,779 ] 91 main_controller - INFO - Browser closed
[ 2024-04-25 05:30:55,779 ] 91 main_controller - INFO - Browser closed
[ 2024-04-25 05:30:55,779 ] 91 main_controller - INFO - Browser closed
[ 2024-04-25 05:30:55,779 ] 91 main_controller - INFO - Browser closed
