[ 2024-05-01 10:29:28,216 ] 91 luthien5921 - INFO - Opened login page
[ 2024-05-01 10:29:28,216 ] 91 luthien5921 - INFO - Opened login page
[ 2024-05-01 10:29:28,216 ] 91 luthien5921 - INFO - Opened login page
[ 2024-05-01 10:29:32,583 ] 91 luthien5921 - INFO - Logging in
[ 2024-05-01 10:29:32,583 ] 91 luthien5921 - INFO - Logging in
[ 2024-05-01 10:29:32,583 ] 91 luthien5921 - INFO - Logging in
[ 2024-05-01 10:29:32,592 ] 91 luthien5921 - INFO - Current url: https://www.shinsei.e-aichi.jp/pref-aichi-police-u/offer/offerList_initDisplay
[ 2024-05-01 10:29:32,592 ] 91 luthien5921 - INFO - Current url: https://www.shinsei.e-aichi.jp/pref-aichi-police-u/offer/offerList_initDisplay
[ 2024-05-01 10:29:32,592 ] 91 luthien5921 - INFO - Current url: https://www.shinsei.e-aichi.jp/pref-aichi-police-u/offer/offerList_initDisplay
[ 2024-05-01 10:29:32,917 ] 91 luthien5921 - INFO - Logged in finished
[ 2024-05-01 10:29:32,917 ] 91 luthien5921 - INFO - Logged in finished
[ 2024-05-01 10:29:32,917 ] 91 luthien5921 - INFO - Logged in finished
[ 2024-05-01 10:29:33,259 ] 91 luthien5921 - INFO - On main page
[ 2024-05-01 10:29:33,259 ] 91 luthien5921 - INFO - On main page
[ 2024-05-01 10:29:33,259 ] 91 luthien5921 - INFO - On main page
[ 2024-05-01 10:29:35,232 ] 91 luthien5921 - INFO - Search submitted
[ 2024-05-01 10:29:35,232 ] 91 luthien5921 - INFO - Search submitted
[ 2024-05-01 10:29:35,232 ] 91 luthien5921 - INFO - Search submitted
[ 2024-05-01 10:29:35,262 ] 91 luthien5921 - INFO - Collected 2 forms
[ 2024-05-01 10:29:35,262 ] 91 luthien5921 - INFO - Collected 2 forms
[ 2024-05-01 10:29:35,262 ] 91 luthien5921 - INFO - Collected 2 forms
[ 2024-05-01 10:29:35,349 ] 91 luthien5921 - INFO - Number of filtered forms left is: 2 form(s)
[ 2024-05-01 10:29:35,349 ] 91 luthien5921 - INFO - Number of filtered forms left is: 2 form(s)
[ 2024-05-01 10:29:35,349 ] 91 luthien5921 - INFO - Number of filtered forms left is: 2 form(s)
[ 2024-05-01 10:29:35,349 ] 91 luthien5921 - INFO - 行政文書任意開示申出書 -  - 2015年08月19日 09時00分 - 2100年1月1日 00時00分 - 3895 - https://www.shinsei.e-aichi.jp/pref-aichi-police-u/offer/offerList_detailTop?tempSeq=3895 - False
[ 2024-05-01 10:29:35,349 ] 91 luthien5921 - INFO - 行政文書任意開示申出書 -  - 2015年08月19日 09時00分 - 2100年1月1日 00時00分 - 3895 - https://www.shinsei.e-aichi.jp/pref-aichi-police-u/offer/offerList_detailTop?tempSeq=3895 - False
[ 2024-05-01 10:29:35,349 ] 91 luthien5921 - INFO - 行政文書任意開示申出書 -  - 2015年08月19日 09時00分 - 2100年1月1日 00時00分 - 3895 - https://www.shinsei.e-aichi.jp/pref-aichi-police-u/offer/offerList_detailTop?tempSeq=3895 - False
[ 2024-05-01 10:29:35,350 ] 91 luthien5921 - INFO - 行政文書開示請求書 -  - 2015年08月19日 09時00分 - 2100年1月1日 00時00分 - 3896 - https://www.shinsei.e-aichi.jp/pref-aichi-police-u/offer/offerList_detailTop?tempSeq=3896 - False
[ 2024-05-01 10:29:35,350 ] 91 luthien5921 - INFO - 行政文書開示請求書 -  - 2015年08月19日 09時00分 - 2100年1月1日 00時00分 - 3896 - https://www.shinsei.e-aichi.jp/pref-aichi-police-u/offer/offerList_detailTop?tempSeq=3896 - False
[ 2024-05-01 10:29:35,350 ] 91 luthien5921 - INFO - 行政文書開示請求書 -  - 2015年08月19日 09時00分 - 2100年1月1日 00時00分 - 3896 - https://www.shinsei.e-aichi.jp/pref-aichi-police-u/offer/offerList_detailTop?tempSeq=3896 - False
[ 2024-05-01 10:29:35,353 ] 91 luthien5921 - INFO - Accessing form, template sequence: 3896
[ 2024-05-01 10:29:35,353 ] 91 luthien5921 - INFO - Accessing form, template sequence: 3896
[ 2024-05-01 10:29:35,353 ] 91 luthien5921 - INFO - Accessing form, template sequence: 3896
[ 2024-05-01 10:29:35,354 ] 91 luthien5921 - INFO - Form URL: https://www.shinsei.e-aichi.jp/pref-aichi-police-u/offer/offerList_detailTop?tempSeq=3896
[ 2024-05-01 10:29:35,354 ] 91 luthien5921 - INFO - Form URL: https://www.shinsei.e-aichi.jp/pref-aichi-police-u/offer/offerList_detailTop?tempSeq=3896
[ 2024-05-01 10:29:35,354 ] 91 luthien5921 - INFO - Form URL: https://www.shinsei.e-aichi.jp/pref-aichi-police-u/offer/offerList_detailTop?tempSeq=3896
[ 2024-05-01 10:29:41,019 ] 91 luthien5921 - INFO - Accessed form successfully
[ 2024-05-01 10:29:41,019 ] 91 luthien5921 - INFO - Accessed form successfully
[ 2024-05-01 10:29:41,019 ] 91 luthien5921 - INFO - Accessed form successfully
[ 2024-05-01 10:29:41,035 ] 79 luthien5921 - ERROR - Failed to get form message, maybe form is available
Traceback (most recent call last):
  File "C:\Users\USER\Projects\AichiTool\AichiSelenium\src\controllers\filler.py", line 124, in get_form_message
    message = browser.find_element(By.XPATH, "/html/body/main/div/form/div[3]/strong/ul/li/span/strong").text
  File "C:\Users\USER\anaconda3\envs\aichi\lib\site-packages\seleniumbase\core\sb_driver.py", line 20, in find_element
    return self.driver.default_find_element(by=by, value=value)
  File "C:\Users\USER\anaconda3\envs\aichi\lib\site-packages\selenium\webdriver\remote\webdriver.py", line 741, in find_element
    return self.execute(Command.FIND_ELEMENT, {"using": by, "value": value})["value"]
  File "C:\Users\USER\anaconda3\envs\aichi\lib\site-packages\selenium\webdriver\remote\webdriver.py", line 347, in execute
    self.error_handler.check_response(response)
  File "C:\Users\USER\anaconda3\envs\aichi\lib\site-packages\selenium\webdriver\remote\errorhandler.py", line 229, in check_response
    raise exception_class(message, screen, stacktrace)
selenium.common.exceptions.NoSuchElementException: Message: no such element: Unable to locate element: {"method":"xpath","selector":"/html/body/main/div/form/div[3]/strong/ul/li/span/strong"}
  (Session info: chrome=124.0.6367.63); For documentation on this error, please visit: https://www.selenium.dev/documentation/webdriver/troubleshooting/errors#no-such-element-exception
Stacktrace:
	GetHandleVerifier [0x00007FF7B2A7F922+3045234]
	(No symbol) [0x00007FF7B2723652]
	(No symbol) [0x00007FF7B25E7564]
	(No symbol) [0x00007FF7B2635F9D]
	(No symbol) [0x00007FF7B263606C]
	(No symbol) [0x00007FF7B267BDD7]
	(No symbol) [0x00007FF7B2659DEF]
	(No symbol) [0x00007FF7B26791C4]
	(No symbol) [0x00007FF7B2659B53]
	(No symbol) [0x00007FF7B262813C]
	(No symbol) [0x00007FF7B2628D71]
	GetHandleVerifier [0x00007FF7B2AAE89D+3237613]
	GetHandleVerifier [0x00007FF7B2AF0BA7+3508727]
	GetHandleVerifier [0x00007FF7B2AE976F+3478975]
	GetHandleVerifier [0x00007FF7B285F1C6+815126]
	(No symbol) [0x00007FF7B272ED0F]
	(No symbol) [0x00007FF7B2729854]
	(No symbol) [0x00007FF7B27299E2]
	(No symbol) [0x00007FF7B271A574]
	BaseThreadInitThunk [0x00007FFFFB45257D+29]
	RtlUserThreadStart [0x00007FFFFCEEAA48+40]

[ 2024-05-01 10:29:41,035 ] 79 luthien5921 - ERROR - Failed to get form message, maybe form is available
Traceback (most recent call last):
  File "C:\Users\USER\Projects\AichiTool\AichiSelenium\src\controllers\filler.py", line 124, in get_form_message
    message = browser.find_element(By.XPATH, "/html/body/main/div/form/div[3]/strong/ul/li/span/strong").text
  File "C:\Users\USER\anaconda3\envs\aichi\lib\site-packages\seleniumbase\core\sb_driver.py", line 20, in find_element
    return self.driver.default_find_element(by=by, value=value)
  File "C:\Users\USER\anaconda3\envs\aichi\lib\site-packages\selenium\webdriver\remote\webdriver.py", line 741, in find_element
    return self.execute(Command.FIND_ELEMENT, {"using": by, "value": value})["value"]
  File "C:\Users\USER\anaconda3\envs\aichi\lib\site-packages\selenium\webdriver\remote\webdriver.py", line 347, in execute
    self.error_handler.check_response(response)
  File "C:\Users\USER\anaconda3\envs\aichi\lib\site-packages\selenium\webdriver\remote\errorhandler.py", line 229, in check_response
    raise exception_class(message, screen, stacktrace)
selenium.common.exceptions.NoSuchElementException: Message: no such element: Unable to locate element: {"method":"xpath","selector":"/html/body/main/div/form/div[3]/strong/ul/li/span/strong"}
  (Session info: chrome=124.0.6367.63); For documentation on this error, please visit: https://www.selenium.dev/documentation/webdriver/troubleshooting/errors#no-such-element-exception
Stacktrace:
	GetHandleVerifier [0x00007FF7B2A7F922+3045234]
	(No symbol) [0x00007FF7B2723652]
	(No symbol) [0x00007FF7B25E7564]
	(No symbol) [0x00007FF7B2635F9D]
	(No symbol) [0x00007FF7B263606C]
	(No symbol) [0x00007FF7B267BDD7]
	(No symbol) [0x00007FF7B2659DEF]
	(No symbol) [0x00007FF7B26791C4]
	(No symbol) [0x00007FF7B2659B53]
	(No symbol) [0x00007FF7B262813C]
	(No symbol) [0x00007FF7B2628D71]
	GetHandleVerifier [0x00007FF7B2AAE89D+3237613]
	GetHandleVerifier [0x00007FF7B2AF0BA7+3508727]
	GetHandleVerifier [0x00007FF7B2AE976F+3478975]
	GetHandleVerifier [0x00007FF7B285F1C6+815126]
	(No symbol) [0x00007FF7B272ED0F]
	(No symbol) [0x00007FF7B2729854]
	(No symbol) [0x00007FF7B27299E2]
	(No symbol) [0x00007FF7B271A574]
	BaseThreadInitThunk [0x00007FFFFB45257D+29]
	RtlUserThreadStart [0x00007FFFFCEEAA48+40]

[ 2024-05-01 10:29:41,035 ] 79 luthien5921 - ERROR - Failed to get form message, maybe form is available
Traceback (most recent call last):
  File "C:\Users\USER\Projects\AichiTool\AichiSelenium\src\controllers\filler.py", line 124, in get_form_message
    message = browser.find_element(By.XPATH, "/html/body/main/div/form/div[3]/strong/ul/li/span/strong").text
  File "C:\Users\USER\anaconda3\envs\aichi\lib\site-packages\seleniumbase\core\sb_driver.py", line 20, in find_element
    return self.driver.default_find_element(by=by, value=value)
  File "C:\Users\USER\anaconda3\envs\aichi\lib\site-packages\selenium\webdriver\remote\webdriver.py", line 741, in find_element
    return self.execute(Command.FIND_ELEMENT, {"using": by, "value": value})["value"]
  File "C:\Users\USER\anaconda3\envs\aichi\lib\site-packages\selenium\webdriver\remote\webdriver.py", line 347, in execute
    self.error_handler.check_response(response)
  File "C:\Users\USER\anaconda3\envs\aichi\lib\site-packages\selenium\webdriver\remote\errorhandler.py", line 229, in check_response
    raise exception_class(message, screen, stacktrace)
selenium.common.exceptions.NoSuchElementException: Message: no such element: Unable to locate element: {"method":"xpath","selector":"/html/body/main/div/form/div[3]/strong/ul/li/span/strong"}
  (Session info: chrome=124.0.6367.63); For documentation on this error, please visit: https://www.selenium.dev/documentation/webdriver/troubleshooting/errors#no-such-element-exception
Stacktrace:
	GetHandleVerifier [0x00007FF7B2A7F922+3045234]
	(No symbol) [0x00007FF7B2723652]
	(No symbol) [0x00007FF7B25E7564]
	(No symbol) [0x00007FF7B2635F9D]
	(No symbol) [0x00007FF7B263606C]
	(No symbol) [0x00007FF7B267BDD7]
	(No symbol) [0x00007FF7B2659DEF]
	(No symbol) [0x00007FF7B26791C4]
	(No symbol) [0x00007FF7B2659B53]
	(No symbol) [0x00007FF7B262813C]
	(No symbol) [0x00007FF7B2628D71]
	GetHandleVerifier [0x00007FF7B2AAE89D+3237613]
	GetHandleVerifier [0x00007FF7B2AF0BA7+3508727]
	GetHandleVerifier [0x00007FF7B2AE976F+3478975]
	GetHandleVerifier [0x00007FF7B285F1C6+815126]
	(No symbol) [0x00007FF7B272ED0F]
	(No symbol) [0x00007FF7B2729854]
	(No symbol) [0x00007FF7B27299E2]
	(No symbol) [0x00007FF7B271A574]
	BaseThreadInitThunk [0x00007FFFFB45257D+29]
	RtlUserThreadStart [0x00007FFFFCEEAA48+40]

[ 2024-05-01 10:29:41,038 ] 91 luthien5921 - INFO - Form is available, template sequence: 3896
[ 2024-05-01 10:29:41,038 ] 91 luthien5921 - INFO - Form is available, template sequence: 3896
[ 2024-05-01 10:29:41,038 ] 91 luthien5921 - INFO - Form is available, template sequence: 3896
[ 2024-05-01 10:29:41,038 ] 91 luthien5921 - INFO - Filling form, template sequence: 3896
[ 2024-05-01 10:29:41,038 ] 91 luthien5921 - INFO - Filling form, template sequence: 3896
[ 2024-05-01 10:29:41,038 ] 91 luthien5921 - INFO - Filling form, template sequence: 3896
[ 2024-05-01 10:29:42,741 ] 91 luthien5921 - INFO - Clicked continue button
[ 2024-05-01 10:29:42,741 ] 91 luthien5921 - INFO - Clicked continue button
[ 2024-05-01 10:29:42,741 ] 91 luthien5921 - INFO - Clicked continue button
[ 2024-05-01 10:29:42,756 ] 91 luthien5921 - INFO - Save page source to C:\Users\USER\Projects\AichiTool\AichiSelenium\logs\2024_05_01\10_29_19\luthien5921@gmail.com.html
[ 2024-05-01 10:29:42,756 ] 91 luthien5921 - INFO - Save page source to C:\Users\USER\Projects\AichiTool\AichiSelenium\logs\2024_05_01\10_29_19\luthien5921@gmail.com.html
[ 2024-05-01 10:29:42,756 ] 91 luthien5921 - INFO - Save page source to C:\Users\USER\Projects\AichiTool\AichiSelenium\logs\2024_05_01\10_29_19\luthien5921@gmail.com.html
[ 2024-05-01 10:29:42,820 ] 91 luthien5921 - INFO - Check checkbox: /html/body/form/main/div/div[4]/dl[15]/dd/fieldset/p[1]/label/span by xpath
[ 2024-05-01 10:29:42,820 ] 91 luthien5921 - INFO - Check checkbox: /html/body/form/main/div/div[4]/dl[15]/dd/fieldset/p[1]/label/span by xpath
[ 2024-05-01 10:29:42,820 ] 91 luthien5921 - INFO - Check checkbox: /html/body/form/main/div/div[4]/dl[15]/dd/fieldset/p[1]/label/span by xpath
[ 2024-05-01 10:29:42,838 ] 79 luthien5921 - ERROR - Failed to check checkbox: Message: no such element: Unable to locate element: {"method":"xpath","selector":"/html/body/form/main/div/div[4]/dl[7]/dd/fieldset/p/label/span"}
  (Session info: chrome=124.0.6367.63); For documentation on this error, please visit: https://www.selenium.dev/documentation/webdriver/troubleshooting/errors#no-such-element-exception
Stacktrace:
	GetHandleVerifier [0x00007FF7B2A7F922+3045234]
	(No symbol) [0x00007FF7B2723652]
	(No symbol) [0x00007FF7B25E7564]
	(No symbol) [0x00007FF7B2635F9D]
	(No symbol) [0x00007FF7B263606C]
	(No symbol) [0x00007FF7B267BDD7]
	(No symbol) [0x00007FF7B2659DEF]
	(No symbol) [0x00007FF7B26791C4]
	(No symbol) [0x00007FF7B2659B53]
	(No symbol) [0x00007FF7B262813C]
	(No symbol) [0x00007FF7B2628D71]
	GetHandleVerifier [0x00007FF7B2AAE89D+3237613]
	GetHandleVerifier [0x00007FF7B2AF0BA7+3508727]
	GetHandleVerifier [0x00007FF7B2AE976F+3478975]
	GetHandleVerifier [0x00007FF7B285F1C6+815126]
	(No symbol) [0x00007FF7B272ED0F]
	(No symbol) [0x00007FF7B2729854]
	(No symbol) [0x00007FF7B27299E2]
	(No symbol) [0x00007FF7B271A574]
	BaseThreadInitThunk [0x00007FFFFB45257D+29]
	RtlUserThreadStart [0x00007FFFFCEEAA48+40]
Traceback (most recent call last):
  File "C:\Users\USER\Projects\AichiTool\AichiSelenium\src\controllers\filler.py", line 175, in click_checkbox
    checkbox_element = browser.find_element(by, html)
  File "C:\Users\USER\anaconda3\envs\aichi\lib\site-packages\seleniumbase\core\sb_driver.py", line 20, in find_element
    return self.driver.default_find_element(by=by, value=value)
  File "C:\Users\USER\anaconda3\envs\aichi\lib\site-packages\selenium\webdriver\remote\webdriver.py", line 741, in find_element
    return self.execute(Command.FIND_ELEMENT, {"using": by, "value": value})["value"]
  File "C:\Users\USER\anaconda3\envs\aichi\lib\site-packages\selenium\webdriver\remote\webdriver.py", line 347, in execute
    self.error_handler.check_response(response)
  File "C:\Users\USER\anaconda3\envs\aichi\lib\site-packages\selenium\webdriver\remote\errorhandler.py", line 229, in check_response
    raise exception_class(message, screen, stacktrace)
selenium.common.exceptions.NoSuchElementException: Message: no such element: Unable to locate element: {"method":"xpath","selector":"/html/body/form/main/div/div[4]/dl[7]/dd/fieldset/p/label/span"}
  (Session info: chrome=124.0.6367.63); For documentation on this error, please visit: https://www.selenium.dev/documentation/webdriver/troubleshooting/errors#no-such-element-exception
Stacktrace:
	GetHandleVerifier [0x00007FF7B2A7F922+3045234]
	(No symbol) [0x00007FF7B2723652]
	(No symbol) [0x00007FF7B25E7564]
	(No symbol) [0x00007FF7B2635F9D]
	(No symbol) [0x00007FF7B263606C]
	(No symbol) [0x00007FF7B267BDD7]
	(No symbol) [0x00007FF7B2659DEF]
	(No symbol) [0x00007FF7B26791C4]
	(No symbol) [0x00007FF7B2659B53]
	(No symbol) [0x00007FF7B262813C]
	(No symbol) [0x00007FF7B2628D71]
	GetHandleVerifier [0x00007FF7B2AAE89D+3237613]
	GetHandleVerifier [0x00007FF7B2AF0BA7+3508727]
	GetHandleVerifier [0x00007FF7B2AE976F+3478975]
	GetHandleVerifier [0x00007FF7B285F1C6+815126]
	(No symbol) [0x00007FF7B272ED0F]
	(No symbol) [0x00007FF7B2729854]
	(No symbol) [0x00007FF7B27299E2]
	(No symbol) [0x00007FF7B271A574]
	BaseThreadInitThunk [0x00007FFFFB45257D+29]
	RtlUserThreadStart [0x00007FFFFCEEAA48+40]

[ 2024-05-01 10:29:42,838 ] 79 luthien5921 - ERROR - Failed to check checkbox: Message: no such element: Unable to locate element: {"method":"xpath","selector":"/html/body/form/main/div/div[4]/dl[7]/dd/fieldset/p/label/span"}
  (Session info: chrome=124.0.6367.63); For documentation on this error, please visit: https://www.selenium.dev/documentation/webdriver/troubleshooting/errors#no-such-element-exception
Stacktrace:
	GetHandleVerifier [0x00007FF7B2A7F922+3045234]
	(No symbol) [0x00007FF7B2723652]
	(No symbol) [0x00007FF7B25E7564]
	(No symbol) [0x00007FF7B2635F9D]
	(No symbol) [0x00007FF7B263606C]
	(No symbol) [0x00007FF7B267BDD7]
	(No symbol) [0x00007FF7B2659DEF]
	(No symbol) [0x00007FF7B26791C4]
	(No symbol) [0x00007FF7B2659B53]
	(No symbol) [0x00007FF7B262813C]
	(No symbol) [0x00007FF7B2628D71]
	GetHandleVerifier [0x00007FF7B2AAE89D+3237613]
	GetHandleVerifier [0x00007FF7B2AF0BA7+3508727]
	GetHandleVerifier [0x00007FF7B2AE976F+3478975]
	GetHandleVerifier [0x00007FF7B285F1C6+815126]
	(No symbol) [0x00007FF7B272ED0F]
	(No symbol) [0x00007FF7B2729854]
	(No symbol) [0x00007FF7B27299E2]
	(No symbol) [0x00007FF7B271A574]
	BaseThreadInitThunk [0x00007FFFFB45257D+29]
	RtlUserThreadStart [0x00007FFFFCEEAA48+40]
Traceback (most recent call last):
  File "C:\Users\USER\Projects\AichiTool\AichiSelenium\src\controllers\filler.py", line 175, in click_checkbox
    checkbox_element = browser.find_element(by, html)
  File "C:\Users\USER\anaconda3\envs\aichi\lib\site-packages\seleniumbase\core\sb_driver.py", line 20, in find_element
    return self.driver.default_find_element(by=by, value=value)
  File "C:\Users\USER\anaconda3\envs\aichi\lib\site-packages\selenium\webdriver\remote\webdriver.py", line 741, in find_element
    return self.execute(Command.FIND_ELEMENT, {"using": by, "value": value})["value"]
  File "C:\Users\USER\anaconda3\envs\aichi\lib\site-packages\selenium\webdriver\remote\webdriver.py", line 347, in execute
    self.error_handler.check_response(response)
  File "C:\Users\USER\anaconda3\envs\aichi\lib\site-packages\selenium\webdriver\remote\errorhandler.py", line 229, in check_response
    raise exception_class(message, screen, stacktrace)
selenium.common.exceptions.NoSuchElementException: Message: no such element: Unable to locate element: {"method":"xpath","selector":"/html/body/form/main/div/div[4]/dl[7]/dd/fieldset/p/label/span"}
  (Session info: chrome=124.0.6367.63); For documentation on this error, please visit: https://www.selenium.dev/documentation/webdriver/troubleshooting/errors#no-such-element-exception
Stacktrace:
	GetHandleVerifier [0x00007FF7B2A7F922+3045234]
	(No symbol) [0x00007FF7B2723652]
	(No symbol) [0x00007FF7B25E7564]
	(No symbol) [0x00007FF7B2635F9D]
	(No symbol) [0x00007FF7B263606C]
	(No symbol) [0x00007FF7B267BDD7]
	(No symbol) [0x00007FF7B2659DEF]
	(No symbol) [0x00007FF7B26791C4]
	(No symbol) [0x00007FF7B2659B53]
	(No symbol) [0x00007FF7B262813C]
	(No symbol) [0x00007FF7B2628D71]
	GetHandleVerifier [0x00007FF7B2AAE89D+3237613]
	GetHandleVerifier [0x00007FF7B2AF0BA7+3508727]
	GetHandleVerifier [0x00007FF7B2AE976F+3478975]
	GetHandleVerifier [0x00007FF7B285F1C6+815126]
	(No symbol) [0x00007FF7B272ED0F]
	(No symbol) [0x00007FF7B2729854]
	(No symbol) [0x00007FF7B27299E2]
	(No symbol) [0x00007FF7B271A574]
	BaseThreadInitThunk [0x00007FFFFB45257D+29]
	RtlUserThreadStart [0x00007FFFFCEEAA48+40]

[ 2024-05-01 10:29:42,838 ] 79 luthien5921 - ERROR - Failed to check checkbox: Message: no such element: Unable to locate element: {"method":"xpath","selector":"/html/body/form/main/div/div[4]/dl[7]/dd/fieldset/p/label/span"}
  (Session info: chrome=124.0.6367.63); For documentation on this error, please visit: https://www.selenium.dev/documentation/webdriver/troubleshooting/errors#no-such-element-exception
Stacktrace:
	GetHandleVerifier [0x00007FF7B2A7F922+3045234]
	(No symbol) [0x00007FF7B2723652]
	(No symbol) [0x00007FF7B25E7564]
	(No symbol) [0x00007FF7B2635F9D]
	(No symbol) [0x00007FF7B263606C]
	(No symbol) [0x00007FF7B267BDD7]
	(No symbol) [0x00007FF7B2659DEF]
	(No symbol) [0x00007FF7B26791C4]
	(No symbol) [0x00007FF7B2659B53]
	(No symbol) [0x00007FF7B262813C]
	(No symbol) [0x00007FF7B2628D71]
	GetHandleVerifier [0x00007FF7B2AAE89D+3237613]
	GetHandleVerifier [0x00007FF7B2AF0BA7+3508727]
	GetHandleVerifier [0x00007FF7B2AE976F+3478975]
	GetHandleVerifier [0x00007FF7B285F1C6+815126]
	(No symbol) [0x00007FF7B272ED0F]
	(No symbol) [0x00007FF7B2729854]
	(No symbol) [0x00007FF7B27299E2]
	(No symbol) [0x00007FF7B271A574]
	BaseThreadInitThunk [0x00007FFFFB45257D+29]
	RtlUserThreadStart [0x00007FFFFCEEAA48+40]
Traceback (most recent call last):
  File "C:\Users\USER\Projects\AichiTool\AichiSelenium\src\controllers\filler.py", line 175, in click_checkbox
    checkbox_element = browser.find_element(by, html)
  File "C:\Users\USER\anaconda3\envs\aichi\lib\site-packages\seleniumbase\core\sb_driver.py", line 20, in find_element
    return self.driver.default_find_element(by=by, value=value)
  File "C:\Users\USER\anaconda3\envs\aichi\lib\site-packages\selenium\webdriver\remote\webdriver.py", line 741, in find_element
    return self.execute(Command.FIND_ELEMENT, {"using": by, "value": value})["value"]
  File "C:\Users\USER\anaconda3\envs\aichi\lib\site-packages\selenium\webdriver\remote\webdriver.py", line 347, in execute
    self.error_handler.check_response(response)
  File "C:\Users\USER\anaconda3\envs\aichi\lib\site-packages\selenium\webdriver\remote\errorhandler.py", line 229, in check_response
    raise exception_class(message, screen, stacktrace)
selenium.common.exceptions.NoSuchElementException: Message: no such element: Unable to locate element: {"method":"xpath","selector":"/html/body/form/main/div/div[4]/dl[7]/dd/fieldset/p/label/span"}
  (Session info: chrome=124.0.6367.63); For documentation on this error, please visit: https://www.selenium.dev/documentation/webdriver/troubleshooting/errors#no-such-element-exception
Stacktrace:
	GetHandleVerifier [0x00007FF7B2A7F922+3045234]
	(No symbol) [0x00007FF7B2723652]
	(No symbol) [0x00007FF7B25E7564]
	(No symbol) [0x00007FF7B2635F9D]
	(No symbol) [0x00007FF7B263606C]
	(No symbol) [0x00007FF7B267BDD7]
	(No symbol) [0x00007FF7B2659DEF]
	(No symbol) [0x00007FF7B26791C4]
	(No symbol) [0x00007FF7B2659B53]
	(No symbol) [0x00007FF7B262813C]
	(No symbol) [0x00007FF7B2628D71]
	GetHandleVerifier [0x00007FF7B2AAE89D+3237613]
	GetHandleVerifier [0x00007FF7B2AF0BA7+3508727]
	GetHandleVerifier [0x00007FF7B2AE976F+3478975]
	GetHandleVerifier [0x00007FF7B285F1C6+815126]
	(No symbol) [0x00007FF7B272ED0F]
	(No symbol) [0x00007FF7B2729854]
	(No symbol) [0x00007FF7B27299E2]
	(No symbol) [0x00007FF7B271A574]
	BaseThreadInitThunk [0x00007FFFFB45257D+29]
	RtlUserThreadStart [0x00007FFFFCEEAA48+40]

[ 2024-05-01 10:29:54,682 ] 79 luthien5921 - ERROR - Failed to click confirm button: Message: 
Stacktrace:
	GetHandleVerifier [0x00007FF7B2A7F922+3045234]
	(No symbol) [0x00007FF7B2723652]
	(No symbol) [0x00007FF7B25E7564]
	(No symbol) [0x00007FF7B2635F9D]
	(No symbol) [0x00007FF7B263606C]
	(No symbol) [0x00007FF7B267BDD7]
	(No symbol) [0x00007FF7B2659DEF]
	(No symbol) [0x00007FF7B26791C4]
	(No symbol) [0x00007FF7B2659B53]
	(No symbol) [0x00007FF7B262813C]
	(No symbol) [0x00007FF7B2628D71]
	GetHandleVerifier [0x00007FF7B2AAE89D+3237613]
	GetHandleVerifier [0x00007FF7B2AF0BA7+3508727]
	GetHandleVerifier [0x00007FF7B2AE976F+3478975]
	GetHandleVerifier [0x00007FF7B285F1C6+815126]
	(No symbol) [0x00007FF7B272ED0F]
	(No symbol) [0x00007FF7B2729854]
	(No symbol) [0x00007FF7B27299E2]
	(No symbol) [0x00007FF7B271A574]
	BaseThreadInitThunk [0x00007FFFFB45257D+29]
	RtlUserThreadStart [0x00007FFFFCEEAA48+40]
Traceback (most recent call last):
  File "C:\Users\USER\Projects\AichiTool\AichiSelenium\src\controllers\filler.py", line 95, in fill
    wait_until_presence(browser, By.XPATH, "/html/body/form/main/div/div[3]/div[2]/div/div[2]/button")
  File "C:\Users\USER\Projects\AichiTool\AichiSelenium\src\utils\html_utils.py", line 8, in wait_until_presence
    WebDriverWait(browser, timeout).until(EC.presence_of_element_located((by, html)))
  File "C:\Users\USER\anaconda3\envs\aichi\lib\site-packages\selenium\webdriver\support\wait.py", line 105, in until
    raise TimeoutException(message, screen, stacktrace)
selenium.common.exceptions.TimeoutException: Message: 
Stacktrace:
	GetHandleVerifier [0x00007FF7B2A7F922+3045234]
	(No symbol) [0x00007FF7B2723652]
	(No symbol) [0x00007FF7B25E7564]
	(No symbol) [0x00007FF7B2635F9D]
	(No symbol) [0x00007FF7B263606C]
	(No symbol) [0x00007FF7B267BDD7]
	(No symbol) [0x00007FF7B2659DEF]
	(No symbol) [0x00007FF7B26791C4]
	(No symbol) [0x00007FF7B2659B53]
	(No symbol) [0x00007FF7B262813C]
	(No symbol) [0x00007FF7B2628D71]
	GetHandleVerifier [0x00007FF7B2AAE89D+3237613]
	GetHandleVerifier [0x00007FF7B2AF0BA7+3508727]
	GetHandleVerifier [0x00007FF7B2AE976F+3478975]
	GetHandleVerifier [0x00007FF7B285F1C6+815126]
	(No symbol) [0x00007FF7B272ED0F]
	(No symbol) [0x00007FF7B2729854]
	(No symbol) [0x00007FF7B27299E2]
	(No symbol) [0x00007FF7B271A574]
	BaseThreadInitThunk [0x00007FFFFB45257D+29]
	RtlUserThreadStart [0x00007FFFFCEEAA48+40]

[ 2024-05-01 10:29:54,682 ] 79 luthien5921 - ERROR - Failed to click confirm button: Message: 
Stacktrace:
	GetHandleVerifier [0x00007FF7B2A7F922+3045234]
	(No symbol) [0x00007FF7B2723652]
	(No symbol) [0x00007FF7B25E7564]
	(No symbol) [0x00007FF7B2635F9D]
	(No symbol) [0x00007FF7B263606C]
	(No symbol) [0x00007FF7B267BDD7]
	(No symbol) [0x00007FF7B2659DEF]
	(No symbol) [0x00007FF7B26791C4]
	(No symbol) [0x00007FF7B2659B53]
	(No symbol) [0x00007FF7B262813C]
	(No symbol) [0x00007FF7B2628D71]
	GetHandleVerifier [0x00007FF7B2AAE89D+3237613]
	GetHandleVerifier [0x00007FF7B2AF0BA7+3508727]
	GetHandleVerifier [0x00007FF7B2AE976F+3478975]
	GetHandleVerifier [0x00007FF7B285F1C6+815126]
	(No symbol) [0x00007FF7B272ED0F]
	(No symbol) [0x00007FF7B2729854]
	(No symbol) [0x00007FF7B27299E2]
	(No symbol) [0x00007FF7B271A574]
	BaseThreadInitThunk [0x00007FFFFB45257D+29]
	RtlUserThreadStart [0x00007FFFFCEEAA48+40]
Traceback (most recent call last):
  File "C:\Users\USER\Projects\AichiTool\AichiSelenium\src\controllers\filler.py", line 95, in fill
    wait_until_presence(browser, By.XPATH, "/html/body/form/main/div/div[3]/div[2]/div/div[2]/button")
  File "C:\Users\USER\Projects\AichiTool\AichiSelenium\src\utils\html_utils.py", line 8, in wait_until_presence
    WebDriverWait(browser, timeout).until(EC.presence_of_element_located((by, html)))
  File "C:\Users\USER\anaconda3\envs\aichi\lib\site-packages\selenium\webdriver\support\wait.py", line 105, in until
    raise TimeoutException(message, screen, stacktrace)
selenium.common.exceptions.TimeoutException: Message: 
Stacktrace:
	GetHandleVerifier [0x00007FF7B2A7F922+3045234]
	(No symbol) [0x00007FF7B2723652]
	(No symbol) [0x00007FF7B25E7564]
	(No symbol) [0x00007FF7B2635F9D]
	(No symbol) [0x00007FF7B263606C]
	(No symbol) [0x00007FF7B267BDD7]
	(No symbol) [0x00007FF7B2659DEF]
	(No symbol) [0x00007FF7B26791C4]
	(No symbol) [0x00007FF7B2659B53]
	(No symbol) [0x00007FF7B262813C]
	(No symbol) [0x00007FF7B2628D71]
	GetHandleVerifier [0x00007FF7B2AAE89D+3237613]
	GetHandleVerifier [0x00007FF7B2AF0BA7+3508727]
	GetHandleVerifier [0x00007FF7B2AE976F+3478975]
	GetHandleVerifier [0x00007FF7B285F1C6+815126]
	(No symbol) [0x00007FF7B272ED0F]
	(No symbol) [0x00007FF7B2729854]
	(No symbol) [0x00007FF7B27299E2]
	(No symbol) [0x00007FF7B271A574]
	BaseThreadInitThunk [0x00007FFFFB45257D+29]
	RtlUserThreadStart [0x00007FFFFCEEAA48+40]

[ 2024-05-01 10:29:54,682 ] 79 luthien5921 - ERROR - Failed to click confirm button: Message: 
Stacktrace:
	GetHandleVerifier [0x00007FF7B2A7F922+3045234]
	(No symbol) [0x00007FF7B2723652]
	(No symbol) [0x00007FF7B25E7564]
	(No symbol) [0x00007FF7B2635F9D]
	(No symbol) [0x00007FF7B263606C]
	(No symbol) [0x00007FF7B267BDD7]
	(No symbol) [0x00007FF7B2659DEF]
	(No symbol) [0x00007FF7B26791C4]
	(No symbol) [0x00007FF7B2659B53]
	(No symbol) [0x00007FF7B262813C]
	(No symbol) [0x00007FF7B2628D71]
	GetHandleVerifier [0x00007FF7B2AAE89D+3237613]
	GetHandleVerifier [0x00007FF7B2AF0BA7+3508727]
	GetHandleVerifier [0x00007FF7B2AE976F+3478975]
	GetHandleVerifier [0x00007FF7B285F1C6+815126]
	(No symbol) [0x00007FF7B272ED0F]
	(No symbol) [0x00007FF7B2729854]
	(No symbol) [0x00007FF7B27299E2]
	(No symbol) [0x00007FF7B271A574]
	BaseThreadInitThunk [0x00007FFFFB45257D+29]
	RtlUserThreadStart [0x00007FFFFCEEAA48+40]
Traceback (most recent call last):
  File "C:\Users\USER\Projects\AichiTool\AichiSelenium\src\controllers\filler.py", line 95, in fill
    wait_until_presence(browser, By.XPATH, "/html/body/form/main/div/div[3]/div[2]/div/div[2]/button")
  File "C:\Users\USER\Projects\AichiTool\AichiSelenium\src\utils\html_utils.py", line 8, in wait_until_presence
    WebDriverWait(browser, timeout).until(EC.presence_of_element_located((by, html)))
  File "C:\Users\USER\anaconda3\envs\aichi\lib\site-packages\selenium\webdriver\support\wait.py", line 105, in until
    raise TimeoutException(message, screen, stacktrace)
selenium.common.exceptions.TimeoutException: Message: 
Stacktrace:
	GetHandleVerifier [0x00007FF7B2A7F922+3045234]
	(No symbol) [0x00007FF7B2723652]
	(No symbol) [0x00007FF7B25E7564]
	(No symbol) [0x00007FF7B2635F9D]
	(No symbol) [0x00007FF7B263606C]
	(No symbol) [0x00007FF7B267BDD7]
	(No symbol) [0x00007FF7B2659DEF]
	(No symbol) [0x00007FF7B26791C4]
	(No symbol) [0x00007FF7B2659B53]
	(No symbol) [0x00007FF7B262813C]
	(No symbol) [0x00007FF7B2628D71]
	GetHandleVerifier [0x00007FF7B2AAE89D+3237613]
	GetHandleVerifier [0x00007FF7B2AF0BA7+3508727]
	GetHandleVerifier [0x00007FF7B2AE976F+3478975]
	GetHandleVerifier [0x00007FF7B285F1C6+815126]
	(No symbol) [0x00007FF7B272ED0F]
	(No symbol) [0x00007FF7B2729854]
	(No symbol) [0x00007FF7B27299E2]
	(No symbol) [0x00007FF7B271A574]
	BaseThreadInitThunk [0x00007FFFFB45257D+29]
	RtlUserThreadStart [0x00007FFFFCEEAA48+40]

[ 2024-05-01 10:29:54,685 ] 91 luthien5921 - INFO - Accessing form, template sequence: 3895
[ 2024-05-01 10:29:54,685 ] 91 luthien5921 - INFO - Accessing form, template sequence: 3895
[ 2024-05-01 10:29:54,685 ] 91 luthien5921 - INFO - Accessing form, template sequence: 3895
[ 2024-05-01 10:29:54,685 ] 91 luthien5921 - INFO - Form URL: https://www.shinsei.e-aichi.jp/pref-aichi-police-u/offer/offerList_detailTop?tempSeq=3895
[ 2024-05-01 10:29:54,685 ] 91 luthien5921 - INFO - Form URL: https://www.shinsei.e-aichi.jp/pref-aichi-police-u/offer/offerList_detailTop?tempSeq=3895
[ 2024-05-01 10:29:54,685 ] 91 luthien5921 - INFO - Form URL: https://www.shinsei.e-aichi.jp/pref-aichi-police-u/offer/offerList_detailTop?tempSeq=3895
