[ 2024-04-30 23:08:09,711 ] 91 luthien5921 - INFO - Opened login page
[ 2024-04-30 23:08:09,711 ] 91 luthien5921 - INFO - Opened login page
[ 2024-04-30 23:08:09,711 ] 91 luthien5921 - INFO - Opened login page
[ 2024-04-30 23:08:13,279 ] 91 luthien5921 - INFO - Logging in
[ 2024-04-30 23:08:13,279 ] 91 luthien5921 - INFO - Logging in
[ 2024-04-30 23:08:13,279 ] 91 luthien5921 - INFO - Logging in
[ 2024-04-30 23:08:13,281 ] 91 luthien5921 - INFO - Current url: https://www.shinsei.e-aichi.jp/pref-aichi-police-u/offer/offerList_initDisplay
[ 2024-04-30 23:08:13,281 ] 91 luthien5921 - INFO - Current url: https://www.shinsei.e-aichi.jp/pref-aichi-police-u/offer/offerList_initDisplay
[ 2024-04-30 23:08:13,281 ] 91 luthien5921 - INFO - Current url: https://www.shinsei.e-aichi.jp/pref-aichi-police-u/offer/offerList_initDisplay
[ 2024-04-30 23:08:13,594 ] 91 luthien5921 - INFO - Logged in finished
[ 2024-04-30 23:08:13,594 ] 91 luthien5921 - INFO - Logged in finished
[ 2024-04-30 23:08:13,594 ] 91 luthien5921 - INFO - Logged in finished
[ 2024-04-30 23:08:13,702 ] 91 luthien5921 - INFO - On main page
[ 2024-04-30 23:08:13,702 ] 91 luthien5921 - INFO - On main page
[ 2024-04-30 23:08:13,702 ] 91 luthien5921 - INFO - On main page
[ 2024-04-30 23:08:15,374 ] 91 luthien5921 - INFO - Search submitted
[ 2024-04-30 23:08:15,374 ] 91 luthien5921 - INFO - Search submitted
[ 2024-04-30 23:08:15,374 ] 91 luthien5921 - INFO - Search submitted
[ 2024-04-30 23:08:15,385 ] 91 luthien5921 - INFO - Collected 2 forms
[ 2024-04-30 23:08:15,385 ] 91 luthien5921 - INFO - Collected 2 forms
[ 2024-04-30 23:08:15,385 ] 91 luthien5921 - INFO - Collected 2 forms
[ 2024-04-30 23:08:15,414 ] 91 luthien5921 - INFO - Number of filtered forms left is: 2 form(s)
[ 2024-04-30 23:08:15,414 ] 91 luthien5921 - INFO - Number of filtered forms left is: 2 form(s)
[ 2024-04-30 23:08:15,414 ] 91 luthien5921 - INFO - Number of filtered forms left is: 2 form(s)
[ 2024-04-30 23:08:15,415 ] 91 luthien5921 - INFO - 行政文書任意開示申出書 -  - 2015年08月19日 09時00分 - 2100年1月1日 00時00分 - 3895 - https://www.shinsei.e-aichi.jp/pref-aichi-police-u/offer/offerList_detailTop?tempSeq=3895 - False
[ 2024-04-30 23:08:15,415 ] 91 luthien5921 - INFO - 行政文書任意開示申出書 -  - 2015年08月19日 09時00分 - 2100年1月1日 00時00分 - 3895 - https://www.shinsei.e-aichi.jp/pref-aichi-police-u/offer/offerList_detailTop?tempSeq=3895 - False
[ 2024-04-30 23:08:15,415 ] 91 luthien5921 - INFO - 行政文書任意開示申出書 -  - 2015年08月19日 09時00分 - 2100年1月1日 00時00分 - 3895 - https://www.shinsei.e-aichi.jp/pref-aichi-police-u/offer/offerList_detailTop?tempSeq=3895 - False
[ 2024-04-30 23:08:15,415 ] 91 luthien5921 - INFO - 行政文書開示請求書 -  - 2015年08月19日 09時00分 - 2100年1月1日 00時00分 - 3896 - https://www.shinsei.e-aichi.jp/pref-aichi-police-u/offer/offerList_detailTop?tempSeq=3896 - False
[ 2024-04-30 23:08:15,415 ] 91 luthien5921 - INFO - 行政文書開示請求書 -  - 2015年08月19日 09時00分 - 2100年1月1日 00時00分 - 3896 - https://www.shinsei.e-aichi.jp/pref-aichi-police-u/offer/offerList_detailTop?tempSeq=3896 - False
[ 2024-04-30 23:08:15,415 ] 91 luthien5921 - INFO - 行政文書開示請求書 -  - 2015年08月19日 09時00分 - 2100年1月1日 00時00分 - 3896 - https://www.shinsei.e-aichi.jp/pref-aichi-police-u/offer/offerList_detailTop?tempSeq=3896 - False
[ 2024-04-30 23:08:15,416 ] 91 luthien5921 - INFO - Accessing form, template sequence: 3896
[ 2024-04-30 23:08:15,416 ] 91 luthien5921 - INFO - Accessing form, template sequence: 3896
[ 2024-04-30 23:08:15,416 ] 91 luthien5921 - INFO - Accessing form, template sequence: 3896
[ 2024-04-30 23:08:15,416 ] 91 luthien5921 - INFO - Form URL: https://www.shinsei.e-aichi.jp/pref-aichi-police-u/offer/offerList_detailTop?tempSeq=3896
[ 2024-04-30 23:08:15,416 ] 91 luthien5921 - INFO - Form URL: https://www.shinsei.e-aichi.jp/pref-aichi-police-u/offer/offerList_detailTop?tempSeq=3896
[ 2024-04-30 23:08:15,416 ] 91 luthien5921 - INFO - Form URL: https://www.shinsei.e-aichi.jp/pref-aichi-police-u/offer/offerList_detailTop?tempSeq=3896
[ 2024-04-30 23:08:21,045 ] 91 luthien5921 - INFO - Accessed form successfully
[ 2024-04-30 23:08:21,045 ] 91 luthien5921 - INFO - Accessed form successfully
[ 2024-04-30 23:08:21,045 ] 91 luthien5921 - INFO - Accessed form successfully
[ 2024-04-30 23:08:21,058 ] 79 luthien5921 - ERROR - Failed to get form message, maybe form is available
Traceback (most recent call last):
  File "D:\luthien\code\Achi.Tool\AichiSelenium\src\controllers\filler.py", line 120, in get_form_message
    message = browser.find_element(By.XPATH, "/html/body/main/div/form/div[3]/strong/ul/li/span/strong").text
  File "C:\Users\Admin\anaconda3\envs\aichi\lib\site-packages\seleniumbase\core\sb_driver.py", line 20, in find_element
    return self.driver.default_find_element(by=by, value=value)
  File "C:\Users\Admin\anaconda3\envs\aichi\lib\site-packages\selenium\webdriver\remote\webdriver.py", line 741, in find_element
    return self.execute(Command.FIND_ELEMENT, {"using": by, "value": value})["value"]
  File "C:\Users\Admin\anaconda3\envs\aichi\lib\site-packages\selenium\webdriver\remote\webdriver.py", line 347, in execute
    self.error_handler.check_response(response)
  File "C:\Users\Admin\anaconda3\envs\aichi\lib\site-packages\selenium\webdriver\remote\errorhandler.py", line 229, in check_response
    raise exception_class(message, screen, stacktrace)
selenium.common.exceptions.NoSuchElementException: Message: no such element: Unable to locate element: {"method":"xpath","selector":"/html/body/main/div/form/div[3]/strong/ul/li/span/strong"}
  (Session info: chrome=124.0.6367.91); For documentation on this error, please visit: https://www.selenium.dev/documentation/webdriver/troubleshooting/errors#no-such-element-exception
Stacktrace:
	GetHandleVerifier [0x00007FF76017F922+3045234]
	(No symbol) [0x00007FF75FE23652]
	(No symbol) [0x00007FF75FCE7564]
	(No symbol) [0x00007FF75FD35F9D]
	(No symbol) [0x00007FF75FD3606C]
	(No symbol) [0x00007FF75FD7BDD7]
	(No symbol) [0x00007FF75FD59DEF]
	(No symbol) [0x00007FF75FD791C4]
	(No symbol) [0x00007FF75FD59B53]
	(No symbol) [0x00007FF75FD2813C]
	(No symbol) [0x00007FF75FD28D71]
	GetHandleVerifier [0x00007FF7601AE89D+3237613]
	GetHandleVerifier [0x00007FF7601F0BA7+3508727]
	GetHandleVerifier [0x00007FF7601E976F+3478975]
	GetHandleVerifier [0x00007FF75FF5F1C6+815126]
	(No symbol) [0x00007FF75FE2ED0F]
	(No symbol) [0x00007FF75FE29854]
	(No symbol) [0x00007FF75FE299E2]
	(No symbol) [0x00007FF75FE1A574]
	BaseThreadInitThunk [0x00007FF83BAC257D+29]
	RtlUserThreadStart [0x00007FF83C52AA48+40]

[ 2024-04-30 23:08:21,058 ] 79 luthien5921 - ERROR - Failed to get form message, maybe form is available
Traceback (most recent call last):
  File "D:\luthien\code\Achi.Tool\AichiSelenium\src\controllers\filler.py", line 120, in get_form_message
    message = browser.find_element(By.XPATH, "/html/body/main/div/form/div[3]/strong/ul/li/span/strong").text
  File "C:\Users\Admin\anaconda3\envs\aichi\lib\site-packages\seleniumbase\core\sb_driver.py", line 20, in find_element
    return self.driver.default_find_element(by=by, value=value)
  File "C:\Users\Admin\anaconda3\envs\aichi\lib\site-packages\selenium\webdriver\remote\webdriver.py", line 741, in find_element
    return self.execute(Command.FIND_ELEMENT, {"using": by, "value": value})["value"]
  File "C:\Users\Admin\anaconda3\envs\aichi\lib\site-packages\selenium\webdriver\remote\webdriver.py", line 347, in execute
    self.error_handler.check_response(response)
  File "C:\Users\Admin\anaconda3\envs\aichi\lib\site-packages\selenium\webdriver\remote\errorhandler.py", line 229, in check_response
    raise exception_class(message, screen, stacktrace)
selenium.common.exceptions.NoSuchElementException: Message: no such element: Unable to locate element: {"method":"xpath","selector":"/html/body/main/div/form/div[3]/strong/ul/li/span/strong"}
  (Session info: chrome=124.0.6367.91); For documentation on this error, please visit: https://www.selenium.dev/documentation/webdriver/troubleshooting/errors#no-such-element-exception
Stacktrace:
	GetHandleVerifier [0x00007FF76017F922+3045234]
	(No symbol) [0x00007FF75FE23652]
	(No symbol) [0x00007FF75FCE7564]
	(No symbol) [0x00007FF75FD35F9D]
	(No symbol) [0x00007FF75FD3606C]
	(No symbol) [0x00007FF75FD7BDD7]
	(No symbol) [0x00007FF75FD59DEF]
	(No symbol) [0x00007FF75FD791C4]
	(No symbol) [0x00007FF75FD59B53]
	(No symbol) [0x00007FF75FD2813C]
	(No symbol) [0x00007FF75FD28D71]
	GetHandleVerifier [0x00007FF7601AE89D+3237613]
	GetHandleVerifier [0x00007FF7601F0BA7+3508727]
	GetHandleVerifier [0x00007FF7601E976F+3478975]
	GetHandleVerifier [0x00007FF75FF5F1C6+815126]
	(No symbol) [0x00007FF75FE2ED0F]
	(No symbol) [0x00007FF75FE29854]
	(No symbol) [0x00007FF75FE299E2]
	(No symbol) [0x00007FF75FE1A574]
	BaseThreadInitThunk [0x00007FF83BAC257D+29]
	RtlUserThreadStart [0x00007FF83C52AA48+40]

[ 2024-04-30 23:08:21,058 ] 79 luthien5921 - ERROR - Failed to get form message, maybe form is available
Traceback (most recent call last):
  File "D:\luthien\code\Achi.Tool\AichiSelenium\src\controllers\filler.py", line 120, in get_form_message
    message = browser.find_element(By.XPATH, "/html/body/main/div/form/div[3]/strong/ul/li/span/strong").text
  File "C:\Users\Admin\anaconda3\envs\aichi\lib\site-packages\seleniumbase\core\sb_driver.py", line 20, in find_element
    return self.driver.default_find_element(by=by, value=value)
  File "C:\Users\Admin\anaconda3\envs\aichi\lib\site-packages\selenium\webdriver\remote\webdriver.py", line 741, in find_element
    return self.execute(Command.FIND_ELEMENT, {"using": by, "value": value})["value"]
  File "C:\Users\Admin\anaconda3\envs\aichi\lib\site-packages\selenium\webdriver\remote\webdriver.py", line 347, in execute
    self.error_handler.check_response(response)
  File "C:\Users\Admin\anaconda3\envs\aichi\lib\site-packages\selenium\webdriver\remote\errorhandler.py", line 229, in check_response
    raise exception_class(message, screen, stacktrace)
selenium.common.exceptions.NoSuchElementException: Message: no such element: Unable to locate element: {"method":"xpath","selector":"/html/body/main/div/form/div[3]/strong/ul/li/span/strong"}
  (Session info: chrome=124.0.6367.91); For documentation on this error, please visit: https://www.selenium.dev/documentation/webdriver/troubleshooting/errors#no-such-element-exception
Stacktrace:
	GetHandleVerifier [0x00007FF76017F922+3045234]
	(No symbol) [0x00007FF75FE23652]
	(No symbol) [0x00007FF75FCE7564]
	(No symbol) [0x00007FF75FD35F9D]
	(No symbol) [0x00007FF75FD3606C]
	(No symbol) [0x00007FF75FD7BDD7]
	(No symbol) [0x00007FF75FD59DEF]
	(No symbol) [0x00007FF75FD791C4]
	(No symbol) [0x00007FF75FD59B53]
	(No symbol) [0x00007FF75FD2813C]
	(No symbol) [0x00007FF75FD28D71]
	GetHandleVerifier [0x00007FF7601AE89D+3237613]
	GetHandleVerifier [0x00007FF7601F0BA7+3508727]
	GetHandleVerifier [0x00007FF7601E976F+3478975]
	GetHandleVerifier [0x00007FF75FF5F1C6+815126]
	(No symbol) [0x00007FF75FE2ED0F]
	(No symbol) [0x00007FF75FE29854]
	(No symbol) [0x00007FF75FE299E2]
	(No symbol) [0x00007FF75FE1A574]
	BaseThreadInitThunk [0x00007FF83BAC257D+29]
	RtlUserThreadStart [0x00007FF83C52AA48+40]

[ 2024-04-30 23:08:21,060 ] 91 luthien5921 - INFO - Form is available, template sequence: 3896
[ 2024-04-30 23:08:21,060 ] 91 luthien5921 - INFO - Form is available, template sequence: 3896
[ 2024-04-30 23:08:21,060 ] 91 luthien5921 - INFO - Form is available, template sequence: 3896
[ 2024-04-30 23:08:21,060 ] 91 luthien5921 - INFO - Filling form, template sequence: 3896
[ 2024-04-30 23:08:21,060 ] 91 luthien5921 - INFO - Filling form, template sequence: 3896
[ 2024-04-30 23:08:21,060 ] 91 luthien5921 - INFO - Filling form, template sequence: 3896
[ 2024-04-30 23:08:22,760 ] 91 luthien5921 - INFO - Clicked continue button
[ 2024-04-30 23:08:22,760 ] 91 luthien5921 - INFO - Clicked continue button
[ 2024-04-30 23:08:22,760 ] 91 luthien5921 - INFO - Clicked continue button
[ 2024-04-30 23:08:22,785 ] 91 luthien5921 - INFO - Check checkbox: /html/body/form/main/div/div[4]/dl[15]/dd/fieldset/p[1]/label/span by xpath
[ 2024-04-30 23:08:22,785 ] 91 luthien5921 - INFO - Check checkbox: /html/body/form/main/div/div[4]/dl[15]/dd/fieldset/p[1]/label/span by xpath
[ 2024-04-30 23:08:22,785 ] 91 luthien5921 - INFO - Check checkbox: /html/body/form/main/div/div[4]/dl[15]/dd/fieldset/p[1]/label/span by xpath
[ 2024-04-30 23:08:22,800 ] 79 luthien5921 - ERROR - Failed to check checkbox by name with item[6].choiceList[0].checkFlag: Message: element not interactable
  (Session info: chrome=124.0.6367.91)
Stacktrace:
	GetHandleVerifier [0x00007FF76017F922+3045234]
	(No symbol) [0x00007FF75FE23652]
	(No symbol) [0x00007FF75FCE7393]
	(No symbol) [0x00007FF75FD37292]
	(No symbol) [0x00007FF75FD29FDB]
	(No symbol) [0x00007FF75FD59DAA]
	(No symbol) [0x00007FF75FD29916]
	(No symbol) [0x00007FF75FD59FC0]
	(No symbol) [0x00007FF75FD791C4]
	(No symbol) [0x00007FF75FD59B53]
	(No symbol) [0x00007FF75FD2813C]
	(No symbol) [0x00007FF75FD28D71]
	GetHandleVerifier [0x00007FF7601AE89D+3237613]
	GetHandleVerifier [0x00007FF7601F0BA7+3508727]
	GetHandleVerifier [0x00007FF7601E976F+3478975]
	GetHandleVerifier [0x00007FF75FF5F1C6+815126]
	(No symbol) [0x00007FF75FE2ED0F]
	(No symbol) [0x00007FF75FE29854]
	(No symbol) [0x00007FF75FE299E2]
	(No symbol) [0x00007FF75FE1A574]
	BaseThreadInitThunk [0x00007FF83BAC257D+29]
	RtlUserThreadStart [0x00007FF83C52AA48+40]
Traceback (most recent call last):
  File "D:\luthien\code\Achi.Tool\AichiSelenium\src\controllers\filler.py", line 172, in click_checkbox
    checkbox_element.click()
  File "C:\Users\Admin\anaconda3\envs\aichi\lib\site-packages\selenium\webdriver\remote\webelement.py", line 94, in click
    self._execute(Command.CLICK_ELEMENT)
  File "C:\Users\Admin\anaconda3\envs\aichi\lib\site-packages\selenium\webdriver\remote\webelement.py", line 395, in _execute
    return self._parent.execute(command, params)
  File "C:\Users\Admin\anaconda3\envs\aichi\lib\site-packages\selenium\webdriver\remote\webdriver.py", line 347, in execute
    self.error_handler.check_response(response)
  File "C:\Users\Admin\anaconda3\envs\aichi\lib\site-packages\selenium\webdriver\remote\errorhandler.py", line 229, in check_response
    raise exception_class(message, screen, stacktrace)
selenium.common.exceptions.ElementNotInteractableException: Message: element not interactable
  (Session info: chrome=124.0.6367.91)
Stacktrace:
	GetHandleVerifier [0x00007FF76017F922+3045234]
	(No symbol) [0x00007FF75FE23652]
	(No symbol) [0x00007FF75FCE7393]
	(No symbol) [0x00007FF75FD37292]
	(No symbol) [0x00007FF75FD29FDB]
	(No symbol) [0x00007FF75FD59DAA]
	(No symbol) [0x00007FF75FD29916]
	(No symbol) [0x00007FF75FD59FC0]
	(No symbol) [0x00007FF75FD791C4]
	(No symbol) [0x00007FF75FD59B53]
	(No symbol) [0x00007FF75FD2813C]
	(No symbol) [0x00007FF75FD28D71]
	GetHandleVerifier [0x00007FF7601AE89D+3237613]
	GetHandleVerifier [0x00007FF7601F0BA7+3508727]
	GetHandleVerifier [0x00007FF7601E976F+3478975]
	GetHandleVerifier [0x00007FF75FF5F1C6+815126]
	(No symbol) [0x00007FF75FE2ED0F]
	(No symbol) [0x00007FF75FE29854]
	(No symbol) [0x00007FF75FE299E2]
	(No symbol) [0x00007FF75FE1A574]
	BaseThreadInitThunk [0x00007FF83BAC257D+29]
	RtlUserThreadStart [0x00007FF83C52AA48+40]

[ 2024-04-30 23:08:22,800 ] 79 luthien5921 - ERROR - Failed to check checkbox by name with item[6].choiceList[0].checkFlag: Message: element not interactable
  (Session info: chrome=124.0.6367.91)
Stacktrace:
	GetHandleVerifier [0x00007FF76017F922+3045234]
	(No symbol) [0x00007FF75FE23652]
	(No symbol) [0x00007FF75FCE7393]
	(No symbol) [0x00007FF75FD37292]
	(No symbol) [0x00007FF75FD29FDB]
	(No symbol) [0x00007FF75FD59DAA]
	(No symbol) [0x00007FF75FD29916]
	(No symbol) [0x00007FF75FD59FC0]
	(No symbol) [0x00007FF75FD791C4]
	(No symbol) [0x00007FF75FD59B53]
	(No symbol) [0x00007FF75FD2813C]
	(No symbol) [0x00007FF75FD28D71]
	GetHandleVerifier [0x00007FF7601AE89D+3237613]
	GetHandleVerifier [0x00007FF7601F0BA7+3508727]
	GetHandleVerifier [0x00007FF7601E976F+3478975]
	GetHandleVerifier [0x00007FF75FF5F1C6+815126]
	(No symbol) [0x00007FF75FE2ED0F]
	(No symbol) [0x00007FF75FE29854]
	(No symbol) [0x00007FF75FE299E2]
	(No symbol) [0x00007FF75FE1A574]
	BaseThreadInitThunk [0x00007FF83BAC257D+29]
	RtlUserThreadStart [0x00007FF83C52AA48+40]
Traceback (most recent call last):
  File "D:\luthien\code\Achi.Tool\AichiSelenium\src\controllers\filler.py", line 172, in click_checkbox
    checkbox_element.click()
  File "C:\Users\Admin\anaconda3\envs\aichi\lib\site-packages\selenium\webdriver\remote\webelement.py", line 94, in click
    self._execute(Command.CLICK_ELEMENT)
  File "C:\Users\Admin\anaconda3\envs\aichi\lib\site-packages\selenium\webdriver\remote\webelement.py", line 395, in _execute
    return self._parent.execute(command, params)
  File "C:\Users\Admin\anaconda3\envs\aichi\lib\site-packages\selenium\webdriver\remote\webdriver.py", line 347, in execute
    self.error_handler.check_response(response)
  File "C:\Users\Admin\anaconda3\envs\aichi\lib\site-packages\selenium\webdriver\remote\errorhandler.py", line 229, in check_response
    raise exception_class(message, screen, stacktrace)
selenium.common.exceptions.ElementNotInteractableException: Message: element not interactable
  (Session info: chrome=124.0.6367.91)
Stacktrace:
	GetHandleVerifier [0x00007FF76017F922+3045234]
	(No symbol) [0x00007FF75FE23652]
	(No symbol) [0x00007FF75FCE7393]
	(No symbol) [0x00007FF75FD37292]
	(No symbol) [0x00007FF75FD29FDB]
	(No symbol) [0x00007FF75FD59DAA]
	(No symbol) [0x00007FF75FD29916]
	(No symbol) [0x00007FF75FD59FC0]
	(No symbol) [0x00007FF75FD791C4]
	(No symbol) [0x00007FF75FD59B53]
	(No symbol) [0x00007FF75FD2813C]
	(No symbol) [0x00007FF75FD28D71]
	GetHandleVerifier [0x00007FF7601AE89D+3237613]
	GetHandleVerifier [0x00007FF7601F0BA7+3508727]
	GetHandleVerifier [0x00007FF7601E976F+3478975]
	GetHandleVerifier [0x00007FF75FF5F1C6+815126]
	(No symbol) [0x00007FF75FE2ED0F]
	(No symbol) [0x00007FF75FE29854]
	(No symbol) [0x00007FF75FE299E2]
	(No symbol) [0x00007FF75FE1A574]
	BaseThreadInitThunk [0x00007FF83BAC257D+29]
	RtlUserThreadStart [0x00007FF83C52AA48+40]

[ 2024-04-30 23:08:22,800 ] 79 luthien5921 - ERROR - Failed to check checkbox by name with item[6].choiceList[0].checkFlag: Message: element not interactable
  (Session info: chrome=124.0.6367.91)
Stacktrace:
	GetHandleVerifier [0x00007FF76017F922+3045234]
	(No symbol) [0x00007FF75FE23652]
	(No symbol) [0x00007FF75FCE7393]
	(No symbol) [0x00007FF75FD37292]
	(No symbol) [0x00007FF75FD29FDB]
	(No symbol) [0x00007FF75FD59DAA]
	(No symbol) [0x00007FF75FD29916]
	(No symbol) [0x00007FF75FD59FC0]
	(No symbol) [0x00007FF75FD791C4]
	(No symbol) [0x00007FF75FD59B53]
	(No symbol) [0x00007FF75FD2813C]
	(No symbol) [0x00007FF75FD28D71]
	GetHandleVerifier [0x00007FF7601AE89D+3237613]
	GetHandleVerifier [0x00007FF7601F0BA7+3508727]
	GetHandleVerifier [0x00007FF7601E976F+3478975]
	GetHandleVerifier [0x00007FF75FF5F1C6+815126]
	(No symbol) [0x00007FF75FE2ED0F]
	(No symbol) [0x00007FF75FE29854]
	(No symbol) [0x00007FF75FE299E2]
	(No symbol) [0x00007FF75FE1A574]
	BaseThreadInitThunk [0x00007FF83BAC257D+29]
	RtlUserThreadStart [0x00007FF83C52AA48+40]
Traceback (most recent call last):
  File "D:\luthien\code\Achi.Tool\AichiSelenium\src\controllers\filler.py", line 172, in click_checkbox
    checkbox_element.click()
  File "C:\Users\Admin\anaconda3\envs\aichi\lib\site-packages\selenium\webdriver\remote\webelement.py", line 94, in click
    self._execute(Command.CLICK_ELEMENT)
  File "C:\Users\Admin\anaconda3\envs\aichi\lib\site-packages\selenium\webdriver\remote\webelement.py", line 395, in _execute
    return self._parent.execute(command, params)
  File "C:\Users\Admin\anaconda3\envs\aichi\lib\site-packages\selenium\webdriver\remote\webdriver.py", line 347, in execute
    self.error_handler.check_response(response)
  File "C:\Users\Admin\anaconda3\envs\aichi\lib\site-packages\selenium\webdriver\remote\errorhandler.py", line 229, in check_response
    raise exception_class(message, screen, stacktrace)
selenium.common.exceptions.ElementNotInteractableException: Message: element not interactable
  (Session info: chrome=124.0.6367.91)
Stacktrace:
	GetHandleVerifier [0x00007FF76017F922+3045234]
	(No symbol) [0x00007FF75FE23652]
	(No symbol) [0x00007FF75FCE7393]
	(No symbol) [0x00007FF75FD37292]
	(No symbol) [0x00007FF75FD29FDB]
	(No symbol) [0x00007FF75FD59DAA]
	(No symbol) [0x00007FF75FD29916]
	(No symbol) [0x00007FF75FD59FC0]
	(No symbol) [0x00007FF75FD791C4]
	(No symbol) [0x00007FF75FD59B53]
	(No symbol) [0x00007FF75FD2813C]
	(No symbol) [0x00007FF75FD28D71]
	GetHandleVerifier [0x00007FF7601AE89D+3237613]
	GetHandleVerifier [0x00007FF7601F0BA7+3508727]
	GetHandleVerifier [0x00007FF7601E976F+3478975]
	GetHandleVerifier [0x00007FF75FF5F1C6+815126]
	(No symbol) [0x00007FF75FE2ED0F]
	(No symbol) [0x00007FF75FE29854]
	(No symbol) [0x00007FF75FE299E2]
	(No symbol) [0x00007FF75FE1A574]
	BaseThreadInitThunk [0x00007FF83BAC257D+29]
	RtlUserThreadStart [0x00007FF83C52AA48+40]

