[ 2024-04-25 23:14:39,844 ] 91 luthien5921 - INFO - Accessing form, template sequence: 0
[ 2024-04-25 23:14:39,847 ] 91 luthien5921 - INFO - Form URL: c:\Users\USER\Projects\AichiTool\hhh.html
[ 2024-04-25 23:14:40,632 ] 91 luthien5921 - INFO - Accessed form successfully
[ 2024-04-25 23:14:40,652 ] 79 luthien5921 - ERROR - Failed to get form message, maybe form is available
Traceback (most recent call last):
  File "C:\Users\USER\Projects\AichiTool\AichiSelenium\src\controllers\filler.py", line 118, in get_form_message
    message = browser.find_element(By.XPATH, "/html/body/main/div/form/div[3]/strong/ul/li/span/strong").text
  File "C:\Users\USER\anaconda3\envs\aichi\lib\site-packages\selenium\webdriver\remote\webdriver.py", line 741, in find_element
    return self.execute(Command.FIND_ELEMENT, {"using": by, "value": value})["value"]
  File "C:\Users\USER\anaconda3\envs\aichi\lib\site-packages\selenium\webdriver\remote\webdriver.py", line 347, in execute
    self.error_handler.check_response(response)
  File "C:\Users\USER\anaconda3\envs\aichi\lib\site-packages\selenium\webdriver\remote\errorhandler.py", line 229, in check_response
    raise exception_class(message, screen, stacktrace)
selenium.common.exceptions.NoSuchElementException: Message: no such element: Unable to locate element: {"method":"xpath","selector":"/html/body/main/div/form/div[3]/strong/ul/li/span/strong"}
  (Session info: chrome=124.0.6367.61); For documentation on this error, please visit: https://www.selenium.dev/documentation/webdriver/troubleshooting/errors#no-such-element-exception
Stacktrace:
	GetHandleVerifier [0x00007FF69D04F922+3045234]
	(No symbol) [0x00007FF69CCF3652]
	(No symbol) [0x00007FF69CBB7564]
	(No symbol) [0x00007FF69CC05F9D]
	(No symbol) [0x00007FF69CC0606C]
	(No symbol) [0x00007FF69CC4BDD7]
	(No symbol) [0x00007FF69CC29DEF]
	(No symbol) [0x00007FF69CC491C4]
	(No symbol) [0x00007FF69CC29B53]
	(No symbol) [0x00007FF69CBF813C]
	(No symbol) [0x00007FF69CBF8D71]
	GetHandleVerifier [0x00007FF69D07E89D+3237613]
	GetHandleVerifier [0x00007FF69D0C0BA7+3508727]
	GetHandleVerifier [0x00007FF69D0B976F+3478975]
	GetHandleVerifier [0x00007FF69CE2F1C6+815126]
	(No symbol) [0x00007FF69CCFED0F]
	(No symbol) [0x00007FF69CCF9854]
	(No symbol) [0x00007FF69CCF99E2]
	(No symbol) [0x00007FF69CCEA574]
	BaseThreadInitThunk [0x00007FFB6BC7257D+29]
	RtlUserThreadStart [0x00007FFB6C70AA48+40]

[ 2024-04-25 23:14:40,655 ] 91 luthien5921 - INFO - Form is available, template sequence: 0
[ 2024-04-25 23:14:40,655 ] 91 luthien5921 - INFO - Filling form, template sequence: 0
[ 2024-04-25 23:14:40,668 ] 79 luthien5921 - ERROR - Failed to click continue button: Message: no such element: Unable to locate element: {"method":"xpath","selector":"//*[@id="ok"]"}
  (Session info: chrome=124.0.6367.61); For documentation on this error, please visit: https://www.selenium.dev/documentation/webdriver/troubleshooting/errors#no-such-element-exception
Stacktrace:
	GetHandleVerifier [0x00007FF69D04F922+3045234]
	(No symbol) [0x00007FF69CCF3652]
	(No symbol) [0x00007FF69CBB7564]
	(No symbol) [0x00007FF69CC05F9D]
	(No symbol) [0x00007FF69CC0606C]
	(No symbol) [0x00007FF69CC4BDD7]
	(No symbol) [0x00007FF69CC29DEF]
	(No symbol) [0x00007FF69CC491C4]
	(No symbol) [0x00007FF69CC29B53]
	(No symbol) [0x00007FF69CBF813C]
	(No symbol) [0x00007FF69CBF8D71]
	GetHandleVerifier [0x00007FF69D07E89D+3237613]
	GetHandleVerifier [0x00007FF69D0C0BA7+3508727]
	GetHandleVerifier [0x00007FF69D0B976F+3478975]
	GetHandleVerifier [0x00007FF69CE2F1C6+815126]
	(No symbol) [0x00007FF69CCFED0F]
	(No symbol) [0x00007FF69CCF9854]
	(No symbol) [0x00007FF69CCF99E2]
	(No symbol) [0x00007FF69CCEA574]
	BaseThreadInitThunk [0x00007FFB6BC7257D+29]
	RtlUserThreadStart [0x00007FFB6C70AA48+40]
Traceback (most recent call last):
  File "C:\Users\USER\Projects\AichiTool\AichiSelenium\src\controllers\filler.py", line 58, in fill
    continue_button = browser.find_element(By.XPATH, r'//*[@id="ok"]')
  File "C:\Users\USER\anaconda3\envs\aichi\lib\site-packages\selenium\webdriver\remote\webdriver.py", line 741, in find_element
    return self.execute(Command.FIND_ELEMENT, {"using": by, "value": value})["value"]
  File "C:\Users\USER\anaconda3\envs\aichi\lib\site-packages\selenium\webdriver\remote\webdriver.py", line 347, in execute
    self.error_handler.check_response(response)
  File "C:\Users\USER\anaconda3\envs\aichi\lib\site-packages\selenium\webdriver\remote\errorhandler.py", line 229, in check_response
    raise exception_class(message, screen, stacktrace)
selenium.common.exceptions.NoSuchElementException: Message: no such element: Unable to locate element: {"method":"xpath","selector":"//*[@id="ok"]"}
  (Session info: chrome=124.0.6367.61); For documentation on this error, please visit: https://www.selenium.dev/documentation/webdriver/troubleshooting/errors#no-such-element-exception
Stacktrace:
	GetHandleVerifier [0x00007FF69D04F922+3045234]
	(No symbol) [0x00007FF69CCF3652]
	(No symbol) [0x00007FF69CBB7564]
	(No symbol) [0x00007FF69CC05F9D]
	(No symbol) [0x00007FF69CC0606C]
	(No symbol) [0x00007FF69CC4BDD7]
	(No symbol) [0x00007FF69CC29DEF]
	(No symbol) [0x00007FF69CC491C4]
	(No symbol) [0x00007FF69CC29B53]
	(No symbol) [0x00007FF69CBF813C]
	(No symbol) [0x00007FF69CBF8D71]
	GetHandleVerifier [0x00007FF69D07E89D+3237613]
	GetHandleVerifier [0x00007FF69D0C0BA7+3508727]
	GetHandleVerifier [0x00007FF69D0B976F+3478975]
	GetHandleVerifier [0x00007FF69CE2F1C6+815126]
	(No symbol) [0x00007FF69CCFED0F]
	(No symbol) [0x00007FF69CCF9854]
	(No symbol) [0x00007FF69CCF99E2]
	(No symbol) [0x00007FF69CCEA574]
	BaseThreadInitThunk [0x00007FFB6BC7257D+29]
	RtlUserThreadStart [0x00007FFB6C70AA48+40]

