[ 2024-04-25 23:27:19,319 ] 91 main_controller - INFO - Subprocess 0 started with trial number 0
[ 2024-04-25 23:27:19,319 ] 91 main_controller - ERROR - Account is a dictionary, convert to Account object: Username: luthien5921@gmail.com, Password: aichi@5921
[ 2024-04-25 23:27:21,474 ] 91 main_controller - INFO - Subprocess 1 started with trial number 0
[ 2024-04-25 23:27:21,474 ] 91 main_controller - INFO - Subprocess 1 started with trial number 0
[ 2024-04-25 23:27:21,500 ] 91 main_controller - ERROR - Account is a dictionary, convert to Account object: Username: luthien5921+shinsei1@gmail.com, Password: aichi@5921
[ 2024-04-25 23:27:21,500 ] 91 main_controller - ERROR - Account is a dictionary, convert to Account object: Username: luthien5921+shinsei1@gmail.com, Password: aichi@5921
[ 2024-04-25 23:27:21,988 ] 91 main_controller - INFO - Browser opened
[ 2024-04-25 23:27:21,988 ] 91 main_controller - INFO - Browser opened
[ 2024-04-25 23:27:23,652 ] 91 main_controller - INFO - Subprocess 2 started with trial number 0
[ 2024-04-25 23:27:23,652 ] 91 main_controller - INFO - Subprocess 2 started with trial number 0
[ 2024-04-25 23:27:23,652 ] 91 main_controller - INFO - Subprocess 2 started with trial number 0
[ 2024-04-25 23:27:23,656 ] 91 main_controller - ERROR - Account is a dictionary, convert to Account object: Username: luthien5921+shinsei2@gmail.com, Password: aichi@5921
[ 2024-04-25 23:27:23,656 ] 91 main_controller - ERROR - Account is a dictionary, convert to Account object: Username: luthien5921+shinsei2@gmail.com, Password: aichi@5921
[ 2024-04-25 23:27:23,656 ] 91 main_controller - ERROR - Account is a dictionary, convert to Account object: Username: luthien5921+shinsei2@gmail.com, Password: aichi@5921
[ 2024-04-25 23:27:23,808 ] 91 main_controller - INFO - Browser opened
[ 2024-04-25 23:27:23,808 ] 91 main_controller - INFO - Browser opened
[ 2024-04-25 23:27:23,808 ] 91 main_controller - INFO - Browser opened
[ 2024-04-25 23:27:28,677 ] 91 main_controller - INFO - Browser opened
[ 2024-04-25 23:27:28,677 ] 91 main_controller - INFO - Browser opened
[ 2024-04-25 23:27:28,677 ] 91 main_controller - INFO - Browser opened
[ 2024-04-25 23:27:31,449 ] 79 main_controller - ERROR - Caught exception: sequence item 1: expected str instance, NoSuchElementException found
Traceback (most recent call last):
  File "C:\Users\USER\Projects\AichiTool\AichiSelenium\src\controllers\access.py", line 38, in login
    browser.find_element(By.ID, "userLoginForm.userId").send_keys(self.account.username)
  File "C:\Users\USER\anaconda3\envs\aichi\lib\site-packages\seleniumbase\core\sb_driver.py", line 20, in find_element
    return self.driver.default_find_element(by=by, value=value)
  File "C:\Users\USER\anaconda3\envs\aichi\lib\site-packages\selenium\webdriver\remote\webdriver.py", line 741, in find_element
    return self.execute(Command.FIND_ELEMENT, {"using": by, "value": value})["value"]
  File "C:\Users\USER\anaconda3\envs\aichi\lib\site-packages\selenium\webdriver\remote\webdriver.py", line 347, in execute
    self.error_handler.check_response(response)
  File "C:\Users\USER\anaconda3\envs\aichi\lib\site-packages\selenium\webdriver\remote\errorhandler.py", line 229, in check_response
    raise exception_class(message, screen, stacktrace)
selenium.common.exceptions.NoSuchElementException: Message: no such element: Unable to locate element: {"method":"css selector","selector":"[id="userLoginForm.userId"]"}
  (Session info: chrome=124.0.6367.61); For documentation on this error, please visit: https://www.selenium.dev/documentation/webdriver/troubleshooting/errors#no-such-element-exception
Stacktrace:
	GetHandleVerifier [0x00007FF68D05F922+3045234]
	(No symbol) [0x00007FF68CD03652]
	(No symbol) [0x00007FF68CBC7564]
	(No symbol) [0x00007FF68CC15F9D]
	(No symbol) [0x00007FF68CC1606C]
	(No symbol) [0x00007FF68CC5BDD7]
	(No symbol) [0x00007FF68CC39DEF]
	(No symbol) [0x00007FF68CC591C4]
	(No symbol) [0x00007FF68CC39B53]
	(No symbol) [0x00007FF68CC0813C]
	(No symbol) [0x00007FF68CC08D71]
	GetHandleVerifier [0x00007FF68D08E89D+3237613]
	GetHandleVerifier [0x00007FF68D0D0BA7+3508727]
	GetHandleVerifier [0x00007FF68D0C976F+3478975]
	GetHandleVerifier [0x00007FF68CE3F1C6+815126]
	(No symbol) [0x00007FF68CD0ED0F]
	(No symbol) [0x00007FF68CD09854]
	(No symbol) [0x00007FF68CD099E2]
	(No symbol) [0x00007FF68CCFA574]
	BaseThreadInitThunk [0x00007FFB6BC7257D+29]
	RtlUserThreadStart [0x00007FFB6C70AA48+40]


During handling of the above exception, another exception occurred:

Traceback (most recent call last):
  File "C:\Users\USER\Projects\AichiTool\AichiSelenium\src\controllers\main_controller.py", line 58, in subprocess
    result = access.login(browser)
  File "C:\Users\USER\Projects\AichiTool\AichiSelenium\src\controllers\access.py", line 51, in login
    self.logger.error("Failed to login", e)
  File "C:\Users\USER\Projects\AichiTool\AichiSelenium\src\logs.py", line 73, in error
    self._log(logging.ERROR, *msg)
  File "C:\Users\USER\Projects\AichiTool\AichiSelenium\src\logs.py", line 90, in _log
    message = " ".join(msg)
TypeError: sequence item 1: expected str instance, NoSuchElementException found
[ 2024-04-25 23:27:31,449 ] 79 main_controller - ERROR - Caught exception: sequence item 1: expected str instance, NoSuchElementException found
Traceback (most recent call last):
  File "C:\Users\USER\Projects\AichiTool\AichiSelenium\src\controllers\access.py", line 38, in login
    browser.find_element(By.ID, "userLoginForm.userId").send_keys(self.account.username)
  File "C:\Users\USER\anaconda3\envs\aichi\lib\site-packages\seleniumbase\core\sb_driver.py", line 20, in find_element
    return self.driver.default_find_element(by=by, value=value)
  File "C:\Users\USER\anaconda3\envs\aichi\lib\site-packages\selenium\webdriver\remote\webdriver.py", line 741, in find_element
    return self.execute(Command.FIND_ELEMENT, {"using": by, "value": value})["value"]
  File "C:\Users\USER\anaconda3\envs\aichi\lib\site-packages\selenium\webdriver\remote\webdriver.py", line 347, in execute
    self.error_handler.check_response(response)
  File "C:\Users\USER\anaconda3\envs\aichi\lib\site-packages\selenium\webdriver\remote\errorhandler.py", line 229, in check_response
    raise exception_class(message, screen, stacktrace)
selenium.common.exceptions.NoSuchElementException: Message: no such element: Unable to locate element: {"method":"css selector","selector":"[id="userLoginForm.userId"]"}
  (Session info: chrome=124.0.6367.61); For documentation on this error, please visit: https://www.selenium.dev/documentation/webdriver/troubleshooting/errors#no-such-element-exception
Stacktrace:
	GetHandleVerifier [0x00007FF68D05F922+3045234]
	(No symbol) [0x00007FF68CD03652]
	(No symbol) [0x00007FF68CBC7564]
	(No symbol) [0x00007FF68CC15F9D]
	(No symbol) [0x00007FF68CC1606C]
	(No symbol) [0x00007FF68CC5BDD7]
	(No symbol) [0x00007FF68CC39DEF]
	(No symbol) [0x00007FF68CC591C4]
	(No symbol) [0x00007FF68CC39B53]
	(No symbol) [0x00007FF68CC0813C]
	(No symbol) [0x00007FF68CC08D71]
	GetHandleVerifier [0x00007FF68D08E89D+3237613]
	GetHandleVerifier [0x00007FF68D0D0BA7+3508727]
	GetHandleVerifier [0x00007FF68D0C976F+3478975]
	GetHandleVerifier [0x00007FF68CE3F1C6+815126]
	(No symbol) [0x00007FF68CD0ED0F]
	(No symbol) [0x00007FF68CD09854]
	(No symbol) [0x00007FF68CD099E2]
	(No symbol) [0x00007FF68CCFA574]
	BaseThreadInitThunk [0x00007FFB6BC7257D+29]
	RtlUserThreadStart [0x00007FFB6C70AA48+40]


During handling of the above exception, another exception occurred:

Traceback (most recent call last):
  File "C:\Users\USER\Projects\AichiTool\AichiSelenium\src\controllers\main_controller.py", line 58, in subprocess
    result = access.login(browser)
  File "C:\Users\USER\Projects\AichiTool\AichiSelenium\src\controllers\access.py", line 51, in login
    self.logger.error("Failed to login", e)
  File "C:\Users\USER\Projects\AichiTool\AichiSelenium\src\logs.py", line 73, in error
    self._log(logging.ERROR, *msg)
  File "C:\Users\USER\Projects\AichiTool\AichiSelenium\src\logs.py", line 90, in _log
    message = " ".join(msg)
TypeError: sequence item 1: expected str instance, NoSuchElementException found
[ 2024-04-25 23:27:31,449 ] 79 main_controller - ERROR - Caught exception: sequence item 1: expected str instance, NoSuchElementException found
Traceback (most recent call last):
  File "C:\Users\USER\Projects\AichiTool\AichiSelenium\src\controllers\access.py", line 38, in login
    browser.find_element(By.ID, "userLoginForm.userId").send_keys(self.account.username)
  File "C:\Users\USER\anaconda3\envs\aichi\lib\site-packages\seleniumbase\core\sb_driver.py", line 20, in find_element
    return self.driver.default_find_element(by=by, value=value)
  File "C:\Users\USER\anaconda3\envs\aichi\lib\site-packages\selenium\webdriver\remote\webdriver.py", line 741, in find_element
    return self.execute(Command.FIND_ELEMENT, {"using": by, "value": value})["value"]
  File "C:\Users\USER\anaconda3\envs\aichi\lib\site-packages\selenium\webdriver\remote\webdriver.py", line 347, in execute
    self.error_handler.check_response(response)
  File "C:\Users\USER\anaconda3\envs\aichi\lib\site-packages\selenium\webdriver\remote\errorhandler.py", line 229, in check_response
    raise exception_class(message, screen, stacktrace)
selenium.common.exceptions.NoSuchElementException: Message: no such element: Unable to locate element: {"method":"css selector","selector":"[id="userLoginForm.userId"]"}
  (Session info: chrome=124.0.6367.61); For documentation on this error, please visit: https://www.selenium.dev/documentation/webdriver/troubleshooting/errors#no-such-element-exception
Stacktrace:
	GetHandleVerifier [0x00007FF68D05F922+3045234]
	(No symbol) [0x00007FF68CD03652]
	(No symbol) [0x00007FF68CBC7564]
	(No symbol) [0x00007FF68CC15F9D]
	(No symbol) [0x00007FF68CC1606C]
	(No symbol) [0x00007FF68CC5BDD7]
	(No symbol) [0x00007FF68CC39DEF]
	(No symbol) [0x00007FF68CC591C4]
	(No symbol) [0x00007FF68CC39B53]
	(No symbol) [0x00007FF68CC0813C]
	(No symbol) [0x00007FF68CC08D71]
	GetHandleVerifier [0x00007FF68D08E89D+3237613]
	GetHandleVerifier [0x00007FF68D0D0BA7+3508727]
	GetHandleVerifier [0x00007FF68D0C976F+3478975]
	GetHandleVerifier [0x00007FF68CE3F1C6+815126]
	(No symbol) [0x00007FF68CD0ED0F]
	(No symbol) [0x00007FF68CD09854]
	(No symbol) [0x00007FF68CD099E2]
	(No symbol) [0x00007FF68CCFA574]
	BaseThreadInitThunk [0x00007FFB6BC7257D+29]
	RtlUserThreadStart [0x00007FFB6C70AA48+40]


During handling of the above exception, another exception occurred:

Traceback (most recent call last):
  File "C:\Users\USER\Projects\AichiTool\AichiSelenium\src\controllers\main_controller.py", line 58, in subprocess
    result = access.login(browser)
  File "C:\Users\USER\Projects\AichiTool\AichiSelenium\src\controllers\access.py", line 51, in login
    self.logger.error("Failed to login", e)
  File "C:\Users\USER\Projects\AichiTool\AichiSelenium\src\logs.py", line 73, in error
    self._log(logging.ERROR, *msg)
  File "C:\Users\USER\Projects\AichiTool\AichiSelenium\src\logs.py", line 90, in _log
    message = " ".join(msg)
TypeError: sequence item 1: expected str instance, NoSuchElementException found
[ 2024-04-25 23:27:35,243 ] 91 main_controller - INFO - Logged in successfully
[ 2024-04-25 23:27:35,243 ] 91 main_controller - INFO - Logged in successfully
[ 2024-04-25 23:27:35,243 ] 91 main_controller - INFO - Logged in successfully
[ 2024-04-25 23:27:35,391 ] 91 main_controller - INFO - Subprocess 1 started with trial number 1
[ 2024-04-25 23:27:35,391 ] 91 main_controller - INFO - Subprocess 1 started with trial number 1
[ 2024-04-25 23:27:35,391 ] 91 main_controller - INFO - Subprocess 1 started with trial number 1
[ 2024-04-25 23:27:35,391 ] 91 main_controller - INFO - Subprocess 1 started with trial number 1
[ 2024-04-25 23:27:35,571 ] 91 main_controller - INFO - Screenshot saved to C:\Users\USER\Projects\AichiTool\AichiSelenium\logs\2024_04_25\23_27_18\screenshot_luthien5921.png
[ 2024-04-25 23:27:35,571 ] 91 main_controller - INFO - Screenshot saved to C:\Users\USER\Projects\AichiTool\AichiSelenium\logs\2024_04_25\23_27_18\screenshot_luthien5921.png
[ 2024-04-25 23:27:35,571 ] 91 main_controller - INFO - Screenshot saved to C:\Users\USER\Projects\AichiTool\AichiSelenium\logs\2024_04_25\23_27_18\screenshot_luthien5921.png
[ 2024-04-25 23:27:35,571 ] 91 main_controller - INFO - Screenshot saved to C:\Users\USER\Projects\AichiTool\AichiSelenium\logs\2024_04_25\23_27_18\screenshot_luthien5921.png
[ 2024-04-25 23:27:35,571 ] 91 main_controller - INFO - Finding forms
[ 2024-04-25 23:27:35,571 ] 91 main_controller - INFO - Finding forms
[ 2024-04-25 23:27:35,571 ] 91 main_controller - INFO - Finding forms
[ 2024-04-25 23:27:35,571 ] 91 main_controller - INFO - Finding forms
[ 2024-04-25 23:27:38,135 ] 91 main_controller - INFO - Browser opened
[ 2024-04-25 23:27:38,135 ] 91 main_controller - INFO - Browser opened
[ 2024-04-25 23:27:38,135 ] 91 main_controller - INFO - Browser opened
[ 2024-04-25 23:27:38,135 ] 91 main_controller - INFO - Browser opened
[ 2024-04-25 23:27:40,991 ] 91 main_controller - INFO - Logged in successfully
[ 2024-04-25 23:27:40,991 ] 91 main_controller - INFO - Logged in successfully
[ 2024-04-25 23:27:40,991 ] 91 main_controller - INFO - Logged in successfully
[ 2024-04-25 23:27:40,991 ] 91 main_controller - INFO - Logged in successfully
[ 2024-04-25 23:27:41,422 ] 91 main_controller - INFO - Screenshot saved to C:\Users\USER\Projects\AichiTool\AichiSelenium\logs\2024_04_25\23_27_18\screenshot_luthien5921+shinsei2.png
[ 2024-04-25 23:27:41,422 ] 91 main_controller - INFO - Screenshot saved to C:\Users\USER\Projects\AichiTool\AichiSelenium\logs\2024_04_25\23_27_18\screenshot_luthien5921+shinsei2.png
[ 2024-04-25 23:27:41,422 ] 91 main_controller - INFO - Screenshot saved to C:\Users\USER\Projects\AichiTool\AichiSelenium\logs\2024_04_25\23_27_18\screenshot_luthien5921+shinsei2.png
[ 2024-04-25 23:27:41,422 ] 91 main_controller - INFO - Screenshot saved to C:\Users\USER\Projects\AichiTool\AichiSelenium\logs\2024_04_25\23_27_18\screenshot_luthien5921+shinsei2.png
[ 2024-04-25 23:27:41,426 ] 91 main_controller - INFO - Finding forms
[ 2024-04-25 23:27:41,426 ] 91 main_controller - INFO - Finding forms
[ 2024-04-25 23:27:41,426 ] 91 main_controller - INFO - Finding forms
[ 2024-04-25 23:27:41,426 ] 91 main_controller - INFO - Finding forms
[ 2024-04-25 23:27:48,312 ] 91 main_controller - INFO - Logged in successfully
[ 2024-04-25 23:27:48,312 ] 91 main_controller - INFO - Logged in successfully
[ 2024-04-25 23:27:48,312 ] 91 main_controller - INFO - Logged in successfully
[ 2024-04-25 23:27:48,312 ] 91 main_controller - INFO - Logged in successfully
[ 2024-04-25 23:27:48,598 ] 91 main_controller - INFO - Screenshot saved to C:\Users\USER\Projects\AichiTool\AichiSelenium\logs\2024_04_25\23_27_18\screenshot_luthien5921+shinsei1.png
[ 2024-04-25 23:27:48,598 ] 91 main_controller - INFO - Screenshot saved to C:\Users\USER\Projects\AichiTool\AichiSelenium\logs\2024_04_25\23_27_18\screenshot_luthien5921+shinsei1.png
[ 2024-04-25 23:27:48,598 ] 91 main_controller - INFO - Screenshot saved to C:\Users\USER\Projects\AichiTool\AichiSelenium\logs\2024_04_25\23_27_18\screenshot_luthien5921+shinsei1.png
[ 2024-04-25 23:27:48,598 ] 91 main_controller - INFO - Screenshot saved to C:\Users\USER\Projects\AichiTool\AichiSelenium\logs\2024_04_25\23_27_18\screenshot_luthien5921+shinsei1.png
[ 2024-04-25 23:27:48,599 ] 91 main_controller - INFO - Finding forms
[ 2024-04-25 23:27:48,599 ] 91 main_controller - INFO - Finding forms
[ 2024-04-25 23:27:48,599 ] 91 main_controller - INFO - Finding forms
[ 2024-04-25 23:27:48,599 ] 91 main_controller - INFO - Finding forms
