[ 2024-04-24 15:08:21,539 ] 91 luthien5921 - INFO - Opened login page
[ 2024-04-24 15:08:21,539 ] 91 luthien5921 - INFO - Opened login page
[ 2024-04-24 15:08:21,539 ] 91 luthien5921 - INFO - Opened login page
[ 2024-04-24 15:08:25,641 ] 91 luthien5921 - INFO - Logging in
[ 2024-04-24 15:08:25,641 ] 91 luthien5921 - INFO - Logging in
[ 2024-04-24 15:08:25,641 ] 91 luthien5921 - INFO - Logging in
[ 2024-04-24 15:08:25,646 ] 91 luthien5921 - INFO - Current url: https://www.shinsei.e-aichi.jp/pref-aichi-police-u/offer/offerList_initDisplay
[ 2024-04-24 15:08:25,646 ] 91 luthien5921 - INFO - Current url: https://www.shinsei.e-aichi.jp/pref-aichi-police-u/offer/offerList_initDisplay
[ 2024-04-24 15:08:25,646 ] 91 luthien5921 - INFO - Current url: https://www.shinsei.e-aichi.jp/pref-aichi-police-u/offer/offerList_initDisplay
[ 2024-04-24 15:08:25,956 ] 91 luthien5921 - INFO - Logged in finished
[ 2024-04-24 15:08:25,956 ] 91 luthien5921 - INFO - Logged in finished
[ 2024-04-24 15:08:25,956 ] 91 luthien5921 - INFO - Logged in finished
[ 2024-04-24 15:08:26,216 ] 91 luthien5921 - INFO - On main page
[ 2024-04-24 15:08:26,216 ] 91 luthien5921 - INFO - On main page
[ 2024-04-24 15:08:26,216 ] 91 luthien5921 - INFO - On main page
[ 2024-04-24 15:08:27,788 ] 91 luthien5921 - INFO - Search submitted
[ 2024-04-24 15:08:27,788 ] 91 luthien5921 - INFO - Search submitted
[ 2024-04-24 15:08:27,788 ] 91 luthien5921 - INFO - Search submitted
[ 2024-04-24 15:08:27,806 ] 91 luthien5921 - INFO - Collected 2 forms
[ 2024-04-24 15:08:27,806 ] 91 luthien5921 - INFO - Collected 2 forms
[ 2024-04-24 15:08:27,806 ] 91 luthien5921 - INFO - Collected 2 forms
[ 2024-04-24 15:08:27,870 ] 91 luthien5921 - INFO - Number of filtered forms left is: 2 form(s)
[ 2024-04-24 15:08:27,870 ] 91 luthien5921 - INFO - Number of filtered forms left is: 2 form(s)
[ 2024-04-24 15:08:27,870 ] 91 luthien5921 - INFO - Number of filtered forms left is: 2 form(s)
[ 2024-04-24 15:08:27,870 ] 91 luthien5921 - INFO - 行政文書任意開示申出書 -  - 2015年08月19日 09時00分 - 2100年1月1日 00時00分 - 3895 - https://www.shinsei.e-aichi.jp/pref-aichi-police-u/offer/offerList_detailTop?tempSeq=3895 - False
[ 2024-04-24 15:08:27,870 ] 91 luthien5921 - INFO - 行政文書任意開示申出書 -  - 2015年08月19日 09時00分 - 2100年1月1日 00時00分 - 3895 - https://www.shinsei.e-aichi.jp/pref-aichi-police-u/offer/offerList_detailTop?tempSeq=3895 - False
[ 2024-04-24 15:08:27,870 ] 91 luthien5921 - INFO - 行政文書任意開示申出書 -  - 2015年08月19日 09時00分 - 2100年1月1日 00時00分 - 3895 - https://www.shinsei.e-aichi.jp/pref-aichi-police-u/offer/offerList_detailTop?tempSeq=3895 - False
[ 2024-04-24 15:08:27,870 ] 91 luthien5921 - INFO - 行政文書開示請求書 -  - 2015年08月19日 09時00分 - 2100年1月1日 00時00分 - 3896 - https://www.shinsei.e-aichi.jp/pref-aichi-police-u/offer/offerList_detailTop?tempSeq=3896 - False
[ 2024-04-24 15:08:27,870 ] 91 luthien5921 - INFO - 行政文書開示請求書 -  - 2015年08月19日 09時00分 - 2100年1月1日 00時00分 - 3896 - https://www.shinsei.e-aichi.jp/pref-aichi-police-u/offer/offerList_detailTop?tempSeq=3896 - False
[ 2024-04-24 15:08:27,870 ] 91 luthien5921 - INFO - 行政文書開示請求書 -  - 2015年08月19日 09時00分 - 2100年1月1日 00時00分 - 3896 - https://www.shinsei.e-aichi.jp/pref-aichi-police-u/offer/offerList_detailTop?tempSeq=3896 - False
[ 2024-04-24 15:08:27,872 ] 91 luthien5921 - INFO - Accessing form, template sequence: 3895
[ 2024-04-24 15:08:27,872 ] 91 luthien5921 - INFO - Accessing form, template sequence: 3895
[ 2024-04-24 15:08:27,872 ] 91 luthien5921 - INFO - Accessing form, template sequence: 3895
[ 2024-04-24 15:08:27,872 ] 91 luthien5921 - INFO - Form URL: https://www.shinsei.e-aichi.jp/pref-aichi-police-u/offer/offerList_detailTop?tempSeq=3895
[ 2024-04-24 15:08:27,872 ] 91 luthien5921 - INFO - Form URL: https://www.shinsei.e-aichi.jp/pref-aichi-police-u/offer/offerList_detailTop?tempSeq=3895
[ 2024-04-24 15:08:27,872 ] 91 luthien5921 - INFO - Form URL: https://www.shinsei.e-aichi.jp/pref-aichi-police-u/offer/offerList_detailTop?tempSeq=3895
[ 2024-04-24 15:08:33,595 ] 91 luthien5921 - INFO - Accessed form successfully
[ 2024-04-24 15:08:33,595 ] 91 luthien5921 - INFO - Accessed form successfully
[ 2024-04-24 15:08:33,595 ] 91 luthien5921 - INFO - Accessed form successfully
[ 2024-04-24 15:08:33,606 ] 79 luthien5921 - ERROR - Failed to get form message, maybe form is available
Traceback (most recent call last):
  File "C:\Users\USER\Projects\AichiTool\AichiSelenium\src\controllers\filler.py", line 115, in get_form_message
    message = browser.find_element(By.XPATH, "/html/body/main/div/form/div[3]/strong/ul/li/span/strong").text
  File "C:\Users\USER\anaconda3\envs\aichi\lib\site-packages\seleniumbase\core\sb_driver.py", line 20, in find_element
    return self.driver.default_find_element(by=by, value=value)
  File "C:\Users\USER\anaconda3\envs\aichi\lib\site-packages\selenium\webdriver\remote\webdriver.py", line 741, in find_element
    return self.execute(Command.FIND_ELEMENT, {"using": by, "value": value})["value"]
  File "C:\Users\USER\anaconda3\envs\aichi\lib\site-packages\selenium\webdriver\remote\webdriver.py", line 347, in execute
    self.error_handler.check_response(response)
  File "C:\Users\USER\anaconda3\envs\aichi\lib\site-packages\selenium\webdriver\remote\errorhandler.py", line 229, in check_response
    raise exception_class(message, screen, stacktrace)
selenium.common.exceptions.NoSuchElementException: Message: no such element: Unable to locate element: {"method":"xpath","selector":"/html/body/main/div/form/div[3]/strong/ul/li/span/strong"}
  (Session info: chrome=124.0.6367.61); For documentation on this error, please visit: https://www.selenium.dev/documentation/webdriver/troubleshooting/errors#no-such-element-exception
Stacktrace:
	GetHandleVerifier [0x00007FF61B9DF922+3045234]
	(No symbol) [0x00007FF61B683652]
	(No symbol) [0x00007FF61B547564]
	(No symbol) [0x00007FF61B595F9D]
	(No symbol) [0x00007FF61B59606C]
	(No symbol) [0x00007FF61B5DBDD7]
	(No symbol) [0x00007FF61B5B9DEF]
	(No symbol) [0x00007FF61B5D91C4]
	(No symbol) [0x00007FF61B5B9B53]
	(No symbol) [0x00007FF61B58813C]
	(No symbol) [0x00007FF61B588D71]
	GetHandleVerifier [0x00007FF61BA0E89D+3237613]
	GetHandleVerifier [0x00007FF61BA50BA7+3508727]
	GetHandleVerifier [0x00007FF61BA4976F+3478975]
	GetHandleVerifier [0x00007FF61B7BF1C6+815126]
	(No symbol) [0x00007FF61B68ED0F]
	(No symbol) [0x00007FF61B689854]
	(No symbol) [0x00007FF61B6899E2]
	(No symbol) [0x00007FF61B67A574]
	BaseThreadInitThunk [0x00007FF92E12257D+29]
	RtlUserThreadStart [0x00007FF93022AA48+40]

[ 2024-04-24 15:08:33,606 ] 79 luthien5921 - ERROR - Failed to get form message, maybe form is available
Traceback (most recent call last):
  File "C:\Users\USER\Projects\AichiTool\AichiSelenium\src\controllers\filler.py", line 115, in get_form_message
    message = browser.find_element(By.XPATH, "/html/body/main/div/form/div[3]/strong/ul/li/span/strong").text
  File "C:\Users\USER\anaconda3\envs\aichi\lib\site-packages\seleniumbase\core\sb_driver.py", line 20, in find_element
    return self.driver.default_find_element(by=by, value=value)
  File "C:\Users\USER\anaconda3\envs\aichi\lib\site-packages\selenium\webdriver\remote\webdriver.py", line 741, in find_element
    return self.execute(Command.FIND_ELEMENT, {"using": by, "value": value})["value"]
  File "C:\Users\USER\anaconda3\envs\aichi\lib\site-packages\selenium\webdriver\remote\webdriver.py", line 347, in execute
    self.error_handler.check_response(response)
  File "C:\Users\USER\anaconda3\envs\aichi\lib\site-packages\selenium\webdriver\remote\errorhandler.py", line 229, in check_response
    raise exception_class(message, screen, stacktrace)
selenium.common.exceptions.NoSuchElementException: Message: no such element: Unable to locate element: {"method":"xpath","selector":"/html/body/main/div/form/div[3]/strong/ul/li/span/strong"}
  (Session info: chrome=124.0.6367.61); For documentation on this error, please visit: https://www.selenium.dev/documentation/webdriver/troubleshooting/errors#no-such-element-exception
Stacktrace:
	GetHandleVerifier [0x00007FF61B9DF922+3045234]
	(No symbol) [0x00007FF61B683652]
	(No symbol) [0x00007FF61B547564]
	(No symbol) [0x00007FF61B595F9D]
	(No symbol) [0x00007FF61B59606C]
	(No symbol) [0x00007FF61B5DBDD7]
	(No symbol) [0x00007FF61B5B9DEF]
	(No symbol) [0x00007FF61B5D91C4]
	(No symbol) [0x00007FF61B5B9B53]
	(No symbol) [0x00007FF61B58813C]
	(No symbol) [0x00007FF61B588D71]
	GetHandleVerifier [0x00007FF61BA0E89D+3237613]
	GetHandleVerifier [0x00007FF61BA50BA7+3508727]
	GetHandleVerifier [0x00007FF61BA4976F+3478975]
	GetHandleVerifier [0x00007FF61B7BF1C6+815126]
	(No symbol) [0x00007FF61B68ED0F]
	(No symbol) [0x00007FF61B689854]
	(No symbol) [0x00007FF61B6899E2]
	(No symbol) [0x00007FF61B67A574]
	BaseThreadInitThunk [0x00007FF92E12257D+29]
	RtlUserThreadStart [0x00007FF93022AA48+40]

[ 2024-04-24 15:08:33,606 ] 79 luthien5921 - ERROR - Failed to get form message, maybe form is available
Traceback (most recent call last):
  File "C:\Users\USER\Projects\AichiTool\AichiSelenium\src\controllers\filler.py", line 115, in get_form_message
    message = browser.find_element(By.XPATH, "/html/body/main/div/form/div[3]/strong/ul/li/span/strong").text
  File "C:\Users\USER\anaconda3\envs\aichi\lib\site-packages\seleniumbase\core\sb_driver.py", line 20, in find_element
    return self.driver.default_find_element(by=by, value=value)
  File "C:\Users\USER\anaconda3\envs\aichi\lib\site-packages\selenium\webdriver\remote\webdriver.py", line 741, in find_element
    return self.execute(Command.FIND_ELEMENT, {"using": by, "value": value})["value"]
  File "C:\Users\USER\anaconda3\envs\aichi\lib\site-packages\selenium\webdriver\remote\webdriver.py", line 347, in execute
    self.error_handler.check_response(response)
  File "C:\Users\USER\anaconda3\envs\aichi\lib\site-packages\selenium\webdriver\remote\errorhandler.py", line 229, in check_response
    raise exception_class(message, screen, stacktrace)
selenium.common.exceptions.NoSuchElementException: Message: no such element: Unable to locate element: {"method":"xpath","selector":"/html/body/main/div/form/div[3]/strong/ul/li/span/strong"}
  (Session info: chrome=124.0.6367.61); For documentation on this error, please visit: https://www.selenium.dev/documentation/webdriver/troubleshooting/errors#no-such-element-exception
Stacktrace:
	GetHandleVerifier [0x00007FF61B9DF922+3045234]
	(No symbol) [0x00007FF61B683652]
	(No symbol) [0x00007FF61B547564]
	(No symbol) [0x00007FF61B595F9D]
	(No symbol) [0x00007FF61B59606C]
	(No symbol) [0x00007FF61B5DBDD7]
	(No symbol) [0x00007FF61B5B9DEF]
	(No symbol) [0x00007FF61B5D91C4]
	(No symbol) [0x00007FF61B5B9B53]
	(No symbol) [0x00007FF61B58813C]
	(No symbol) [0x00007FF61B588D71]
	GetHandleVerifier [0x00007FF61BA0E89D+3237613]
	GetHandleVerifier [0x00007FF61BA50BA7+3508727]
	GetHandleVerifier [0x00007FF61BA4976F+3478975]
	GetHandleVerifier [0x00007FF61B7BF1C6+815126]
	(No symbol) [0x00007FF61B68ED0F]
	(No symbol) [0x00007FF61B689854]
	(No symbol) [0x00007FF61B6899E2]
	(No symbol) [0x00007FF61B67A574]
	BaseThreadInitThunk [0x00007FF92E12257D+29]
	RtlUserThreadStart [0x00007FF93022AA48+40]

[ 2024-04-24 15:08:33,609 ] 91 luthien5921 - INFO - Form is available, template sequence: 3895
[ 2024-04-24 15:08:33,609 ] 91 luthien5921 - INFO - Form is available, template sequence: 3895
[ 2024-04-24 15:08:33,609 ] 91 luthien5921 - INFO - Form is available, template sequence: 3895
[ 2024-04-24 15:08:33,610 ] 91 luthien5921 - INFO - Filling form, template sequence: 3895
[ 2024-04-24 15:08:33,610 ] 91 luthien5921 - INFO - Filling form, template sequence: 3895
[ 2024-04-24 15:08:33,610 ] 91 luthien5921 - INFO - Filling form, template sequence: 3895
[ 2024-04-24 15:08:35,338 ] 91 luthien5921 - INFO - Clicked continue button
[ 2024-04-24 15:08:35,338 ] 91 luthien5921 - INFO - Clicked continue button
[ 2024-04-24 15:08:35,338 ] 91 luthien5921 - INFO - Clicked continue button
[ 2024-04-24 15:08:35,350 ] 79 luthien5921 - ERROR - Failed to fill input: Message: no such element: Unable to locate element: {"method":"css selector","selector":"[name="item[0].textData2"]"}
  (Session info: chrome=124.0.6367.61); For documentation on this error, please visit: https://www.selenium.dev/documentation/webdriver/troubleshooting/errors#no-such-element-exception
Stacktrace:
	GetHandleVerifier [0x00007FF61B9DF922+3045234]
	(No symbol) [0x00007FF61B683652]
	(No symbol) [0x00007FF61B547564]
	(No symbol) [0x00007FF61B595F9D]
	(No symbol) [0x00007FF61B59606C]
	(No symbol) [0x00007FF61B5DBDD7]
	(No symbol) [0x00007FF61B5B9DEF]
	(No symbol) [0x00007FF61B5D91C4]
	(No symbol) [0x00007FF61B5B9B53]
	(No symbol) [0x00007FF61B58813C]
	(No symbol) [0x00007FF61B588D71]
	GetHandleVerifier [0x00007FF61BA0E89D+3237613]
	GetHandleVerifier [0x00007FF61BA50BA7+3508727]
	GetHandleVerifier [0x00007FF61BA4976F+3478975]
	GetHandleVerifier [0x00007FF61B7BF1C6+815126]
	(No symbol) [0x00007FF61B68ED0F]
	(No symbol) [0x00007FF61B689854]
	(No symbol) [0x00007FF61B6899E2]
	(No symbol) [0x00007FF61B67A574]
	BaseThreadInitThunk [0x00007FF92E12257D+29]
	RtlUserThreadStart [0x00007FF93022AA48+40]
Traceback (most recent call last):
  File "C:\Users\USER\Projects\AichiTool\AichiSelenium\src\controllers\filler.py", line 149, in fill_input
    input_element = browser.find_element(by, html)
  File "C:\Users\USER\anaconda3\envs\aichi\lib\site-packages\seleniumbase\core\sb_driver.py", line 20, in find_element
    return self.driver.default_find_element(by=by, value=value)
  File "C:\Users\USER\anaconda3\envs\aichi\lib\site-packages\selenium\webdriver\remote\webdriver.py", line 741, in find_element
    return self.execute(Command.FIND_ELEMENT, {"using": by, "value": value})["value"]
  File "C:\Users\USER\anaconda3\envs\aichi\lib\site-packages\selenium\webdriver\remote\webdriver.py", line 347, in execute
    self.error_handler.check_response(response)
  File "C:\Users\USER\anaconda3\envs\aichi\lib\site-packages\selenium\webdriver\remote\errorhandler.py", line 229, in check_response
    raise exception_class(message, screen, stacktrace)
selenium.common.exceptions.NoSuchElementException: Message: no such element: Unable to locate element: {"method":"css selector","selector":"[name="item[0].textData2"]"}
  (Session info: chrome=124.0.6367.61); For documentation on this error, please visit: https://www.selenium.dev/documentation/webdriver/troubleshooting/errors#no-such-element-exception
Stacktrace:
	GetHandleVerifier [0x00007FF61B9DF922+3045234]
	(No symbol) [0x00007FF61B683652]
	(No symbol) [0x00007FF61B547564]
	(No symbol) [0x00007FF61B595F9D]
	(No symbol) [0x00007FF61B59606C]
	(No symbol) [0x00007FF61B5DBDD7]
	(No symbol) [0x00007FF61B5B9DEF]
	(No symbol) [0x00007FF61B5D91C4]
	(No symbol) [0x00007FF61B5B9B53]
	(No symbol) [0x00007FF61B58813C]
	(No symbol) [0x00007FF61B588D71]
	GetHandleVerifier [0x00007FF61BA0E89D+3237613]
	GetHandleVerifier [0x00007FF61BA50BA7+3508727]
	GetHandleVerifier [0x00007FF61BA4976F+3478975]
	GetHandleVerifier [0x00007FF61B7BF1C6+815126]
	(No symbol) [0x00007FF61B68ED0F]
	(No symbol) [0x00007FF61B689854]
	(No symbol) [0x00007FF61B6899E2]
	(No symbol) [0x00007FF61B67A574]
	BaseThreadInitThunk [0x00007FF92E12257D+29]
	RtlUserThreadStart [0x00007FF93022AA48+40]

[ 2024-04-24 15:08:35,350 ] 79 luthien5921 - ERROR - Failed to fill input: Message: no such element: Unable to locate element: {"method":"css selector","selector":"[name="item[0].textData2"]"}
  (Session info: chrome=124.0.6367.61); For documentation on this error, please visit: https://www.selenium.dev/documentation/webdriver/troubleshooting/errors#no-such-element-exception
Stacktrace:
	GetHandleVerifier [0x00007FF61B9DF922+3045234]
	(No symbol) [0x00007FF61B683652]
	(No symbol) [0x00007FF61B547564]
	(No symbol) [0x00007FF61B595F9D]
	(No symbol) [0x00007FF61B59606C]
	(No symbol) [0x00007FF61B5DBDD7]
	(No symbol) [0x00007FF61B5B9DEF]
	(No symbol) [0x00007FF61B5D91C4]
	(No symbol) [0x00007FF61B5B9B53]
	(No symbol) [0x00007FF61B58813C]
	(No symbol) [0x00007FF61B588D71]
	GetHandleVerifier [0x00007FF61BA0E89D+3237613]
	GetHandleVerifier [0x00007FF61BA50BA7+3508727]
	GetHandleVerifier [0x00007FF61BA4976F+3478975]
	GetHandleVerifier [0x00007FF61B7BF1C6+815126]
	(No symbol) [0x00007FF61B68ED0F]
	(No symbol) [0x00007FF61B689854]
	(No symbol) [0x00007FF61B6899E2]
	(No symbol) [0x00007FF61B67A574]
	BaseThreadInitThunk [0x00007FF92E12257D+29]
	RtlUserThreadStart [0x00007FF93022AA48+40]
Traceback (most recent call last):
  File "C:\Users\USER\Projects\AichiTool\AichiSelenium\src\controllers\filler.py", line 149, in fill_input
    input_element = browser.find_element(by, html)
  File "C:\Users\USER\anaconda3\envs\aichi\lib\site-packages\seleniumbase\core\sb_driver.py", line 20, in find_element
    return self.driver.default_find_element(by=by, value=value)
  File "C:\Users\USER\anaconda3\envs\aichi\lib\site-packages\selenium\webdriver\remote\webdriver.py", line 741, in find_element
    return self.execute(Command.FIND_ELEMENT, {"using": by, "value": value})["value"]
  File "C:\Users\USER\anaconda3\envs\aichi\lib\site-packages\selenium\webdriver\remote\webdriver.py", line 347, in execute
    self.error_handler.check_response(response)
  File "C:\Users\USER\anaconda3\envs\aichi\lib\site-packages\selenium\webdriver\remote\errorhandler.py", line 229, in check_response
    raise exception_class(message, screen, stacktrace)
selenium.common.exceptions.NoSuchElementException: Message: no such element: Unable to locate element: {"method":"css selector","selector":"[name="item[0].textData2"]"}
  (Session info: chrome=124.0.6367.61); For documentation on this error, please visit: https://www.selenium.dev/documentation/webdriver/troubleshooting/errors#no-such-element-exception
Stacktrace:
	GetHandleVerifier [0x00007FF61B9DF922+3045234]
	(No symbol) [0x00007FF61B683652]
	(No symbol) [0x00007FF61B547564]
	(No symbol) [0x00007FF61B595F9D]
	(No symbol) [0x00007FF61B59606C]
	(No symbol) [0x00007FF61B5DBDD7]
	(No symbol) [0x00007FF61B5B9DEF]
	(No symbol) [0x00007FF61B5D91C4]
	(No symbol) [0x00007FF61B5B9B53]
	(No symbol) [0x00007FF61B58813C]
	(No symbol) [0x00007FF61B588D71]
	GetHandleVerifier [0x00007FF61BA0E89D+3237613]
	GetHandleVerifier [0x00007FF61BA50BA7+3508727]
	GetHandleVerifier [0x00007FF61BA4976F+3478975]
	GetHandleVerifier [0x00007FF61B7BF1C6+815126]
	(No symbol) [0x00007FF61B68ED0F]
	(No symbol) [0x00007FF61B689854]
	(No symbol) [0x00007FF61B6899E2]
	(No symbol) [0x00007FF61B67A574]
	BaseThreadInitThunk [0x00007FF92E12257D+29]
	RtlUserThreadStart [0x00007FF93022AA48+40]

[ 2024-04-24 15:08:35,350 ] 79 luthien5921 - ERROR - Failed to fill input: Message: no such element: Unable to locate element: {"method":"css selector","selector":"[name="item[0].textData2"]"}
  (Session info: chrome=124.0.6367.61); For documentation on this error, please visit: https://www.selenium.dev/documentation/webdriver/troubleshooting/errors#no-such-element-exception
Stacktrace:
	GetHandleVerifier [0x00007FF61B9DF922+3045234]
	(No symbol) [0x00007FF61B683652]
	(No symbol) [0x00007FF61B547564]
	(No symbol) [0x00007FF61B595F9D]
	(No symbol) [0x00007FF61B59606C]
	(No symbol) [0x00007FF61B5DBDD7]
	(No symbol) [0x00007FF61B5B9DEF]
	(No symbol) [0x00007FF61B5D91C4]
	(No symbol) [0x00007FF61B5B9B53]
	(No symbol) [0x00007FF61B58813C]
	(No symbol) [0x00007FF61B588D71]
	GetHandleVerifier [0x00007FF61BA0E89D+3237613]
	GetHandleVerifier [0x00007FF61BA50BA7+3508727]
	GetHandleVerifier [0x00007FF61BA4976F+3478975]
	GetHandleVerifier [0x00007FF61B7BF1C6+815126]
	(No symbol) [0x00007FF61B68ED0F]
	(No symbol) [0x00007FF61B689854]
	(No symbol) [0x00007FF61B6899E2]
	(No symbol) [0x00007FF61B67A574]
	BaseThreadInitThunk [0x00007FF92E12257D+29]
	RtlUserThreadStart [0x00007FF93022AA48+40]
Traceback (most recent call last):
  File "C:\Users\USER\Projects\AichiTool\AichiSelenium\src\controllers\filler.py", line 149, in fill_input
    input_element = browser.find_element(by, html)
  File "C:\Users\USER\anaconda3\envs\aichi\lib\site-packages\seleniumbase\core\sb_driver.py", line 20, in find_element
    return self.driver.default_find_element(by=by, value=value)
  File "C:\Users\USER\anaconda3\envs\aichi\lib\site-packages\selenium\webdriver\remote\webdriver.py", line 741, in find_element
    return self.execute(Command.FIND_ELEMENT, {"using": by, "value": value})["value"]
  File "C:\Users\USER\anaconda3\envs\aichi\lib\site-packages\selenium\webdriver\remote\webdriver.py", line 347, in execute
    self.error_handler.check_response(response)
  File "C:\Users\USER\anaconda3\envs\aichi\lib\site-packages\selenium\webdriver\remote\errorhandler.py", line 229, in check_response
    raise exception_class(message, screen, stacktrace)
selenium.common.exceptions.NoSuchElementException: Message: no such element: Unable to locate element: {"method":"css selector","selector":"[name="item[0].textData2"]"}
  (Session info: chrome=124.0.6367.61); For documentation on this error, please visit: https://www.selenium.dev/documentation/webdriver/troubleshooting/errors#no-such-element-exception
Stacktrace:
	GetHandleVerifier [0x00007FF61B9DF922+3045234]
	(No symbol) [0x00007FF61B683652]
	(No symbol) [0x00007FF61B547564]
	(No symbol) [0x00007FF61B595F9D]
	(No symbol) [0x00007FF61B59606C]
	(No symbol) [0x00007FF61B5DBDD7]
	(No symbol) [0x00007FF61B5B9DEF]
	(No symbol) [0x00007FF61B5D91C4]
	(No symbol) [0x00007FF61B5B9B53]
	(No symbol) [0x00007FF61B58813C]
	(No symbol) [0x00007FF61B588D71]
	GetHandleVerifier [0x00007FF61BA0E89D+3237613]
	GetHandleVerifier [0x00007FF61BA50BA7+3508727]
	GetHandleVerifier [0x00007FF61BA4976F+3478975]
	GetHandleVerifier [0x00007FF61B7BF1C6+815126]
	(No symbol) [0x00007FF61B68ED0F]
	(No symbol) [0x00007FF61B689854]
	(No symbol) [0x00007FF61B6899E2]
	(No symbol) [0x00007FF61B67A574]
	BaseThreadInitThunk [0x00007FF92E12257D+29]
	RtlUserThreadStart [0x00007FF93022AA48+40]

[ 2024-04-24 15:08:35,447 ] 79 luthien5921 - ERROR - Failed to fill input: Message: element not interactable
  (Session info: chrome=124.0.6367.61)
Stacktrace:
	GetHandleVerifier [0x00007FF61B9DF922+3045234]
	(No symbol) [0x00007FF61B683652]
	(No symbol) [0x00007FF61B547393]
	(No symbol) [0x00007FF61B58FC47]
	(No symbol) [0x00007FF61B58DC76]
	(No symbol) [0x00007FF61B5B9DAA]
	(No symbol) [0x00007FF61B589916]
	(No symbol) [0x00007FF61B5B9FC0]
	(No symbol) [0x00007FF61B5D91C4]
	(No symbol) [0x00007FF61B5B9B53]
	(No symbol) [0x00007FF61B58813C]
	(No symbol) [0x00007FF61B588D71]
	GetHandleVerifier [0x00007FF61BA0E89D+3237613]
	GetHandleVerifier [0x00007FF61BA50BA7+3508727]
	GetHandleVerifier [0x00007FF61BA4976F+3478975]
	GetHandleVerifier [0x00007FF61B7BF1C6+815126]
	(No symbol) [0x00007FF61B68ED0F]
	(No symbol) [0x00007FF61B689854]
	(No symbol) [0x00007FF61B6899E2]
	(No symbol) [0x00007FF61B67A574]
	BaseThreadInitThunk [0x00007FF92E12257D+29]
	RtlUserThreadStart [0x00007FF93022AA48+40]
Traceback (most recent call last):
  File "C:\Users\USER\Projects\AichiTool\AichiSelenium\src\controllers\filler.py", line 150, in fill_input
    input_element.send_keys(value)
  File "C:\Users\USER\anaconda3\envs\aichi\lib\site-packages\selenium\webdriver\remote\webelement.py", line 231, in send_keys
    self._execute(
  File "C:\Users\USER\anaconda3\envs\aichi\lib\site-packages\selenium\webdriver\remote\webelement.py", line 395, in _execute
    return self._parent.execute(command, params)
  File "C:\Users\USER\anaconda3\envs\aichi\lib\site-packages\selenium\webdriver\remote\webdriver.py", line 347, in execute
    self.error_handler.check_response(response)
  File "C:\Users\USER\anaconda3\envs\aichi\lib\site-packages\selenium\webdriver\remote\errorhandler.py", line 229, in check_response
    raise exception_class(message, screen, stacktrace)
selenium.common.exceptions.ElementNotInteractableException: Message: element not interactable
  (Session info: chrome=124.0.6367.61)
Stacktrace:
	GetHandleVerifier [0x00007FF61B9DF922+3045234]
	(No symbol) [0x00007FF61B683652]
	(No symbol) [0x00007FF61B547393]
	(No symbol) [0x00007FF61B58FC47]
	(No symbol) [0x00007FF61B58DC76]
	(No symbol) [0x00007FF61B5B9DAA]
	(No symbol) [0x00007FF61B589916]
	(No symbol) [0x00007FF61B5B9FC0]
	(No symbol) [0x00007FF61B5D91C4]
	(No symbol) [0x00007FF61B5B9B53]
	(No symbol) [0x00007FF61B58813C]
	(No symbol) [0x00007FF61B588D71]
	GetHandleVerifier [0x00007FF61BA0E89D+3237613]
	GetHandleVerifier [0x00007FF61BA50BA7+3508727]
	GetHandleVerifier [0x00007FF61BA4976F+3478975]
	GetHandleVerifier [0x00007FF61B7BF1C6+815126]
	(No symbol) [0x00007FF61B68ED0F]
	(No symbol) [0x00007FF61B689854]
	(No symbol) [0x00007FF61B6899E2]
	(No symbol) [0x00007FF61B67A574]
	BaseThreadInitThunk [0x00007FF92E12257D+29]
	RtlUserThreadStart [0x00007FF93022AA48+40]

[ 2024-04-24 15:08:35,447 ] 79 luthien5921 - ERROR - Failed to fill input: Message: element not interactable
  (Session info: chrome=124.0.6367.61)
Stacktrace:
	GetHandleVerifier [0x00007FF61B9DF922+3045234]
	(No symbol) [0x00007FF61B683652]
	(No symbol) [0x00007FF61B547393]
	(No symbol) [0x00007FF61B58FC47]
	(No symbol) [0x00007FF61B58DC76]
	(No symbol) [0x00007FF61B5B9DAA]
	(No symbol) [0x00007FF61B589916]
	(No symbol) [0x00007FF61B5B9FC0]
	(No symbol) [0x00007FF61B5D91C4]
	(No symbol) [0x00007FF61B5B9B53]
	(No symbol) [0x00007FF61B58813C]
	(No symbol) [0x00007FF61B588D71]
	GetHandleVerifier [0x00007FF61BA0E89D+3237613]
	GetHandleVerifier [0x00007FF61BA50BA7+3508727]
	GetHandleVerifier [0x00007FF61BA4976F+3478975]
	GetHandleVerifier [0x00007FF61B7BF1C6+815126]
	(No symbol) [0x00007FF61B68ED0F]
	(No symbol) [0x00007FF61B689854]
	(No symbol) [0x00007FF61B6899E2]
	(No symbol) [0x00007FF61B67A574]
	BaseThreadInitThunk [0x00007FF92E12257D+29]
	RtlUserThreadStart [0x00007FF93022AA48+40]
Traceback (most recent call last):
  File "C:\Users\USER\Projects\AichiTool\AichiSelenium\src\controllers\filler.py", line 150, in fill_input
    input_element.send_keys(value)
  File "C:\Users\USER\anaconda3\envs\aichi\lib\site-packages\selenium\webdriver\remote\webelement.py", line 231, in send_keys
    self._execute(
  File "C:\Users\USER\anaconda3\envs\aichi\lib\site-packages\selenium\webdriver\remote\webelement.py", line 395, in _execute
    return self._parent.execute(command, params)
  File "C:\Users\USER\anaconda3\envs\aichi\lib\site-packages\selenium\webdriver\remote\webdriver.py", line 347, in execute
    self.error_handler.check_response(response)
  File "C:\Users\USER\anaconda3\envs\aichi\lib\site-packages\selenium\webdriver\remote\errorhandler.py", line 229, in check_response
    raise exception_class(message, screen, stacktrace)
selenium.common.exceptions.ElementNotInteractableException: Message: element not interactable
  (Session info: chrome=124.0.6367.61)
Stacktrace:
	GetHandleVerifier [0x00007FF61B9DF922+3045234]
	(No symbol) [0x00007FF61B683652]
	(No symbol) [0x00007FF61B547393]
	(No symbol) [0x00007FF61B58FC47]
	(No symbol) [0x00007FF61B58DC76]
	(No symbol) [0x00007FF61B5B9DAA]
	(No symbol) [0x00007FF61B589916]
	(No symbol) [0x00007FF61B5B9FC0]
	(No symbol) [0x00007FF61B5D91C4]
	(No symbol) [0x00007FF61B5B9B53]
	(No symbol) [0x00007FF61B58813C]
	(No symbol) [0x00007FF61B588D71]
	GetHandleVerifier [0x00007FF61BA0E89D+3237613]
	GetHandleVerifier [0x00007FF61BA50BA7+3508727]
	GetHandleVerifier [0x00007FF61BA4976F+3478975]
	GetHandleVerifier [0x00007FF61B7BF1C6+815126]
	(No symbol) [0x00007FF61B68ED0F]
	(No symbol) [0x00007FF61B689854]
	(No symbol) [0x00007FF61B6899E2]
	(No symbol) [0x00007FF61B67A574]
	BaseThreadInitThunk [0x00007FF92E12257D+29]
	RtlUserThreadStart [0x00007FF93022AA48+40]

[ 2024-04-24 15:08:35,447 ] 79 luthien5921 - ERROR - Failed to fill input: Message: element not interactable
  (Session info: chrome=124.0.6367.61)
Stacktrace:
	GetHandleVerifier [0x00007FF61B9DF922+3045234]
	(No symbol) [0x00007FF61B683652]
	(No symbol) [0x00007FF61B547393]
	(No symbol) [0x00007FF61B58FC47]
	(No symbol) [0x00007FF61B58DC76]
	(No symbol) [0x00007FF61B5B9DAA]
	(No symbol) [0x00007FF61B589916]
	(No symbol) [0x00007FF61B5B9FC0]
	(No symbol) [0x00007FF61B5D91C4]
	(No symbol) [0x00007FF61B5B9B53]
	(No symbol) [0x00007FF61B58813C]
	(No symbol) [0x00007FF61B588D71]
	GetHandleVerifier [0x00007FF61BA0E89D+3237613]
	GetHandleVerifier [0x00007FF61BA50BA7+3508727]
	GetHandleVerifier [0x00007FF61BA4976F+3478975]
	GetHandleVerifier [0x00007FF61B7BF1C6+815126]
	(No symbol) [0x00007FF61B68ED0F]
	(No symbol) [0x00007FF61B689854]
	(No symbol) [0x00007FF61B6899E2]
	(No symbol) [0x00007FF61B67A574]
	BaseThreadInitThunk [0x00007FF92E12257D+29]
	RtlUserThreadStart [0x00007FF93022AA48+40]
Traceback (most recent call last):
  File "C:\Users\USER\Projects\AichiTool\AichiSelenium\src\controllers\filler.py", line 150, in fill_input
    input_element.send_keys(value)
  File "C:\Users\USER\anaconda3\envs\aichi\lib\site-packages\selenium\webdriver\remote\webelement.py", line 231, in send_keys
    self._execute(
  File "C:\Users\USER\anaconda3\envs\aichi\lib\site-packages\selenium\webdriver\remote\webelement.py", line 395, in _execute
    return self._parent.execute(command, params)
  File "C:\Users\USER\anaconda3\envs\aichi\lib\site-packages\selenium\webdriver\remote\webdriver.py", line 347, in execute
    self.error_handler.check_response(response)
  File "C:\Users\USER\anaconda3\envs\aichi\lib\site-packages\selenium\webdriver\remote\errorhandler.py", line 229, in check_response
    raise exception_class(message, screen, stacktrace)
selenium.common.exceptions.ElementNotInteractableException: Message: element not interactable
  (Session info: chrome=124.0.6367.61)
Stacktrace:
	GetHandleVerifier [0x00007FF61B9DF922+3045234]
	(No symbol) [0x00007FF61B683652]
	(No symbol) [0x00007FF61B547393]
	(No symbol) [0x00007FF61B58FC47]
	(No symbol) [0x00007FF61B58DC76]
	(No symbol) [0x00007FF61B5B9DAA]
	(No symbol) [0x00007FF61B589916]
	(No symbol) [0x00007FF61B5B9FC0]
	(No symbol) [0x00007FF61B5D91C4]
	(No symbol) [0x00007FF61B5B9B53]
	(No symbol) [0x00007FF61B58813C]
	(No symbol) [0x00007FF61B588D71]
	GetHandleVerifier [0x00007FF61BA0E89D+3237613]
	GetHandleVerifier [0x00007FF61BA50BA7+3508727]
	GetHandleVerifier [0x00007FF61BA4976F+3478975]
	GetHandleVerifier [0x00007FF61B7BF1C6+815126]
	(No symbol) [0x00007FF61B68ED0F]
	(No symbol) [0x00007FF61B689854]
	(No symbol) [0x00007FF61B6899E2]
	(No symbol) [0x00007FF61B67A574]
	BaseThreadInitThunk [0x00007FF92E12257D+29]
	RtlUserThreadStart [0x00007FF93022AA48+40]

[ 2024-04-24 15:08:35,468 ] 79 luthien5921 - ERROR - Failed to fill input: Message: no such element: Unable to locate element: {"method":"css selector","selector":"[name="item[2].textData"]"}
  (Session info: chrome=124.0.6367.61); For documentation on this error, please visit: https://www.selenium.dev/documentation/webdriver/troubleshooting/errors#no-such-element-exception
Stacktrace:
	GetHandleVerifier [0x00007FF61B9DF922+3045234]
	(No symbol) [0x00007FF61B683652]
	(No symbol) [0x00007FF61B547564]
	(No symbol) [0x00007FF61B595F9D]
	(No symbol) [0x00007FF61B59606C]
	(No symbol) [0x00007FF61B5DBDD7]
	(No symbol) [0x00007FF61B5B9DEF]
	(No symbol) [0x00007FF61B5D91C4]
	(No symbol) [0x00007FF61B5B9B53]
	(No symbol) [0x00007FF61B58813C]
	(No symbol) [0x00007FF61B588D71]
	GetHandleVerifier [0x00007FF61BA0E89D+3237613]
	GetHandleVerifier [0x00007FF61BA50BA7+3508727]
	GetHandleVerifier [0x00007FF61BA4976F+3478975]
	GetHandleVerifier [0x00007FF61B7BF1C6+815126]
	(No symbol) [0x00007FF61B68ED0F]
	(No symbol) [0x00007FF61B689854]
	(No symbol) [0x00007FF61B6899E2]
	(No symbol) [0x00007FF61B67A574]
	BaseThreadInitThunk [0x00007FF92E12257D+29]
	RtlUserThreadStart [0x00007FF93022AA48+40]
Traceback (most recent call last):
  File "C:\Users\USER\Projects\AichiTool\AichiSelenium\src\controllers\filler.py", line 149, in fill_input
    input_element = browser.find_element(by, html)
  File "C:\Users\USER\anaconda3\envs\aichi\lib\site-packages\seleniumbase\core\sb_driver.py", line 20, in find_element
    return self.driver.default_find_element(by=by, value=value)
  File "C:\Users\USER\anaconda3\envs\aichi\lib\site-packages\selenium\webdriver\remote\webdriver.py", line 741, in find_element
    return self.execute(Command.FIND_ELEMENT, {"using": by, "value": value})["value"]
  File "C:\Users\USER\anaconda3\envs\aichi\lib\site-packages\selenium\webdriver\remote\webdriver.py", line 347, in execute
    self.error_handler.check_response(response)
  File "C:\Users\USER\anaconda3\envs\aichi\lib\site-packages\selenium\webdriver\remote\errorhandler.py", line 229, in check_response
    raise exception_class(message, screen, stacktrace)
selenium.common.exceptions.NoSuchElementException: Message: no such element: Unable to locate element: {"method":"css selector","selector":"[name="item[2].textData"]"}
  (Session info: chrome=124.0.6367.61); For documentation on this error, please visit: https://www.selenium.dev/documentation/webdriver/troubleshooting/errors#no-such-element-exception
Stacktrace:
	GetHandleVerifier [0x00007FF61B9DF922+3045234]
	(No symbol) [0x00007FF61B683652]
	(No symbol) [0x00007FF61B547564]
	(No symbol) [0x00007FF61B595F9D]
	(No symbol) [0x00007FF61B59606C]
	(No symbol) [0x00007FF61B5DBDD7]
	(No symbol) [0x00007FF61B5B9DEF]
	(No symbol) [0x00007FF61B5D91C4]
	(No symbol) [0x00007FF61B5B9B53]
	(No symbol) [0x00007FF61B58813C]
	(No symbol) [0x00007FF61B588D71]
	GetHandleVerifier [0x00007FF61BA0E89D+3237613]
	GetHandleVerifier [0x00007FF61BA50BA7+3508727]
	GetHandleVerifier [0x00007FF61BA4976F+3478975]
	GetHandleVerifier [0x00007FF61B7BF1C6+815126]
	(No symbol) [0x00007FF61B68ED0F]
	(No symbol) [0x00007FF61B689854]
	(No symbol) [0x00007FF61B6899E2]
	(No symbol) [0x00007FF61B67A574]
	BaseThreadInitThunk [0x00007FF92E12257D+29]
	RtlUserThreadStart [0x00007FF93022AA48+40]

[ 2024-04-24 15:08:35,468 ] 79 luthien5921 - ERROR - Failed to fill input: Message: no such element: Unable to locate element: {"method":"css selector","selector":"[name="item[2].textData"]"}
  (Session info: chrome=124.0.6367.61); For documentation on this error, please visit: https://www.selenium.dev/documentation/webdriver/troubleshooting/errors#no-such-element-exception
Stacktrace:
	GetHandleVerifier [0x00007FF61B9DF922+3045234]
	(No symbol) [0x00007FF61B683652]
	(No symbol) [0x00007FF61B547564]
	(No symbol) [0x00007FF61B595F9D]
	(No symbol) [0x00007FF61B59606C]
	(No symbol) [0x00007FF61B5DBDD7]
	(No symbol) [0x00007FF61B5B9DEF]
	(No symbol) [0x00007FF61B5D91C4]
	(No symbol) [0x00007FF61B5B9B53]
	(No symbol) [0x00007FF61B58813C]
	(No symbol) [0x00007FF61B588D71]
	GetHandleVerifier [0x00007FF61BA0E89D+3237613]
	GetHandleVerifier [0x00007FF61BA50BA7+3508727]
	GetHandleVerifier [0x00007FF61BA4976F+3478975]
	GetHandleVerifier [0x00007FF61B7BF1C6+815126]
	(No symbol) [0x00007FF61B68ED0F]
	(No symbol) [0x00007FF61B689854]
	(No symbol) [0x00007FF61B6899E2]
	(No symbol) [0x00007FF61B67A574]
	BaseThreadInitThunk [0x00007FF92E12257D+29]
	RtlUserThreadStart [0x00007FF93022AA48+40]
Traceback (most recent call last):
  File "C:\Users\USER\Projects\AichiTool\AichiSelenium\src\controllers\filler.py", line 149, in fill_input
    input_element = browser.find_element(by, html)
  File "C:\Users\USER\anaconda3\envs\aichi\lib\site-packages\seleniumbase\core\sb_driver.py", line 20, in find_element
    return self.driver.default_find_element(by=by, value=value)
  File "C:\Users\USER\anaconda3\envs\aichi\lib\site-packages\selenium\webdriver\remote\webdriver.py", line 741, in find_element
    return self.execute(Command.FIND_ELEMENT, {"using": by, "value": value})["value"]
  File "C:\Users\USER\anaconda3\envs\aichi\lib\site-packages\selenium\webdriver\remote\webdriver.py", line 347, in execute
    self.error_handler.check_response(response)
  File "C:\Users\USER\anaconda3\envs\aichi\lib\site-packages\selenium\webdriver\remote\errorhandler.py", line 229, in check_response
    raise exception_class(message, screen, stacktrace)
selenium.common.exceptions.NoSuchElementException: Message: no such element: Unable to locate element: {"method":"css selector","selector":"[name="item[2].textData"]"}
  (Session info: chrome=124.0.6367.61); For documentation on this error, please visit: https://www.selenium.dev/documentation/webdriver/troubleshooting/errors#no-such-element-exception
Stacktrace:
	GetHandleVerifier [0x00007FF61B9DF922+3045234]
	(No symbol) [0x00007FF61B683652]
	(No symbol) [0x00007FF61B547564]
	(No symbol) [0x00007FF61B595F9D]
	(No symbol) [0x00007FF61B59606C]
	(No symbol) [0x00007FF61B5DBDD7]
	(No symbol) [0x00007FF61B5B9DEF]
	(No symbol) [0x00007FF61B5D91C4]
	(No symbol) [0x00007FF61B5B9B53]
	(No symbol) [0x00007FF61B58813C]
	(No symbol) [0x00007FF61B588D71]
	GetHandleVerifier [0x00007FF61BA0E89D+3237613]
	GetHandleVerifier [0x00007FF61BA50BA7+3508727]
	GetHandleVerifier [0x00007FF61BA4976F+3478975]
	GetHandleVerifier [0x00007FF61B7BF1C6+815126]
	(No symbol) [0x00007FF61B68ED0F]
	(No symbol) [0x00007FF61B689854]
	(No symbol) [0x00007FF61B6899E2]
	(No symbol) [0x00007FF61B67A574]
	BaseThreadInitThunk [0x00007FF92E12257D+29]
	RtlUserThreadStart [0x00007FF93022AA48+40]

[ 2024-04-24 15:08:35,468 ] 79 luthien5921 - ERROR - Failed to fill input: Message: no such element: Unable to locate element: {"method":"css selector","selector":"[name="item[2].textData"]"}
  (Session info: chrome=124.0.6367.61); For documentation on this error, please visit: https://www.selenium.dev/documentation/webdriver/troubleshooting/errors#no-such-element-exception
Stacktrace:
	GetHandleVerifier [0x00007FF61B9DF922+3045234]
	(No symbol) [0x00007FF61B683652]
	(No symbol) [0x00007FF61B547564]
	(No symbol) [0x00007FF61B595F9D]
	(No symbol) [0x00007FF61B59606C]
	(No symbol) [0x00007FF61B5DBDD7]
	(No symbol) [0x00007FF61B5B9DEF]
	(No symbol) [0x00007FF61B5D91C4]
	(No symbol) [0x00007FF61B5B9B53]
	(No symbol) [0x00007FF61B58813C]
	(No symbol) [0x00007FF61B588D71]
	GetHandleVerifier [0x00007FF61BA0E89D+3237613]
	GetHandleVerifier [0x00007FF61BA50BA7+3508727]
	GetHandleVerifier [0x00007FF61BA4976F+3478975]
	GetHandleVerifier [0x00007FF61B7BF1C6+815126]
	(No symbol) [0x00007FF61B68ED0F]
	(No symbol) [0x00007FF61B689854]
	(No symbol) [0x00007FF61B6899E2]
	(No symbol) [0x00007FF61B67A574]
	BaseThreadInitThunk [0x00007FF92E12257D+29]
	RtlUserThreadStart [0x00007FF93022AA48+40]
Traceback (most recent call last):
  File "C:\Users\USER\Projects\AichiTool\AichiSelenium\src\controllers\filler.py", line 149, in fill_input
    input_element = browser.find_element(by, html)
  File "C:\Users\USER\anaconda3\envs\aichi\lib\site-packages\seleniumbase\core\sb_driver.py", line 20, in find_element
    return self.driver.default_find_element(by=by, value=value)
  File "C:\Users\USER\anaconda3\envs\aichi\lib\site-packages\selenium\webdriver\remote\webdriver.py", line 741, in find_element
    return self.execute(Command.FIND_ELEMENT, {"using": by, "value": value})["value"]
  File "C:\Users\USER\anaconda3\envs\aichi\lib\site-packages\selenium\webdriver\remote\webdriver.py", line 347, in execute
    self.error_handler.check_response(response)
  File "C:\Users\USER\anaconda3\envs\aichi\lib\site-packages\selenium\webdriver\remote\errorhandler.py", line 229, in check_response
    raise exception_class(message, screen, stacktrace)
selenium.common.exceptions.NoSuchElementException: Message: no such element: Unable to locate element: {"method":"css selector","selector":"[name="item[2].textData"]"}
  (Session info: chrome=124.0.6367.61); For documentation on this error, please visit: https://www.selenium.dev/documentation/webdriver/troubleshooting/errors#no-such-element-exception
Stacktrace:
	GetHandleVerifier [0x00007FF61B9DF922+3045234]
	(No symbol) [0x00007FF61B683652]
	(No symbol) [0x00007FF61B547564]
	(No symbol) [0x00007FF61B595F9D]
	(No symbol) [0x00007FF61B59606C]
	(No symbol) [0x00007FF61B5DBDD7]
	(No symbol) [0x00007FF61B5B9DEF]
	(No symbol) [0x00007FF61B5D91C4]
	(No symbol) [0x00007FF61B5B9B53]
	(No symbol) [0x00007FF61B58813C]
	(No symbol) [0x00007FF61B588D71]
	GetHandleVerifier [0x00007FF61BA0E89D+3237613]
	GetHandleVerifier [0x00007FF61BA50BA7+3508727]
	GetHandleVerifier [0x00007FF61BA4976F+3478975]
	GetHandleVerifier [0x00007FF61B7BF1C6+815126]
	(No symbol) [0x00007FF61B68ED0F]
	(No symbol) [0x00007FF61B689854]
	(No symbol) [0x00007FF61B6899E2]
	(No symbol) [0x00007FF61B67A574]
	BaseThreadInitThunk [0x00007FF92E12257D+29]
	RtlUserThreadStart [0x00007FF93022AA48+40]

[ 2024-04-24 15:08:35,552 ] 91 luthien5921 - INFO - Filled input: item[4].textData by name, value: 08015830891
[ 2024-04-24 15:08:35,552 ] 91 luthien5921 - INFO - Filled input: item[4].textData by name, value: 08015830891
[ 2024-04-24 15:08:35,552 ] 91 luthien5921 - INFO - Filled input: item[4].textData by name, value: 08015830891
[ 2024-04-24 15:08:35,640 ] 91 luthien5921 - INFO - Filled input: item[5].textData by name, value: Shogun
[ 2024-04-24 15:08:35,640 ] 91 luthien5921 - INFO - Filled input: item[5].textData by name, value: Shogun
[ 2024-04-24 15:08:35,640 ] 91 luthien5921 - INFO - Filled input: item[5].textData by name, value: Shogun
[ 2024-04-24 15:08:35,660 ] 79 luthien5921 - ERROR - Failed to check checkbox: Message: no such element: Unable to locate element: {"method":"xpath","selector":"/html/body/form/main/div/div[4]/dl[8]/dd/fieldset/p/label/span"}
  (Session info: chrome=124.0.6367.61); For documentation on this error, please visit: https://www.selenium.dev/documentation/webdriver/troubleshooting/errors#no-such-element-exception
Stacktrace:
	GetHandleVerifier [0x00007FF61B9DF922+3045234]
	(No symbol) [0x00007FF61B683652]
	(No symbol) [0x00007FF61B547564]
	(No symbol) [0x00007FF61B595F9D]
	(No symbol) [0x00007FF61B59606C]
	(No symbol) [0x00007FF61B5DBDD7]
	(No symbol) [0x00007FF61B5B9DEF]
	(No symbol) [0x00007FF61B5D91C4]
	(No symbol) [0x00007FF61B5B9B53]
	(No symbol) [0x00007FF61B58813C]
	(No symbol) [0x00007FF61B588D71]
	GetHandleVerifier [0x00007FF61BA0E89D+3237613]
	GetHandleVerifier [0x00007FF61BA50BA7+3508727]
	GetHandleVerifier [0x00007FF61BA4976F+3478975]
	GetHandleVerifier [0x00007FF61B7BF1C6+815126]
	(No symbol) [0x00007FF61B68ED0F]
	(No symbol) [0x00007FF61B689854]
	(No symbol) [0x00007FF61B6899E2]
	(No symbol) [0x00007FF61B67A574]
	BaseThreadInitThunk [0x00007FF92E12257D+29]
	RtlUserThreadStart [0x00007FF93022AA48+40]
Traceback (most recent call last):
  File "C:\Users\USER\Projects\AichiTool\AichiSelenium\src\controllers\filler.py", line 165, in click_checkbox
    checkbox_element = browser.find_element(by, html)
  File "C:\Users\USER\anaconda3\envs\aichi\lib\site-packages\seleniumbase\core\sb_driver.py", line 20, in find_element
    return self.driver.default_find_element(by=by, value=value)
  File "C:\Users\USER\anaconda3\envs\aichi\lib\site-packages\selenium\webdriver\remote\webdriver.py", line 741, in find_element
    return self.execute(Command.FIND_ELEMENT, {"using": by, "value": value})["value"]
  File "C:\Users\USER\anaconda3\envs\aichi\lib\site-packages\selenium\webdriver\remote\webdriver.py", line 347, in execute
    self.error_handler.check_response(response)
  File "C:\Users\USER\anaconda3\envs\aichi\lib\site-packages\selenium\webdriver\remote\errorhandler.py", line 229, in check_response
    raise exception_class(message, screen, stacktrace)
selenium.common.exceptions.NoSuchElementException: Message: no such element: Unable to locate element: {"method":"xpath","selector":"/html/body/form/main/div/div[4]/dl[8]/dd/fieldset/p/label/span"}
  (Session info: chrome=124.0.6367.61); For documentation on this error, please visit: https://www.selenium.dev/documentation/webdriver/troubleshooting/errors#no-such-element-exception
Stacktrace:
	GetHandleVerifier [0x00007FF61B9DF922+3045234]
	(No symbol) [0x00007FF61B683652]
	(No symbol) [0x00007FF61B547564]
	(No symbol) [0x00007FF61B595F9D]
	(No symbol) [0x00007FF61B59606C]
	(No symbol) [0x00007FF61B5DBDD7]
	(No symbol) [0x00007FF61B5B9DEF]
	(No symbol) [0x00007FF61B5D91C4]
	(No symbol) [0x00007FF61B5B9B53]
	(No symbol) [0x00007FF61B58813C]
	(No symbol) [0x00007FF61B588D71]
	GetHandleVerifier [0x00007FF61BA0E89D+3237613]
	GetHandleVerifier [0x00007FF61BA50BA7+3508727]
	GetHandleVerifier [0x00007FF61BA4976F+3478975]
	GetHandleVerifier [0x00007FF61B7BF1C6+815126]
	(No symbol) [0x00007FF61B68ED0F]
	(No symbol) [0x00007FF61B689854]
	(No symbol) [0x00007FF61B6899E2]
	(No symbol) [0x00007FF61B67A574]
	BaseThreadInitThunk [0x00007FF92E12257D+29]
	RtlUserThreadStart [0x00007FF93022AA48+40]

[ 2024-04-24 15:08:35,660 ] 79 luthien5921 - ERROR - Failed to check checkbox: Message: no such element: Unable to locate element: {"method":"xpath","selector":"/html/body/form/main/div/div[4]/dl[8]/dd/fieldset/p/label/span"}
  (Session info: chrome=124.0.6367.61); For documentation on this error, please visit: https://www.selenium.dev/documentation/webdriver/troubleshooting/errors#no-such-element-exception
Stacktrace:
	GetHandleVerifier [0x00007FF61B9DF922+3045234]
	(No symbol) [0x00007FF61B683652]
	(No symbol) [0x00007FF61B547564]
	(No symbol) [0x00007FF61B595F9D]
	(No symbol) [0x00007FF61B59606C]
	(No symbol) [0x00007FF61B5DBDD7]
	(No symbol) [0x00007FF61B5B9DEF]
	(No symbol) [0x00007FF61B5D91C4]
	(No symbol) [0x00007FF61B5B9B53]
	(No symbol) [0x00007FF61B58813C]
	(No symbol) [0x00007FF61B588D71]
	GetHandleVerifier [0x00007FF61BA0E89D+3237613]
	GetHandleVerifier [0x00007FF61BA50BA7+3508727]
	GetHandleVerifier [0x00007FF61BA4976F+3478975]
	GetHandleVerifier [0x00007FF61B7BF1C6+815126]
	(No symbol) [0x00007FF61B68ED0F]
	(No symbol) [0x00007FF61B689854]
	(No symbol) [0x00007FF61B6899E2]
	(No symbol) [0x00007FF61B67A574]
	BaseThreadInitThunk [0x00007FF92E12257D+29]
	RtlUserThreadStart [0x00007FF93022AA48+40]
Traceback (most recent call last):
  File "C:\Users\USER\Projects\AichiTool\AichiSelenium\src\controllers\filler.py", line 165, in click_checkbox
    checkbox_element = browser.find_element(by, html)
  File "C:\Users\USER\anaconda3\envs\aichi\lib\site-packages\seleniumbase\core\sb_driver.py", line 20, in find_element
    return self.driver.default_find_element(by=by, value=value)
  File "C:\Users\USER\anaconda3\envs\aichi\lib\site-packages\selenium\webdriver\remote\webdriver.py", line 741, in find_element
    return self.execute(Command.FIND_ELEMENT, {"using": by, "value": value})["value"]
  File "C:\Users\USER\anaconda3\envs\aichi\lib\site-packages\selenium\webdriver\remote\webdriver.py", line 347, in execute
    self.error_handler.check_response(response)
  File "C:\Users\USER\anaconda3\envs\aichi\lib\site-packages\selenium\webdriver\remote\errorhandler.py", line 229, in check_response
    raise exception_class(message, screen, stacktrace)
selenium.common.exceptions.NoSuchElementException: Message: no such element: Unable to locate element: {"method":"xpath","selector":"/html/body/form/main/div/div[4]/dl[8]/dd/fieldset/p/label/span"}
  (Session info: chrome=124.0.6367.61); For documentation on this error, please visit: https://www.selenium.dev/documentation/webdriver/troubleshooting/errors#no-such-element-exception
Stacktrace:
	GetHandleVerifier [0x00007FF61B9DF922+3045234]
	(No symbol) [0x00007FF61B683652]
	(No symbol) [0x00007FF61B547564]
	(No symbol) [0x00007FF61B595F9D]
	(No symbol) [0x00007FF61B59606C]
	(No symbol) [0x00007FF61B5DBDD7]
	(No symbol) [0x00007FF61B5B9DEF]
	(No symbol) [0x00007FF61B5D91C4]
	(No symbol) [0x00007FF61B5B9B53]
	(No symbol) [0x00007FF61B58813C]
	(No symbol) [0x00007FF61B588D71]
	GetHandleVerifier [0x00007FF61BA0E89D+3237613]
	GetHandleVerifier [0x00007FF61BA50BA7+3508727]
	GetHandleVerifier [0x00007FF61BA4976F+3478975]
	GetHandleVerifier [0x00007FF61B7BF1C6+815126]
	(No symbol) [0x00007FF61B68ED0F]
	(No symbol) [0x00007FF61B689854]
	(No symbol) [0x00007FF61B6899E2]
	(No symbol) [0x00007FF61B67A574]
	BaseThreadInitThunk [0x00007FF92E12257D+29]
	RtlUserThreadStart [0x00007FF93022AA48+40]

[ 2024-04-24 15:08:35,660 ] 79 luthien5921 - ERROR - Failed to check checkbox: Message: no such element: Unable to locate element: {"method":"xpath","selector":"/html/body/form/main/div/div[4]/dl[8]/dd/fieldset/p/label/span"}
  (Session info: chrome=124.0.6367.61); For documentation on this error, please visit: https://www.selenium.dev/documentation/webdriver/troubleshooting/errors#no-such-element-exception
Stacktrace:
	GetHandleVerifier [0x00007FF61B9DF922+3045234]
	(No symbol) [0x00007FF61B683652]
	(No symbol) [0x00007FF61B547564]
	(No symbol) [0x00007FF61B595F9D]
	(No symbol) [0x00007FF61B59606C]
	(No symbol) [0x00007FF61B5DBDD7]
	(No symbol) [0x00007FF61B5B9DEF]
	(No symbol) [0x00007FF61B5D91C4]
	(No symbol) [0x00007FF61B5B9B53]
	(No symbol) [0x00007FF61B58813C]
	(No symbol) [0x00007FF61B588D71]
	GetHandleVerifier [0x00007FF61BA0E89D+3237613]
	GetHandleVerifier [0x00007FF61BA50BA7+3508727]
	GetHandleVerifier [0x00007FF61BA4976F+3478975]
	GetHandleVerifier [0x00007FF61B7BF1C6+815126]
	(No symbol) [0x00007FF61B68ED0F]
	(No symbol) [0x00007FF61B689854]
	(No symbol) [0x00007FF61B6899E2]
	(No symbol) [0x00007FF61B67A574]
	BaseThreadInitThunk [0x00007FF92E12257D+29]
	RtlUserThreadStart [0x00007FF93022AA48+40]
Traceback (most recent call last):
  File "C:\Users\USER\Projects\AichiTool\AichiSelenium\src\controllers\filler.py", line 165, in click_checkbox
    checkbox_element = browser.find_element(by, html)
  File "C:\Users\USER\anaconda3\envs\aichi\lib\site-packages\seleniumbase\core\sb_driver.py", line 20, in find_element
    return self.driver.default_find_element(by=by, value=value)
  File "C:\Users\USER\anaconda3\envs\aichi\lib\site-packages\selenium\webdriver\remote\webdriver.py", line 741, in find_element
    return self.execute(Command.FIND_ELEMENT, {"using": by, "value": value})["value"]
  File "C:\Users\USER\anaconda3\envs\aichi\lib\site-packages\selenium\webdriver\remote\webdriver.py", line 347, in execute
    self.error_handler.check_response(response)
  File "C:\Users\USER\anaconda3\envs\aichi\lib\site-packages\selenium\webdriver\remote\errorhandler.py", line 229, in check_response
    raise exception_class(message, screen, stacktrace)
selenium.common.exceptions.NoSuchElementException: Message: no such element: Unable to locate element: {"method":"xpath","selector":"/html/body/form/main/div/div[4]/dl[8]/dd/fieldset/p/label/span"}
  (Session info: chrome=124.0.6367.61); For documentation on this error, please visit: https://www.selenium.dev/documentation/webdriver/troubleshooting/errors#no-such-element-exception
Stacktrace:
	GetHandleVerifier [0x00007FF61B9DF922+3045234]
	(No symbol) [0x00007FF61B683652]
	(No symbol) [0x00007FF61B547564]
	(No symbol) [0x00007FF61B595F9D]
	(No symbol) [0x00007FF61B59606C]
	(No symbol) [0x00007FF61B5DBDD7]
	(No symbol) [0x00007FF61B5B9DEF]
	(No symbol) [0x00007FF61B5D91C4]
	(No symbol) [0x00007FF61B5B9B53]
	(No symbol) [0x00007FF61B58813C]
	(No symbol) [0x00007FF61B588D71]
	GetHandleVerifier [0x00007FF61BA0E89D+3237613]
	GetHandleVerifier [0x00007FF61BA50BA7+3508727]
	GetHandleVerifier [0x00007FF61BA4976F+3478975]
	GetHandleVerifier [0x00007FF61B7BF1C6+815126]
	(No symbol) [0x00007FF61B68ED0F]
	(No symbol) [0x00007FF61B689854]
	(No symbol) [0x00007FF61B6899E2]
	(No symbol) [0x00007FF61B67A574]
	BaseThreadInitThunk [0x00007FF92E12257D+29]
	RtlUserThreadStart [0x00007FF93022AA48+40]

[ 2024-04-24 15:08:48,302 ] 79 luthien5921 - ERROR - Failed to click confirm button: Message: 
Stacktrace:
	GetHandleVerifier [0x00007FF61B9DF922+3045234]
	(No symbol) [0x00007FF61B683652]
	(No symbol) [0x00007FF61B547564]
	(No symbol) [0x00007FF61B595F9D]
	(No symbol) [0x00007FF61B59606C]
	(No symbol) [0x00007FF61B5DBDD7]
	(No symbol) [0x00007FF61B5B9DEF]
	(No symbol) [0x00007FF61B5D91C4]
	(No symbol) [0x00007FF61B5B9B53]
	(No symbol) [0x00007FF61B58813C]
	(No symbol) [0x00007FF61B588D71]
	GetHandleVerifier [0x00007FF61BA0E89D+3237613]
	GetHandleVerifier [0x00007FF61BA50BA7+3508727]
	GetHandleVerifier [0x00007FF61BA4976F+3478975]
	GetHandleVerifier [0x00007FF61B7BF1C6+815126]
	(No symbol) [0x00007FF61B68ED0F]
	(No symbol) [0x00007FF61B689854]
	(No symbol) [0x00007FF61B6899E2]
	(No symbol) [0x00007FF61B67A574]
	BaseThreadInitThunk [0x00007FF92E12257D+29]
	RtlUserThreadStart [0x00007FF93022AA48+40]
Traceback (most recent call last):
  File "C:\Users\USER\Projects\AichiTool\AichiSelenium\src\controllers\filler.py", line 86, in fill
    wait_until_presence(browser, By.XPATH, "/html/body/form/main/div/div[3]/div[2]/div/div[2]/button")
  File "C:\Users\USER\Projects\AichiTool\AichiSelenium\src\utils\html_utils.py", line 8, in wait_until_presence
    WebDriverWait(browser, timeout).until(EC.presence_of_element_located((by, html)))
  File "C:\Users\USER\anaconda3\envs\aichi\lib\site-packages\selenium\webdriver\support\wait.py", line 105, in until
    raise TimeoutException(message, screen, stacktrace)
selenium.common.exceptions.TimeoutException: Message: 
Stacktrace:
	GetHandleVerifier [0x00007FF61B9DF922+3045234]
	(No symbol) [0x00007FF61B683652]
	(No symbol) [0x00007FF61B547564]
	(No symbol) [0x00007FF61B595F9D]
	(No symbol) [0x00007FF61B59606C]
	(No symbol) [0x00007FF61B5DBDD7]
	(No symbol) [0x00007FF61B5B9DEF]
	(No symbol) [0x00007FF61B5D91C4]
	(No symbol) [0x00007FF61B5B9B53]
	(No symbol) [0x00007FF61B58813C]
	(No symbol) [0x00007FF61B588D71]
	GetHandleVerifier [0x00007FF61BA0E89D+3237613]
	GetHandleVerifier [0x00007FF61BA50BA7+3508727]
	GetHandleVerifier [0x00007FF61BA4976F+3478975]
	GetHandleVerifier [0x00007FF61B7BF1C6+815126]
	(No symbol) [0x00007FF61B68ED0F]
	(No symbol) [0x00007FF61B689854]
	(No symbol) [0x00007FF61B6899E2]
	(No symbol) [0x00007FF61B67A574]
	BaseThreadInitThunk [0x00007FF92E12257D+29]
	RtlUserThreadStart [0x00007FF93022AA48+40]

[ 2024-04-24 15:08:48,302 ] 79 luthien5921 - ERROR - Failed to click confirm button: Message: 
Stacktrace:
	GetHandleVerifier [0x00007FF61B9DF922+3045234]
	(No symbol) [0x00007FF61B683652]
	(No symbol) [0x00007FF61B547564]
	(No symbol) [0x00007FF61B595F9D]
	(No symbol) [0x00007FF61B59606C]
	(No symbol) [0x00007FF61B5DBDD7]
	(No symbol) [0x00007FF61B5B9DEF]
	(No symbol) [0x00007FF61B5D91C4]
	(No symbol) [0x00007FF61B5B9B53]
	(No symbol) [0x00007FF61B58813C]
	(No symbol) [0x00007FF61B588D71]
	GetHandleVerifier [0x00007FF61BA0E89D+3237613]
	GetHandleVerifier [0x00007FF61BA50BA7+3508727]
	GetHandleVerifier [0x00007FF61BA4976F+3478975]
	GetHandleVerifier [0x00007FF61B7BF1C6+815126]
	(No symbol) [0x00007FF61B68ED0F]
	(No symbol) [0x00007FF61B689854]
	(No symbol) [0x00007FF61B6899E2]
	(No symbol) [0x00007FF61B67A574]
	BaseThreadInitThunk [0x00007FF92E12257D+29]
	RtlUserThreadStart [0x00007FF93022AA48+40]
Traceback (most recent call last):
  File "C:\Users\USER\Projects\AichiTool\AichiSelenium\src\controllers\filler.py", line 86, in fill
    wait_until_presence(browser, By.XPATH, "/html/body/form/main/div/div[3]/div[2]/div/div[2]/button")
  File "C:\Users\USER\Projects\AichiTool\AichiSelenium\src\utils\html_utils.py", line 8, in wait_until_presence
    WebDriverWait(browser, timeout).until(EC.presence_of_element_located((by, html)))
  File "C:\Users\USER\anaconda3\envs\aichi\lib\site-packages\selenium\webdriver\support\wait.py", line 105, in until
    raise TimeoutException(message, screen, stacktrace)
selenium.common.exceptions.TimeoutException: Message: 
Stacktrace:
	GetHandleVerifier [0x00007FF61B9DF922+3045234]
	(No symbol) [0x00007FF61B683652]
	(No symbol) [0x00007FF61B547564]
	(No symbol) [0x00007FF61B595F9D]
	(No symbol) [0x00007FF61B59606C]
	(No symbol) [0x00007FF61B5DBDD7]
	(No symbol) [0x00007FF61B5B9DEF]
	(No symbol) [0x00007FF61B5D91C4]
	(No symbol) [0x00007FF61B5B9B53]
	(No symbol) [0x00007FF61B58813C]
	(No symbol) [0x00007FF61B588D71]
	GetHandleVerifier [0x00007FF61BA0E89D+3237613]
	GetHandleVerifier [0x00007FF61BA50BA7+3508727]
	GetHandleVerifier [0x00007FF61BA4976F+3478975]
	GetHandleVerifier [0x00007FF61B7BF1C6+815126]
	(No symbol) [0x00007FF61B68ED0F]
	(No symbol) [0x00007FF61B689854]
	(No symbol) [0x00007FF61B6899E2]
	(No symbol) [0x00007FF61B67A574]
	BaseThreadInitThunk [0x00007FF92E12257D+29]
	RtlUserThreadStart [0x00007FF93022AA48+40]

[ 2024-04-24 15:08:48,302 ] 79 luthien5921 - ERROR - Failed to click confirm button: Message: 
Stacktrace:
	GetHandleVerifier [0x00007FF61B9DF922+3045234]
	(No symbol) [0x00007FF61B683652]
	(No symbol) [0x00007FF61B547564]
	(No symbol) [0x00007FF61B595F9D]
	(No symbol) [0x00007FF61B59606C]
	(No symbol) [0x00007FF61B5DBDD7]
	(No symbol) [0x00007FF61B5B9DEF]
	(No symbol) [0x00007FF61B5D91C4]
	(No symbol) [0x00007FF61B5B9B53]
	(No symbol) [0x00007FF61B58813C]
	(No symbol) [0x00007FF61B588D71]
	GetHandleVerifier [0x00007FF61BA0E89D+3237613]
	GetHandleVerifier [0x00007FF61BA50BA7+3508727]
	GetHandleVerifier [0x00007FF61BA4976F+3478975]
	GetHandleVerifier [0x00007FF61B7BF1C6+815126]
	(No symbol) [0x00007FF61B68ED0F]
	(No symbol) [0x00007FF61B689854]
	(No symbol) [0x00007FF61B6899E2]
	(No symbol) [0x00007FF61B67A574]
	BaseThreadInitThunk [0x00007FF92E12257D+29]
	RtlUserThreadStart [0x00007FF93022AA48+40]
Traceback (most recent call last):
  File "C:\Users\USER\Projects\AichiTool\AichiSelenium\src\controllers\filler.py", line 86, in fill
    wait_until_presence(browser, By.XPATH, "/html/body/form/main/div/div[3]/div[2]/div/div[2]/button")
  File "C:\Users\USER\Projects\AichiTool\AichiSelenium\src\utils\html_utils.py", line 8, in wait_until_presence
    WebDriverWait(browser, timeout).until(EC.presence_of_element_located((by, html)))
  File "C:\Users\USER\anaconda3\envs\aichi\lib\site-packages\selenium\webdriver\support\wait.py", line 105, in until
    raise TimeoutException(message, screen, stacktrace)
selenium.common.exceptions.TimeoutException: Message: 
Stacktrace:
	GetHandleVerifier [0x00007FF61B9DF922+3045234]
	(No symbol) [0x00007FF61B683652]
	(No symbol) [0x00007FF61B547564]
	(No symbol) [0x00007FF61B595F9D]
	(No symbol) [0x00007FF61B59606C]
	(No symbol) [0x00007FF61B5DBDD7]
	(No symbol) [0x00007FF61B5B9DEF]
	(No symbol) [0x00007FF61B5D91C4]
	(No symbol) [0x00007FF61B5B9B53]
	(No symbol) [0x00007FF61B58813C]
	(No symbol) [0x00007FF61B588D71]
	GetHandleVerifier [0x00007FF61BA0E89D+3237613]
	GetHandleVerifier [0x00007FF61BA50BA7+3508727]
	GetHandleVerifier [0x00007FF61BA4976F+3478975]
	GetHandleVerifier [0x00007FF61B7BF1C6+815126]
	(No symbol) [0x00007FF61B68ED0F]
	(No symbol) [0x00007FF61B689854]
	(No symbol) [0x00007FF61B6899E2]
	(No symbol) [0x00007FF61B67A574]
	BaseThreadInitThunk [0x00007FF92E12257D+29]
	RtlUserThreadStart [0x00007FF93022AA48+40]

[ 2024-04-24 15:08:48,304 ] 91 luthien5921 - INFO - Accessing form, template sequence: 3896
[ 2024-04-24 15:08:48,304 ] 91 luthien5921 - INFO - Accessing form, template sequence: 3896
[ 2024-04-24 15:08:48,304 ] 91 luthien5921 - INFO - Accessing form, template sequence: 3896
[ 2024-04-24 15:08:48,305 ] 91 luthien5921 - INFO - Form URL: https://www.shinsei.e-aichi.jp/pref-aichi-police-u/offer/offerList_detailTop?tempSeq=3896
[ 2024-04-24 15:08:48,305 ] 91 luthien5921 - INFO - Form URL: https://www.shinsei.e-aichi.jp/pref-aichi-police-u/offer/offerList_detailTop?tempSeq=3896
[ 2024-04-24 15:08:48,305 ] 91 luthien5921 - INFO - Form URL: https://www.shinsei.e-aichi.jp/pref-aichi-police-u/offer/offerList_detailTop?tempSeq=3896
